2023-07-16 23:50:22,675 : kivy : Factory: 189 symbols loaded
2023-07-16 23:50:22,801 : kivy : ImageLoaderFFPy: Using ffpyplayer 4.3.5
2023-07-16 23:50:22,801 : kivy : Image: Providers: img_tex, img_dds, img_sdl2, img_pil, img_ffpyplayer 
2023-07-16 23:50:22,837 : kivy : VideoGstplayer: Using Gstreamer 1.18.5.0
2023-07-16 23:50:22,837 : kivy : Video: Provider: gstplayer
2023-07-16 23:50:22,952 : kivy : Loading MPF-MC controller
2023-07-16 23:50:22,963 : YamlMultifileConfigLoader : Machine config file #1: config
2023-07-16 23:50:22,964 : ConfigProcessor : Config file in cache changed: D:\MPF\springbreak\config\config
2023-07-16 23:50:22,964 : ConfigProcessor : Loading config from file C:\Users\warzz\AppData\Local\Programs\Python\Python39\lib\site-packages\mpfmc\mcconfig.yaml.
2023-07-16 23:50:22,989 : ConfigProcessor : Loading config: C:\Users\warzz\AppData\Local\Programs\Python\Python39\lib\site-packages\mpfmc\mcconfig.yaml
2023-07-16 23:50:22,989 : ConfigProcessor : Loading config from file D:\MPF\springbreak\config\config.
2023-07-16 23:50:22,992 : ConfigProcessor : Loading config: D:\MPF\springbreak\config\config
2023-07-16 23:50:22,998 : ConfigProcessor : Loading config: D:\MPF\springbreak\config\coils.yaml
2023-07-16 23:50:23,001 : ConfigProcessor : Loading config: D:\MPF\springbreak\config\switches.yaml
2023-07-16 23:50:23,005 : ConfigProcessor : Loading config: D:\MPF\springbreak\config\devices.yaml
2023-07-16 23:50:23,009 : ConfigProcessor : Loading config: D:\MPF\springbreak\config\displays.yaml
2023-07-16 23:50:23,011 : ConfigProcessor : Loading config: D:\MPF\springbreak\config\keyboard.yaml
2023-07-16 23:50:23,012 : ConfigProcessor : Config file cache created: C:\Users\warzz\AppData\Local\Temp\3d05ce95a1a77007a3c947d41ed1ffc7.mpf_cache
2023-07-16 23:50:23,013 : ConfigProcessor : Loading config from cache: C:\Users\warzz\AppData\Local\Temp\b77c3901e90ec7d7cc601651512a0021.mpf_cache
2023-07-16 23:50:23,013 : ConfigProcessor : Loading config from cache: C:\Users\warzz\AppData\Local\Temp\a5b2fce8b210d64acc95275c2c9a2339.mpf_cache
2023-07-16 23:50:23,014 : ConfigProcessor : Loading config from cache: C:\Users\warzz\AppData\Local\Temp\f8d84beef5f99d10c74fd589715eb307.mpf_cache
2023-07-16 23:50:23,014 : mpfmc : Mission Pinball Framework Media Controller v0.56.1
2023-07-16 23:50:23,014 : mpfmc : Mission Pinball Framework Game Engine v0.56.0
2023-07-16 23:50:23,014 : mpfmc : Machine path: D:\MPF\springbreak
2023-07-16 23:50:23,014 : mpfmc : Starting clock at 60.0Hz
2023-07-16 23:50:23,026 : kivy : Text: Provider: sdl2
2023-07-16 23:50:23,062 : kivy : Window: Provider: sdl2
2023-07-16 23:50:23,271 : kivy : GL: Using the "OpenGL" graphics system
2023-07-16 23:50:23,280 : kivy : GL: GLEW initialization succeeded
2023-07-16 23:50:23,280 : kivy : GL: Backend used <glew>
2023-07-16 23:50:23,280 : kivy : GL: OpenGL version <b'4.6.0 Compatibility Profile Context 23.3.1.230305'>
2023-07-16 23:50:23,280 : kivy : GL: OpenGL vendor <b'ATI Technologies Inc.'>
2023-07-16 23:50:23,280 : kivy : GL: OpenGL renderer <b'AMD Radeon RX 6700'>
2023-07-16 23:50:23,280 : kivy : GL: OpenGL parsed version: 4, 6
2023-07-16 23:50:23,281 : kivy : GL: Shading version <b'4.60'>
2023-07-16 23:50:23,281 : kivy : GL: Texture max size <16384>
2023-07-16 23:50:23,281 : kivy : GL: Texture max units <32>
2023-07-16 23:50:23,302 : kivy : Window: auto add sdl2 input provider
2023-07-16 23:50:23,302 : kivy : Window: virtual keyboard not allowed, single mode, not docked
2023-07-16 23:50:23,311 : SoundSystem : SoundSystem: Using default 'sound_system' settings
2023-07-16 23:50:23,494 : AudioInterface : Initialized
2023-07-16 23:50:23,494 : AudioInterface : Loaded SDL 2.0.20
2023-07-16 23:50:23,494 : AudioInterface : Loaded SDL_Mixer 2.0.4
2023-07-16 23:50:23,494 : AudioInterface : Loaded GStreamer 1.18.5.0
2023-07-16 23:50:23,494 : AudioInterface : Loaded GLib 2.62.6
2023-07-16 23:50:23,494 : AudioInterface : Settings requested - rate: 44100, channels: 1, buffer: 2048 samples
2023-07-16 23:50:23,494 : AudioInterface : Settings in use - rate: 44100, channels: 1, buffer: 2048 samples (4096 bytes @ 2 bytes per sample)
2023-07-16 23:50:23,494 : SoundSystem : No audio tracks are specified in your machine config file. a track named 'default' has been created.
2023-07-16 23:50:23,494 : SoundSystem : Setting master volume to 0.0
2023-07-16 23:50:23,494 : SoundSystem : master_volume in sound_system is deprecated and will be removed in the future.
2023-07-16 23:50:23,494 : AudioInterface : Enabling audio playback
2023-07-16 23:50:23,496 : kivy : Base: Start application main loop
2023-07-16 23:50:23,496 : EventManager : Event: ======'display_window_initialized'====== Args={}
2023-07-16 23:50:23,509 : mpfmc : Display: Setting 'window' as default display
2023-07-16 23:50:23,514 : EventManager : Event: ======'displays_initialized'====== Args={}
2023-07-16 23:50:23,514 : EventManager : Event: ======'slide_window_blank_created'====== Args={}
2023-07-16 23:50:23,514 : EventManager : Event: ======'display_window_ready'====== Args={}
2023-07-16 23:50:23,523 : EventManager : Event: ======'init_phase_1'====== Args={}
2023-07-16 23:50:23,526 : EventManager : Event: ======'mc_ready'====== Args={}
2023-07-16 23:50:23,526 : EventManager : Event: ======'init_phase_2'====== Args={}
2023-07-16 23:50:23,527 : EventManager : Event: ======'init_phase_3'====== Args={}
2023-07-16 23:50:23,527 : EventManager : Event: ======'init_phase_4'====== Args={}
2023-07-16 23:50:23,527 : EventManager : Event: ======'init_phase_5'====== Args={}
2023-07-16 23:50:23,527 : EventManager : Event: ======'init_done'====== Args={}
2023-07-16 23:50:23,528 : MPF-MC BCP Server : Starting up on localhost port 5050
2023-07-16 23:50:23,530 : MPF-MC BCP Server : Waiting for a connection...
2023-07-16 23:50:23,530 : mpfmc : SlidePlayer: Play called with settings={'slides': {welcome_slide-None-None: {'priority': None, 'target': None, 'background_color': [0.0, 0.0, 0.0, 1.0], 'show': True, 'force': False, 'expire': None, 'slide': None, 'tokens': {}, 'action': 'play', 'transition': None, 'transition_out': None}}}
2023-07-16 23:50:23,534 : kivy : GL: NPOT texture support is available
2023-07-16 23:50:23,534 : EventManager : Event: ======'slide_welcome_slide_created'====== Args={}
2023-07-16 23:50:23,536 : EventManager : Event: ======'slide_welcome_slide_active'====== Args={}
2023-07-16 23:50:23,537 : EventManager : Event: ======'client_disconnected'====== Args={'host': '127.0.0.1', 'port': 5050}
2023-07-16 23:50:24,881 : MPF-MC BCP Server : Received connection from: 127.0.0.1:54058
2023-07-16 23:50:24,884 : EventManager : Event: ======'client_connected'====== Args={'host': '127.0.0.1', 'port': 54058}
2023-07-16 23:50:24,896 : EventManager : Event: ======'machine_var_credits_string'====== Args={'value': 'FREE PLAY', 'prev_value': None, 'change': True}
2023-07-16 23:50:24,896 : EventManager : Event: ======'machine_var_master_volume'====== Args={'value': 0.5, 'prev_value': None, 'change': True}
2023-07-16 23:50:24,896 : EventManager : Event: ======'machine_var_player1_score'====== Args={'value': 0, 'prev_value': None, 'change': True}
2023-07-16 23:50:24,896 : EventManager : Event: ======'machine_var_mpf_version'====== Args={'value': 'MPF v0.56.0', 'prev_value': None, 'change': True}
2023-07-16 23:50:24,896 : EventManager : Event: ======'machine_var_mpf_extended_version'====== Args={'value': 'MPF v0.56.0, Config version:5, Show version: 5, BCP version:1.1', 'prev_value': None, 'change': True}
2023-07-16 23:50:24,896 : EventManager : Event: ======'machine_var_python_version'====== Args={'value': '3.9.13', 'prev_value': None, 'change': True}
2023-07-16 23:50:24,896 : EventManager : Event: ======'machine_var_platform'====== Args={'value': 'Windows-10-10.0.19045-SP0', 'prev_value': None, 'change': True}
2023-07-16 23:50:24,896 : EventManager : Event: ======'machine_var_platform_system'====== Args={'value': 'Windows', 'prev_value': None, 'change': True}
2023-07-16 23:50:24,896 : EventManager : Event: ======'machine_var_platform_release'====== Args={'value': '10', 'prev_value': None, 'change': True}
2023-07-16 23:50:24,896 : EventManager : Event: ======'machine_var_platform_version'====== Args={'value': '10.0.19045', 'prev_value': None, 'change': True}
2023-07-16 23:50:24,896 : EventManager : Event: ======'machine_var_platform_machine'====== Args={'value': 'AMD64', 'prev_value': None, 'change': True}
2023-07-16 23:50:24,896 : EventManager : Event: ======'machine_var_mc_version'====== Args={'value': 'MPF-MC v0.56.1', 'prev_value': None, 'change': True}
2023-07-16 23:50:24,897 : EventManager : Event: ======'machine_var_mc_extended_version'====== Args={'value': 'MPF-MC v0.56.1 (config_version=5, BCP v1.1,                      Requires MPF API compatibility v0.56.0 or newer)', 'prev_value': None, 'change': True}
2023-07-16 23:50:24,897 : SoundSystem : Setting master volume to 0.5
2023-07-16 23:50:24,920 : EventManager : Event: ======'machine_var_audits_events_game_ended'====== Args={'value': 7, 'prev_value': None, 'change': True}
2023-07-16 23:50:24,932 : EventManager : Event: ======'machine_var_audits_events_game_started'====== Args={'value': 12, 'prev_value': None, 'change': True}
2023-07-16 23:50:24,932 : EventManager : Event: ======'machine_var_audits_player_score'====== Args={'value': {'average': 0.0, 'top': [0, 0, 0, 0, 0, 0, 0], 'total': 7}, 'prev_value': None, 'change': True}
2023-07-16 23:50:24,932 : EventManager : Event: ======'machine_var_audits_switches_s_drain_detect'====== Args={'value': 30, 'prev_value': None, 'change': True}
2023-07-16 23:50:24,932 : EventManager : Event: ======'machine_var_audits_switches_s_flipper_left'====== Args={'value': 3, 'prev_value': None, 'change': True}
2023-07-16 23:50:24,932 : EventManager : Event: ======'machine_var_audits_switches_s_flipper_right'====== Args={'value': 29, 'prev_value': None, 'change': True}
2023-07-16 23:50:24,932 : EventManager : Event: ======'machine_var_audits_switches_s_plunger_detect'====== Args={'value': 27, 'prev_value': None, 'change': True}
2023-07-16 23:50:24,932 : EventManager : Event: ======'machine_var_audits_switches_s_plunger_exit'====== Args={'value': 12, 'prev_value': None, 'change': True}
2023-07-16 23:50:24,932 : EventManager : Event: ======'machine_var_audits_switches_s_popbumper_1'====== Args={'value': 0, 'prev_value': None, 'change': True}
2023-07-16 23:50:24,932 : EventManager : Event: ======'machine_var_audits_switches_s_popbumper_2'====== Args={'value': 0, 'prev_value': None, 'change': True}
2023-07-16 23:50:24,932 : EventManager : Event: ======'machine_var_audits_switches_s_popbumper_3'====== Args={'value': 0, 'prev_value': None, 'change': True}
2023-07-16 23:50:24,932 : EventManager : Event: ======'machine_var_audits_switches_s_slingshot'====== Args={'value': 0, 'prev_value': None, 'change': True}
2023-07-16 23:50:24,932 : EventManager : Event: ======'machine_var_audits_switches_s_start_button'====== Args={'value': 0, 'prev_value': None, 'change': True}
2023-07-16 23:50:24,932 : EventManager : Event: ======'machine_var_audits_switches_s_trough_1'====== Args={'value': 20, 'prev_value': None, 'change': True}
2023-07-16 23:50:24,933 : EventManager : Event: ======'machine_var_audits_switches_s_trough_2'====== Args={'value': 0, 'prev_value': None, 'change': True}
2023-07-16 23:50:24,944 : EventManager : Event: ======'slides_play'====== Args={'settings': {'welcome_slide': {'target': None, 'background_color': [0.0, 0.0, 0.0, 1.0], 'priority': None, 'show': True, 'force': False, 'expire': None, 'slide': None, 'tokens': {}, 'action': 'play'}}, 'context': '_global', 'calling_context': 'init_done', 'priority': 0}
2023-07-16 23:50:24,944 : EventManager : Event: ======'mc_reset_phase_1'====== Args={}
2023-07-16 23:50:24,944 : mpfmc : SlidePlayer: Play called with settings={'welcome_slide': {'target': None, 'background_color': [0.0, 0.0, 0.0, 1.0], 'priority': None, 'show': True, 'force': False, 'expire': None, 'slide': None, 'tokens': {}, 'action': 'play'}}
2023-07-16 23:50:24,944 : EventManager : Event: ======'slide_welcome_slide_removed'====== Args={}
2023-07-16 23:50:24,946 : EventManager : Event: ======'slide_welcome_slide_created'====== Args={}
2023-07-16 23:50:24,946 : EventManager : Event: ======'mc_reset_phase_2'====== Args={}
2023-07-16 23:50:24,946 : EventManager : Event: ======'mc_reset_phase_3'====== Args={}
2023-07-16 23:50:24,946 : EventManager : Event: ======'mc_reset_complete'====== Args={}
2023-07-16 23:50:24,946 : EventManager : Event: ======'slide_welcome_slide_active'====== Args={}
2023-07-16 23:50:24,956 : EventManager : Event: ======'slides_play'====== Args={'settings': {'welcome_slide': {'target': None, 'background_color': [0.0, 0.0, 0.0, 1.0], 'priority': None, 'show': True, 'force': False, 'expire': None, 'slide': None, 'tokens': {}, 'action': 'play'}}, 'context': '_global', 'calling_context': 'mode_attract_started', 'priority': 0}
2023-07-16 23:50:24,956 : mpfmc : SlidePlayer: Play called with settings={'welcome_slide': {'target': None, 'background_color': [0.0, 0.0, 0.0, 1.0], 'priority': None, 'show': True, 'force': False, 'expire': None, 'slide': None, 'tokens': {}, 'action': 'play'}}
2023-07-16 23:50:24,956 : EventManager : Event: ======'slide_welcome_slide_removed'====== Args={}
2023-07-16 23:50:24,958 : EventManager : Event: ======'slide_welcome_slide_created'====== Args={}
2023-07-16 23:50:24,958 : EventManager : Event: ======'slide_welcome_slide_active'====== Args={}
2023-07-16 23:50:27,218 : EventManager : Event: ======'game_started'====== Args={}
2023-07-16 23:50:27,218 : EventManager : Event: ======'player_added'====== Args={'player': <Player 1>, 'num': 1}
2023-07-16 23:50:27,218 : EventManager : Event: ======'player_index'====== Args={'value': 0, 'prev_value': 0, 'change': 0, 'player_num': 1}
2023-07-16 23:50:27,218 : EventManager : Event: ======'player_number'====== Args={'value': 1, 'prev_value': 1, 'change': 0, 'player_num': 1}
2023-07-16 23:50:27,218 : EventManager : Event: ======'player_score'====== Args={'value': 0, 'prev_value': 0, 'change': 0, 'player_num': 1}
2023-07-16 23:50:27,218 : EventManager : Event: ======'player_ball'====== Args={'value': 1, 'prev_value': 0, 'change': 1, 'player_num': 1}
2023-07-16 23:50:27,230 : EventManager : Event: ======'player_turn_start'====== Args={'number': 1, 'player': <Player 1>}
2023-07-16 23:50:27,230 : EventManager : Event: ======'slides_play'====== Args={'settings': {'widgets': {'widgets': [{'type': 'text', 'text': '(score)', 'number_grouping': True, 'min_digits': 2, 'font_size': 100, '_default_settings': ['type', 'text', 'number_grouping', 'min_digits', 'font_size'], 'x': None, 'y': None, 'anchor_x': 'center', 'anchor_y': 'center', 'round_anchor_x': None, 'round_anchor_y': None, 'opacity': 1.0, 'z': 0, 'reset_animations_events': {}, 'color': [1.0, 1.0, 1.0, 1.0], 'style': [], 'adjust_top': 0, 'adjust_bottom': 0, 'adjust_left': 0, 'adjust_right': 0, 'expire': None, 'key': None, 'widget': None, 'events_when_added': [], 'events_when_removed': [], 'bitmap_font': False, 'font_kerning': True, 'bold': False, 'italic': False, 'halign': 'center', 'valign': 'middle', 'rotation': 0, 'scale': 1.0, 'casing': None, 'animations': None}, {'type': 'text', 'text': 'PLAYER (number)', 'y': '10', 'x': '10', 'font_size': 50, 'anchor_x': 'left', 'anchor_y': 'bottom', '_default_settings': ['type', 'text', 'y', 'x', 'font_size', 'anchor_x', 'anchor_y'], 'round_anchor_x': None, 'round_anchor_y': None, 'opacity': 1.0, 'z': 0, 'reset_animations_events': {}, 'color': [1.0, 1.0, 1.0, 1.0], 'style': [], 'adjust_top': 0, 'adjust_bottom': 0, 'adjust_left': 0, 'adjust_right': 0, 'expire': None, 'key': None, 'widget': None, 'events_when_added': [], 'events_when_removed': [], 'bitmap_font': False, 'font_kerning': True, 'bold': False, 'italic': False, 'number_grouping': False, 'min_digits': 0, 'halign': 'center', 'valign': 'middle', 'rotation': 0, 'scale': 1.0, 'casing': None, 'animations': None}, {'type': 'text', 'text': 'BALL (ball)', 'y': '10', 'x': 'right-10', 'anchor_x': 'right', 'anchor_y': 'bottom', 'font_size': 50, '_default_settings': ['type', 'text', 'y', 'x', 'anchor_x', 'anchor_y', 'font_size'], 'round_anchor_x': None, 'round_anchor_y': None, 'opacity': 1.0, 'z': 0, 'reset_animations_events': {}, 'color': [1.0, 1.0, 1.0, 1.0], 'style': [], 'adjust_top': 0, 'adjust_bottom': 0, 'adjust_left': 0, 'adjust_right': 0, 'expire': None, 'key': None, 'widget': None, 'events_when_added': [], 'events_when_removed': [], 'bitmap_font': False, 'font_kerning': True, 'bold': False, 'italic': False, 'number_grouping': False, 'min_digits': 0, 'halign': 'center', 'valign': 'middle', 'rotation': 0, 'scale': 1.0, 'casing': None, 'animations': None}], 'target': None, 'background_color': [0.0, 0.0, 0.0, 1.0], 'priority': None, 'show': True, 'force': False, 'expire': None, 'slide': None, 'tokens': {}, 'action': 'play'}}, 'context': '_global', 'calling_context': 'mode_base_started', 'priority': 0, 'player': 1, 'ball': 1, 'balls_remaining': 2, 'is_extra_ball': False}
2023-07-16 23:50:27,230 : mpfmc : SlidePlayer: Play called with settings={'widgets': {'widgets': [{'type': 'text', 'text': '(score)', 'number_grouping': True, 'min_digits': 2, 'font_size': 100, '_default_settings': ['type', 'text', 'number_grouping', 'min_digits', 'font_size'], 'x': None, 'y': None, 'anchor_x': 'center', 'anchor_y': 'center', 'round_anchor_x': None, 'round_anchor_y': None, 'opacity': 1.0, 'z': 0, 'reset_animations_events': {}, 'color': [1.0, 1.0, 1.0, 1.0], 'style': [], 'adjust_top': 0, 'adjust_bottom': 0, 'adjust_left': 0, 'adjust_right': 0, 'expire': None, 'key': None, 'widget': None, 'events_when_added': [], 'events_when_removed': [], 'bitmap_font': False, 'font_kerning': True, 'bold': False, 'italic': False, 'halign': 'center', 'valign': 'middle', 'rotation': 0, 'scale': 1.0, 'casing': None, 'animations': None}, {'type': 'text', 'text': 'PLAYER (number)', 'y': '10', 'x': '10', 'font_size': 50, 'anchor_x': 'left', 'anchor_y': 'bottom', '_default_settings': ['type', 'text', 'y', 'x', 'font_size', 'anchor_x', 'anchor_y'], 'round_anchor_x': None, 'round_anchor_y': None, 'opacity': 1.0, 'z': 0, 'reset_animations_events': {}, 'color': [1.0, 1.0, 1.0, 1.0], 'style': [], 'adjust_top': 0, 'adjust_bottom': 0, 'adjust_left': 0, 'adjust_right': 0, 'expire': None, 'key': None, 'widget': None, 'events_when_added': [], 'events_when_removed': [], 'bitmap_font': False, 'font_kerning': True, 'bold': False, 'italic': False, 'number_grouping': False, 'min_digits': 0, 'halign': 'center', 'valign': 'middle', 'rotation': 0, 'scale': 1.0, 'casing': None, 'animations': None}, {'type': 'text', 'text': 'BALL (ball)', 'y': '10', 'x': 'right-10', 'anchor_x': 'right', 'anchor_y': 'bottom', 'font_size': 50, '_default_settings': ['type', 'text', 'y', 'x', 'anchor_x', 'anchor_y', 'font_size'], 'round_anchor_x': None, 'round_anchor_y': None, 'opacity': 1.0, 'z': 0, 'reset_animations_events': {}, 'color': [1.0, 1.0, 1.0, 1.0], 'style': [], 'adjust_top': 0, 'adjust_bottom': 0, 'adjust_left': 0, 'adjust_right': 0, 'expire': None, 'key': None, 'widget': None, 'events_when_added': [], 'events_when_removed': [], 'bitmap_font': False, 'font_kerning': True, 'bold': False, 'italic': False, 'number_grouping': False, 'min_digits': 0, 'halign': 'center', 'valign': 'middle', 'rotation': 0, 'scale': 1.0, 'casing': None, 'animations': None}], 'target': None, 'background_color': [0.0, 0.0, 0.0, 1.0], 'priority': None, 'show': True, 'force': False, 'expire': None, 'slide': None, 'tokens': {}, 'action': 'play'}}
2023-07-16 23:50:27,237 : EventManager : Event: ======'slide__global.slide_player-mode_base_started_created'====== Args={}
2023-07-16 23:50:27,238 : EventManager : Event: ======'slide__global.slide_player-mode_base_started_active'====== Args={}
2023-07-16 23:50:27,353 : EventManager : Event: ======'machine_var_audits_switches_s_plunger_detect'====== Args={'value': 28, 'prev_value': 27, 'change': 1}
2023-07-16 23:50:28,784 : EventManager : Event: ======'machine_var_audits_switches_s_flipper_right'====== Args={'value': 30, 'prev_value': 29, 'change': 1}
2023-07-16 23:50:31,433 : EventManager : Event: ======'machine_var_audits_switches_s_plunger_exit'====== Args={'value': 13, 'prev_value': 12, 'change': 1}
2023-07-16 23:50:32,197 : EventManager : Event: ======'machine_var_audits_switches_s_drain_detect'====== Args={'value': 31, 'prev_value': 30, 'change': 1}
2023-07-16 23:50:32,712 : EventManager : Event: ======'player_ball'====== Args={'value': 2, 'prev_value': 1, 'change': 1, 'player_num': 1}
2023-07-16 23:50:32,712 : EventManager : Event: ======'slides_play'====== Args={'settings': {'widgets': {'widgets': [{'type': 'text', 'text': '(score)', 'number_grouping': True, 'min_digits': 2, 'font_size': 100, '_default_settings': ['type', 'text', 'number_grouping', 'min_digits', 'font_size'], 'x': None, 'y': None, 'anchor_x': 'center', 'anchor_y': 'center', 'round_anchor_x': None, 'round_anchor_y': None, 'opacity': 1.0, 'z': 0, 'reset_animations_events': {}, 'color': [1.0, 1.0, 1.0, 1.0], 'style': [], 'adjust_top': 0, 'adjust_bottom': 0, 'adjust_left': 0, 'adjust_right': 0, 'expire': None, 'key': None, 'widget': None, 'events_when_added': [], 'events_when_removed': [], 'bitmap_font': False, 'font_kerning': True, 'bold': False, 'italic': False, 'halign': 'center', 'valign': 'middle', 'rotation': 0, 'scale': 1.0, 'casing': None, 'animations': None}, {'type': 'text', 'text': 'PLAYER (number)', 'y': '10', 'x': '10', 'font_size': 50, 'anchor_x': 'left', 'anchor_y': 'bottom', '_default_settings': ['type', 'text', 'y', 'x', 'font_size', 'anchor_x', 'anchor_y'], 'round_anchor_x': None, 'round_anchor_y': None, 'opacity': 1.0, 'z': 0, 'reset_animations_events': {}, 'color': [1.0, 1.0, 1.0, 1.0], 'style': [], 'adjust_top': 0, 'adjust_bottom': 0, 'adjust_left': 0, 'adjust_right': 0, 'expire': None, 'key': None, 'widget': None, 'events_when_added': [], 'events_when_removed': [], 'bitmap_font': False, 'font_kerning': True, 'bold': False, 'italic': False, 'number_grouping': False, 'min_digits': 0, 'halign': 'center', 'valign': 'middle', 'rotation': 0, 'scale': 1.0, 'casing': None, 'animations': None}, {'type': 'text', 'text': 'BALL (ball)', 'y': '10', 'x': 'right-10', 'anchor_x': 'right', 'anchor_y': 'bottom', 'font_size': 50, '_default_settings': ['type', 'text', 'y', 'x', 'anchor_x', 'anchor_y', 'font_size'], 'round_anchor_x': None, 'round_anchor_y': None, 'opacity': 1.0, 'z': 0, 'reset_animations_events': {}, 'color': [1.0, 1.0, 1.0, 1.0], 'style': [], 'adjust_top': 0, 'adjust_bottom': 0, 'adjust_left': 0, 'adjust_right': 0, 'expire': None, 'key': None, 'widget': None, 'events_when_added': [], 'events_when_removed': [], 'bitmap_font': False, 'font_kerning': True, 'bold': False, 'italic': False, 'number_grouping': False, 'min_digits': 0, 'halign': 'center', 'valign': 'middle', 'rotation': 0, 'scale': 1.0, 'casing': None, 'animations': None}], 'target': None, 'background_color': [0.0, 0.0, 0.0, 1.0], 'priority': None, 'show': True, 'force': False, 'expire': None, 'slide': None, 'tokens': {}, 'action': 'play'}}, 'context': '_global', 'calling_context': 'mode_base_started', 'priority': 0, 'player': 1, 'ball': 2, 'balls_remaining': 1, 'is_extra_ball': False}
2023-07-16 23:50:32,712 : mpfmc : SlidePlayer: Play called with settings={'widgets': {'widgets': [{'type': 'text', 'text': '(score)', 'number_grouping': True, 'min_digits': 2, 'font_size': 100, '_default_settings': ['type', 'text', 'number_grouping', 'min_digits', 'font_size'], 'x': None, 'y': None, 'anchor_x': 'center', 'anchor_y': 'center', 'round_anchor_x': None, 'round_anchor_y': None, 'opacity': 1.0, 'z': 0, 'reset_animations_events': {}, 'color': [1.0, 1.0, 1.0, 1.0], 'style': [], 'adjust_top': 0, 'adjust_bottom': 0, 'adjust_left': 0, 'adjust_right': 0, 'expire': None, 'key': None, 'widget': None, 'events_when_added': [], 'events_when_removed': [], 'bitmap_font': False, 'font_kerning': True, 'bold': False, 'italic': False, 'halign': 'center', 'valign': 'middle', 'rotation': 0, 'scale': 1.0, 'casing': None, 'animations': None}, {'type': 'text', 'text': 'PLAYER (number)', 'y': '10', 'x': '10', 'font_size': 50, 'anchor_x': 'left', 'anchor_y': 'bottom', '_default_settings': ['type', 'text', 'y', 'x', 'font_size', 'anchor_x', 'anchor_y'], 'round_anchor_x': None, 'round_anchor_y': None, 'opacity': 1.0, 'z': 0, 'reset_animations_events': {}, 'color': [1.0, 1.0, 1.0, 1.0], 'style': [], 'adjust_top': 0, 'adjust_bottom': 0, 'adjust_left': 0, 'adjust_right': 0, 'expire': None, 'key': None, 'widget': None, 'events_when_added': [], 'events_when_removed': [], 'bitmap_font': False, 'font_kerning': True, 'bold': False, 'italic': False, 'number_grouping': False, 'min_digits': 0, 'halign': 'center', 'valign': 'middle', 'rotation': 0, 'scale': 1.0, 'casing': None, 'animations': None}, {'type': 'text', 'text': 'BALL (ball)', 'y': '10', 'x': 'right-10', 'anchor_x': 'right', 'anchor_y': 'bottom', 'font_size': 50, '_default_settings': ['type', 'text', 'y', 'x', 'anchor_x', 'anchor_y', 'font_size'], 'round_anchor_x': None, 'round_anchor_y': None, 'opacity': 1.0, 'z': 0, 'reset_animations_events': {}, 'color': [1.0, 1.0, 1.0, 1.0], 'style': [], 'adjust_top': 0, 'adjust_bottom': 0, 'adjust_left': 0, 'adjust_right': 0, 'expire': None, 'key': None, 'widget': None, 'events_when_added': [], 'events_when_removed': [], 'bitmap_font': False, 'font_kerning': True, 'bold': False, 'italic': False, 'number_grouping': False, 'min_digits': 0, 'halign': 'center', 'valign': 'middle', 'rotation': 0, 'scale': 1.0, 'casing': None, 'animations': None}], 'target': None, 'background_color': [0.0, 0.0, 0.0, 1.0], 'priority': None, 'show': True, 'force': False, 'expire': None, 'slide': None, 'tokens': {}, 'action': 'play'}}
2023-07-16 23:50:32,713 : EventManager : Event: ======'slide__global.slide_player-mode_base_started_removed'====== Args={}
2023-07-16 23:50:32,716 : EventManager : Event: ======'slide__global.slide_player-mode_base_started_created'====== Args={}
2023-07-16 23:50:32,717 : EventManager : Event: ======'slide__global.slide_player-mode_base_started_active'====== Args={}
2023-07-16 23:50:32,817 : EventManager : Event: ======'machine_var_audits_switches_s_trough_1'====== Args={'value': 21, 'prev_value': 20, 'change': 1}
2023-07-16 23:50:32,893 : EventManager : Event: ======'machine_var_audits_switches_s_plunger_detect'====== Args={'value': 29, 'prev_value': 28, 'change': 1}
2023-07-16 23:50:34,463 : EventManager : Event: ======'machine_var_audits_switches_s_flipper_right'====== Args={'value': 31, 'prev_value': 30, 'change': 1}
2023-07-16 23:50:34,866 : EventManager : Event: ======'machine_var_audits_switches_s_plunger_exit'====== Args={'value': 14, 'prev_value': 13, 'change': 1}
2023-07-16 23:50:36,184 : EventManager : Event: ======'machine_var_audits_switches_s_drain_detect'====== Args={'value': 32, 'prev_value': 31, 'change': 1}
2023-07-16 23:50:36,709 : EventManager : Event: ======'player_ball'====== Args={'value': 3, 'prev_value': 2, 'change': 1, 'player_num': 1}
2023-07-16 23:50:36,721 : EventManager : Event: ======'slides_play'====== Args={'settings': {'widgets': {'widgets': [{'type': 'text', 'text': '(score)', 'number_grouping': True, 'min_digits': 2, 'font_size': 100, '_default_settings': ['type', 'text', 'number_grouping', 'min_digits', 'font_size'], 'x': None, 'y': None, 'anchor_x': 'center', 'anchor_y': 'center', 'round_anchor_x': None, 'round_anchor_y': None, 'opacity': 1.0, 'z': 0, 'reset_animations_events': {}, 'color': [1.0, 1.0, 1.0, 1.0], 'style': [], 'adjust_top': 0, 'adjust_bottom': 0, 'adjust_left': 0, 'adjust_right': 0, 'expire': None, 'key': None, 'widget': None, 'events_when_added': [], 'events_when_removed': [], 'bitmap_font': False, 'font_kerning': True, 'bold': False, 'italic': False, 'halign': 'center', 'valign': 'middle', 'rotation': 0, 'scale': 1.0, 'casing': None, 'animations': None}, {'type': 'text', 'text': 'PLAYER (number)', 'y': '10', 'x': '10', 'font_size': 50, 'anchor_x': 'left', 'anchor_y': 'bottom', '_default_settings': ['type', 'text', 'y', 'x', 'font_size', 'anchor_x', 'anchor_y'], 'round_anchor_x': None, 'round_anchor_y': None, 'opacity': 1.0, 'z': 0, 'reset_animations_events': {}, 'color': [1.0, 1.0, 1.0, 1.0], 'style': [], 'adjust_top': 0, 'adjust_bottom': 0, 'adjust_left': 0, 'adjust_right': 0, 'expire': None, 'key': None, 'widget': None, 'events_when_added': [], 'events_when_removed': [], 'bitmap_font': False, 'font_kerning': True, 'bold': False, 'italic': False, 'number_grouping': False, 'min_digits': 0, 'halign': 'center', 'valign': 'middle', 'rotation': 0, 'scale': 1.0, 'casing': None, 'animations': None}, {'type': 'text', 'text': 'BALL (ball)', 'y': '10', 'x': 'right-10', 'anchor_x': 'right', 'anchor_y': 'bottom', 'font_size': 50, '_default_settings': ['type', 'text', 'y', 'x', 'anchor_x', 'anchor_y', 'font_size'], 'round_anchor_x': None, 'round_anchor_y': None, 'opacity': 1.0, 'z': 0, 'reset_animations_events': {}, 'color': [1.0, 1.0, 1.0, 1.0], 'style': [], 'adjust_top': 0, 'adjust_bottom': 0, 'adjust_left': 0, 'adjust_right': 0, 'expire': None, 'key': None, 'widget': None, 'events_when_added': [], 'events_when_removed': [], 'bitmap_font': False, 'font_kerning': True, 'bold': False, 'italic': False, 'number_grouping': False, 'min_digits': 0, 'halign': 'center', 'valign': 'middle', 'rotation': 0, 'scale': 1.0, 'casing': None, 'animations': None}], 'target': None, 'background_color': [0.0, 0.0, 0.0, 1.0], 'priority': None, 'show': True, 'force': False, 'expire': None, 'slide': None, 'tokens': {}, 'action': 'play'}}, 'context': '_global', 'calling_context': 'mode_base_started', 'priority': 0, 'player': 1, 'ball': 3, 'balls_remaining': 0, 'is_extra_ball': False}
2023-07-16 23:50:36,721 : mpfmc : SlidePlayer: Play called with settings={'widgets': {'widgets': [{'type': 'text', 'text': '(score)', 'number_grouping': True, 'min_digits': 2, 'font_size': 100, '_default_settings': ['type', 'text', 'number_grouping', 'min_digits', 'font_size'], 'x': None, 'y': None, 'anchor_x': 'center', 'anchor_y': 'center', 'round_anchor_x': None, 'round_anchor_y': None, 'opacity': 1.0, 'z': 0, 'reset_animations_events': {}, 'color': [1.0, 1.0, 1.0, 1.0], 'style': [], 'adjust_top': 0, 'adjust_bottom': 0, 'adjust_left': 0, 'adjust_right': 0, 'expire': None, 'key': None, 'widget': None, 'events_when_added': [], 'events_when_removed': [], 'bitmap_font': False, 'font_kerning': True, 'bold': False, 'italic': False, 'halign': 'center', 'valign': 'middle', 'rotation': 0, 'scale': 1.0, 'casing': None, 'animations': None}, {'type': 'text', 'text': 'PLAYER (number)', 'y': '10', 'x': '10', 'font_size': 50, 'anchor_x': 'left', 'anchor_y': 'bottom', '_default_settings': ['type', 'text', 'y', 'x', 'font_size', 'anchor_x', 'anchor_y'], 'round_anchor_x': None, 'round_anchor_y': None, 'opacity': 1.0, 'z': 0, 'reset_animations_events': {}, 'color': [1.0, 1.0, 1.0, 1.0], 'style': [], 'adjust_top': 0, 'adjust_bottom': 0, 'adjust_left': 0, 'adjust_right': 0, 'expire': None, 'key': None, 'widget': None, 'events_when_added': [], 'events_when_removed': [], 'bitmap_font': False, 'font_kerning': True, 'bold': False, 'italic': False, 'number_grouping': False, 'min_digits': 0, 'halign': 'center', 'valign': 'middle', 'rotation': 0, 'scale': 1.0, 'casing': None, 'animations': None}, {'type': 'text', 'text': 'BALL (ball)', 'y': '10', 'x': 'right-10', 'anchor_x': 'right', 'anchor_y': 'bottom', 'font_size': 50, '_default_settings': ['type', 'text', 'y', 'x', 'anchor_x', 'anchor_y', 'font_size'], 'round_anchor_x': None, 'round_anchor_y': None, 'opacity': 1.0, 'z': 0, 'reset_animations_events': {}, 'color': [1.0, 1.0, 1.0, 1.0], 'style': [], 'adjust_top': 0, 'adjust_bottom': 0, 'adjust_left': 0, 'adjust_right': 0, 'expire': None, 'key': None, 'widget': None, 'events_when_added': [], 'events_when_removed': [], 'bitmap_font': False, 'font_kerning': True, 'bold': False, 'italic': False, 'number_grouping': False, 'min_digits': 0, 'halign': 'center', 'valign': 'middle', 'rotation': 0, 'scale': 1.0, 'casing': None, 'animations': None}], 'target': None, 'background_color': [0.0, 0.0, 0.0, 1.0], 'priority': None, 'show': True, 'force': False, 'expire': None, 'slide': None, 'tokens': {}, 'action': 'play'}}
2023-07-16 23:50:36,721 : EventManager : Event: ======'slide__global.slide_player-mode_base_started_removed'====== Args={}
2023-07-16 23:50:36,725 : EventManager : Event: ======'slide__global.slide_player-mode_base_started_created'====== Args={}
2023-07-16 23:50:36,726 : EventManager : Event: ======'slide__global.slide_player-mode_base_started_active'====== Args={}
2023-07-16 23:50:36,814 : EventManager : Event: ======'machine_var_audits_switches_s_trough_1'====== Args={'value': 22, 'prev_value': 21, 'change': 1}
2023-07-16 23:50:36,888 : EventManager : Event: ======'machine_var_audits_switches_s_plunger_detect'====== Args={'value': 30, 'prev_value': 29, 'change': 1}
2023-07-16 23:50:37,652 : EventManager : Event: ======'machine_var_audits_switches_s_flipper_right'====== Args={'value': 32, 'prev_value': 31, 'change': 1}
2023-07-16 23:50:38,038 : EventManager : Event: ======'machine_var_audits_switches_s_plunger_exit'====== Args={'value': 15, 'prev_value': 14, 'change': 1}
2023-07-16 23:50:39,230 : EventManager : Event: ======'machine_var_audits_switches_s_drain_detect'====== Args={'value': 33, 'prev_value': 32, 'change': 1}
2023-07-16 23:50:39,751 : EventManager : Event: ======'slides_play'====== Args={'settings': {'welcome_slide': {'target': None, 'background_color': [0.0, 0.0, 0.0, 1.0], 'priority': None, 'show': True, 'force': False, 'expire': None, 'slide': None, 'tokens': {}, 'action': 'play'}}, 'context': '_global', 'calling_context': 'mode_attract_started', 'priority': 0}
2023-07-16 23:50:39,751 : EventManager : Event: ======'game_ended'====== Args={}
2023-07-16 23:50:39,751 : mpfmc : SlidePlayer: Play called with settings={'welcome_slide': {'target': None, 'background_color': [0.0, 0.0, 0.0, 1.0], 'priority': None, 'show': True, 'force': False, 'expire': None, 'slide': None, 'tokens': {}, 'action': 'play'}}
2023-07-16 23:50:39,751 : EventManager : Event: ======'slide_welcome_slide_removed'====== Args={}
2023-07-16 23:50:39,753 : EventManager : Event: ======'slide_welcome_slide_created'====== Args={}
2023-07-16 23:50:39,754 : EventManager : Event: ======'slide_welcome_slide_active'====== Args={}
2023-07-16 23:50:47,071 : kivy : Base: Leaving application in progress...
2023-07-16 23:50:47,071 : mpfmc : Stopping...
2023-07-16 23:50:47,071 : EventManager : Event: ======'shutdown'====== Args={}
2023-07-16 23:50:47,071 : AudioInterface : Disabling audio playback
2023-07-16 23:50:47,205 : mpfmc : Loop rate 75.67 Hz
2023-07-16 23:50:47,205 : kivy : MC run loop ended.
2023-07-16 23:50:47,205 : kivy : Stopping child threads... (3 remaining)
2023-07-16 23:50:47,686 : mpfmc : Stopping...
2023-07-16 23:50:47,686 : EventManager : Event: ======'shutdown'====== Args={}
2023-07-16 23:50:47,686 : mpfmc : Loop rate 74.16 Hz
2023-07-16 23:50:47,695 : MPF-MC BCP Server : Stopping BCP sending thread
2023-07-16 23:50:47,707 : kivy : All child threads stopped.
