2023-07-16 23:42:09,548 : INFO : root : Loading config.
2023-07-16 23:42:09,550 : INFO : YamlMultifileConfigLoader : Machine config file #1: config.yaml
2023-07-16 23:42:09,551 : INFO : ConfigProcessor : Loading config from file C:\Users\warzz\AppData\Local\Programs\Python\Python39\lib\site-packages\mpf\mpfconfig.yaml.
2023-07-16 23:42:09,604 : INFO : ConfigProcessor : Loading config: C:\Users\warzz\AppData\Local\Programs\Python\Python39\lib\site-packages\mpf\mpfconfig.yaml
2023-07-16 23:42:09,604 : INFO : ConfigProcessor : Loading config from file D:\MPF\springbreak\config\config.yaml.
2023-07-16 23:42:09,607 : INFO : ConfigProcessor : Loading config: D:\MPF\springbreak\config\config.yaml
2023-07-16 23:42:09,613 : INFO : ConfigProcessor : Loading config: D:\MPF\springbreak\config\coils.yaml
2023-07-16 23:42:09,617 : INFO : ConfigProcessor : Loading config: D:\MPF\springbreak\config\switches.yaml
2023-07-16 23:42:09,627 : INFO : ConfigProcessor : Loading config: D:\MPF\springbreak\config\devices.yaml
2023-07-16 23:42:09,629 : INFO : ConfigProcessor : Loading config: D:\MPF\springbreak\config\displays.yaml
2023-07-16 23:42:09,631 : INFO : ConfigProcessor : Loading config: D:\MPF\springbreak\config\keyboard.yaml
2023-07-16 23:42:09,633 : INFO : ConfigProcessor : Config file cache created: C:\Users\warzz\AppData\Local\Temp\999c2299d6c39d2b6f23a88f71ed49fc.mpf_cache
2023-07-16 23:42:09,738 : INFO : ConfigProcessor : Loading config from cache: C:\Users\warzz\AppData\Local\Temp\b77c3901e90ec7d7cc601651512a0021.mpf_cache
2023-07-16 23:42:09,743 : INFO : ConfigProcessor : Loading config from cache: C:\Users\warzz\AppData\Local\Temp\a5b2fce8b210d64acc95275c2c9a2339.mpf_cache
2023-07-16 23:42:09,747 : INFO : Machine : Mission Pinball Framework Core Engine v0.56.0
2023-07-16 23:42:09,748 : INFO : Machine : Command line arguments: {'no_load_cache': False, 'create_config_cache': True, 'bcp': True, 'configfile': ['config.yaml'], 'force_assets_load': False, 'jsonlogging': False, 'logfile': 'logs\\2023-07-16-23-42-09-mpf-DESKTOP-VQ7DOMB.log', 'pause': False, 'production': False, 'text_ui': True, 'loglevel': 15, 'consoleloglevel': 20, 'force_platform': 'smart_virtual', 'syslog_address': None, 'mc_file_name': None, 'no_sound': False}
2023-07-16 23:42:09,748 : INFO : Machine : MPF path: C:\Users\warzz\AppData\Local\Programs\Python\Python39\lib\site-packages\mpf
2023-07-16 23:42:09,748 : INFO : Machine : Machine path: D:\MPF\springbreak
2023-07-16 23:42:09,748 : INFO : Machine : Platform: win32
2023-07-16 23:42:09,748 : INFO : Machine : Python executable location: C:\Users\warzz\AppData\Local\Programs\Python\Python39\python.exe
2023-07-16 23:42:09,748 : INFO : Machine : Python version: 3.9.13 (64-bit)
2023-07-16 23:42:09,750 : INFO : Machine : Initialise MPF.
2023-07-16 23:42:10,001 : INFO : EventManager : Event: ======'machine_var_credits_string'====== Args={'value': 'FREE PLAY', 'prev_value': None, 'change': True}
2023-07-16 23:42:10,061 : INFO : EventManager : Event: ======'machine_var_master_volume'====== Args={'value': 0.5, 'prev_value': None, 'change': True}
2023-07-16 23:42:10,061 : INFO : EventManager : Event: ======'machine_var_player1_score'====== Args={'value': 0, 'prev_value': None, 'change': True}
2023-07-16 23:42:10,061 : INFO : EventManager : Event: ======'machine_var_mpf_version'====== Args={'value': 'MPF v0.56.0', 'prev_value': None, 'change': True}
2023-07-16 23:42:10,061 : INFO : EventManager : Event: ======'machine_var_mpf_extended_version'====== Args={'value': 'MPF v0.56.0, Config version:5, Show version: 5, BCP version:1.1', 'prev_value': None, 'change': True}
2023-07-16 23:42:10,061 : INFO : EventManager : Event: ======'machine_var_python_version'====== Args={'value': '3.9.13', 'prev_value': None, 'change': True}
2023-07-16 23:42:10,070 : INFO : EventManager : Event: ======'machine_var_platform'====== Args={'value': 'Windows-10-10.0.19045-SP0', 'prev_value': None, 'change': True}
2023-07-16 23:42:10,070 : INFO : EventManager : Event: ======'machine_var_platform_system'====== Args={'value': 'Windows', 'prev_value': None, 'change': True}
2023-07-16 23:42:10,070 : INFO : EventManager : Event: ======'machine_var_platform_release'====== Args={'value': '10', 'prev_value': None, 'change': True}
2023-07-16 23:42:10,070 : INFO : EventManager : Event: ======'machine_var_platform_version'====== Args={'value': '10.0.19045', 'prev_value': None, 'change': True}
2023-07-16 23:42:10,070 : INFO : EventManager : Event: ======'machine_var_platform_machine'====== Args={'value': 'AMD64', 'prev_value': None, 'change': True}
2023-07-16 23:42:10,070 : INFO : EventManager : Event: ======'init_phase_1'====== Args={}
2023-07-16 23:42:10,085 : INFO : EventManager : Event: ======'init_phase_2'====== Args={}
2023-07-16 23:42:10,086 : INFO : SwitchController : Found active switch: ('0-0-27', <Platform.SmartVirtual>) <switch.s_drain_detect>
2023-07-16 23:42:10,086 : INFO : SwitchController : Found active switch: ('0-0-26', <Platform.SmartVirtual>) <switch.s_trough_1>
2023-07-16 23:42:10,087 : INFO : EventManager : Event: ======'bcp_connection_attempt'====== Args={'name': 'local_display', 'host': 'localhost', 'port': 5050}
2023-07-16 23:42:10,089 : INFO : BCPClientSocket : Connecting BCP to 'local_display' at localhost:5050...
2023-07-16 23:42:14,153 : INFO : BCPClientSocket : Connected BCP to 'local_display' localhost:5050
2023-07-16 23:42:14,153 : INFO : EventManager : Event: ======'bcp_clients_connected'====== Args={}
2023-07-16 23:42:14,159 : INFO : ball_device.bd_drain : BCH: Initial count: 1
2023-07-16 23:42:14,159 : INFO : EventManager : Event: ======'machine_var_mc_version'====== Args={'value': 'MPF-MC v0.56.1', 'prev_value': None, 'change': True}
2023-07-16 23:42:14,159 : INFO : EventManager : Event: ======'machine_var_mc_extended_version'====== Args={'value': 'MPF-MC v0.56.1 (config_version=5, BCP v1.1,                      Requires MPF API compatibility v0.56.0 or newer)', 'prev_value': None, 'change': True}
2023-07-16 23:42:14,160 : INFO : ball_device.bd_drain : State: idle
2023-07-16 23:42:14,171 : INFO : ball_device.bd_trough : BCH: Initial count: 4
2023-07-16 23:42:14,171 : INFO : ball_device.bd_trough : State: idle
2023-07-16 23:42:14,171 : INFO : ball_device.bd_plunger : BCH: Initial count: 0
2023-07-16 23:42:14,171 : INFO : ball_device.bd_plunger : State: idle
2023-07-16 23:42:14,185 : INFO : EventManager : Event: ======'init_phase_3'====== Args={}
2023-07-16 23:42:14,187 : INFO : EventManager : Event: ======'init_phase_4'====== Args={}
2023-07-16 23:42:14,187 : INFO : BallController : Initial balls found: 5
2023-07-16 23:42:14,188 : INFO : EventManager : Event: ======'machine_var_audits_events_game_ended'====== Args={'value': 1, 'prev_value': None, 'change': True}
2023-07-16 23:42:14,188 : INFO : EventManager : Event: ======'machine_var_audits_events_game_started'====== Args={'value': 6, 'prev_value': None, 'change': True}
2023-07-16 23:42:14,188 : INFO : EventManager : Event: ======'machine_var_audits_player_score'====== Args={'value': {'average': 0.0, 'top': [0], 'total': 1}, 'prev_value': None, 'change': True}
2023-07-16 23:42:14,188 : INFO : EventManager : Event: ======'machine_var_audits_switches_s_drain_detect'====== Args={'value': 9, 'prev_value': None, 'change': True}
2023-07-16 23:42:14,188 : INFO : EventManager : Event: ======'machine_var_audits_switches_s_flipper_left'====== Args={'value': 3, 'prev_value': None, 'change': True}
2023-07-16 23:42:14,188 : INFO : EventManager : Event: ======'machine_var_audits_switches_s_flipper_right'====== Args={'value': 10, 'prev_value': None, 'change': True}
2023-07-16 23:42:14,189 : INFO : EventManager : Event: ======'machine_var_audits_switches_s_plunger_detect'====== Args={'value': 9, 'prev_value': None, 'change': True}
2023-07-16 23:42:14,189 : INFO : EventManager : Event: ======'machine_var_audits_switches_s_plunger_exit'====== Args={'value': 2, 'prev_value': None, 'change': True}
2023-07-16 23:42:14,189 : INFO : EventManager : Event: ======'machine_var_audits_switches_s_popbumper_1'====== Args={'value': 0, 'prev_value': None, 'change': True}
2023-07-16 23:42:14,189 : INFO : EventManager : Event: ======'machine_var_audits_switches_s_popbumper_2'====== Args={'value': 0, 'prev_value': None, 'change': True}
2023-07-16 23:42:14,189 : INFO : EventManager : Event: ======'machine_var_audits_switches_s_popbumper_3'====== Args={'value': 0, 'prev_value': None, 'change': True}
2023-07-16 23:42:14,189 : INFO : EventManager : Event: ======'machine_var_audits_switches_s_slingshot'====== Args={'value': 0, 'prev_value': None, 'change': True}
2023-07-16 23:42:14,189 : INFO : EventManager : Event: ======'machine_var_audits_switches_s_start_button'====== Args={'value': 0, 'prev_value': None, 'change': True}
2023-07-16 23:42:14,190 : INFO : EventManager : Event: ======'machine_var_audits_switches_s_trough_1'====== Args={'value': 7, 'prev_value': None, 'change': True}
2023-07-16 23:42:14,190 : INFO : EventManager : Event: ======'machine_var_audits_switches_s_trough_2'====== Args={'value': 0, 'prev_value': None, 'change': True}
2023-07-16 23:42:14,190 : INFO : EventManager : Event: ======'init_phase_5'====== Args={}
2023-07-16 23:42:14,201 : INFO : EventManager : Event: ======'init_done'====== Args={}
2023-07-16 23:42:14,201 : INFO : EventManager : Event: ======'machine_reset_phase_1'====== Args={}
2023-07-16 23:42:14,203 : INFO : EventManager : Event: ======'slide_welcome_slide_removed'====== Args={'_from_bcp': True}
2023-07-16 23:42:14,205 : INFO : EventManager : Event: ======'slide_welcome_slide_created'====== Args={'_from_bcp': True}
2023-07-16 23:42:14,206 : INFO : EventManager : Event: ======'machine_reset_phase_2'====== Args={}
2023-07-16 23:42:14,206 : INFO : EventManager : Event: ======'machine_reset_phase_3'====== Args={}
2023-07-16 23:42:14,206 : INFO : EventManager : Event: ======'reset_complete'====== Args={}
2023-07-16 23:42:14,206 : INFO : EventManager : Event: ======'mode_attract_will_start'====== Args={}
2023-07-16 23:42:14,206 : INFO : EventManager : Event: ======'mode_attract_starting'====== Args={}
2023-07-16 23:42:14,206 : INFO : Mode.attract : Started. Priority: 10
2023-07-16 23:42:14,206 : INFO : EventManager : Event: ======'modes_active_modes_changed'====== Args={}
2023-07-16 23:42:14,206 : INFO : EventManager : Event: ======'mode_attract_started'====== Args={}
2023-07-16 23:42:14,207 : INFO : EventManager : Event: ======'collecting_balls_complete'====== Args={}
2023-07-16 23:42:14,222 : INFO : EventManager : Event: ======'slide_welcome_slide_active'====== Args={'_from_bcp': True}
2023-07-16 23:42:14,222 : INFO : Machine : Starting the main run loop.
2023-07-16 23:42:23,749 : INFO : Machine : Shutting down...
2023-07-16 23:42:23,749 : INFO : EventManager : Event: ======'shutdown'====== Args={}
2023-07-16 23:42:23,753 : INFO : root : MPF run loop ended.
