2023-07-12 22:23:42,650 : kivy : Factory: 189 symbols loaded
2023-07-12 22:23:42,783 : kivy : ImageLoaderFFPy: Using ffpyplayer 4.3.5
2023-07-12 22:23:42,784 : kivy : Image: Providers: img_tex, img_dds, img_sdl2, img_pil, img_ffpyplayer 
2023-07-12 22:23:42,819 : kivy : VideoGstplayer: Using Gstreamer 1.18.5.0
2023-07-12 22:23:42,819 : kivy : Video: Provider: gstplayer
2023-07-12 22:23:42,930 : kivy : Loading MPF-MC controller
2023-07-12 22:23:42,943 : YamlMultifileConfigLoader : Machine config file #1: config
2023-07-12 22:23:42,943 : ConfigProcessor : Config file in cache changed: d:\MPF\springbreak\config\config
2023-07-12 22:23:42,944 : ConfigProcessor : Loading config from file C:\Users\warzz\AppData\Local\Programs\Python\Python39\lib\site-packages\mpfmc\mcconfig.yaml.
2023-07-12 22:23:42,969 : ConfigProcessor : Loading config: C:\Users\warzz\AppData\Local\Programs\Python\Python39\lib\site-packages\mpfmc\mcconfig.yaml
2023-07-12 22:23:42,969 : ConfigProcessor : Loading config from file d:\MPF\springbreak\config\config.
2023-07-12 22:23:42,972 : ConfigProcessor : Loading config: d:\MPF\springbreak\config\config
2023-07-12 22:23:42,977 : ConfigProcessor : Loading config: d:\MPF\springbreak\config\coils.yaml
2023-07-12 22:23:42,981 : ConfigProcessor : Loading config: d:\MPF\springbreak\config\switches.yaml
2023-07-12 22:23:42,985 : ConfigProcessor : Loading config: d:\MPF\springbreak\config\devices.yaml
2023-07-12 22:23:42,986 : ConfigProcessor : Loading config: d:\MPF\springbreak\config\displays.yaml
2023-07-12 22:23:42,988 : ConfigProcessor : Loading config: d:\MPF\springbreak\config\keyboard.yaml
2023-07-12 22:23:42,989 : ConfigProcessor : Config file cache created: C:\Users\warzz\AppData\Local\Temp\8b6ed5c16b3b49897b43fba289efe3bb.mpf_cache
2023-07-12 22:23:42,990 : ConfigProcessor : Loading config from cache: C:\Users\warzz\AppData\Local\Temp\b77c3901e90ec7d7cc601651512a0021.mpf_cache
2023-07-12 22:23:42,990 : ConfigProcessor : Loading config from cache: C:\Users\warzz\AppData\Local\Temp\a5b2fce8b210d64acc95275c2c9a2339.mpf_cache
2023-07-12 22:23:42,991 : mpfmc : Mission Pinball Framework Media Controller v0.56.1
2023-07-12 22:23:42,991 : mpfmc : Mission Pinball Framework Game Engine v0.56.0
2023-07-12 22:23:42,991 : mpfmc : Machine path: d:\MPF\springbreak
2023-07-12 22:23:42,991 : mpfmc : Starting clock at 60.0Hz
2023-07-12 22:23:43,003 : kivy : Text: Provider: sdl2
2023-07-12 22:23:43,047 : kivy : Window: Provider: sdl2
2023-07-12 22:23:43,278 : kivy : GL: Using the "OpenGL" graphics system
2023-07-12 22:23:43,288 : kivy : GL: GLEW initialization succeeded
2023-07-12 22:23:43,288 : kivy : GL: Backend used <glew>
2023-07-12 22:23:43,289 : kivy : GL: OpenGL version <b'4.6.0 Compatibility Profile Context 23.3.1.230305'>
2023-07-12 22:23:43,289 : kivy : GL: OpenGL vendor <b'ATI Technologies Inc.'>
2023-07-12 22:23:43,289 : kivy : GL: OpenGL renderer <b'AMD Radeon RX 6700'>
2023-07-12 22:23:43,289 : kivy : GL: OpenGL parsed version: 4, 6
2023-07-12 22:23:43,289 : kivy : GL: Shading version <b'4.60'>
2023-07-12 22:23:43,289 : kivy : GL: Texture max size <16384>
2023-07-12 22:23:43,289 : kivy : GL: Texture max units <32>
2023-07-12 22:23:43,313 : kivy : Window: auto add sdl2 input provider
2023-07-12 22:23:43,314 : kivy : Window: virtual keyboard not allowed, single mode, not docked
2023-07-12 22:23:43,323 : SoundSystem : SoundSystem: Using default 'sound_system' settings
2023-07-12 22:23:43,729 : AudioInterface : Initialized
2023-07-12 22:23:43,730 : AudioInterface : Loaded SDL 2.0.20
2023-07-12 22:23:43,730 : AudioInterface : Loaded SDL_Mixer 2.0.4
2023-07-12 22:23:43,730 : AudioInterface : Loaded GStreamer 1.18.5.0
2023-07-12 22:23:43,730 : AudioInterface : Loaded GLib 2.62.6
2023-07-12 22:23:43,730 : AudioInterface : Settings requested - rate: 44100, channels: 1, buffer: 2048 samples
2023-07-12 22:23:43,730 : AudioInterface : Settings in use - rate: 44100, channels: 1, buffer: 2048 samples (4096 bytes @ 2 bytes per sample)
2023-07-12 22:23:43,730 : SoundSystem : No audio tracks are specified in your machine config file. a track named 'default' has been created.
2023-07-12 22:23:43,730 : SoundSystem : Setting master volume to 0.0
2023-07-12 22:23:43,730 : SoundSystem : master_volume in sound_system is deprecated and will be removed in the future.
2023-07-12 22:23:43,730 : AudioInterface : Enabling audio playback
2023-07-12 22:23:43,732 : kivy : Base: Start application main loop
2023-07-12 22:23:43,733 : EventManager : Event: ======'display_window_initialized'====== Args={}
2023-07-12 22:23:43,745 : mpfmc : Display: Setting 'window' as default display
2023-07-12 22:23:43,750 : EventManager : Event: ======'displays_initialized'====== Args={}
2023-07-12 22:23:43,751 : EventManager : Event: ======'slide_window_blank_created'====== Args={}
2023-07-12 22:23:43,751 : EventManager : Event: ======'display_window_ready'====== Args={}
2023-07-12 22:23:43,764 : EventManager : Event: ======'init_phase_1'====== Args={}
2023-07-12 22:23:43,766 : EventManager : Event: ======'mc_ready'====== Args={}
2023-07-12 22:23:43,766 : EventManager : Event: ======'init_phase_2'====== Args={}
2023-07-12 22:23:43,768 : EventManager : Event: ======'init_phase_3'====== Args={}
2023-07-12 22:23:43,769 : EventManager : Event: ======'init_phase_4'====== Args={}
2023-07-12 22:23:43,769 : EventManager : Event: ======'init_phase_5'====== Args={}
2023-07-12 22:23:43,769 : EventManager : Event: ======'init_done'====== Args={}
2023-07-12 22:23:43,769 : MPF-MC BCP Server : Starting up on localhost port 5050
2023-07-12 22:23:43,773 : MPF-MC BCP Server : Waiting for a connection...
2023-07-12 22:23:43,773 : mpfmc : SlidePlayer: Play called with settings={'slides': {welcome_slide-None-None: {'priority': None, 'target': None, 'background_color': [0.0, 0.0, 0.0, 1.0], 'show': True, 'force': False, 'expire': None, 'slide': None, 'tokens': {}, 'action': 'play', 'transition': None, 'transition_out': None}}}
2023-07-12 22:23:43,777 : kivy : GL: NPOT texture support is available
2023-07-12 22:23:43,778 : EventManager : Event: ======'slide_welcome_slide_created'====== Args={}
2023-07-12 22:23:43,780 : EventManager : Event: ======'slide_welcome_slide_active'====== Args={}
2023-07-12 22:23:43,782 : EventManager : Event: ======'client_disconnected'====== Args={'host': '127.0.0.1', 'port': 5050}
2023-07-12 22:23:44,828 : MPF-MC BCP Server : Received connection from: 127.0.0.1:56229
2023-07-12 22:23:44,834 : EventManager : Event: ======'client_connected'====== Args={'host': '127.0.0.1', 'port': 56229}
2023-07-12 22:23:44,846 : EventManager : Event: ======'machine_var_credits_string'====== Args={'value': 'FREE PLAY', 'prev_value': None, 'change': True}
2023-07-12 22:23:44,846 : EventManager : Event: ======'machine_var_master_volume'====== Args={'value': 0.5, 'prev_value': None, 'change': True}
2023-07-12 22:23:44,846 : EventManager : Event: ======'machine_var_player1_score'====== Args={'value': 0, 'prev_value': None, 'change': True}
2023-07-12 22:23:44,846 : EventManager : Event: ======'machine_var_mpf_version'====== Args={'value': 'MPF v0.56.0', 'prev_value': None, 'change': True}
2023-07-12 22:23:44,846 : EventManager : Event: ======'machine_var_mpf_extended_version'====== Args={'value': 'MPF v0.56.0, Config version:5, Show version: 5, BCP version:1.1', 'prev_value': None, 'change': True}
2023-07-12 22:23:44,846 : EventManager : Event: ======'machine_var_python_version'====== Args={'value': '3.9.13', 'prev_value': None, 'change': True}
2023-07-12 22:23:44,846 : EventManager : Event: ======'machine_var_platform'====== Args={'value': 'Windows-10-10.0.19045-SP0', 'prev_value': None, 'change': True}
2023-07-12 22:23:44,846 : EventManager : Event: ======'machine_var_platform_system'====== Args={'value': 'Windows', 'prev_value': None, 'change': True}
2023-07-12 22:23:44,846 : EventManager : Event: ======'machine_var_platform_release'====== Args={'value': '10', 'prev_value': None, 'change': True}
2023-07-12 22:23:44,846 : EventManager : Event: ======'machine_var_platform_version'====== Args={'value': '10.0.19045', 'prev_value': None, 'change': True}
2023-07-12 22:23:44,846 : EventManager : Event: ======'machine_var_platform_machine'====== Args={'value': 'AMD64', 'prev_value': None, 'change': True}
2023-07-12 22:23:44,846 : EventManager : Event: ======'machine_var_mc_version'====== Args={'value': 'MPF-MC v0.56.1', 'prev_value': None, 'change': True}
2023-07-12 22:23:44,846 : EventManager : Event: ======'machine_var_mc_extended_version'====== Args={'value': 'MPF-MC v0.56.1 (config_version=5, BCP v1.1,                      Requires MPF API compatibility v0.56.0 or newer)', 'prev_value': None, 'change': True}
2023-07-12 22:23:44,846 : SoundSystem : Setting master volume to 0.5
2023-07-12 22:23:44,849 : mpfmc : Stopping...
2023-07-12 22:23:44,849 : EventManager : Event: ======'shutdown'====== Args={}
2023-07-12 22:23:44,849 : AudioInterface : Disabling audio playback
2023-07-12 22:23:44,994 : mpfmc : Loop rate 71.27 Hz
2023-07-12 22:23:44,994 : kivy : Base: Leaving application in progress...
2023-07-12 22:23:45,006 : mpfmc : Stopping...
2023-07-12 22:23:45,006 : EventManager : Event: ======'shutdown'====== Args={}
2023-07-12 22:23:45,006 : mpfmc : Loop rate 71.36 Hz
2023-07-12 22:23:45,006 : kivy : MC run loop ended.
2023-07-12 22:23:45,006 : kivy : Stopping child threads... (2 remaining)
2023-07-12 22:23:45,834 : MPF-MC BCP Server : Stopping BCP sending thread
2023-07-12 22:23:45,912 : kivy : All child threads stopped.
