2023-07-18 08:07:41,484 : INFO : root : Loading config.
2023-07-18 08:07:41,487 : INFO : YamlMultifileConfigLoader : Machine config file #1: config.yaml
2023-07-18 08:07:41,488 : INFO : ConfigProcessor : Loading config from cache: C:\Users\warzz\AppData\Local\Temp\999c2299d6c39d2b6f23a88f71ed49fc.mpf_cache
2023-07-18 08:07:41,569 : INFO : ConfigProcessor : Loading config from cache: C:\Users\warzz\AppData\Local\Temp\c00853733793eb2446d656064dafde5d.mpf_cache
2023-07-18 08:07:41,570 : INFO : ConfigProcessor : Loading config from cache: C:\Users\warzz\AppData\Local\Temp\a5b2fce8b210d64acc95275c2c9a2339.mpf_cache
2023-07-18 08:07:41,571 : INFO : ConfigProcessor : Loading config from cache: C:\Users\warzz\AppData\Local\Temp\f8d84beef5f99d10c74fd589715eb307.mpf_cache
2023-07-18 08:07:41,572 : INFO : ConfigProcessor : Loading config from cache: C:\Users\warzz\AppData\Local\Temp\7f5bbc5ecfab115c460c30c504fda2c5.mpf_cache
2023-07-18 08:07:41,572 : INFO : ConfigProcessor : Loading config from cache: C:\Users\warzz\AppData\Local\Temp\77290df36791c7e7128b5328313d258b.mpf_cache
2023-07-18 08:07:41,577 : INFO : ConfigProcessor : Loading config from cache: C:\Users\warzz\AppData\Local\Temp\ff056b1a573b15fb22122c35199afb56.mpf_cache
2023-07-18 08:07:41,577 : INFO : ConfigProcessor : Loading config from cache: C:\Users\warzz\AppData\Local\Temp\f83280f57d43fe74c700865efa7c2060.mpf_cache
2023-07-18 08:07:41,578 : INFO : ConfigProcessor : Loading config from cache: C:\Users\warzz\AppData\Local\Temp\2b4263766d09456b2b98410789c7ad3c.mpf_cache
2023-07-18 08:07:41,578 : INFO : Machine : Mission Pinball Framework Core Engine v0.56.0
2023-07-18 08:07:41,579 : INFO : Machine : Command line arguments: {'no_load_cache': False, 'create_config_cache': True, 'bcp': True, 'configfile': ['config.yaml'], 'force_assets_load': False, 'jsonlogging': False, 'logfile': 'logs\\2023-07-18-08-07-41-mpf-DESKTOP-VQ7DOMB.log', 'pause': False, 'production': False, 'text_ui': True, 'loglevel': 15, 'consoleloglevel': 20, 'force_platform': 'smart_virtual', 'syslog_address': None, 'mc_file_name': None, 'no_sound': False}
2023-07-18 08:07:41,579 : INFO : Machine : MPF path: C:\Users\warzz\AppData\Local\Programs\Python\Python39\lib\site-packages\mpf
2023-07-18 08:07:41,579 : INFO : Machine : Machine path: D:\MPF\springbreak
2023-07-18 08:07:41,579 : INFO : Machine : Platform: win32
2023-07-18 08:07:41,579 : INFO : Machine : Python executable location: C:\Users\warzz\AppData\Local\Programs\Python\Python39\python.exe
2023-07-18 08:07:41,579 : INFO : Machine : Python version: 3.9.13 (64-bit)
2023-07-18 08:07:41,580 : INFO : Machine : Initialise MPF.
2023-07-18 08:07:41,728 : INFO : EventManager : Event: ======'machine_var_credits_string'====== Args={'value': 'FREE PLAY', 'prev_value': None, 'change': True}
2023-07-18 08:07:41,767 : INFO : EventManager : Event: ======'machine_var_master_volume'====== Args={'value': 0.5, 'prev_value': None, 'change': True}
2023-07-18 08:07:41,767 : INFO : EventManager : Event: ======'machine_var_player1_score'====== Args={'value': 0, 'prev_value': None, 'change': True}
2023-07-18 08:07:41,767 : INFO : EventManager : Event: ======'machine_var_mpf_version'====== Args={'value': 'MPF v0.56.0', 'prev_value': None, 'change': True}
2023-07-18 08:07:41,767 : INFO : EventManager : Event: ======'machine_var_mpf_extended_version'====== Args={'value': 'MPF v0.56.0, Config version:5, Show version: 5, BCP version:1.1', 'prev_value': None, 'change': True}
2023-07-18 08:07:41,767 : INFO : EventManager : Event: ======'machine_var_python_version'====== Args={'value': '3.9.13', 'prev_value': None, 'change': True}
2023-07-18 08:07:41,775 : INFO : EventManager : Event: ======'machine_var_platform'====== Args={'value': 'Windows-10-10.0.19045-SP0', 'prev_value': None, 'change': True}
2023-07-18 08:07:41,775 : INFO : EventManager : Event: ======'machine_var_platform_system'====== Args={'value': 'Windows', 'prev_value': None, 'change': True}
2023-07-18 08:07:41,775 : INFO : EventManager : Event: ======'machine_var_platform_release'====== Args={'value': '10', 'prev_value': None, 'change': True}
2023-07-18 08:07:41,775 : INFO : EventManager : Event: ======'machine_var_platform_version'====== Args={'value': '10.0.19045', 'prev_value': None, 'change': True}
2023-07-18 08:07:41,775 : INFO : EventManager : Event: ======'machine_var_platform_machine'====== Args={'value': 'AMD64', 'prev_value': None, 'change': True}
2023-07-18 08:07:41,775 : INFO : EventManager : Event: ======'init_phase_1'====== Args={}
2023-07-18 08:07:41,797 : INFO : EventManager : Event: ======'init_phase_2'====== Args={}
2023-07-18 08:07:41,797 : INFO : SwitchController : Found active switch: ('0-0-26', <Platform.SmartVirtual>) <switch.s_trough_1>
2023-07-18 08:07:41,799 : INFO : EventManager : Event: ======'bcp_connection_attempt'====== Args={'name': 'local_display', 'host': 'localhost', 'port': 5050}
2023-07-18 08:07:41,801 : INFO : BCPClientSocket : Connecting BCP to 'local_display' at localhost:5050...
2023-07-18 08:07:43,857 : INFO : BCPClientSocket : Connected BCP to 'local_display' localhost:5050
2023-07-18 08:07:43,858 : INFO : EventManager : Event: ======'bcp_clients_connected'====== Args={}
2023-07-18 08:07:43,863 : INFO : ball_device.bd_drain : BCH: Initial count: 0
2023-07-18 08:07:43,863 : INFO : ball_device.bd_drain : State: idle
2023-07-18 08:07:43,863 : INFO : ball_device.bd_trough : BCH: Initial count: 4
2023-07-18 08:07:43,863 : INFO : ball_device.bd_trough : State: idle
2023-07-18 08:07:43,864 : INFO : ball_device.bd_plunger : BCH: Initial count: 0
2023-07-18 08:07:43,864 : INFO : ball_device.bd_plunger : State: idle
2023-07-18 08:07:43,873 : INFO : EventManager : Event: ======'init_phase_3'====== Args={}
2023-07-18 08:07:43,879 : INFO : EventManager : Event: ======'init_phase_4'====== Args={}
2023-07-18 08:07:43,879 : INFO : BallController : Initial balls found: 4
2023-07-18 08:07:43,880 : INFO : EventManager : Event: ======'machine_var_audits_events_game_ended'====== Args={'value': 9, 'prev_value': None, 'change': True}
2023-07-18 08:07:43,881 : INFO : EventManager : Event: ======'machine_var_audits_events_game_started'====== Args={'value': 14, 'prev_value': None, 'change': True}
2023-07-18 08:07:43,881 : INFO : EventManager : Event: ======'machine_var_audits_player_score'====== Args={'value': {'average': 0.0, 'top': [0, 0, 0, 0, 0, 0, 0, 0, 0], 'total': 9}, 'prev_value': None, 'change': True}
2023-07-18 08:07:43,881 : INFO : EventManager : Event: ======'machine_var_audits_switches_s_drain_detect'====== Args={'value': 37, 'prev_value': None, 'change': True}
2023-07-18 08:07:43,881 : INFO : EventManager : Event: ======'machine_var_audits_switches_s_flipper_left'====== Args={'value': 3, 'prev_value': None, 'change': True}
2023-07-18 08:07:43,881 : INFO : EventManager : Event: ======'machine_var_audits_switches_s_flipper_right'====== Args={'value': 35, 'prev_value': None, 'change': True}
2023-07-18 08:07:43,881 : INFO : EventManager : Event: ======'machine_var_audits_switches_s_plunger_detect'====== Args={'value': 33, 'prev_value': None, 'change': True}
2023-07-18 08:07:43,881 : INFO : EventManager : Event: ======'machine_var_audits_switches_s_plunger_exit'====== Args={'value': 15, 'prev_value': None, 'change': True}
2023-07-18 08:07:43,881 : INFO : EventManager : Event: ======'machine_var_audits_switches_s_popbumper_1'====== Args={'value': 0, 'prev_value': None, 'change': True}
2023-07-18 08:07:43,881 : INFO : EventManager : Event: ======'machine_var_audits_switches_s_popbumper_2'====== Args={'value': 0, 'prev_value': None, 'change': True}
2023-07-18 08:07:43,882 : INFO : EventManager : Event: ======'machine_var_audits_switches_s_popbumper_3'====== Args={'value': 0, 'prev_value': None, 'change': True}
2023-07-18 08:07:43,882 : INFO : EventManager : Event: ======'machine_var_audits_switches_s_slingshot'====== Args={'value': 0, 'prev_value': None, 'change': True}
2023-07-18 08:07:43,882 : INFO : EventManager : Event: ======'machine_var_audits_switches_s_start_button'====== Args={'value': 0, 'prev_value': None, 'change': True}
2023-07-18 08:07:43,882 : INFO : EventManager : Event: ======'machine_var_audits_switches_s_trough_1'====== Args={'value': 24, 'prev_value': None, 'change': True}
2023-07-18 08:07:43,882 : INFO : EventManager : Event: ======'machine_var_audits_switches_s_trough_2'====== Args={'value': 0, 'prev_value': None, 'change': True}
2023-07-18 08:07:43,882 : INFO : EventManager : Event: ======'init_phase_5'====== Args={}
2023-07-18 08:07:43,902 : INFO : EventManager : Event: ======'init_done'====== Args={}
2023-07-18 08:07:43,902 : INFO : EventManager : Event: ======'machine_reset_phase_1'====== Args={}
2023-07-18 08:07:44,256 : INFO : BcpServer : New client connected.
2023-07-18 08:07:44,532 : INFO : EventManager : Event: ======'machine_var_mc_version'====== Args={'value': 'MPF-MC v0.56.1', 'prev_value': None, 'change': True}
2023-07-18 08:07:44,533 : INFO : EventManager : Event: ======'machine_var_mc_extended_version'====== Args={'value': 'MPF-MC v0.56.1 (config_version=5, BCP v1.1,                      Requires MPF API compatibility v0.56.0 or newer)', 'prev_value': None, 'change': True}
2023-07-18 08:07:44,536 : INFO : EventManager : Event: ======'slide_welcome_slide_removed'====== Args={'_from_bcp': True}
2023-07-18 08:07:44,536 : INFO : EventManager : Event: ======'slide_welcome_slide_created'====== Args={'_from_bcp': True}
2023-07-18 08:07:44,537 : INFO : EventManager : Event: ======'slide_welcome_slide_active'====== Args={'_from_bcp': True}
2023-07-18 08:07:44,537 : INFO : EventManager : Event: ======'machine_reset_phase_2'====== Args={}
2023-07-18 08:07:44,537 : INFO : EventManager : Event: ======'machine_reset_phase_3'====== Args={}
2023-07-18 08:07:44,538 : INFO : EventManager : Event: ======'reset_complete'====== Args={}
2023-07-18 08:07:44,538 : INFO : EventManager : Event: ======'mode_attract_will_start'====== Args={}
2023-07-18 08:07:44,539 : INFO : EventManager : Event: ======'mode_attract_starting'====== Args={}
2023-07-18 08:07:44,539 : INFO : Mode.attract : Started. Priority: 10
2023-07-18 08:07:44,539 : INFO : EventManager : Event: ======'modes_active_modes_changed'====== Args={}
2023-07-18 08:07:44,539 : INFO : EventManager : Event: ======'mode_attract_started'====== Args={}
2023-07-18 08:07:44,540 : INFO : EventManager : Event: ======'collecting_balls_complete'====== Args={}
2023-07-18 08:07:44,555 : INFO : EventManager : Event: ======'slide_awesome_slide_created'====== Args={'_from_bcp': True}
2023-07-18 08:07:44,555 : INFO : EventManager : Event: ======'slide_welcome_slide_removed'====== Args={'_from_bcp': True}
2023-07-18 08:07:44,556 : INFO : EventManager : Event: ======'slide_welcome_slide_created'====== Args={'_from_bcp': True}
2023-07-18 08:07:44,556 : INFO : EventManager : Event: ======'slide_awesome_slide_active'====== Args={'_from_bcp': True}
2023-07-18 08:07:44,557 : INFO : Machine : Starting the main run loop.
2023-07-18 08:07:47,542 : INFO : EventManager : Event: ======'slide_press_start_created'====== Args={'_from_bcp': True}
2023-07-18 08:07:47,544 : INFO : EventManager : Event: ======'slide_press_start_active'====== Args={'_from_bcp': True}
2023-07-18 08:07:48,863 : INFO : SwitchController : <<<<<<< 's_start_button' active >>>>>>>
2023-07-18 08:07:48,987 : INFO : SwitchController : <<<<<<< 's_start_button' inactive >>>>>>>
2023-07-18 08:07:48,987 : INFO : EventManager : Event: ======'request_to_start_game'====== Args={}
2023-07-18 08:07:48,989 : INFO : EventManager : Event: ======'game_start'====== Args={'buttons': [], 'hold_time': 0.125}
2023-07-18 08:07:48,989 : INFO : EventManager : Event: ======'mode_game_will_start'====== Args={'buttons': [], 'hold_time': 0.125}
2023-07-18 08:07:48,990 : INFO : EventManager : Event: ======'mode_game_starting'====== Args={'buttons': [], 'hold_time': 0.125}
2023-07-18 08:07:48,990 : INFO : EventManager : Event: ======'mode_attract_will_stop'====== Args={}
2023-07-18 08:07:48,990 : INFO : EventManager : Event: ======'mode_attract_stopping'====== Args={}
2023-07-18 08:07:48,990 : INFO : Mode.attract : Stopped.
2023-07-18 08:07:48,990 : INFO : EventManager : Event: ======'modes_active_modes_changed'====== Args={}
2023-07-18 08:07:48,991 : INFO : EventManager : Event: ======'mode_attract_stopped'====== Args={}
2023-07-18 08:07:48,991 : INFO : EventManager : Event: ======'clear'====== Args={'key': 'attract'}
2023-07-18 08:07:48,991 : INFO : Mode.game : Started. Priority: 20
2023-07-18 08:07:48,991 : INFO : EventManager : Event: ======'modes_active_modes_changed'====== Args={}
2023-07-18 08:07:48,991 : INFO : EventManager : Event: ======'mode_game_started'====== Args={'buttons': [], 'hold_time': 0.125}
2023-07-18 08:07:48,995 : INFO : EventManager : Event: ======'game_will_start'====== Args={}
2023-07-18 08:07:48,997 : INFO : EventManager : Event: ======'game_starting'====== Args={'game': <Mode.game>}
2023-07-18 08:07:48,997 : INFO : EventManager : Event: ======'player_add_request'====== Args={}
2023-07-18 08:07:48,998 : INFO : EventManager : Event: ======'player_will_add'====== Args={'number': 1}
2023-07-18 08:07:48,998 : INFO : EventManager : Event: ======'player_adding'====== Args={'player': <Player 1>, 'number': 1}
2023-07-18 08:07:48,998 : INFO : EventManager : Event: ======'player_added'====== Args={'player': <Player 1>, 'num': 1}
2023-07-18 08:07:48,998 : INFO : Mode.game : Player added successfully. Total players: 1
2023-07-18 08:07:48,998 : INFO : EventManager : Event: ======'player_index'====== Args={'value': 0, 'prev_value': 0, 'change': 0, 'player_num': 1}
2023-07-18 08:07:48,998 : INFO : EventManager : Event: ======'player_number'====== Args={'value': 1, 'prev_value': 1, 'change': 0, 'player_num': 1}
2023-07-18 08:07:48,999 : INFO : EventManager : Event: ======'player_score'====== Args={'value': 0, 'prev_value': 0, 'change': 0, 'player_num': 1}
2023-07-18 08:07:48,999 : INFO : EventManager : Event: ======'game_started'====== Args={}
2023-07-18 08:07:49,005 : INFO : EventManager : Event: ======'player_turn_will_start'====== Args={'player': <Player 1>, 'number': 1}
2023-07-18 08:07:49,009 : INFO : EventManager : Event: ======'slide_awesome_slide_removed'====== Args={'_from_bcp': True}
2023-07-18 08:07:49,009 : INFO : EventManager : Event: ======'slide_press_start_removed'====== Args={'_from_bcp': True}
2023-07-18 08:07:49,009 : INFO : EventManager : Event: ======'player_turn_starting'====== Args={'player': <Player 1>, 'number': 1}
2023-07-18 08:07:49,010 : INFO : EventManager : Event: ======'player_ball'====== Args={'value': 1, 'prev_value': 0, 'change': 1, 'player_num': 1}
2023-07-18 08:07:49,010 : INFO : EventManager : Event: ======'player_turn_started'====== Args={'player': <Player 1>, 'number': 1}
2023-07-18 08:07:49,011 : INFO : EventManager : Event: ======'ball_will_start'====== Args={'player': 1, 'ball': 1, 'balls_remaining': 2, 'is_extra_ball': False}
2023-07-18 08:07:49,012 : INFO : EventManager : Event: ======'slide_welcome_slide_active'====== Args={'_from_bcp': True}
2023-07-18 08:07:49,014 : INFO : EventManager : Event: ======'ball_starting'====== Args={'player': 1, 'ball': 1, 'balls_remaining': 2, 'is_extra_ball': False}
2023-07-18 08:07:49,014 : INFO : EventManager : Event: ======'balls_in_play'====== Args={'balls': 1}
2023-07-18 08:07:49,015 : INFO : EventManager : Event: ======'ball_started'====== Args={'player': 1, 'ball': 1, 'balls_remaining': 2, 'is_extra_ball': False}
2023-07-18 08:07:49,015 : INFO : EventManager : Event: ======'mode_base_will_start'====== Args={'player': 1, 'ball': 1, 'balls_remaining': 2, 'is_extra_ball': False}
2023-07-18 08:07:49,015 : INFO : EventManager : Event: ======'mode_base_starting'====== Args={'player': 1, 'ball': 1, 'balls_remaining': 2, 'is_extra_ball': False}
2023-07-18 08:07:49,016 : INFO : Mode.base : Started. Priority: 100
2023-07-18 08:07:49,016 : INFO : EventManager : Event: ======'modes_active_modes_changed'====== Args={}
2023-07-18 08:07:49,016 : INFO : EventManager : Event: ======'mode_base_started'====== Args={'player': 1, 'ball': 1, 'balls_remaining': 2, 'is_extra_ball': False}
2023-07-18 08:07:49,017 : INFO : EventManager : Event: ======'single_player_ball_started'====== Args={}
2023-07-18 08:07:49,029 : INFO : EventManager : Event: ======'ball_start_target'====== Args={'target': 'playfield'}
2023-07-18 08:07:49,030 : INFO : EventManager : Event: ======'slide__global.slide_player-mode_base_started_created'====== Args={'_from_bcp': True}
2023-07-18 08:07:49,030 : INFO : EventManager : Event: ======'slide__global.slide_player-mode_base_started_active'====== Args={'_from_bcp': True}
2023-07-18 08:07:49,031 : INFO : ball_device.bd_plunger : Setting up player-controlled eject. Balls: 1, Target: <playfield.playfield>, player_controlled_eject_event: s_flipper_right_active
2023-07-18 08:07:49,031 : INFO : EventManager : Event: ======'balldevice_balls_available'====== Args={}
2023-07-18 08:07:49,032 : INFO : ball_device.bd_trough : State: waiting_for_target_ready
2023-07-18 08:07:49,032 : INFO : EventManager : Event: ======'balldevice_bd_trough_ball_eject_attempt'====== Args={'balls': 1, 'target': <ball_device.bd_plunger>, 'source': <ball_device.bd_trough>, 'mechanical_eject': True, 'num_attempts': 0}
2023-07-18 08:07:49,032 : INFO : ball_device.bd_plunger : State: waiting_for_ball
2023-07-18 08:07:49,032 : INFO : ball_device.bd_trough : State: ejecting
2023-07-18 08:07:49,033 : INFO : ball_device.bd_trough : Ejecting ball to <ball_device.bd_plunger>
2023-07-18 08:07:49,033 : INFO : EventManager : Event: ======'balldevice_bd_trough_ejecting_ball'====== Args={'balls': 1, 'target': <ball_device.bd_plunger>, 'source': <ball_device.bd_trough>, 'mechanical_eject': True, 'num_attempts': 0}
2023-07-18 08:07:49,034 : INFO : ball_device.bd_trough : Wait for ball to leave device
2023-07-18 08:07:49,034 : INFO : coil.c_trough_eject : Enabling Driver for 1000ms (1.0 pulse_power)
2023-07-18 08:07:49,034 : INFO : SwitchController : <<<<<<< 's_trough_1' inactive >>>>>>>
2023-07-18 08:07:49,053 : INFO : ball_device.bd_trough : State: ball_left
2023-07-18 08:07:49,053 : INFO : ball_device.bd_trough : Ball left
2023-07-18 08:07:49,053 : INFO : ball_device.bd_trough : Wait for confirm with timeout 3.0
2023-07-18 08:07:49,146 : INFO : SwitchController : <<<<<<< 's_plunger_detect' active >>>>>>>
2023-07-18 08:07:49,146 : INFO : EventManager : Event: ======'machine_var_audits_switches_s_plunger_detect'====== Args={'value': 34, 'prev_value': 33, 'change': 1}
2023-07-18 08:07:49,645 : INFO : ball_device.bd_plunger : Received ball from <ball_device.bd_trough>
2023-07-18 08:07:49,645 : INFO : EventManager : Event: ======'balldevice_bd_plunger_ball_enter'====== Args={'new_balls': 1, 'unclaimed_balls': 0, 'new_available_balls': 0, 'device': <ball_device.bd_plunger>}
2023-07-18 08:07:49,645 : INFO : EventManager : Event: ======'balldevice_bd_plunger_ball_entered'====== Args={'new_balls': 0, 'device': <ball_device.bd_plunger>}
2023-07-18 08:07:49,645 : INFO : EventManager : Event: ======'balldevice_bd_plunger_ball_count_changed'====== Args={'balls': 1}
2023-07-18 08:07:49,645 : INFO : ball_device.bd_trough : Got eject confirm
2023-07-18 08:07:49,646 : INFO : ball_device.bd_trough : Eject successful
2023-07-18 08:07:49,646 : INFO : EventManager : Event: ======'balldevice_bd_trough_ball_eject_success'====== Args={'balls': 1, 'target': <ball_device.bd_plunger>}
2023-07-18 08:07:49,646 : INFO : EventManager : Event: ======'balldevice_bd_trough_ball_count_changed'====== Args={'balls': 3}
2023-07-18 08:07:49,646 : INFO : ball_device.bd_trough : State: idle
2023-07-18 08:07:49,646 : INFO : ball_device.bd_plunger : State: waiting_for_target_ready
2023-07-18 08:07:49,646 : INFO : EventManager : Event: ======'balldevice_bd_plunger_ball_eject_attempt'====== Args={'balls': 1, 'target': <playfield.playfield>, 'source': <ball_device.bd_plunger>, 'mechanical_eject': True, 'num_attempts': 0}
2023-07-18 08:07:49,647 : INFO : ball_device.bd_plunger : State: ejecting
2023-07-18 08:07:49,647 : INFO : ball_device.bd_plunger : Ejecting ball to <playfield.playfield>
2023-07-18 08:07:49,647 : INFO : EventManager : Event: ======'balldevice_bd_plunger_ejecting_ball'====== Args={'balls': 1, 'target': <playfield.playfield>, 'source': <ball_device.bd_plunger>, 'mechanical_eject': True, 'num_attempts': 0}
2023-07-18 08:07:49,648 : INFO : ball_device.bd_plunger : Wait for ball to leave device
2023-07-18 08:07:50,042 : INFO : coil.c_trough_eject : Disabling Driver
2023-07-18 08:07:50,596 : INFO : SwitchController : <<<<<<< 's_flipper_right' active >>>>>>>
2023-07-18 08:07:50,596 : INFO : EventManager : Event: ======'s_flipper_right_active'====== Args={}
2023-07-18 08:07:50,597 : INFO : EventManager : Event: ======'machine_var_audits_switches_s_flipper_right'====== Args={'value': 36, 'prev_value': 35, 'change': 1}
2023-07-18 08:07:50,637 : INFO : coil.c_plunger : Pulsing Driver for 20ms (1.0 pulse_power)
2023-07-18 08:07:50,637 : INFO : SwitchController : <<<<<<< 's_plunger_detect' inactive >>>>>>>
2023-07-18 08:07:50,641 : INFO : ball_device.bd_plunger : State: ball_left
2023-07-18 08:07:50,641 : INFO : ball_device.bd_plunger : Ball left
2023-07-18 08:07:50,641 : INFO : ball_device.bd_plunger : Wait for confirm with timeout 10.0
2023-07-18 08:07:50,721 : INFO : SwitchController : <<<<<<< 's_flipper_right' inactive >>>>>>>
2023-07-18 08:07:51,752 : INFO : SwitchController : <<<<<<< 's_plunger_exit' active >>>>>>>
2023-07-18 08:07:51,752 : INFO : EventManager : Event: ======'sw_playfield_active'====== Args={}
2023-07-18 08:07:51,753 : INFO : EventManager : Event: ======'machine_var_audits_switches_s_plunger_exit'====== Args={'value': 16, 'prev_value': 15, 'change': 1}
2023-07-18 08:07:51,753 : INFO : EventManager : Event: ======'playfield_active'====== Args={}
2023-07-18 08:07:51,757 : INFO : ball_device.bd_plunger : Got eject confirm
2023-07-18 08:07:51,757 : INFO : ball_device.bd_plunger : Eject successful
2023-07-18 08:07:51,757 : INFO : EventManager : Event: ======'balldevice_bd_plunger_ball_eject_success'====== Args={'balls': 1, 'target': <playfield.playfield>}
2023-07-18 08:07:51,757 : INFO : EventManager : Event: ======'balldevice_playfield_ball_enter'====== Args={'new_balls': 1, 'unclaimed_balls': 1, 'device': <playfield.playfield>}
2023-07-18 08:07:51,757 : INFO : EventManager : Event: ======'playfield_ball_count_change'====== Args={'balls': 1, 'change': 1}
2023-07-18 08:07:51,758 : INFO : EventManager : Event: ======'balldevice_bd_plunger_ball_count_changed'====== Args={'balls': 0}
2023-07-18 08:07:51,758 : INFO : ball_device.bd_plunger : State: idle
2023-07-18 08:07:51,826 : INFO : SwitchController : <<<<<<< 's_plunger_exit' inactive >>>>>>>
2023-07-18 08:07:53,518 : INFO : SwitchController : <<<<<<< 's_drain_detect' active >>>>>>>
2023-07-18 08:07:53,518 : INFO : EventManager : Event: ======'machine_var_audits_switches_s_drain_detect'====== Args={'value': 38, 'prev_value': 37, 'change': 1}
2023-07-18 08:07:54,038 : INFO : EventManager : Event: ======'balldevice_bd_drain_ball_count_changed'====== Args={'balls': 1}
2023-07-18 08:07:54,038 : INFO : ball_device.bd_drain : Received unexpected ball
2023-07-18 08:07:54,038 : INFO : EventManager : Event: ======'balldevice_captured_from_playfield'====== Args={'balls': 1}
2023-07-18 08:07:54,039 : INFO : EventManager : Event: ======'sw_playfield_active'====== Args={'balls': 1}
2023-07-18 08:07:54,039 : INFO : EventManager : Event: ======'playfield_ball_count_change'====== Args={'balls': 0, 'change': -1}
2023-07-18 08:07:54,039 : INFO : EventManager : Event: ======'balldevice_bd_drain_ball_enter'====== Args={'new_balls': 1, 'unclaimed_balls': 1, 'new_available_balls': 1, 'device': <ball_device.bd_drain>}
2023-07-18 08:07:54,040 : INFO : EventManager : Event: ======'ball_drain'====== Args={'device': <ball_device.bd_drain>, 'balls': 1}
2023-07-18 08:07:54,040 : INFO : EventManager : Event: ======'ball_will_end'====== Args={}
2023-07-18 08:07:54,040 : INFO : EventManager : Event: ======'balldevice_balls_available'====== Args={}
2023-07-18 08:07:54,041 : INFO : EventManager : Event: ======'balldevice_balls_available'====== Args={}
2023-07-18 08:07:54,041 : INFO : EventManager : Event: ======'balldevice_bd_drain_ball_entered'====== Args={'new_balls': 1, 'device': <ball_device.bd_drain>}
2023-07-18 08:07:54,041 : INFO : EventManager : Event: ======'ball_ending'====== Args={}
2023-07-18 08:07:54,042 : INFO : EventManager : Event: ======'mode_base_will_stop'====== Args={}
2023-07-18 08:07:54,042 : INFO : EventManager : Event: ======'mode_base_stopping'====== Args={}
2023-07-18 08:07:54,042 : INFO : Mode.base : Stopped.
2023-07-18 08:07:54,042 : INFO : EventManager : Event: ======'modes_active_modes_changed'====== Args={}
2023-07-18 08:07:54,043 : INFO : EventManager : Event: ======'mode_base_stopped'====== Args={}
2023-07-18 08:07:54,043 : INFO : EventManager : Event: ======'clear'====== Args={'key': 'base'}
2023-07-18 08:07:54,056 : INFO : EventManager : Event: ======'ball_ended'====== Args={}
2023-07-18 08:07:54,056 : INFO : ball_device.bd_drain : State: waiting_for_target_ready
2023-07-18 08:07:54,056 : INFO : EventManager : Event: ======'balldevice_bd_drain_ball_eject_attempt'====== Args={'balls': 1, 'target': <ball_device.bd_trough>, 'source': <ball_device.bd_drain>, 'mechanical_eject': False, 'num_attempts': 0}
2023-07-18 08:07:54,057 : INFO : ball_device.bd_drain : State: ejecting
2023-07-18 08:07:54,057 : INFO : ball_device.bd_drain : Ejecting ball to <ball_device.bd_trough>
2023-07-18 08:07:54,058 : INFO : EventManager : Event: ======'balldevice_bd_drain_ejecting_ball'====== Args={'balls': 1, 'target': <ball_device.bd_trough>, 'source': <ball_device.bd_drain>, 'mechanical_eject': False, 'num_attempts': 0}
2023-07-18 08:07:54,058 : INFO : EventManager : Event: ======'player_turn_will_end'====== Args={'player': <Player 1>, 'number': 1}
2023-07-18 08:07:54,059 : INFO : EventManager : Event: ======'player_turn_ending'====== Args={'player': <Player 1>, 'number': 1}
2023-07-18 08:07:54,060 : INFO : EventManager : Event: ======'player_turn_ended'====== Args={'player': <Player 1>, 'number': 1}
2023-07-18 08:07:54,060 : INFO : ball_device.bd_drain : Wait for ball to leave device
2023-07-18 08:07:54,060 : INFO : coil.c_drain_kicker : Pulsing Driver for 20ms (1.0 pulse_power)
2023-07-18 08:07:54,060 : INFO : SwitchController : <<<<<<< 's_drain_detect' inactive >>>>>>>
2023-07-18 08:07:54,063 : INFO : EventManager : Event: ======'player_turn_will_start'====== Args={'player': <Player 1>, 'number': 1}
2023-07-18 08:07:54,063 : INFO : EventManager : Event: ======'player_turn_starting'====== Args={'player': <Player 1>, 'number': 1}
2023-07-18 08:07:54,064 : INFO : EventManager : Event: ======'player_ball'====== Args={'value': 2, 'prev_value': 1, 'change': 1, 'player_num': 1}
2023-07-18 08:07:54,064 : INFO : EventManager : Event: ======'player_turn_started'====== Args={'player': <Player 1>, 'number': 1}
2023-07-18 08:07:54,064 : INFO : ball_device.bd_drain : State: ball_left
2023-07-18 08:07:54,064 : INFO : ball_device.bd_drain : Ball left
2023-07-18 08:07:54,065 : INFO : ball_device.bd_drain : Wait for confirm with timeout 10.0
2023-07-18 08:07:54,065 : INFO : EventManager : Event: ======'ball_will_start'====== Args={'player': 1, 'ball': 2, 'balls_remaining': 1, 'is_extra_ball': False}
2023-07-18 08:07:54,067 : INFO : EventManager : Event: ======'ball_starting'====== Args={'player': 1, 'ball': 2, 'balls_remaining': 1, 'is_extra_ball': False}
2023-07-18 08:07:54,067 : INFO : EventManager : Event: ======'balls_in_play'====== Args={'balls': 1}
2023-07-18 08:07:54,068 : INFO : EventManager : Event: ======'ball_started'====== Args={'player': 1, 'ball': 2, 'balls_remaining': 1, 'is_extra_ball': False}
2023-07-18 08:07:54,068 : INFO : EventManager : Event: ======'mode_base_will_start'====== Args={'player': 1, 'ball': 2, 'balls_remaining': 1, 'is_extra_ball': False}
2023-07-18 08:07:54,068 : INFO : EventManager : Event: ======'mode_base_starting'====== Args={'player': 1, 'ball': 2, 'balls_remaining': 1, 'is_extra_ball': False}
2023-07-18 08:07:54,069 : INFO : Mode.base : Started. Priority: 100
2023-07-18 08:07:54,069 : INFO : EventManager : Event: ======'modes_active_modes_changed'====== Args={}
2023-07-18 08:07:54,069 : INFO : EventManager : Event: ======'mode_base_started'====== Args={'player': 1, 'ball': 2, 'balls_remaining': 1, 'is_extra_ball': False}
2023-07-18 08:07:54,070 : INFO : EventManager : Event: ======'single_player_ball_started'====== Args={}
2023-07-18 08:07:54,082 : INFO : EventManager : Event: ======'ball_start_target'====== Args={'target': 'playfield'}
2023-07-18 08:07:54,083 : INFO : EventManager : Event: ======'slide__global.slide_player-mode_base_started_removed'====== Args={'_from_bcp': True}
2023-07-18 08:07:54,083 : INFO : ball_device.bd_plunger : Setting up player-controlled eject. Balls: 1, Target: <playfield.playfield>, player_controlled_eject_event: s_flipper_right_active
2023-07-18 08:07:54,083 : INFO : EventManager : Event: ======'balldevice_balls_available'====== Args={}
2023-07-18 08:07:54,084 : INFO : ball_device.bd_trough : State: waiting_for_target_ready
2023-07-18 08:07:54,084 : INFO : EventManager : Event: ======'balldevice_bd_trough_ball_eject_attempt'====== Args={'balls': 1, 'target': <ball_device.bd_plunger>, 'source': <ball_device.bd_trough>, 'mechanical_eject': True, 'num_attempts': 0}
2023-07-18 08:07:54,084 : INFO : ball_device.bd_plunger : State: waiting_for_ball
2023-07-18 08:07:54,085 : INFO : ball_device.bd_trough : State: ejecting
2023-07-18 08:07:54,085 : INFO : ball_device.bd_trough : Ejecting ball to <ball_device.bd_plunger>
2023-07-18 08:07:54,085 : INFO : EventManager : Event: ======'balldevice_bd_trough_ejecting_ball'====== Args={'balls': 1, 'target': <ball_device.bd_plunger>, 'source': <ball_device.bd_trough>, 'mechanical_eject': True, 'num_attempts': 0}
2023-07-18 08:07:54,086 : INFO : ball_device.bd_trough : Wait for ball to leave device
2023-07-18 08:07:54,086 : INFO : EventManager : Event: ======'slide__global.slide_player-mode_base_started_created'====== Args={'_from_bcp': True}
2023-07-18 08:07:54,087 : INFO : ball_device.bd_trough : State: ball_left
2023-07-18 08:07:54,087 : INFO : ball_device.bd_trough : Ball left
2023-07-18 08:07:54,087 : INFO : ball_device.bd_trough : Wait for confirm with timeout 3.0
2023-07-18 08:07:54,088 : INFO : EventManager : Event: ======'slide__global.slide_player-mode_base_started_active'====== Args={'_from_bcp': True}
2023-07-18 08:07:54,148 : INFO : coil.c_trough_eject : Enabling Driver for 1000ms (1.0 pulse_power)
2023-07-18 08:07:54,179 : INFO : SwitchController : <<<<<<< 's_trough_1' active >>>>>>>
2023-07-18 08:07:54,179 : INFO : EventManager : Event: ======'machine_var_audits_switches_s_trough_1'====== Args={'value': 25, 'prev_value': 24, 'change': 1}
2023-07-18 08:07:54,180 : INFO : SwitchController : <<<<<<< 's_trough_1' inactive >>>>>>>
2023-07-18 08:07:54,180 : INFO : ball_device.bd_trough : Received ball from <ball_device.bd_drain>
2023-07-18 08:07:54,180 : INFO : EventManager : Event: ======'balldevice_bd_trough_ball_enter'====== Args={'new_balls': 1, 'unclaimed_balls': 0, 'new_available_balls': 0, 'device': <ball_device.bd_trough>}
2023-07-18 08:07:54,180 : INFO : EventManager : Event: ======'ball_drain'====== Args={'device': <ball_device.bd_trough>, 'balls': 0}
2023-07-18 08:07:54,182 : INFO : EventManager : Event: ======'balldevice_bd_trough_ball_entered'====== Args={'new_balls': 0, 'device': <ball_device.bd_trough>}
2023-07-18 08:07:54,182 : INFO : EventManager : Event: ======'balldevice_bd_trough_ball_count_changed'====== Args={'balls': 4}
2023-07-18 08:07:54,182 : INFO : ball_device.bd_drain : Got eject confirm
2023-07-18 08:07:54,182 : INFO : ball_device.bd_drain : Eject successful
2023-07-18 08:07:54,182 : INFO : EventManager : Event: ======'balldevice_bd_drain_ball_eject_success'====== Args={'balls': 1, 'target': <ball_device.bd_trough>}
2023-07-18 08:07:54,183 : INFO : EventManager : Event: ======'balldevice_bd_drain_ball_count_changed'====== Args={'balls': 0}
2023-07-18 08:07:54,183 : INFO : ball_device.bd_drain : State: idle
2023-07-18 08:07:54,241 : INFO : SwitchController : <<<<<<< 's_plunger_detect' active >>>>>>>
2023-07-18 08:07:54,241 : INFO : EventManager : Event: ======'machine_var_audits_switches_s_plunger_detect'====== Args={'value': 35, 'prev_value': 34, 'change': 1}
2023-07-18 08:07:54,475 : WARNING : SwitchController : Received duplicate switch state 0 for switch s_drain_detect from the platform interface. Log Code: Log-SwitchController-1 (https://docs.missionpinball.org/en/0.56/logs/Log-SwitchController-1.html)
2023-07-18 08:07:54,736 : INFO : ball_device.bd_plunger : Received ball from <ball_device.bd_trough>
2023-07-18 08:07:54,736 : INFO : EventManager : Event: ======'balldevice_bd_plunger_ball_enter'====== Args={'new_balls': 1, 'unclaimed_balls': 0, 'new_available_balls': 0, 'device': <ball_device.bd_plunger>}
2023-07-18 08:07:54,736 : INFO : EventManager : Event: ======'balldevice_bd_plunger_ball_entered'====== Args={'new_balls': 0, 'device': <ball_device.bd_plunger>}
2023-07-18 08:07:54,737 : INFO : EventManager : Event: ======'balldevice_bd_plunger_ball_count_changed'====== Args={'balls': 1}
2023-07-18 08:07:54,737 : INFO : ball_device.bd_trough : Got eject confirm
2023-07-18 08:07:54,737 : INFO : ball_device.bd_trough : Eject successful
2023-07-18 08:07:54,737 : INFO : EventManager : Event: ======'balldevice_bd_trough_ball_eject_success'====== Args={'balls': 1, 'target': <ball_device.bd_plunger>}
2023-07-18 08:07:54,737 : INFO : EventManager : Event: ======'balldevice_bd_trough_ball_count_changed'====== Args={'balls': 3}
2023-07-18 08:07:54,737 : INFO : ball_device.bd_trough : State: idle
2023-07-18 08:07:54,738 : INFO : ball_device.bd_plunger : State: waiting_for_target_ready
2023-07-18 08:07:54,738 : INFO : EventManager : Event: ======'balldevice_bd_plunger_ball_eject_attempt'====== Args={'balls': 1, 'target': <playfield.playfield>, 'source': <ball_device.bd_plunger>, 'mechanical_eject': True, 'num_attempts': 0}
2023-07-18 08:07:54,738 : INFO : ball_device.bd_plunger : State: ejecting
2023-07-18 08:07:54,738 : INFO : ball_device.bd_plunger : Ejecting ball to <playfield.playfield>
2023-07-18 08:07:54,738 : INFO : EventManager : Event: ======'balldevice_bd_plunger_ejecting_ball'====== Args={'balls': 1, 'target': <playfield.playfield>, 'source': <ball_device.bd_plunger>, 'mechanical_eject': True, 'num_attempts': 0}
2023-07-18 08:07:54,739 : INFO : ball_device.bd_plunger : Wait for ball to leave device
2023-07-18 08:07:54,933 : INFO : SwitchController : <<<<<<< 's_flipper_right' active >>>>>>>
2023-07-18 08:07:54,933 : INFO : EventManager : Event: ======'s_flipper_right_active'====== Args={}
2023-07-18 08:07:54,934 : INFO : EventManager : Event: ======'machine_var_audits_switches_s_flipper_right'====== Args={'value': 37, 'prev_value': 36, 'change': 1}
2023-07-18 08:07:54,937 : INFO : coil.c_plunger : Pulsing Driver for 20ms (1.0 pulse_power)
2023-07-18 08:07:54,938 : INFO : SwitchController : <<<<<<< 's_plunger_detect' inactive >>>>>>>
2023-07-18 08:07:54,939 : INFO : ball_device.bd_plunger : State: ball_left
2023-07-18 08:07:54,940 : INFO : ball_device.bd_plunger : Ball left
2023-07-18 08:07:54,940 : INFO : ball_device.bd_plunger : Wait for confirm with timeout 10.0
2023-07-18 08:07:55,033 : INFO : SwitchController : <<<<<<< 's_flipper_right' inactive >>>>>>>
2023-07-18 08:07:55,127 : INFO : coil.c_trough_eject : Disabling Driver
2023-07-18 08:07:55,321 : INFO : SwitchController : <<<<<<< 's_plunger_exit' active >>>>>>>
2023-07-18 08:07:55,321 : INFO : EventManager : Event: ======'sw_playfield_active'====== Args={}
2023-07-18 08:07:55,321 : INFO : EventManager : Event: ======'machine_var_audits_switches_s_plunger_exit'====== Args={'value': 17, 'prev_value': 16, 'change': 1}
2023-07-18 08:07:55,322 : INFO : EventManager : Event: ======'playfield_active'====== Args={}
2023-07-18 08:07:55,325 : INFO : ball_device.bd_plunger : Got eject confirm
2023-07-18 08:07:55,325 : INFO : ball_device.bd_plunger : Eject successful
2023-07-18 08:07:55,325 : INFO : EventManager : Event: ======'balldevice_bd_plunger_ball_eject_success'====== Args={'balls': 1, 'target': <playfield.playfield>}
2023-07-18 08:07:55,325 : INFO : EventManager : Event: ======'balldevice_playfield_ball_enter'====== Args={'new_balls': 1, 'unclaimed_balls': 1, 'device': <playfield.playfield>}
2023-07-18 08:07:55,325 : INFO : EventManager : Event: ======'playfield_ball_count_change'====== Args={'balls': 1, 'change': 1}
2023-07-18 08:07:55,326 : INFO : EventManager : Event: ======'balldevice_bd_plunger_ball_count_changed'====== Args={'balls': 0}
2023-07-18 08:07:55,326 : INFO : ball_device.bd_plunger : State: idle
2023-07-18 08:07:55,422 : INFO : SwitchController : <<<<<<< 's_plunger_exit' inactive >>>>>>>
2023-07-18 08:07:55,687 : INFO : SwitchController : <<<<<<< 's_drain_detect' active >>>>>>>
2023-07-18 08:07:55,688 : INFO : EventManager : Event: ======'machine_var_audits_switches_s_drain_detect'====== Args={'value': 39, 'prev_value': 38, 'change': 1}
2023-07-18 08:07:56,209 : INFO : EventManager : Event: ======'balldevice_bd_drain_ball_count_changed'====== Args={'balls': 1}
2023-07-18 08:07:56,209 : INFO : ball_device.bd_drain : Received unexpected ball
2023-07-18 08:07:56,209 : INFO : EventManager : Event: ======'balldevice_captured_from_playfield'====== Args={'balls': 1}
2023-07-18 08:07:56,210 : INFO : EventManager : Event: ======'sw_playfield_active'====== Args={'balls': 1}
2023-07-18 08:07:56,210 : INFO : EventManager : Event: ======'playfield_ball_count_change'====== Args={'balls': 0, 'change': -1}
2023-07-18 08:07:56,211 : INFO : EventManager : Event: ======'balldevice_bd_drain_ball_enter'====== Args={'new_balls': 1, 'unclaimed_balls': 1, 'new_available_balls': 1, 'device': <ball_device.bd_drain>}
2023-07-18 08:07:56,211 : INFO : EventManager : Event: ======'ball_drain'====== Args={'device': <ball_device.bd_drain>, 'balls': 1}
2023-07-18 08:07:56,211 : INFO : EventManager : Event: ======'ball_will_end'====== Args={}
2023-07-18 08:07:56,211 : INFO : EventManager : Event: ======'balldevice_balls_available'====== Args={}
2023-07-18 08:07:56,212 : INFO : EventManager : Event: ======'balldevice_balls_available'====== Args={}
2023-07-18 08:07:56,212 : INFO : EventManager : Event: ======'balldevice_bd_drain_ball_entered'====== Args={'new_balls': 1, 'device': <ball_device.bd_drain>}
2023-07-18 08:07:56,213 : INFO : EventManager : Event: ======'ball_ending'====== Args={}
2023-07-18 08:07:56,213 : INFO : EventManager : Event: ======'mode_base_will_stop'====== Args={}
2023-07-18 08:07:56,213 : INFO : EventManager : Event: ======'mode_base_stopping'====== Args={}
2023-07-18 08:07:56,213 : INFO : Mode.base : Stopped.
2023-07-18 08:07:56,213 : INFO : EventManager : Event: ======'modes_active_modes_changed'====== Args={}
2023-07-18 08:07:56,214 : INFO : EventManager : Event: ======'mode_base_stopped'====== Args={}
2023-07-18 08:07:56,214 : INFO : EventManager : Event: ======'clear'====== Args={'key': 'base'}
2023-07-18 08:07:56,228 : INFO : EventManager : Event: ======'ball_ended'====== Args={}
2023-07-18 08:07:56,228 : INFO : ball_device.bd_drain : State: waiting_for_target_ready
2023-07-18 08:07:56,228 : INFO : EventManager : Event: ======'balldevice_bd_drain_ball_eject_attempt'====== Args={'balls': 1, 'target': <ball_device.bd_trough>, 'source': <ball_device.bd_drain>, 'mechanical_eject': False, 'num_attempts': 0}
2023-07-18 08:07:56,229 : INFO : ball_device.bd_drain : State: ejecting
2023-07-18 08:07:56,229 : INFO : ball_device.bd_drain : Ejecting ball to <ball_device.bd_trough>
2023-07-18 08:07:56,229 : INFO : EventManager : Event: ======'balldevice_bd_drain_ejecting_ball'====== Args={'balls': 1, 'target': <ball_device.bd_trough>, 'source': <ball_device.bd_drain>, 'mechanical_eject': False, 'num_attempts': 0}
2023-07-18 08:07:56,229 : INFO : EventManager : Event: ======'player_turn_will_end'====== Args={'player': <Player 1>, 'number': 1}
2023-07-18 08:07:56,231 : INFO : EventManager : Event: ======'player_turn_ending'====== Args={'player': <Player 1>, 'number': 1}
2023-07-18 08:07:56,231 : INFO : EventManager : Event: ======'player_turn_ended'====== Args={'player': <Player 1>, 'number': 1}
2023-07-18 08:07:56,231 : INFO : ball_device.bd_drain : Wait for ball to leave device
2023-07-18 08:07:56,231 : INFO : coil.c_drain_kicker : Pulsing Driver for 20ms (1.0 pulse_power)
2023-07-18 08:07:56,232 : INFO : SwitchController : <<<<<<< 's_drain_detect' inactive >>>>>>>
2023-07-18 08:07:56,233 : INFO : EventManager : Event: ======'player_turn_will_start'====== Args={'player': <Player 1>, 'number': 1}
2023-07-18 08:07:56,234 : INFO : EventManager : Event: ======'player_turn_starting'====== Args={'player': <Player 1>, 'number': 1}
2023-07-18 08:07:56,234 : INFO : EventManager : Event: ======'player_ball'====== Args={'value': 3, 'prev_value': 2, 'change': 1, 'player_num': 1}
2023-07-18 08:07:56,234 : INFO : EventManager : Event: ======'player_turn_started'====== Args={'player': <Player 1>, 'number': 1}
2023-07-18 08:07:56,235 : INFO : ball_device.bd_drain : State: ball_left
2023-07-18 08:07:56,235 : INFO : ball_device.bd_drain : Ball left
2023-07-18 08:07:56,235 : INFO : ball_device.bd_drain : Wait for confirm with timeout 10.0
2023-07-18 08:07:56,236 : INFO : EventManager : Event: ======'ball_will_start'====== Args={'player': 1, 'ball': 3, 'balls_remaining': 0, 'is_extra_ball': False}
2023-07-18 08:07:56,237 : INFO : EventManager : Event: ======'ball_starting'====== Args={'player': 1, 'ball': 3, 'balls_remaining': 0, 'is_extra_ball': False}
2023-07-18 08:07:56,238 : INFO : EventManager : Event: ======'balls_in_play'====== Args={'balls': 1}
2023-07-18 08:07:56,238 : INFO : EventManager : Event: ======'ball_started'====== Args={'player': 1, 'ball': 3, 'balls_remaining': 0, 'is_extra_ball': False}
2023-07-18 08:07:56,239 : INFO : EventManager : Event: ======'mode_base_will_start'====== Args={'player': 1, 'ball': 3, 'balls_remaining': 0, 'is_extra_ball': False}
2023-07-18 08:07:56,239 : INFO : EventManager : Event: ======'mode_base_starting'====== Args={'player': 1, 'ball': 3, 'balls_remaining': 0, 'is_extra_ball': False}
2023-07-18 08:07:56,240 : INFO : Mode.base : Started. Priority: 100
2023-07-18 08:07:56,240 : INFO : EventManager : Event: ======'modes_active_modes_changed'====== Args={}
2023-07-18 08:07:56,240 : INFO : EventManager : Event: ======'mode_base_started'====== Args={'player': 1, 'ball': 3, 'balls_remaining': 0, 'is_extra_ball': False}
2023-07-18 08:07:56,241 : INFO : EventManager : Event: ======'single_player_ball_started'====== Args={}
2023-07-18 08:07:56,255 : INFO : EventManager : Event: ======'ball_start_target'====== Args={'target': 'playfield'}
2023-07-18 08:07:56,255 : INFO : EventManager : Event: ======'slide__global.slide_player-mode_base_started_removed'====== Args={'_from_bcp': True}
2023-07-18 08:07:56,256 : INFO : ball_device.bd_plunger : Setting up player-controlled eject. Balls: 1, Target: <playfield.playfield>, player_controlled_eject_event: s_flipper_right_active
2023-07-18 08:07:56,256 : INFO : EventManager : Event: ======'balldevice_balls_available'====== Args={}
2023-07-18 08:07:56,257 : INFO : ball_device.bd_trough : State: waiting_for_target_ready
2023-07-18 08:07:56,257 : INFO : EventManager : Event: ======'balldevice_bd_trough_ball_eject_attempt'====== Args={'balls': 1, 'target': <ball_device.bd_plunger>, 'source': <ball_device.bd_trough>, 'mechanical_eject': True, 'num_attempts': 0}
2023-07-18 08:07:56,257 : INFO : ball_device.bd_plunger : State: waiting_for_ball
2023-07-18 08:07:56,258 : INFO : ball_device.bd_trough : State: ejecting
2023-07-18 08:07:56,258 : INFO : ball_device.bd_trough : Ejecting ball to <ball_device.bd_plunger>
2023-07-18 08:07:56,258 : INFO : EventManager : Event: ======'balldevice_bd_trough_ejecting_ball'====== Args={'balls': 1, 'target': <ball_device.bd_plunger>, 'source': <ball_device.bd_trough>, 'mechanical_eject': True, 'num_attempts': 0}
2023-07-18 08:07:56,259 : INFO : EventManager : Event: ======'slide__global.slide_player-mode_base_started_created'====== Args={'_from_bcp': True}
2023-07-18 08:07:56,259 : INFO : EventManager : Event: ======'slide__global.slide_player-mode_base_started_active'====== Args={'_from_bcp': True}
2023-07-18 08:07:56,260 : INFO : ball_device.bd_trough : Wait for ball to leave device
2023-07-18 08:07:56,286 : INFO : ball_device.bd_trough : State: ball_left
2023-07-18 08:07:56,286 : INFO : ball_device.bd_trough : Ball left
2023-07-18 08:07:56,286 : INFO : ball_device.bd_trough : Wait for confirm with timeout 3.0
2023-07-18 08:07:56,317 : INFO : coil.c_trough_eject : Enabling Driver for 1000ms (1.0 pulse_power)
2023-07-18 08:07:56,348 : INFO : SwitchController : <<<<<<< 's_trough_1' active >>>>>>>
2023-07-18 08:07:56,348 : INFO : EventManager : Event: ======'machine_var_audits_switches_s_trough_1'====== Args={'value': 26, 'prev_value': 25, 'change': 1}
2023-07-18 08:07:56,348 : INFO : SwitchController : <<<<<<< 's_trough_1' inactive >>>>>>>
2023-07-18 08:07:56,349 : INFO : ball_device.bd_trough : Received ball from <ball_device.bd_drain>
2023-07-18 08:07:56,349 : INFO : EventManager : Event: ======'balldevice_bd_trough_ball_enter'====== Args={'new_balls': 1, 'unclaimed_balls': 0, 'new_available_balls': 0, 'device': <ball_device.bd_trough>}
2023-07-18 08:07:56,349 : INFO : EventManager : Event: ======'ball_drain'====== Args={'device': <ball_device.bd_trough>, 'balls': 0}
2023-07-18 08:07:56,351 : INFO : EventManager : Event: ======'balldevice_bd_trough_ball_entered'====== Args={'new_balls': 0, 'device': <ball_device.bd_trough>}
2023-07-18 08:07:56,351 : INFO : EventManager : Event: ======'balldevice_bd_trough_ball_count_changed'====== Args={'balls': 4}
2023-07-18 08:07:56,351 : INFO : ball_device.bd_drain : Got eject confirm
2023-07-18 08:07:56,351 : INFO : ball_device.bd_drain : Eject successful
2023-07-18 08:07:56,351 : INFO : EventManager : Event: ======'balldevice_bd_drain_ball_eject_success'====== Args={'balls': 1, 'target': <ball_device.bd_trough>}
2023-07-18 08:07:56,352 : INFO : EventManager : Event: ======'balldevice_bd_drain_ball_count_changed'====== Args={'balls': 0}
2023-07-18 08:07:56,352 : INFO : ball_device.bd_drain : State: idle
2023-07-18 08:07:56,409 : INFO : SwitchController : <<<<<<< 's_plunger_detect' active >>>>>>>
2023-07-18 08:07:56,409 : INFO : EventManager : Event: ======'machine_var_audits_switches_s_plunger_detect'====== Args={'value': 36, 'prev_value': 35, 'change': 1}
2023-07-18 08:07:56,559 : WARNING : SwitchController : Received duplicate switch state 0 for switch s_drain_detect from the platform interface. Log Code: Log-SwitchController-1 (https://docs.missionpinball.org/en/0.56/logs/Log-SwitchController-1.html)
2023-07-18 08:07:56,771 : INFO : SwitchController : <<<<<<< 's_flipper_right' active >>>>>>>
2023-07-18 08:07:56,771 : INFO : EventManager : Event: ======'machine_var_audits_switches_s_flipper_right'====== Args={'value': 38, 'prev_value': 37, 'change': 1}
2023-07-18 08:07:56,894 : INFO : SwitchController : <<<<<<< 's_flipper_right' inactive >>>>>>>
2023-07-18 08:07:56,918 : INFO : ball_device.bd_plunger : Received ball from <ball_device.bd_trough>
2023-07-18 08:07:56,918 : INFO : EventManager : Event: ======'balldevice_bd_plunger_ball_enter'====== Args={'new_balls': 1, 'unclaimed_balls': 0, 'new_available_balls': 0, 'device': <ball_device.bd_plunger>}
2023-07-18 08:07:56,919 : INFO : EventManager : Event: ======'balldevice_bd_plunger_ball_entered'====== Args={'new_balls': 0, 'device': <ball_device.bd_plunger>}
2023-07-18 08:07:56,919 : INFO : EventManager : Event: ======'balldevice_bd_plunger_ball_count_changed'====== Args={'balls': 1}
2023-07-18 08:07:56,919 : INFO : ball_device.bd_trough : Got eject confirm
2023-07-18 08:07:56,919 : INFO : ball_device.bd_trough : Eject successful
2023-07-18 08:07:56,919 : INFO : EventManager : Event: ======'balldevice_bd_trough_ball_eject_success'====== Args={'balls': 1, 'target': <ball_device.bd_plunger>}
2023-07-18 08:07:56,919 : INFO : EventManager : Event: ======'balldevice_bd_trough_ball_count_changed'====== Args={'balls': 3}
2023-07-18 08:07:56,920 : INFO : ball_device.bd_trough : State: idle
2023-07-18 08:07:56,920 : INFO : ball_device.bd_plunger : State: waiting_for_target_ready
2023-07-18 08:07:56,920 : INFO : EventManager : Event: ======'balldevice_bd_plunger_ball_eject_attempt'====== Args={'balls': 1, 'target': <playfield.playfield>, 'source': <ball_device.bd_plunger>, 'mechanical_eject': True, 'num_attempts': 0}
2023-07-18 08:07:56,920 : INFO : ball_device.bd_plunger : State: ejecting
2023-07-18 08:07:56,920 : INFO : ball_device.bd_plunger : Ejecting ball to <playfield.playfield>
2023-07-18 08:07:56,921 : INFO : EventManager : Event: ======'balldevice_bd_plunger_ejecting_ball'====== Args={'balls': 1, 'target': <playfield.playfield>, 'source': <ball_device.bd_plunger>, 'mechanical_eject': True, 'num_attempts': 0}
2023-07-18 08:07:56,921 : INFO : ball_device.bd_plunger : Wait for ball to leave device
2023-07-18 08:07:57,123 : INFO : SwitchController : <<<<<<< 's_plunger_exit' active >>>>>>>
2023-07-18 08:07:57,123 : INFO : EventManager : Event: ======'sw_playfield_active'====== Args={}
2023-07-18 08:07:57,124 : INFO : EventManager : Event: ======'machine_var_audits_switches_s_plunger_exit'====== Args={'value': 18, 'prev_value': 17, 'change': 1}
2023-07-18 08:07:57,124 : INFO : EventManager : Event: ======'playfield_active'====== Args={}
2023-07-18 08:07:57,237 : INFO : SwitchController : <<<<<<< 's_plunger_exit' inactive >>>>>>>
2023-07-18 08:07:57,306 : INFO : coil.c_trough_eject : Disabling Driver
2023-07-18 08:07:57,487 : INFO : SwitchController : <<<<<<< 's_drain_detect' active >>>>>>>
2023-07-18 08:07:57,487 : INFO : EventManager : Event: ======'machine_var_audits_switches_s_drain_detect'====== Args={'value': 40, 'prev_value': 39, 'change': 1}
2023-07-18 08:07:58,001 : INFO : EventManager : Event: ======'balldevice_bd_drain_ball_count_changed'====== Args={'balls': 1}
2023-07-18 08:07:58,002 : INFO : ball_device.bd_drain : Received unexpected ball
2023-07-18 08:07:58,002 : INFO : EventManager : Event: ======'balldevice_captured_from_playfield'====== Args={'balls': 1}
2023-07-18 08:07:58,002 : INFO : EventManager : Event: ======'sw_playfield_active'====== Args={'balls': 1}
2023-07-18 08:07:58,002 : INFO : EventManager : Event: ======'playfield_active'====== Args={}
2023-07-18 08:07:58,002 : INFO : EventManager : Event: ======'playfield_ball_count_change'====== Args={'balls': -1, 'change': -1}
2023-07-18 08:07:58,003 : INFO : EventManager : Event: ======'balldevice_playfield_ball_enter'====== Args={'new_balls': 1, 'unclaimed_balls': 1, 'device': <playfield.playfield>}
2023-07-18 08:07:58,003 : INFO : EventManager : Event: ======'playfield_ball_count_change'====== Args={'balls': 0, 'change': 1}
2023-07-18 08:07:58,003 : INFO : BallController : Found a new ball which was captured from playfield. Known balls: 5
2023-07-18 08:07:58,003 : INFO : EventManager : Event: ======'found_new_ball'====== Args={}
2023-07-18 08:07:58,003 : INFO : EventManager : Event: ======'balldevice_bd_drain_ball_enter'====== Args={'new_balls': 1, 'unclaimed_balls': 1, 'new_available_balls': 1, 'device': <ball_device.bd_drain>}
2023-07-18 08:07:58,004 : INFO : EventManager : Event: ======'ball_drain'====== Args={'device': <ball_device.bd_drain>, 'balls': 1}
2023-07-18 08:07:58,004 : INFO : EventManager : Event: ======'ball_will_end'====== Args={}
2023-07-18 08:07:58,004 : INFO : EventManager : Event: ======'balldevice_balls_available'====== Args={}
2023-07-18 08:07:58,004 : INFO : EventManager : Event: ======'balldevice_balls_available'====== Args={}
2023-07-18 08:07:58,004 : INFO : EventManager : Event: ======'balldevice_bd_drain_ball_entered'====== Args={'new_balls': 1, 'device': <ball_device.bd_drain>}
2023-07-18 08:07:58,005 : INFO : EventManager : Event: ======'ball_ending'====== Args={}
2023-07-18 08:07:58,006 : INFO : EventManager : Event: ======'mode_base_will_stop'====== Args={}
2023-07-18 08:07:58,006 : INFO : EventManager : Event: ======'mode_base_stopping'====== Args={}
2023-07-18 08:07:58,006 : INFO : Mode.base : Stopped.
2023-07-18 08:07:58,006 : INFO : EventManager : Event: ======'modes_active_modes_changed'====== Args={}
2023-07-18 08:07:58,006 : INFO : EventManager : Event: ======'mode_base_stopped'====== Args={}
2023-07-18 08:07:58,006 : INFO : EventManager : Event: ======'clear'====== Args={'key': 'base'}
2023-07-18 08:07:58,019 : INFO : EventManager : Event: ======'ball_ended'====== Args={}
2023-07-18 08:07:58,019 : INFO : ball_device.bd_drain : State: waiting_for_target_ready
2023-07-18 08:07:58,019 : INFO : EventManager : Event: ======'balldevice_bd_drain_ball_eject_attempt'====== Args={'balls': 1, 'target': <ball_device.bd_trough>, 'source': <ball_device.bd_drain>, 'mechanical_eject': False, 'num_attempts': 0}
2023-07-18 08:07:58,020 : INFO : ball_device.bd_drain : State: ejecting
2023-07-18 08:07:58,020 : INFO : ball_device.bd_drain : Ejecting ball to <ball_device.bd_trough>
2023-07-18 08:07:58,020 : INFO : EventManager : Event: ======'balldevice_bd_drain_ejecting_ball'====== Args={'balls': 1, 'target': <ball_device.bd_trough>, 'source': <ball_device.bd_drain>, 'mechanical_eject': False, 'num_attempts': 0}
2023-07-18 08:07:58,020 : INFO : EventManager : Event: ======'player_turn_will_end'====== Args={'player': <Player 1>, 'number': 1}
2023-07-18 08:07:58,022 : INFO : EventManager : Event: ======'player_turn_ending'====== Args={'player': <Player 1>, 'number': 1}
2023-07-18 08:07:58,022 : INFO : EventManager : Event: ======'player_turn_ended'====== Args={'player': <Player 1>, 'number': 1}
2023-07-18 08:07:58,023 : INFO : ball_device.bd_drain : Wait for ball to leave device
2023-07-18 08:07:58,023 : INFO : coil.c_drain_kicker : Pulsing Driver for 20ms (1.0 pulse_power)
2023-07-18 08:07:58,023 : INFO : SwitchController : <<<<<<< 's_drain_detect' inactive >>>>>>>
2023-07-18 08:07:58,025 : INFO : EventManager : Event: ======'game_will_end'====== Args={}
2023-07-18 08:07:58,026 : INFO : EventManager : Event: ======'game_ending'====== Args={}
2023-07-18 08:07:58,026 : INFO : ball_device.bd_drain : State: ball_left
2023-07-18 08:07:58,027 : INFO : ball_device.bd_drain : Ball left
2023-07-18 08:07:58,027 : INFO : ball_device.bd_drain : Wait for confirm with timeout 10.0
2023-07-18 08:07:58,027 : INFO : EventManager : Event: ======'game_ended'====== Args={}
2023-07-18 08:07:58,027 : INFO : EventManager : Event: ======'mode_game_will_stop'====== Args={}
2023-07-18 08:07:58,027 : INFO : EventManager : Event: ======'mode_game_stopping'====== Args={}
2023-07-18 08:07:58,028 : INFO : EventManager : Event: ======'mode_attract_will_start'====== Args={}
2023-07-18 08:07:58,028 : INFO : EventManager : Event: ======'mode_attract_starting'====== Args={}
2023-07-18 08:07:58,028 : INFO : Mode.attract : Started. Priority: 10
2023-07-18 08:07:58,028 : INFO : EventManager : Event: ======'modes_active_modes_changed'====== Args={}
2023-07-18 08:07:58,028 : INFO : EventManager : Event: ======'mode_attract_started'====== Args={}
2023-07-18 08:07:58,029 : INFO : EventManager : Event: ======'collecting_balls'====== Args={}
2023-07-18 08:07:58,030 : INFO : Mode.game : Stopped.
2023-07-18 08:07:58,030 : INFO : EventManager : Event: ======'modes_active_modes_changed'====== Args={}
2023-07-18 08:07:58,030 : INFO : EventManager : Event: ======'mode_game_stopped'====== Args={}
2023-07-18 08:07:58,031 : INFO : EventManager : Event: ======'clear'====== Args={'key': 'game'}
2023-07-18 08:07:58,044 : INFO : EventManager : Event: ======'slide_awesome_slide_created'====== Args={'_from_bcp': True}
2023-07-18 08:07:58,046 : INFO : EventManager : Event: ======'slide_welcome_slide_removed'====== Args={'_from_bcp': True}
2023-07-18 08:07:58,046 : INFO : EventManager : Event: ======'slide_welcome_slide_created'====== Args={'_from_bcp': True}
2023-07-18 08:07:58,046 : INFO : EventManager : Event: ======'slide_awesome_slide_active'====== Args={'_from_bcp': True}
2023-07-18 08:07:58,112 : INFO : SwitchController : <<<<<<< 's_trough_1' active >>>>>>>
2023-07-18 08:07:58,394 : WARNING : SwitchController : Received duplicate switch state 0 for switch s_drain_detect from the platform interface. Log Code: Log-SwitchController-1 (https://docs.missionpinball.org/en/0.56/logs/Log-SwitchController-1.html)
2023-07-18 08:07:58,611 : INFO : EventManager : Event: ======'balldevice_bd_trough_ball_count_changed'====== Args={'balls': 4}
2023-07-18 08:07:58,612 : INFO : ball_device.bd_trough : Received ball from <ball_device.bd_drain>
2023-07-18 08:07:58,612 : INFO : EventManager : Event: ======'balldevice_bd_trough_ball_enter'====== Args={'new_balls': 1, 'unclaimed_balls': 0, 'new_available_balls': 0, 'device': <ball_device.bd_trough>}
2023-07-18 08:07:58,612 : INFO : EventManager : Event: ======'ball_drain'====== Args={'device': <ball_device.bd_trough>, 'balls': 0}
2023-07-18 08:07:58,612 : INFO : EventManager : Event: ======'balldevice_bd_trough_ball_entered'====== Args={'new_balls': 0, 'device': <ball_device.bd_trough>}
2023-07-18 08:07:58,613 : INFO : ball_device.bd_drain : Got eject confirm
2023-07-18 08:07:58,613 : INFO : ball_device.bd_drain : Eject successful
2023-07-18 08:07:58,613 : INFO : EventManager : Event: ======'balldevice_bd_drain_ball_eject_success'====== Args={'balls': 1, 'target': <ball_device.bd_trough>}
2023-07-18 08:07:58,613 : INFO : EventManager : Event: ======'balldevice_bd_drain_ball_count_changed'====== Args={'balls': 0}
2023-07-18 08:07:58,614 : INFO : ball_device.bd_drain : State: idle
2023-07-18 08:08:01,063 : INFO : EventManager : Event: ======'slide_press_start_created'====== Args={'_from_bcp': True}
2023-07-18 08:08:01,063 : INFO : EventManager : Event: ======'slide_press_start_active'====== Args={'_from_bcp': True}
2023-07-18 08:08:04,036 : INFO : EventManager : Event: ======'slide_mission_pinball_created'====== Args={'_from_bcp': True}
2023-07-18 08:08:04,037 : INFO : EventManager : Event: ======'slide_mission_pinball_active'====== Args={'_from_bcp': True}
2023-07-18 08:08:07,047 : INFO : EventManager : Event: ======'slide_last_game_score_slide_created'====== Args={'_from_bcp': True}
2023-07-18 08:08:07,049 : INFO : EventManager : Event: ======'slide_last_game_score_slide_active'====== Args={'_from_bcp': True}
2023-07-18 08:08:10,058 : INFO : EventManager : Event: ======'slide_awesome_slide_removed'====== Args={'_from_bcp': True}
2023-07-18 08:08:10,059 : INFO : EventManager : Event: ======'slide_awesome_slide_created'====== Args={'_from_bcp': True}
2023-07-18 08:08:10,060 : INFO : EventManager : Event: ======'slide_awesome_slide_active'====== Args={'_from_bcp': True}
2023-07-18 08:08:11,628 : INFO : Machine : Shutting down...
2023-07-18 08:08:11,628 : INFO : EventManager : Event: ======'shutdown'====== Args={}
2023-07-18 08:08:11,654 : INFO : root : MPF run loop ended.
