2023-07-12 22:13:03,382 : INFO : root : Loading config.
2023-07-12 22:13:03,384 : INFO : YamlMultifileConfigLoader : Machine config file #1: config.yaml
2023-07-12 22:13:03,385 : INFO : ConfigProcessor : Loading config from cache: C:\Users\warzz\AppData\Local\Temp\c7ddc35c564c409ccec16ce42249e5f8.mpf_cache
2023-07-12 22:13:03,458 : INFO : ConfigProcessor : Loading config from cache: C:\Users\warzz\AppData\Local\Temp\b77c3901e90ec7d7cc601651512a0021.mpf_cache
2023-07-12 22:13:03,458 : INFO : ConfigProcessor : Loading config from cache: C:\Users\warzz\AppData\Local\Temp\a5b2fce8b210d64acc95275c2c9a2339.mpf_cache
2023-07-12 22:13:03,459 : INFO : Machine : Mission Pinball Framework Core Engine v0.56.0
2023-07-12 22:13:03,459 : INFO : Machine : Command line arguments: {'no_load_cache': False, 'create_config_cache': True, 'bcp': True, 'configfile': ['config.yaml'], 'force_assets_load': False, 'jsonlogging': False, 'logfile': 'logs\\2023-07-12-22-13-03-mpf-DESKTOP-VQ7DOMB.log', 'pause': False, 'production': False, 'text_ui': True, 'loglevel': 15, 'consoleloglevel': 20, 'force_platform': 'smart_virtual', 'syslog_address': None, 'mc_file_name': None, 'no_sound': False}
2023-07-12 22:13:03,459 : INFO : Machine : MPF path: C:\Users\warzz\AppData\Local\Programs\Python\Python39\lib\site-packages\mpf
2023-07-12 22:13:03,459 : INFO : Machine : Machine path: d:\MPF\springbreak
2023-07-12 22:13:03,459 : INFO : Machine : Platform: win32
2023-07-12 22:13:03,459 : INFO : Machine : Python executable location: C:\Users\warzz\AppData\Local\Programs\Python\Python39\python.exe
2023-07-12 22:13:03,459 : INFO : Machine : Python version: 3.9.13 (64-bit)
2023-07-12 22:13:03,461 : INFO : Machine : Initialise MPF.
2023-07-12 22:13:03,615 : INFO : EventManager : Event: ======'machine_var_credits_string'====== Args={'value': 'FREE PLAY', 'prev_value': None, 'change': True}
2023-07-12 22:13:03,653 : INFO : EventManager : Event: ======'machine_var_master_volume'====== Args={'value': 0.5, 'prev_value': None, 'change': True}
2023-07-12 22:13:03,653 : INFO : EventManager : Event: ======'machine_var_mpf_version'====== Args={'value': 'MPF v0.56.0', 'prev_value': None, 'change': True}
2023-07-12 22:13:03,653 : INFO : EventManager : Event: ======'machine_var_mpf_extended_version'====== Args={'value': 'MPF v0.56.0, Config version:5, Show version: 5, BCP version:1.1', 'prev_value': None, 'change': True}
2023-07-12 22:13:03,653 : INFO : EventManager : Event: ======'machine_var_python_version'====== Args={'value': '3.9.13', 'prev_value': None, 'change': True}
2023-07-12 22:13:03,662 : INFO : EventManager : Event: ======'machine_var_platform'====== Args={'value': 'Windows-10-10.0.19045-SP0', 'prev_value': None, 'change': True}
2023-07-12 22:13:03,662 : INFO : EventManager : Event: ======'machine_var_platform_system'====== Args={'value': 'Windows', 'prev_value': None, 'change': True}
2023-07-12 22:13:03,662 : INFO : EventManager : Event: ======'machine_var_platform_release'====== Args={'value': '10', 'prev_value': None, 'change': True}
2023-07-12 22:13:03,662 : INFO : EventManager : Event: ======'machine_var_platform_version'====== Args={'value': '10.0.19045', 'prev_value': None, 'change': True}
2023-07-12 22:13:03,662 : INFO : EventManager : Event: ======'machine_var_platform_machine'====== Args={'value': 'AMD64', 'prev_value': None, 'change': True}
2023-07-12 22:13:03,662 : INFO : EventManager : Event: ======'init_phase_1'====== Args={}
2023-07-12 22:13:03,675 : INFO : EventManager : Event: ======'init_phase_2'====== Args={}
2023-07-12 22:13:03,675 : INFO : SwitchController : Found active switch: ('0-0-26', <Platform.SmartVirtual>) <switch.s_trough_1>
2023-07-12 22:13:03,676 : INFO : EventManager : Event: ======'bcp_connection_attempt'====== Args={'name': 'local_display', 'host': 'localhost', 'port': 5050}
2023-07-12 22:13:03,678 : INFO : BCPClientSocket : Connecting BCP to 'local_display' at localhost:5050...
2023-07-12 22:13:05,724 : INFO : BCPClientSocket : Connected BCP to 'local_display' localhost:5050
2023-07-12 22:13:05,725 : INFO : EventManager : Event: ======'bcp_clients_connected'====== Args={}
2023-07-12 22:13:05,730 : INFO : ball_device.bd_drain : BCH: Initial count: 0
2023-07-12 22:13:05,730 : INFO : EventManager : Event: ======'machine_var_mc_version'====== Args={'value': 'MPF-MC v0.56.1', 'prev_value': None, 'change': True}
2023-07-12 22:13:05,731 : INFO : EventManager : Event: ======'machine_var_mc_extended_version'====== Args={'value': 'MPF-MC v0.56.1 (config_version=5, BCP v1.1,                      Requires MPF API compatibility v0.56.0 or newer)', 'prev_value': None, 'change': True}
2023-07-12 22:13:05,732 : INFO : ball_device.bd_drain : State: idle
2023-07-12 22:13:05,741 : INFO : ball_device.bd_trough : BCH: Initial count: 3
2023-07-12 22:13:05,742 : INFO : ball_device.bd_trough : State: idle
2023-07-12 22:13:05,742 : INFO : ball_device.bd_plunger : BCH: Initial count: 0
2023-07-12 22:13:05,742 : INFO : ball_device.bd_plunger : State: idle
2023-07-12 22:13:05,754 : INFO : EventManager : Event: ======'init_phase_3'====== Args={}
2023-07-12 22:13:05,755 : INFO : EventManager : Event: ======'init_phase_4'====== Args={}
2023-07-12 22:13:05,756 : INFO : BallController : Initial balls found: 3
2023-07-12 22:13:05,756 : INFO : EventManager : Event: ======'machine_var_audits_events_game_ended'====== Args={'value': 0, 'prev_value': None, 'change': True}
2023-07-12 22:13:05,757 : INFO : EventManager : Event: ======'machine_var_audits_events_game_started'====== Args={'value': 1, 'prev_value': None, 'change': True}
2023-07-12 22:13:05,757 : INFO : EventManager : Event: ======'machine_var_audits_player_score'====== Args={'value': {'average': 0, 'top': [], 'total': 0}, 'prev_value': None, 'change': True}
2023-07-12 22:13:05,757 : INFO : EventManager : Event: ======'machine_var_audits_switches_s_drain_detect'====== Args={'value': 0, 'prev_value': None, 'change': True}
2023-07-12 22:13:05,757 : INFO : EventManager : Event: ======'machine_var_audits_switches_s_flipper_left'====== Args={'value': 0, 'prev_value': None, 'change': True}
2023-07-12 22:13:05,757 : INFO : EventManager : Event: ======'machine_var_audits_switches_s_flipper_right'====== Args={'value': 0, 'prev_value': None, 'change': True}
2023-07-12 22:13:05,757 : INFO : EventManager : Event: ======'machine_var_audits_switches_s_plunger_detect'====== Args={'value': 1, 'prev_value': None, 'change': True}
2023-07-12 22:13:05,758 : INFO : EventManager : Event: ======'machine_var_audits_switches_s_plunger_exit'====== Args={'value': 0, 'prev_value': None, 'change': True}
2023-07-12 22:13:05,758 : INFO : EventManager : Event: ======'machine_var_audits_switches_s_popbumper_1'====== Args={'value': 0, 'prev_value': None, 'change': True}
2023-07-12 22:13:05,758 : INFO : EventManager : Event: ======'machine_var_audits_switches_s_popbumper_2'====== Args={'value': 0, 'prev_value': None, 'change': True}
2023-07-12 22:13:05,758 : INFO : EventManager : Event: ======'machine_var_audits_switches_s_popbumper_3'====== Args={'value': 0, 'prev_value': None, 'change': True}
2023-07-12 22:13:05,758 : INFO : EventManager : Event: ======'machine_var_audits_switches_s_slingshot'====== Args={'value': 0, 'prev_value': None, 'change': True}
2023-07-12 22:13:05,758 : INFO : EventManager : Event: ======'machine_var_audits_switches_s_start_button'====== Args={'value': 0, 'prev_value': None, 'change': True}
2023-07-12 22:13:05,758 : INFO : EventManager : Event: ======'machine_var_audits_switches_s_trough_1'====== Args={'value': 0, 'prev_value': None, 'change': True}
2023-07-12 22:13:05,758 : INFO : EventManager : Event: ======'machine_var_audits_switches_s_trough_2'====== Args={'value': 0, 'prev_value': None, 'change': True}
2023-07-12 22:13:05,759 : INFO : EventManager : Event: ======'init_phase_5'====== Args={}
2023-07-12 22:13:05,770 : INFO : EventManager : Event: ======'init_done'====== Args={}
2023-07-12 22:13:05,770 : INFO : EventManager : Event: ======'machine_reset_phase_1'====== Args={}
2023-07-12 22:13:05,780 : INFO : EventManager : Event: ======'slide_welcome_slide_removed'====== Args={'_from_bcp': True}
2023-07-12 22:13:05,781 : INFO : EventManager : Event: ======'slide_welcome_slide_created'====== Args={'_from_bcp': True}
2023-07-12 22:13:05,782 : INFO : EventManager : Event: ======'slide_welcome_slide_active'====== Args={'_from_bcp': True}
2023-07-12 22:13:05,782 : INFO : EventManager : Event: ======'machine_reset_phase_2'====== Args={}
2023-07-12 22:13:05,782 : INFO : EventManager : Event: ======'machine_reset_phase_3'====== Args={}
2023-07-12 22:13:05,782 : INFO : EventManager : Event: ======'reset_complete'====== Args={}
2023-07-12 22:13:05,782 : INFO : EventManager : Event: ======'mode_attract_will_start'====== Args={}
2023-07-12 22:13:05,783 : INFO : EventManager : Event: ======'mode_attract_starting'====== Args={}
2023-07-12 22:13:05,783 : INFO : Mode.attract : Started. Priority: 10
2023-07-12 22:13:05,783 : INFO : EventManager : Event: ======'modes_active_modes_changed'====== Args={}
2023-07-12 22:13:05,783 : INFO : EventManager : Event: ======'mode_attract_started'====== Args={}
2023-07-12 22:13:05,783 : INFO : EventManager : Event: ======'collecting_balls_complete'====== Args={}
2023-07-12 22:13:05,798 : INFO : Machine : Starting the main run loop.
2023-07-12 22:13:12,590 : INFO : SwitchController : <<<<<<< 's_flipper_right' active >>>>>>>
2023-07-12 22:13:12,963 : INFO : SwitchController : <<<<<<< 's_flipper_right' inactive >>>>>>>
2023-07-12 22:13:13,159 : INFO : SwitchController : <<<<<<< 's_flipper_right' active >>>>>>>
2023-07-12 22:13:13,310 : INFO : SwitchController : <<<<<<< 's_flipper_right' inactive >>>>>>>
2023-07-12 22:13:13,473 : INFO : SwitchController : <<<<<<< 's_flipper_right' active >>>>>>>
2023-07-12 22:13:13,598 : INFO : SwitchController : <<<<<<< 's_flipper_right' inactive >>>>>>>
2023-07-12 22:13:13,698 : INFO : SwitchController : <<<<<<< 's_flipper_right' active >>>>>>>
2023-07-12 22:13:13,810 : INFO : SwitchController : <<<<<<< 's_flipper_right' inactive >>>>>>>
2023-07-12 22:13:13,920 : INFO : SwitchController : <<<<<<< 's_flipper_right' active >>>>>>>
2023-07-12 22:13:14,019 : INFO : SwitchController : <<<<<<< 's_flipper_right' inactive >>>>>>>
2023-07-12 22:13:14,116 : INFO : SwitchController : <<<<<<< 's_flipper_right' active >>>>>>>
2023-07-12 22:13:14,227 : INFO : SwitchController : <<<<<<< 's_flipper_right' inactive >>>>>>>
2023-07-12 22:13:16,511 : INFO : Machine : Shutting down...
2023-07-12 22:13:16,511 : INFO : EventManager : Event: ======'shutdown'====== Args={}
2023-07-12 22:13:16,513 : INFO : root : MPF run loop ended.
