2023-07-12 22:22:46,351 : INFO : root : Loading config.
2023-07-12 22:22:46,354 : INFO : YamlMultifileConfigLoader : Machine config file #1: config.yaml
2023-07-12 22:22:46,354 : INFO : ConfigProcessor : Loading config from cache: C:\Users\warzz\AppData\Local\Temp\c7ddc35c564c409ccec16ce42249e5f8.mpf_cache
2023-07-12 22:22:46,360 : WARNING : ConfigProcessor : Config file in cache changed: d:\MPF\springbreak\config\devices.yaml
2023-07-12 22:22:46,360 : INFO : ConfigProcessor : Loading config from file C:\Users\warzz\AppData\Local\Programs\Python\Python39\lib\site-packages\mpf\mpfconfig.yaml.
2023-07-12 22:22:46,412 : INFO : ConfigProcessor : Loading config: C:\Users\warzz\AppData\Local\Programs\Python\Python39\lib\site-packages\mpf\mpfconfig.yaml
2023-07-12 22:22:46,413 : INFO : ConfigProcessor : Loading config from file d:\MPF\springbreak\config\config.yaml.
2023-07-12 22:22:46,415 : INFO : ConfigProcessor : Loading config: d:\MPF\springbreak\config\config.yaml
2023-07-12 22:22:46,421 : INFO : ConfigProcessor : Loading config: d:\MPF\springbreak\config\coils.yaml
2023-07-12 22:22:46,425 : INFO : ConfigProcessor : Loading config: d:\MPF\springbreak\config\switches.yaml
2023-07-12 22:22:46,434 : INFO : ConfigProcessor : Loading config: d:\MPF\springbreak\config\devices.yaml
2023-07-12 22:22:46,436 : INFO : ConfigProcessor : Loading config: d:\MPF\springbreak\config\displays.yaml
2023-07-12 22:22:46,438 : INFO : ConfigProcessor : Loading config: d:\MPF\springbreak\config\keyboard.yaml
2023-07-12 22:22:46,439 : INFO : ConfigProcessor : Config file cache created: C:\Users\warzz\AppData\Local\Temp\c7ddc35c564c409ccec16ce42249e5f8.mpf_cache
2023-07-12 22:22:46,503 : INFO : ConfigProcessor : Loading config from cache: C:\Users\warzz\AppData\Local\Temp\b77c3901e90ec7d7cc601651512a0021.mpf_cache
2023-07-12 22:22:46,503 : INFO : ConfigProcessor : Loading config from cache: C:\Users\warzz\AppData\Local\Temp\a5b2fce8b210d64acc95275c2c9a2339.mpf_cache
2023-07-12 22:22:46,504 : INFO : Machine : Mission Pinball Framework Core Engine v0.56.0
2023-07-12 22:22:46,504 : INFO : Machine : Command line arguments: {'no_load_cache': False, 'create_config_cache': True, 'bcp': True, 'configfile': ['config.yaml'], 'force_assets_load': False, 'jsonlogging': False, 'logfile': 'logs\\2023-07-12-22-22-46-mpf-DESKTOP-VQ7DOMB.log', 'pause': False, 'production': False, 'text_ui': True, 'loglevel': 15, 'consoleloglevel': 20, 'force_platform': 'smart_virtual', 'syslog_address': None, 'mc_file_name': None, 'no_sound': False}
2023-07-12 22:22:46,504 : INFO : Machine : MPF path: C:\Users\warzz\AppData\Local\Programs\Python\Python39\lib\site-packages\mpf
2023-07-12 22:22:46,504 : INFO : Machine : Machine path: d:\MPF\springbreak
2023-07-12 22:22:46,504 : INFO : Machine : Platform: win32
2023-07-12 22:22:46,504 : INFO : Machine : Python executable location: C:\Users\warzz\AppData\Local\Programs\Python\Python39\python.exe
2023-07-12 22:22:46,504 : INFO : Machine : Python version: 3.9.13 (64-bit)
2023-07-12 22:22:46,505 : INFO : Machine : Initialise MPF.
2023-07-12 22:22:46,655 : INFO : EventManager : Event: ======'machine_var_credits_string'====== Args={'value': 'FREE PLAY', 'prev_value': None, 'change': True}
2023-07-12 22:22:46,698 : INFO : EventManager : Event: ======'machine_var_master_volume'====== Args={'value': 0.5, 'prev_value': None, 'change': True}
2023-07-12 22:22:46,698 : INFO : EventManager : Event: ======'machine_var_player1_score'====== Args={'value': 0, 'prev_value': None, 'change': True}
2023-07-12 22:22:46,698 : INFO : EventManager : Event: ======'machine_var_mpf_version'====== Args={'value': 'MPF v0.56.0', 'prev_value': None, 'change': True}
2023-07-12 22:22:46,698 : INFO : EventManager : Event: ======'machine_var_mpf_extended_version'====== Args={'value': 'MPF v0.56.0, Config version:5, Show version: 5, BCP version:1.1', 'prev_value': None, 'change': True}
2023-07-12 22:22:46,698 : INFO : EventManager : Event: ======'machine_var_python_version'====== Args={'value': '3.9.13', 'prev_value': None, 'change': True}
2023-07-12 22:22:46,706 : INFO : EventManager : Event: ======'machine_var_platform'====== Args={'value': 'Windows-10-10.0.19045-SP0', 'prev_value': None, 'change': True}
2023-07-12 22:22:46,707 : INFO : EventManager : Event: ======'machine_var_platform_system'====== Args={'value': 'Windows', 'prev_value': None, 'change': True}
2023-07-12 22:22:46,707 : INFO : EventManager : Event: ======'machine_var_platform_release'====== Args={'value': '10', 'prev_value': None, 'change': True}
2023-07-12 22:22:46,707 : INFO : EventManager : Event: ======'machine_var_platform_version'====== Args={'value': '10.0.19045', 'prev_value': None, 'change': True}
2023-07-12 22:22:46,707 : INFO : EventManager : Event: ======'machine_var_platform_machine'====== Args={'value': 'AMD64', 'prev_value': None, 'change': True}
2023-07-12 22:22:46,707 : INFO : EventManager : Event: ======'init_phase_1'====== Args={}
2023-07-12 22:22:46,719 : INFO : EventManager : Event: ======'init_phase_2'====== Args={}
2023-07-12 22:22:46,719 : INFO : SwitchController : Found active switch: ('0-0-27', <Platform.SmartVirtual>) <switch.s_drain_detect>
2023-07-12 22:22:46,719 : INFO : SwitchController : Found active switch: ('0-0-26', <Platform.SmartVirtual>) <switch.s_trough_1>
2023-07-12 22:22:46,720 : INFO : EventManager : Event: ======'bcp_connection_attempt'====== Args={'name': 'local_display', 'host': 'localhost', 'port': 5050}
2023-07-12 22:22:46,721 : INFO : BCPClientSocket : Connecting BCP to 'local_display' at localhost:5050...
2023-07-12 22:22:48,762 : INFO : BCPClientSocket : Connected BCP to 'local_display' localhost:5050
2023-07-12 22:22:48,763 : INFO : EventManager : Event: ======'bcp_clients_connected'====== Args={}
2023-07-12 22:22:48,768 : INFO : ball_device.bd_drain : BCH: Initial count: 1
2023-07-12 22:22:48,768 : INFO : EventManager : Event: ======'machine_var_mc_version'====== Args={'value': 'MPF-MC v0.56.1', 'prev_value': None, 'change': True}
2023-07-12 22:22:48,769 : INFO : EventManager : Event: ======'machine_var_mc_extended_version'====== Args={'value': 'MPF-MC v0.56.1 (config_version=5, BCP v1.1,                      Requires MPF API compatibility v0.56.0 or newer)', 'prev_value': None, 'change': True}
2023-07-12 22:22:48,770 : INFO : ball_device.bd_drain : State: idle
2023-07-12 22:22:48,780 : INFO : ball_device.bd_trough : BCH: Initial count: 3
2023-07-12 22:22:48,780 : INFO : ball_device.bd_trough : State: idle
2023-07-12 22:22:48,781 : INFO : ball_device.bd_plunger : BCH: Initial count: 0
2023-07-12 22:22:48,781 : INFO : ball_device.bd_plunger : State: idle
2023-07-12 22:22:48,792 : INFO : EventManager : Event: ======'init_phase_3'====== Args={}
2023-07-12 22:22:48,794 : INFO : EventManager : Event: ======'init_phase_4'====== Args={}
2023-07-12 22:22:48,795 : INFO : BallController : Initial balls found: 4
2023-07-12 22:22:48,796 : INFO : EventManager : Event: ======'machine_var_audits_events_game_ended'====== Args={'value': 1, 'prev_value': None, 'change': True}
2023-07-12 22:22:48,796 : INFO : EventManager : Event: ======'machine_var_audits_events_game_started'====== Args={'value': 5, 'prev_value': None, 'change': True}
2023-07-12 22:22:48,796 : INFO : EventManager : Event: ======'machine_var_audits_player_score'====== Args={'value': {'average': 0.0, 'top': [0], 'total': 1}, 'prev_value': None, 'change': True}
2023-07-12 22:22:48,796 : INFO : EventManager : Event: ======'machine_var_audits_switches_s_drain_detect'====== Args={'value': 5, 'prev_value': None, 'change': True}
2023-07-12 22:22:48,796 : INFO : EventManager : Event: ======'machine_var_audits_switches_s_flipper_left'====== Args={'value': 3, 'prev_value': None, 'change': True}
2023-07-12 22:22:48,796 : INFO : EventManager : Event: ======'machine_var_audits_switches_s_flipper_right'====== Args={'value': 9, 'prev_value': None, 'change': True}
2023-07-12 22:22:48,797 : INFO : EventManager : Event: ======'machine_var_audits_switches_s_plunger_detect'====== Args={'value': 7, 'prev_value': None, 'change': True}
2023-07-12 22:22:48,797 : INFO : EventManager : Event: ======'machine_var_audits_switches_s_plunger_exit'====== Args={'value': 2, 'prev_value': None, 'change': True}
2023-07-12 22:22:48,797 : INFO : EventManager : Event: ======'machine_var_audits_switches_s_popbumper_1'====== Args={'value': 0, 'prev_value': None, 'change': True}
2023-07-12 22:22:48,797 : INFO : EventManager : Event: ======'machine_var_audits_switches_s_popbumper_2'====== Args={'value': 0, 'prev_value': None, 'change': True}
2023-07-12 22:22:48,797 : INFO : EventManager : Event: ======'machine_var_audits_switches_s_popbumper_3'====== Args={'value': 0, 'prev_value': None, 'change': True}
2023-07-12 22:22:48,797 : INFO : EventManager : Event: ======'machine_var_audits_switches_s_slingshot'====== Args={'value': 0, 'prev_value': None, 'change': True}
2023-07-12 22:22:48,797 : INFO : EventManager : Event: ======'machine_var_audits_switches_s_start_button'====== Args={'value': 0, 'prev_value': None, 'change': True}
2023-07-12 22:22:48,797 : INFO : EventManager : Event: ======'machine_var_audits_switches_s_trough_1'====== Args={'value': 6, 'prev_value': None, 'change': True}
2023-07-12 22:22:48,798 : INFO : EventManager : Event: ======'machine_var_audits_switches_s_trough_2'====== Args={'value': 0, 'prev_value': None, 'change': True}
2023-07-12 22:22:48,798 : INFO : EventManager : Event: ======'init_phase_5'====== Args={}
2023-07-12 22:22:48,809 : INFO : EventManager : Event: ======'init_done'====== Args={}
2023-07-12 22:22:48,809 : INFO : EventManager : Event: ======'machine_reset_phase_1'====== Args={}
2023-07-12 22:22:48,817 : INFO : EventManager : Event: ======'slide_welcome_slide_removed'====== Args={'_from_bcp': True}
2023-07-12 22:22:48,818 : INFO : EventManager : Event: ======'slide_welcome_slide_created'====== Args={'_from_bcp': True}
2023-07-12 22:22:48,819 : INFO : EventManager : Event: ======'slide_welcome_slide_active'====== Args={'_from_bcp': True}
2023-07-12 22:22:48,819 : INFO : EventManager : Event: ======'machine_reset_phase_2'====== Args={}
2023-07-12 22:22:48,819 : INFO : EventManager : Event: ======'machine_reset_phase_3'====== Args={}
2023-07-12 22:22:48,819 : INFO : EventManager : Event: ======'reset_complete'====== Args={}
2023-07-12 22:22:48,819 : INFO : EventManager : Event: ======'mode_attract_will_start'====== Args={}
2023-07-12 22:22:48,819 : INFO : EventManager : Event: ======'mode_attract_starting'====== Args={}
2023-07-12 22:22:48,820 : INFO : Mode.attract : Started. Priority: 10
2023-07-12 22:22:48,820 : INFO : EventManager : Event: ======'modes_active_modes_changed'====== Args={}
2023-07-12 22:22:48,820 : INFO : EventManager : Event: ======'mode_attract_started'====== Args={}
2023-07-12 22:22:48,820 : INFO : EventManager : Event: ======'collecting_balls'====== Args={}
2023-07-12 22:22:48,820 : INFO : ball_device.bd_drain : Adding 1 ball(s) to the eject_queue with target <ball_device.bd_trough>.
2023-07-12 22:22:48,820 : INFO : EventManager : Event: ======'balldevice_balls_available'====== Args={}
2023-07-12 22:22:48,836 : INFO : Machine : Starting the main run loop.
2023-07-12 22:22:48,836 : INFO : ball_device.bd_drain : State: waiting_for_target_ready
2023-07-12 22:22:48,837 : INFO : EventManager : Event: ======'balldevice_bd_drain_ball_eject_attempt'====== Args={'balls': 1, 'target': <ball_device.bd_trough>, 'source': <ball_device.bd_drain>, 'mechanical_eject': False, 'num_attempts': 0}
2023-07-12 22:22:54,468 : INFO : SwitchController : <<<<<<< 's_start_button' active >>>>>>>
2023-07-12 22:22:54,768 : INFO : SwitchController : <<<<<<< 's_start_button' inactive >>>>>>>
2023-07-12 22:22:54,768 : INFO : EventManager : Event: ======'request_to_start_game'====== Args={}
2023-07-12 22:22:54,768 : INFO : EventManager : Event: ======'collecting_balls_complete'====== Args={}
2023-07-12 22:22:54,768 : INFO : BallController : Known balls: 4
2023-07-12 22:22:54,768 : INFO : BallController : bd_drain contains 1 balls. Tags ['drain']
2023-07-12 22:22:54,769 : INFO : BallController : bd_trough contains 3 balls. Tags ['home', 'trough']
2023-07-12 22:22:54,769 : INFO : BallController : bd_plunger contains 0 balls. Tags []
2023-07-12 22:22:54,769 : INFO : BallController : playfield contains 0 balls. Tags ['default']
2023-07-12 22:22:54,769 : WARNING : BallController : BallController denies game start. Balls are not in their home positions.
2023-07-12 22:22:55,221 : INFO : SwitchController : <<<<<<< 's_start_button' active >>>>>>>
2023-07-12 22:22:55,788 : INFO : SwitchController : <<<<<<< 's_start_button' inactive >>>>>>>
2023-07-12 22:22:55,788 : INFO : EventManager : Event: ======'request_to_start_game'====== Args={}
2023-07-12 22:22:55,788 : INFO : EventManager : Event: ======'collecting_balls_complete'====== Args={}
2023-07-12 22:22:55,789 : INFO : BallController : Known balls: 4
2023-07-12 22:22:55,789 : INFO : BallController : bd_drain contains 1 balls. Tags ['drain']
2023-07-12 22:22:55,789 : INFO : BallController : bd_trough contains 3 balls. Tags ['home', 'trough']
2023-07-12 22:22:55,789 : INFO : BallController : bd_plunger contains 0 balls. Tags []
2023-07-12 22:22:55,789 : INFO : BallController : playfield contains 0 balls. Tags ['default']
2023-07-12 22:22:55,789 : WARNING : BallController : BallController denies game start. Balls are not in their home positions.
2023-07-12 22:22:55,964 : INFO : SwitchController : <<<<<<< 's_start_button' active >>>>>>>
2023-07-12 22:22:56,076 : INFO : SwitchController : <<<<<<< 's_start_button' inactive >>>>>>>
2023-07-12 22:22:56,076 : INFO : EventManager : Event: ======'request_to_start_game'====== Args={}
2023-07-12 22:22:56,076 : INFO : EventManager : Event: ======'collecting_balls_complete'====== Args={}
2023-07-12 22:22:56,076 : INFO : BallController : Known balls: 4
2023-07-12 22:22:56,077 : INFO : BallController : bd_drain contains 1 balls. Tags ['drain']
2023-07-12 22:22:56,077 : INFO : BallController : bd_trough contains 3 balls. Tags ['home', 'trough']
2023-07-12 22:22:56,077 : INFO : BallController : bd_plunger contains 0 balls. Tags []
2023-07-12 22:22:56,077 : INFO : BallController : playfield contains 0 balls. Tags ['default']
2023-07-12 22:22:56,077 : WARNING : BallController : BallController denies game start. Balls are not in their home positions.
2023-07-12 22:22:56,189 : INFO : SwitchController : <<<<<<< 's_start_button' active >>>>>>>
2023-07-12 22:22:56,288 : INFO : SwitchController : <<<<<<< 's_start_button' inactive >>>>>>>
2023-07-12 22:22:56,288 : INFO : EventManager : Event: ======'request_to_start_game'====== Args={}
2023-07-12 22:22:56,289 : INFO : EventManager : Event: ======'collecting_balls_complete'====== Args={}
2023-07-12 22:22:56,289 : INFO : BallController : Known balls: 4
2023-07-12 22:22:56,289 : INFO : BallController : bd_drain contains 1 balls. Tags ['drain']
2023-07-12 22:22:56,289 : INFO : BallController : bd_trough contains 3 balls. Tags ['home', 'trough']
2023-07-12 22:22:56,289 : INFO : BallController : bd_plunger contains 0 balls. Tags []
2023-07-12 22:22:56,289 : INFO : BallController : playfield contains 0 balls. Tags ['default']
2023-07-12 22:22:56,289 : WARNING : BallController : BallController denies game start. Balls are not in their home positions.
2023-07-12 22:22:56,389 : INFO : SwitchController : <<<<<<< 's_start_button' active >>>>>>>
2023-07-12 22:22:56,477 : INFO : SwitchController : <<<<<<< 's_start_button' inactive >>>>>>>
2023-07-12 22:22:56,477 : INFO : EventManager : Event: ======'request_to_start_game'====== Args={}
2023-07-12 22:22:56,477 : INFO : EventManager : Event: ======'collecting_balls_complete'====== Args={}
2023-07-12 22:22:56,478 : INFO : BallController : Known balls: 4
2023-07-12 22:22:56,478 : INFO : BallController : bd_drain contains 1 balls. Tags ['drain']
2023-07-12 22:22:56,478 : INFO : BallController : bd_trough contains 3 balls. Tags ['home', 'trough']
2023-07-12 22:22:56,478 : INFO : BallController : bd_plunger contains 0 balls. Tags []
2023-07-12 22:22:56,478 : INFO : BallController : playfield contains 0 balls. Tags ['default']
2023-07-12 22:22:56,478 : WARNING : BallController : BallController denies game start. Balls are not in their home positions.
2023-07-12 22:22:56,578 : INFO : SwitchController : <<<<<<< 's_start_button' active >>>>>>>
2023-07-12 22:22:56,690 : INFO : SwitchController : <<<<<<< 's_start_button' inactive >>>>>>>
2023-07-12 22:22:56,690 : INFO : EventManager : Event: ======'request_to_start_game'====== Args={}
2023-07-12 22:22:56,690 : INFO : EventManager : Event: ======'collecting_balls_complete'====== Args={}
2023-07-12 22:22:56,690 : INFO : BallController : Known balls: 4
2023-07-12 22:22:56,691 : INFO : BallController : bd_drain contains 1 balls. Tags ['drain']
2023-07-12 22:22:56,691 : INFO : BallController : bd_trough contains 3 balls. Tags ['home', 'trough']
2023-07-12 22:22:56,691 : INFO : BallController : bd_plunger contains 0 balls. Tags []
2023-07-12 22:22:56,691 : INFO : BallController : playfield contains 0 balls. Tags ['default']
2023-07-12 22:22:56,691 : WARNING : BallController : BallController denies game start. Balls are not in their home positions.
2023-07-12 22:22:56,789 : INFO : SwitchController : <<<<<<< 's_start_button' active >>>>>>>
2023-07-12 22:22:56,903 : INFO : SwitchController : <<<<<<< 's_start_button' inactive >>>>>>>
2023-07-12 22:22:56,903 : INFO : EventManager : Event: ======'request_to_start_game'====== Args={}
2023-07-12 22:22:56,903 : INFO : EventManager : Event: ======'collecting_balls_complete'====== Args={}
2023-07-12 22:22:56,904 : INFO : BallController : Known balls: 4
2023-07-12 22:22:56,904 : INFO : BallController : bd_drain contains 1 balls. Tags ['drain']
2023-07-12 22:22:56,904 : INFO : BallController : bd_trough contains 3 balls. Tags ['home', 'trough']
2023-07-12 22:22:56,904 : INFO : BallController : bd_plunger contains 0 balls. Tags []
2023-07-12 22:22:56,904 : INFO : BallController : playfield contains 0 balls. Tags ['default']
2023-07-12 22:22:56,904 : WARNING : BallController : BallController denies game start. Balls are not in their home positions.
2023-07-12 22:22:56,991 : INFO : SwitchController : <<<<<<< 's_start_button' active >>>>>>>
2023-07-12 22:22:57,091 : INFO : SwitchController : <<<<<<< 's_start_button' inactive >>>>>>>
2023-07-12 22:22:57,091 : INFO : EventManager : Event: ======'request_to_start_game'====== Args={}
2023-07-12 22:22:57,091 : INFO : EventManager : Event: ======'collecting_balls_complete'====== Args={}
2023-07-12 22:22:57,091 : INFO : BallController : Known balls: 4
2023-07-12 22:22:57,091 : INFO : BallController : bd_drain contains 1 balls. Tags ['drain']
2023-07-12 22:22:57,091 : INFO : BallController : bd_trough contains 3 balls. Tags ['home', 'trough']
2023-07-12 22:22:57,091 : INFO : BallController : bd_plunger contains 0 balls. Tags []
2023-07-12 22:22:57,092 : INFO : BallController : playfield contains 0 balls. Tags ['default']
2023-07-12 22:22:57,092 : WARNING : BallController : BallController denies game start. Balls are not in their home positions.
2023-07-12 22:22:57,189 : INFO : SwitchController : <<<<<<< 's_start_button' active >>>>>>>
2023-07-12 22:22:57,289 : INFO : SwitchController : <<<<<<< 's_start_button' inactive >>>>>>>
2023-07-12 22:22:57,289 : INFO : EventManager : Event: ======'request_to_start_game'====== Args={}
2023-07-12 22:22:57,290 : INFO : EventManager : Event: ======'collecting_balls_complete'====== Args={}
2023-07-12 22:22:57,290 : INFO : BallController : Known balls: 4
2023-07-12 22:22:57,290 : INFO : BallController : bd_drain contains 1 balls. Tags ['drain']
2023-07-12 22:22:57,290 : INFO : BallController : bd_trough contains 3 balls. Tags ['home', 'trough']
2023-07-12 22:22:57,290 : INFO : BallController : bd_plunger contains 0 balls. Tags []
2023-07-12 22:22:57,290 : INFO : BallController : playfield contains 0 balls. Tags ['default']
2023-07-12 22:22:57,290 : WARNING : BallController : BallController denies game start. Balls are not in their home positions.
2023-07-12 22:22:57,403 : INFO : SwitchController : <<<<<<< 's_start_button' active >>>>>>>
2023-07-12 22:22:57,492 : INFO : SwitchController : <<<<<<< 's_start_button' inactive >>>>>>>
2023-07-12 22:22:57,492 : INFO : EventManager : Event: ======'request_to_start_game'====== Args={}
2023-07-12 22:22:57,492 : INFO : EventManager : Event: ======'collecting_balls_complete'====== Args={}
2023-07-12 22:22:57,492 : INFO : BallController : Known balls: 4
2023-07-12 22:22:57,492 : INFO : BallController : bd_drain contains 1 balls. Tags ['drain']
2023-07-12 22:22:57,493 : INFO : BallController : bd_trough contains 3 balls. Tags ['home', 'trough']
2023-07-12 22:22:57,493 : INFO : BallController : bd_plunger contains 0 balls. Tags []
2023-07-12 22:22:57,493 : INFO : BallController : playfield contains 0 balls. Tags ['default']
2023-07-12 22:22:57,493 : WARNING : BallController : BallController denies game start. Balls are not in their home positions.
2023-07-12 22:22:57,605 : INFO : SwitchController : <<<<<<< 's_start_button' active >>>>>>>
2023-07-12 22:22:57,704 : INFO : SwitchController : <<<<<<< 's_start_button' inactive >>>>>>>
2023-07-12 22:22:57,704 : INFO : EventManager : Event: ======'request_to_start_game'====== Args={}
2023-07-12 22:22:57,704 : INFO : EventManager : Event: ======'collecting_balls_complete'====== Args={}
2023-07-12 22:22:57,705 : INFO : BallController : Known balls: 4
2023-07-12 22:22:57,705 : INFO : BallController : bd_drain contains 1 balls. Tags ['drain']
2023-07-12 22:22:57,705 : INFO : BallController : bd_trough contains 3 balls. Tags ['home', 'trough']
2023-07-12 22:22:57,705 : INFO : BallController : bd_plunger contains 0 balls. Tags []
2023-07-12 22:22:57,705 : INFO : BallController : playfield contains 0 balls. Tags ['default']
2023-07-12 22:22:57,705 : WARNING : BallController : BallController denies game start. Balls are not in their home positions.
2023-07-12 22:22:57,804 : INFO : SwitchController : <<<<<<< 's_start_button' active >>>>>>>
2023-07-12 22:22:58,474 : INFO : SwitchController : <<<<<<< 's_start_button' inactive >>>>>>>
2023-07-12 22:22:58,474 : INFO : EventManager : Event: ======'request_to_start_game'====== Args={}
2023-07-12 22:22:58,475 : INFO : EventManager : Event: ======'collecting_balls_complete'====== Args={}
2023-07-12 22:22:58,475 : INFO : BallController : Known balls: 4
2023-07-12 22:22:58,475 : INFO : BallController : bd_drain contains 1 balls. Tags ['drain']
2023-07-12 22:22:58,475 : INFO : BallController : bd_trough contains 3 balls. Tags ['home', 'trough']
2023-07-12 22:22:58,475 : INFO : BallController : bd_plunger contains 0 balls. Tags []
2023-07-12 22:22:58,475 : INFO : BallController : playfield contains 0 balls. Tags ['default']
2023-07-12 22:22:58,475 : WARNING : BallController : BallController denies game start. Balls are not in their home positions.
2023-07-12 22:22:58,635 : INFO : SwitchController : <<<<<<< 's_start_button' active >>>>>>>
2023-07-12 22:22:58,760 : INFO : SwitchController : <<<<<<< 's_start_button' inactive >>>>>>>
2023-07-12 22:22:58,760 : INFO : EventManager : Event: ======'request_to_start_game'====== Args={}
2023-07-12 22:22:58,761 : INFO : EventManager : Event: ======'collecting_balls_complete'====== Args={}
2023-07-12 22:22:58,761 : INFO : BallController : Known balls: 4
2023-07-12 22:22:58,761 : INFO : BallController : bd_drain contains 1 balls. Tags ['drain']
2023-07-12 22:22:58,761 : INFO : BallController : bd_trough contains 3 balls. Tags ['home', 'trough']
2023-07-12 22:22:58,761 : INFO : BallController : bd_plunger contains 0 balls. Tags []
2023-07-12 22:22:58,761 : INFO : BallController : playfield contains 0 balls. Tags ['default']
2023-07-12 22:22:58,761 : WARNING : BallController : BallController denies game start. Balls are not in their home positions.
2023-07-12 22:22:58,872 : INFO : SwitchController : <<<<<<< 's_start_button' active >>>>>>>
2023-07-12 22:22:58,972 : INFO : SwitchController : <<<<<<< 's_start_button' inactive >>>>>>>
2023-07-12 22:22:58,972 : INFO : EventManager : Event: ======'request_to_start_game'====== Args={}
2023-07-12 22:22:58,972 : INFO : EventManager : Event: ======'collecting_balls_complete'====== Args={}
2023-07-12 22:22:58,972 : INFO : BallController : Known balls: 4
2023-07-12 22:22:58,973 : INFO : BallController : bd_drain contains 1 balls. Tags ['drain']
2023-07-12 22:22:58,973 : INFO : BallController : bd_trough contains 3 balls. Tags ['home', 'trough']
2023-07-12 22:22:58,973 : INFO : BallController : bd_plunger contains 0 balls. Tags []
2023-07-12 22:22:58,973 : INFO : BallController : playfield contains 0 balls. Tags ['default']
2023-07-12 22:22:58,973 : WARNING : BallController : BallController denies game start. Balls are not in their home positions.
2023-07-12 22:22:59,060 : INFO : SwitchController : <<<<<<< 's_start_button' active >>>>>>>
2023-07-12 22:22:59,890 : INFO : SwitchController : <<<<<<< 's_start_button' inactive >>>>>>>
2023-07-12 22:22:59,890 : INFO : EventManager : Event: ======'request_to_start_game'====== Args={}
2023-07-12 22:22:59,890 : INFO : EventManager : Event: ======'collecting_balls_complete'====== Args={}
2023-07-12 22:22:59,891 : INFO : BallController : Known balls: 4
2023-07-12 22:22:59,891 : INFO : BallController : bd_drain contains 1 balls. Tags ['drain']
2023-07-12 22:22:59,891 : INFO : BallController : bd_trough contains 3 balls. Tags ['home', 'trough']
2023-07-12 22:22:59,891 : INFO : BallController : bd_plunger contains 0 balls. Tags []
2023-07-12 22:22:59,891 : INFO : BallController : playfield contains 0 balls. Tags ['default']
2023-07-12 22:22:59,891 : WARNING : BallController : BallController denies game start. Balls are not in their home positions.
2023-07-12 22:23:02,353 : INFO : SwitchController : <<<<<<< 's_start_button' active >>>>>>>
2023-07-12 22:23:05,193 : INFO : SwitchController : <<<<<<< 's_start_button' inactive >>>>>>>
2023-07-12 22:23:05,193 : INFO : EventManager : Event: ======'request_to_start_game'====== Args={}
2023-07-12 22:23:05,193 : INFO : EventManager : Event: ======'collecting_balls_complete'====== Args={}
2023-07-12 22:23:05,193 : INFO : BallController : Known balls: 4
2023-07-12 22:23:05,193 : INFO : BallController : bd_drain contains 1 balls. Tags ['drain']
2023-07-12 22:23:05,193 : INFO : BallController : bd_trough contains 3 balls. Tags ['home', 'trough']
2023-07-12 22:23:05,193 : INFO : BallController : bd_plunger contains 0 balls. Tags []
2023-07-12 22:23:05,193 : INFO : BallController : playfield contains 0 balls. Tags ['default']
2023-07-12 22:23:05,193 : WARNING : BallController : BallController denies game start. Balls are not in their home positions.
2023-07-12 22:23:08,850 : INFO : SwitchController : <<<<<<< 's_start_button' active >>>>>>>
2023-07-12 22:23:09,436 : INFO : SwitchController : <<<<<<< 's_start_button' inactive >>>>>>>
2023-07-12 22:23:09,436 : INFO : EventManager : Event: ======'request_to_start_game'====== Args={}
2023-07-12 22:23:09,437 : INFO : EventManager : Event: ======'collecting_balls_complete'====== Args={}
2023-07-12 22:23:09,437 : INFO : BallController : Known balls: 4
2023-07-12 22:23:09,437 : INFO : BallController : bd_drain contains 1 balls. Tags ['drain']
2023-07-12 22:23:09,437 : INFO : BallController : bd_trough contains 3 balls. Tags ['home', 'trough']
2023-07-12 22:23:09,437 : INFO : BallController : bd_plunger contains 0 balls. Tags []
2023-07-12 22:23:09,437 : INFO : BallController : playfield contains 0 balls. Tags ['default']
2023-07-12 22:23:09,437 : WARNING : BallController : BallController denies game start. Balls are not in their home positions.
2023-07-12 22:23:09,768 : INFO : SwitchController : <<<<<<< 's_start_button' active >>>>>>>
2023-07-12 22:23:10,153 : INFO : SwitchController : <<<<<<< 's_start_button' inactive >>>>>>>
2023-07-12 22:23:10,153 : INFO : EventManager : Event: ======'request_to_start_game'====== Args={}
2023-07-12 22:23:10,153 : INFO : EventManager : Event: ======'collecting_balls_complete'====== Args={}
2023-07-12 22:23:10,153 : INFO : BallController : Known balls: 4
2023-07-12 22:23:10,153 : INFO : BallController : bd_drain contains 1 balls. Tags ['drain']
2023-07-12 22:23:10,153 : INFO : BallController : bd_trough contains 3 balls. Tags ['home', 'trough']
2023-07-12 22:23:10,153 : INFO : BallController : bd_plunger contains 0 balls. Tags []
2023-07-12 22:23:10,153 : INFO : BallController : playfield contains 0 balls. Tags ['default']
2023-07-12 22:23:10,153 : WARNING : BallController : BallController denies game start. Balls are not in their home positions.
2023-07-12 22:23:21,327 : INFO : Machine : Shutting down...
2023-07-12 22:23:21,327 : INFO : EventManager : Event: ======'shutdown'====== Args={}
2023-07-12 22:23:21,331 : INFO : root : MPF run loop ended.
