2023-07-16 23:48:31,714 : INFO : root : Loading config.
2023-07-16 23:48:31,717 : INFO : YamlMultifileConfigLoader : Machine config file #1: config.yaml
2023-07-16 23:48:31,717 : INFO : ConfigProcessor : Loading config from cache: C:\Users\warzz\AppData\Local\Temp\999c2299d6c39d2b6f23a88f71ed49fc.mpf_cache
2023-07-16 23:48:31,723 : WARNING : ConfigProcessor : Config file in cache changed: D:\MPF\springbreak\config\displays.yaml
2023-07-16 23:48:31,723 : INFO : ConfigProcessor : Loading config from file C:\Users\warzz\AppData\Local\Programs\Python\Python39\lib\site-packages\mpf\mpfconfig.yaml.
2023-07-16 23:48:31,778 : INFO : ConfigProcessor : Loading config: C:\Users\warzz\AppData\Local\Programs\Python\Python39\lib\site-packages\mpf\mpfconfig.yaml
2023-07-16 23:48:31,778 : INFO : ConfigProcessor : Loading config from file D:\MPF\springbreak\config\config.yaml.
2023-07-16 23:48:31,781 : INFO : ConfigProcessor : Loading config: D:\MPF\springbreak\config\config.yaml
2023-07-16 23:48:31,787 : INFO : ConfigProcessor : Loading config: D:\MPF\springbreak\config\coils.yaml
2023-07-16 23:48:31,791 : INFO : ConfigProcessor : Loading config: D:\MPF\springbreak\config\switches.yaml
2023-07-16 23:48:31,795 : INFO : ConfigProcessor : Loading config: D:\MPF\springbreak\config\devices.yaml
2023-07-16 23:48:31,803 : INFO : ConfigProcessor : Loading config: D:\MPF\springbreak\config\displays.yaml
2023-07-16 23:48:31,805 : INFO : ConfigProcessor : Loading config: D:\MPF\springbreak\config\keyboard.yaml
2023-07-16 23:48:31,806 : INFO : ConfigProcessor : Config file cache created: C:\Users\warzz\AppData\Local\Temp\999c2299d6c39d2b6f23a88f71ed49fc.mpf_cache
2023-07-16 23:48:31,870 : INFO : ConfigProcessor : Loading config from cache: C:\Users\warzz\AppData\Local\Temp\b77c3901e90ec7d7cc601651512a0021.mpf_cache
2023-07-16 23:48:31,871 : INFO : ConfigProcessor : Loading config from cache: C:\Users\warzz\AppData\Local\Temp\a5b2fce8b210d64acc95275c2c9a2339.mpf_cache
2023-07-16 23:48:31,871 : INFO : ConfigProcessor : Loading config from cache: C:\Users\warzz\AppData\Local\Temp\f8d84beef5f99d10c74fd589715eb307.mpf_cache
2023-07-16 23:48:31,872 : INFO : Machine : Mission Pinball Framework Core Engine v0.56.0
2023-07-16 23:48:31,872 : INFO : Machine : Command line arguments: {'no_load_cache': False, 'create_config_cache': True, 'bcp': True, 'configfile': ['config.yaml'], 'force_assets_load': False, 'jsonlogging': False, 'logfile': 'logs\\2023-07-16-23-48-31-mpf-DESKTOP-VQ7DOMB.log', 'pause': False, 'production': False, 'text_ui': True, 'loglevel': 15, 'consoleloglevel': 20, 'force_platform': 'smart_virtual', 'syslog_address': None, 'mc_file_name': None, 'no_sound': False}
2023-07-16 23:48:31,872 : INFO : Machine : MPF path: C:\Users\warzz\AppData\Local\Programs\Python\Python39\lib\site-packages\mpf
2023-07-16 23:48:31,872 : INFO : Machine : Machine path: D:\MPF\springbreak
2023-07-16 23:48:31,872 : INFO : Machine : Platform: win32
2023-07-16 23:48:31,872 : INFO : Machine : Python executable location: C:\Users\warzz\AppData\Local\Programs\Python\Python39\python.exe
2023-07-16 23:48:31,872 : INFO : Machine : Python version: 3.9.13 (64-bit)
2023-07-16 23:48:31,874 : INFO : Machine : Initialise MPF.
2023-07-16 23:48:32,022 : INFO : EventManager : Event: ======'machine_var_credits_string'====== Args={'value': 'FREE PLAY', 'prev_value': None, 'change': True}
2023-07-16 23:48:32,066 : INFO : EventManager : Event: ======'machine_var_master_volume'====== Args={'value': 0.5, 'prev_value': None, 'change': True}
2023-07-16 23:48:32,066 : INFO : EventManager : Event: ======'machine_var_player1_score'====== Args={'value': 0, 'prev_value': None, 'change': True}
2023-07-16 23:48:32,066 : INFO : EventManager : Event: ======'machine_var_mpf_version'====== Args={'value': 'MPF v0.56.0', 'prev_value': None, 'change': True}
2023-07-16 23:48:32,066 : INFO : EventManager : Event: ======'machine_var_mpf_extended_version'====== Args={'value': 'MPF v0.56.0, Config version:5, Show version: 5, BCP version:1.1', 'prev_value': None, 'change': True}
2023-07-16 23:48:32,067 : INFO : EventManager : Event: ======'machine_var_python_version'====== Args={'value': '3.9.13', 'prev_value': None, 'change': True}
2023-07-16 23:48:32,075 : INFO : EventManager : Event: ======'machine_var_platform'====== Args={'value': 'Windows-10-10.0.19045-SP0', 'prev_value': None, 'change': True}
2023-07-16 23:48:32,075 : INFO : EventManager : Event: ======'machine_var_platform_system'====== Args={'value': 'Windows', 'prev_value': None, 'change': True}
2023-07-16 23:48:32,075 : INFO : EventManager : Event: ======'machine_var_platform_release'====== Args={'value': '10', 'prev_value': None, 'change': True}
2023-07-16 23:48:32,075 : INFO : EventManager : Event: ======'machine_var_platform_version'====== Args={'value': '10.0.19045', 'prev_value': None, 'change': True}
2023-07-16 23:48:32,075 : INFO : EventManager : Event: ======'machine_var_platform_machine'====== Args={'value': 'AMD64', 'prev_value': None, 'change': True}
2023-07-16 23:48:32,075 : INFO : EventManager : Event: ======'init_phase_1'====== Args={}
2023-07-16 23:48:32,086 : INFO : EventManager : Event: ======'init_phase_2'====== Args={}
2023-07-16 23:48:32,086 : INFO : SwitchController : Found active switch: ('0-0-26', <Platform.SmartVirtual>) <switch.s_trough_1>
2023-07-16 23:48:32,087 : INFO : EventManager : Event: ======'bcp_connection_attempt'====== Args={'name': 'local_display', 'host': 'localhost', 'port': 5050}
2023-07-16 23:48:32,088 : INFO : BCPClientSocket : Connecting BCP to 'local_display' at localhost:5050...
2023-07-16 23:48:34,126 : INFO : BCPClientSocket : Connected BCP to 'local_display' localhost:5050
2023-07-16 23:48:34,126 : INFO : EventManager : Event: ======'bcp_clients_connected'====== Args={}
2023-07-16 23:48:34,131 : INFO : ball_device.bd_drain : BCH: Initial count: 0
2023-07-16 23:48:34,131 : INFO : ball_device.bd_drain : State: idle
2023-07-16 23:48:34,131 : INFO : ball_device.bd_trough : BCH: Initial count: 4
2023-07-16 23:48:34,132 : INFO : ball_device.bd_trough : State: idle
2023-07-16 23:48:34,132 : INFO : ball_device.bd_plunger : BCH: Initial count: 0
2023-07-16 23:48:34,132 : INFO : ball_device.bd_plunger : State: idle
2023-07-16 23:48:34,145 : INFO : EventManager : Event: ======'init_phase_3'====== Args={}
2023-07-16 23:48:34,148 : INFO : EventManager : Event: ======'init_phase_4'====== Args={}
2023-07-16 23:48:34,148 : INFO : BallController : Initial balls found: 4
2023-07-16 23:48:34,149 : INFO : EventManager : Event: ======'machine_var_audits_events_game_ended'====== Args={'value': 5, 'prev_value': None, 'change': True}
2023-07-16 23:48:34,150 : INFO : EventManager : Event: ======'machine_var_audits_events_game_started'====== Args={'value': 10, 'prev_value': None, 'change': True}
2023-07-16 23:48:34,150 : INFO : EventManager : Event: ======'machine_var_audits_player_score'====== Args={'value': {'average': 0.0, 'top': [0, 0, 0, 0, 0], 'total': 5}, 'prev_value': None, 'change': True}
2023-07-16 23:48:34,150 : INFO : EventManager : Event: ======'machine_var_audits_switches_s_drain_detect'====== Args={'value': 23, 'prev_value': None, 'change': True}
2023-07-16 23:48:34,151 : INFO : EventManager : Event: ======'machine_var_audits_switches_s_flipper_left'====== Args={'value': 3, 'prev_value': None, 'change': True}
2023-07-16 23:48:34,151 : INFO : EventManager : Event: ======'machine_var_audits_switches_s_flipper_right'====== Args={'value': 22, 'prev_value': None, 'change': True}
2023-07-16 23:48:34,151 : INFO : EventManager : Event: ======'machine_var_audits_switches_s_plunger_detect'====== Args={'value': 21, 'prev_value': None, 'change': True}
2023-07-16 23:48:34,151 : INFO : EventManager : Event: ======'machine_var_audits_switches_s_plunger_exit'====== Args={'value': 12, 'prev_value': None, 'change': True}
2023-07-16 23:48:34,151 : INFO : EventManager : Event: ======'machine_var_audits_switches_s_popbumper_1'====== Args={'value': 0, 'prev_value': None, 'change': True}
2023-07-16 23:48:34,151 : INFO : EventManager : Event: ======'machine_var_audits_switches_s_popbumper_2'====== Args={'value': 0, 'prev_value': None, 'change': True}
2023-07-16 23:48:34,151 : INFO : EventManager : Event: ======'machine_var_audits_switches_s_popbumper_3'====== Args={'value': 0, 'prev_value': None, 'change': True}
2023-07-16 23:48:34,151 : INFO : EventManager : Event: ======'machine_var_audits_switches_s_slingshot'====== Args={'value': 0, 'prev_value': None, 'change': True}
2023-07-16 23:48:34,151 : INFO : EventManager : Event: ======'machine_var_audits_switches_s_start_button'====== Args={'value': 0, 'prev_value': None, 'change': True}
2023-07-16 23:48:34,152 : INFO : EventManager : Event: ======'machine_var_audits_switches_s_trough_1'====== Args={'value': 15, 'prev_value': None, 'change': True}
2023-07-16 23:48:34,152 : INFO : EventManager : Event: ======'machine_var_audits_switches_s_trough_2'====== Args={'value': 0, 'prev_value': None, 'change': True}
2023-07-16 23:48:34,152 : INFO : EventManager : Event: ======'init_phase_5'====== Args={}
2023-07-16 23:48:34,170 : INFO : EventManager : Event: ======'init_done'====== Args={}
2023-07-16 23:48:34,170 : INFO : EventManager : Event: ======'machine_reset_phase_1'====== Args={}
2023-07-16 23:48:35,184 : INFO : EventManager : Event: ======'machine_var_mc_version'====== Args={'value': 'MPF-MC v0.56.1', 'prev_value': None, 'change': True}
2023-07-16 23:48:35,184 : INFO : EventManager : Event: ======'machine_var_mc_extended_version'====== Args={'value': 'MPF-MC v0.56.1 (config_version=5, BCP v1.1,                      Requires MPF API compatibility v0.56.0 or newer)', 'prev_value': None, 'change': True}
2023-07-16 23:48:35,187 : INFO : EventManager : Event: ======'slide_welcome_slide_removed'====== Args={'_from_bcp': True}
2023-07-16 23:48:35,188 : INFO : EventManager : Event: ======'slide_welcome_slide_created'====== Args={'_from_bcp': True}
2023-07-16 23:48:35,188 : INFO : EventManager : Event: ======'slide_welcome_slide_active'====== Args={'_from_bcp': True}
2023-07-16 23:48:35,188 : INFO : EventManager : Event: ======'machine_reset_phase_2'====== Args={}
2023-07-16 23:48:35,188 : INFO : EventManager : Event: ======'machine_reset_phase_3'====== Args={}
2023-07-16 23:48:35,188 : INFO : EventManager : Event: ======'reset_complete'====== Args={}
2023-07-16 23:48:35,188 : INFO : EventManager : Event: ======'mode_attract_will_start'====== Args={}
2023-07-16 23:48:35,189 : INFO : EventManager : Event: ======'mode_attract_starting'====== Args={}
2023-07-16 23:48:35,189 : INFO : Mode.attract : Started. Priority: 10
2023-07-16 23:48:35,189 : INFO : EventManager : Event: ======'modes_active_modes_changed'====== Args={}
2023-07-16 23:48:35,189 : INFO : EventManager : Event: ======'mode_attract_started'====== Args={}
2023-07-16 23:48:35,189 : INFO : EventManager : Event: ======'collecting_balls_complete'====== Args={}
2023-07-16 23:48:35,204 : INFO : Machine : Starting the main run loop.
2023-07-16 23:48:36,607 : INFO : SwitchController : <<<<<<< 's_start_button' active >>>>>>>
2023-07-16 23:48:36,730 : INFO : SwitchController : <<<<<<< 's_start_button' inactive >>>>>>>
2023-07-16 23:48:36,730 : INFO : EventManager : Event: ======'request_to_start_game'====== Args={}
2023-07-16 23:48:36,730 : INFO : EventManager : Event: ======'game_start'====== Args={'buttons': [], 'hold_time': 0.125}
2023-07-16 23:48:36,731 : INFO : EventManager : Event: ======'mode_game_will_start'====== Args={'buttons': [], 'hold_time': 0.125}
2023-07-16 23:48:36,731 : INFO : EventManager : Event: ======'mode_game_starting'====== Args={'buttons': [], 'hold_time': 0.125}
2023-07-16 23:48:36,731 : INFO : EventManager : Event: ======'mode_attract_will_stop'====== Args={}
2023-07-16 23:48:36,731 : INFO : EventManager : Event: ======'mode_attract_stopping'====== Args={}
2023-07-16 23:48:36,731 : INFO : Mode.attract : Stopped.
2023-07-16 23:48:36,731 : INFO : EventManager : Event: ======'modes_active_modes_changed'====== Args={}
2023-07-16 23:48:36,731 : INFO : EventManager : Event: ======'mode_attract_stopped'====== Args={}
2023-07-16 23:48:36,731 : INFO : EventManager : Event: ======'clear'====== Args={'key': 'attract'}
2023-07-16 23:48:36,731 : INFO : Mode.game : Started. Priority: 20
2023-07-16 23:48:36,731 : INFO : EventManager : Event: ======'modes_active_modes_changed'====== Args={}
2023-07-16 23:48:36,731 : INFO : EventManager : Event: ======'mode_game_started'====== Args={'buttons': [], 'hold_time': 0.125}
2023-07-16 23:48:36,735 : INFO : EventManager : Event: ======'game_will_start'====== Args={}
2023-07-16 23:48:36,735 : INFO : EventManager : Event: ======'game_starting'====== Args={'game': <Mode.game>}
2023-07-16 23:48:36,735 : INFO : EventManager : Event: ======'player_add_request'====== Args={}
2023-07-16 23:48:36,735 : INFO : EventManager : Event: ======'player_will_add'====== Args={'number': 1}
2023-07-16 23:48:36,735 : INFO : EventManager : Event: ======'player_adding'====== Args={'player': <Player 1>, 'number': 1}
2023-07-16 23:48:36,735 : INFO : EventManager : Event: ======'player_added'====== Args={'player': <Player 1>, 'num': 1}
2023-07-16 23:48:36,735 : INFO : Mode.game : Player added successfully. Total players: 1
2023-07-16 23:48:36,736 : INFO : EventManager : Event: ======'player_index'====== Args={'value': 0, 'prev_value': 0, 'change': 0, 'player_num': 1}
2023-07-16 23:48:36,736 : INFO : EventManager : Event: ======'player_number'====== Args={'value': 1, 'prev_value': 1, 'change': 0, 'player_num': 1}
2023-07-16 23:48:36,736 : INFO : EventManager : Event: ======'player_score'====== Args={'value': 0, 'prev_value': 0, 'change': 0, 'player_num': 1}
2023-07-16 23:48:36,736 : INFO : EventManager : Event: ======'game_started'====== Args={}
2023-07-16 23:48:36,740 : INFO : EventManager : Event: ======'player_turn_will_start'====== Args={'player': <Player 1>, 'number': 1}
2023-07-16 23:48:36,740 : INFO : EventManager : Event: ======'player_turn_starting'====== Args={'player': <Player 1>, 'number': 1}
2023-07-16 23:48:36,740 : INFO : EventManager : Event: ======'player_ball'====== Args={'value': 1, 'prev_value': 0, 'change': 1, 'player_num': 1}
2023-07-16 23:48:36,741 : INFO : EventManager : Event: ======'player_turn_started'====== Args={'player': <Player 1>, 'number': 1}
2023-07-16 23:48:36,744 : INFO : EventManager : Event: ======'ball_will_start'====== Args={'player': 1, 'ball': 1, 'balls_remaining': 2, 'is_extra_ball': False}
2023-07-16 23:48:36,745 : INFO : EventManager : Event: ======'ball_starting'====== Args={'player': 1, 'ball': 1, 'balls_remaining': 2, 'is_extra_ball': False}
2023-07-16 23:48:36,745 : INFO : EventManager : Event: ======'balls_in_play'====== Args={'balls': 1}
2023-07-16 23:48:36,745 : INFO : EventManager : Event: ======'ball_started'====== Args={'player': 1, 'ball': 1, 'balls_remaining': 2, 'is_extra_ball': False}
2023-07-16 23:48:36,745 : INFO : EventManager : Event: ======'mode_base_will_start'====== Args={'player': 1, 'ball': 1, 'balls_remaining': 2, 'is_extra_ball': False}
2023-07-16 23:48:36,746 : INFO : EventManager : Event: ======'mode_base_starting'====== Args={'player': 1, 'ball': 1, 'balls_remaining': 2, 'is_extra_ball': False}
2023-07-16 23:48:36,746 : INFO : Mode.base : Started. Priority: 100
2023-07-16 23:48:36,746 : INFO : EventManager : Event: ======'modes_active_modes_changed'====== Args={}
2023-07-16 23:48:36,746 : INFO : EventManager : Event: ======'mode_base_started'====== Args={'player': 1, 'ball': 1, 'balls_remaining': 2, 'is_extra_ball': False}
2023-07-16 23:48:36,747 : INFO : EventManager : Event: ======'single_player_ball_started'====== Args={}
2023-07-16 23:48:36,759 : INFO : EventManager : Event: ======'ball_start_target'====== Args={'target': 'playfield'}
2023-07-16 23:48:36,759 : INFO : ball_device.bd_plunger : Setting up player-controlled eject. Balls: 1, Target: <playfield.playfield>, player_controlled_eject_event: s_flipper_right_active
2023-07-16 23:48:36,759 : INFO : EventManager : Event: ======'balldevice_balls_available'====== Args={}
2023-07-16 23:48:36,759 : INFO : ball_device.bd_trough : State: waiting_for_target_ready
2023-07-16 23:48:36,759 : INFO : EventManager : Event: ======'balldevice_bd_trough_ball_eject_attempt'====== Args={'balls': 1, 'target': <ball_device.bd_plunger>, 'source': <ball_device.bd_trough>, 'mechanical_eject': True, 'num_attempts': 0}
2023-07-16 23:48:36,760 : INFO : ball_device.bd_plunger : State: waiting_for_ball
2023-07-16 23:48:36,760 : INFO : ball_device.bd_trough : State: ejecting
2023-07-16 23:48:36,760 : INFO : ball_device.bd_trough : Ejecting ball to <ball_device.bd_plunger>
2023-07-16 23:48:36,760 : INFO : EventManager : Event: ======'balldevice_bd_trough_ejecting_ball'====== Args={'balls': 1, 'target': <ball_device.bd_plunger>, 'source': <ball_device.bd_trough>, 'mechanical_eject': True, 'num_attempts': 0}
2023-07-16 23:48:36,760 : INFO : ball_device.bd_trough : Wait for ball to leave device
2023-07-16 23:48:36,760 : INFO : coil.c_trough_eject : Enabling Driver for 1000ms (1.0 pulse_power)
2023-07-16 23:48:36,761 : INFO : SwitchController : <<<<<<< 's_trough_1' inactive >>>>>>>
2023-07-16 23:48:36,763 : INFO : EventManager : Event: ======'slide__global.slide_player-mode_base_started_created'====== Args={'_from_bcp': True}
2023-07-16 23:48:36,764 : INFO : EventManager : Event: ======'slide__global.slide_player-mode_base_started_active'====== Args={'_from_bcp': True}
2023-07-16 23:48:36,764 : INFO : ball_device.bd_trough : State: ball_left
2023-07-16 23:48:36,764 : INFO : ball_device.bd_trough : Ball left
2023-07-16 23:48:36,764 : INFO : ball_device.bd_trough : Wait for confirm with timeout 3.0
2023-07-16 23:48:36,877 : INFO : SwitchController : <<<<<<< 's_plunger_detect' active >>>>>>>
2023-07-16 23:48:36,877 : INFO : EventManager : Event: ======'machine_var_audits_switches_s_plunger_detect'====== Args={'value': 22, 'prev_value': 21, 'change': 1}
2023-07-16 23:48:37,386 : INFO : ball_device.bd_plunger : Received ball from <ball_device.bd_trough>
2023-07-16 23:48:37,386 : INFO : EventManager : Event: ======'balldevice_bd_plunger_ball_enter'====== Args={'new_balls': 1, 'unclaimed_balls': 0, 'new_available_balls': 0, 'device': <ball_device.bd_plunger>}
2023-07-16 23:48:37,386 : INFO : EventManager : Event: ======'balldevice_bd_plunger_ball_entered'====== Args={'new_balls': 0, 'device': <ball_device.bd_plunger>}
2023-07-16 23:48:37,386 : INFO : EventManager : Event: ======'balldevice_bd_plunger_ball_count_changed'====== Args={'balls': 1}
2023-07-16 23:48:37,386 : INFO : ball_device.bd_trough : Got eject confirm
2023-07-16 23:48:37,386 : INFO : ball_device.bd_trough : Eject successful
2023-07-16 23:48:37,386 : INFO : EventManager : Event: ======'balldevice_bd_trough_ball_eject_success'====== Args={'balls': 1, 'target': <ball_device.bd_plunger>}
2023-07-16 23:48:37,386 : INFO : ball_device.bd_plunger : State: waiting_for_target_ready
2023-07-16 23:48:37,387 : INFO : EventManager : Event: ======'balldevice_bd_plunger_ball_eject_attempt'====== Args={'balls': 1, 'target': <playfield.playfield>, 'source': <ball_device.bd_plunger>, 'mechanical_eject': True, 'num_attempts': 0}
2023-07-16 23:48:37,387 : INFO : EventManager : Event: ======'balldevice_bd_trough_ball_count_changed'====== Args={'balls': 3}
2023-07-16 23:48:37,387 : INFO : ball_device.bd_trough : State: idle
2023-07-16 23:48:37,387 : INFO : ball_device.bd_plunger : State: ejecting
2023-07-16 23:48:37,387 : INFO : ball_device.bd_plunger : Ejecting ball to <playfield.playfield>
2023-07-16 23:48:37,387 : INFO : EventManager : Event: ======'balldevice_bd_plunger_ejecting_ball'====== Args={'balls': 1, 'target': <playfield.playfield>, 'source': <ball_device.bd_plunger>, 'mechanical_eject': True, 'num_attempts': 0}
2023-07-16 23:48:37,387 : INFO : ball_device.bd_plunger : Wait for ball to leave device
2023-07-16 23:48:37,771 : INFO : coil.c_trough_eject : Disabling Driver
2023-07-16 23:48:39,203 : INFO : SwitchController : <<<<<<< 's_flipper_right' active >>>>>>>
2023-07-16 23:48:39,203 : INFO : EventManager : Event: ======'s_flipper_right_active'====== Args={}
2023-07-16 23:48:39,203 : INFO : EventManager : Event: ======'machine_var_audits_switches_s_flipper_right'====== Args={'value': 23, 'prev_value': 22, 'change': 1}
2023-07-16 23:48:39,270 : INFO : coil.c_plunger : Pulsing Driver for 20ms (1.0 pulse_power)
2023-07-16 23:48:39,270 : INFO : SwitchController : <<<<<<< 's_plunger_detect' inactive >>>>>>>
2023-07-16 23:48:39,272 : INFO : ball_device.bd_plunger : State: ball_left
2023-07-16 23:48:39,272 : INFO : ball_device.bd_plunger : Ball left
2023-07-16 23:48:39,272 : INFO : ball_device.bd_plunger : Wait for confirm with timeout 10.0
2023-07-16 23:48:39,353 : INFO : SwitchController : <<<<<<< 's_flipper_right' inactive >>>>>>>
2023-07-16 23:48:40,866 : INFO : SwitchController : <<<<<<< 's_drain_detect' active >>>>>>>
2023-07-16 23:48:40,866 : INFO : EventManager : Event: ======'machine_var_audits_switches_s_drain_detect'====== Args={'value': 24, 'prev_value': 23, 'change': 1}
2023-07-16 23:48:41,374 : INFO : EventManager : Event: ======'balldevice_bd_drain_ball_count_changed'====== Args={'balls': 1}
2023-07-16 23:48:41,374 : INFO : ball_device.bd_drain : Received unexpected ball
2023-07-16 23:48:41,374 : INFO : EventManager : Event: ======'balldevice_captured_from_playfield'====== Args={'balls': 1}
2023-07-16 23:48:41,374 : INFO : EventManager : Event: ======'sw_playfield_active'====== Args={'balls': 1}
2023-07-16 23:48:41,374 : INFO : EventManager : Event: ======'playfield_active'====== Args={}
2023-07-16 23:48:41,374 : INFO : EventManager : Event: ======'playfield_ball_count_change'====== Args={'balls': -1, 'change': -1}
2023-07-16 23:48:41,374 : INFO : EventManager : Event: ======'balldevice_bd_drain_ball_enter'====== Args={'new_balls': 1, 'unclaimed_balls': 1, 'new_available_balls': 1, 'device': <ball_device.bd_drain>}
2023-07-16 23:48:41,375 : INFO : EventManager : Event: ======'ball_drain'====== Args={'device': <ball_device.bd_drain>, 'balls': 1}
2023-07-16 23:48:41,375 : INFO : ball_device.bd_plunger : Got eject confirm
2023-07-16 23:48:41,375 : INFO : ball_device.bd_plunger : Eject successful
2023-07-16 23:48:41,375 : INFO : EventManager : Event: ======'balldevice_bd_plunger_ball_eject_success'====== Args={'balls': 1, 'target': <playfield.playfield>}
2023-07-16 23:48:41,375 : INFO : EventManager : Event: ======'balldevice_playfield_ball_enter'====== Args={'new_balls': 1, 'unclaimed_balls': 1, 'device': <playfield.playfield>}
2023-07-16 23:48:41,375 : INFO : EventManager : Event: ======'playfield_ball_count_change'====== Args={'balls': 0, 'change': 1}
2023-07-16 23:48:41,375 : INFO : EventManager : Event: ======'ball_will_end'====== Args={}
2023-07-16 23:48:41,375 : INFO : EventManager : Event: ======'balldevice_balls_available'====== Args={}
2023-07-16 23:48:41,375 : INFO : EventManager : Event: ======'balldevice_balls_available'====== Args={}
2023-07-16 23:48:41,375 : INFO : EventManager : Event: ======'balldevice_bd_drain_ball_entered'====== Args={'new_balls': 1, 'device': <ball_device.bd_drain>}
2023-07-16 23:48:41,375 : INFO : EventManager : Event: ======'balldevice_bd_plunger_ball_count_changed'====== Args={'balls': 0}
2023-07-16 23:48:41,375 : INFO : ball_device.bd_plunger : State: idle
2023-07-16 23:48:41,376 : INFO : EventManager : Event: ======'ball_ending'====== Args={}
2023-07-16 23:48:41,376 : INFO : EventManager : Event: ======'mode_base_will_stop'====== Args={}
2023-07-16 23:48:41,376 : INFO : EventManager : Event: ======'mode_base_stopping'====== Args={}
2023-07-16 23:48:41,376 : INFO : Mode.base : Stopped.
2023-07-16 23:48:41,376 : INFO : EventManager : Event: ======'modes_active_modes_changed'====== Args={}
2023-07-16 23:48:41,377 : INFO : EventManager : Event: ======'mode_base_stopped'====== Args={}
2023-07-16 23:48:41,377 : INFO : EventManager : Event: ======'clear'====== Args={'key': 'base'}
2023-07-16 23:48:41,389 : INFO : EventManager : Event: ======'ball_ended'====== Args={}
2023-07-16 23:48:41,389 : INFO : ball_device.bd_drain : State: waiting_for_target_ready
2023-07-16 23:48:41,389 : INFO : EventManager : Event: ======'balldevice_bd_drain_ball_eject_attempt'====== Args={'balls': 1, 'target': <ball_device.bd_trough>, 'source': <ball_device.bd_drain>, 'mechanical_eject': False, 'num_attempts': 0}
2023-07-16 23:48:41,390 : INFO : ball_device.bd_drain : State: ejecting
2023-07-16 23:48:41,390 : INFO : ball_device.bd_drain : Ejecting ball to <ball_device.bd_trough>
2023-07-16 23:48:41,390 : INFO : EventManager : Event: ======'balldevice_bd_drain_ejecting_ball'====== Args={'balls': 1, 'target': <ball_device.bd_trough>, 'source': <ball_device.bd_drain>, 'mechanical_eject': False, 'num_attempts': 0}
2023-07-16 23:48:41,390 : INFO : EventManager : Event: ======'player_turn_will_end'====== Args={'player': <Player 1>, 'number': 1}
2023-07-16 23:48:41,392 : INFO : EventManager : Event: ======'player_turn_ending'====== Args={'player': <Player 1>, 'number': 1}
2023-07-16 23:48:41,392 : INFO : EventManager : Event: ======'player_turn_ended'====== Args={'player': <Player 1>, 'number': 1}
2023-07-16 23:48:41,392 : INFO : ball_device.bd_drain : Wait for ball to leave device
2023-07-16 23:48:41,392 : INFO : coil.c_drain_kicker : Pulsing Driver for 20ms (1.0 pulse_power)
2023-07-16 23:48:41,392 : INFO : SwitchController : <<<<<<< 's_drain_detect' inactive >>>>>>>
2023-07-16 23:48:41,395 : INFO : EventManager : Event: ======'player_turn_will_start'====== Args={'player': <Player 1>, 'number': 1}
2023-07-16 23:48:41,395 : INFO : EventManager : Event: ======'player_turn_starting'====== Args={'player': <Player 1>, 'number': 1}
2023-07-16 23:48:41,395 : INFO : EventManager : Event: ======'player_ball'====== Args={'value': 2, 'prev_value': 1, 'change': 1, 'player_num': 1}
2023-07-16 23:48:41,396 : INFO : EventManager : Event: ======'player_turn_started'====== Args={'player': <Player 1>, 'number': 1}
2023-07-16 23:48:41,396 : INFO : ball_device.bd_drain : State: ball_left
2023-07-16 23:48:41,396 : INFO : ball_device.bd_drain : Ball left
2023-07-16 23:48:41,396 : INFO : ball_device.bd_drain : Wait for confirm with timeout 10.0
2023-07-16 23:48:41,396 : INFO : EventManager : Event: ======'ball_will_start'====== Args={'player': 1, 'ball': 2, 'balls_remaining': 1, 'is_extra_ball': False}
2023-07-16 23:48:41,398 : INFO : EventManager : Event: ======'ball_starting'====== Args={'player': 1, 'ball': 2, 'balls_remaining': 1, 'is_extra_ball': False}
2023-07-16 23:48:41,398 : INFO : EventManager : Event: ======'balls_in_play'====== Args={'balls': 1}
2023-07-16 23:48:41,398 : INFO : EventManager : Event: ======'ball_started'====== Args={'player': 1, 'ball': 2, 'balls_remaining': 1, 'is_extra_ball': False}
2023-07-16 23:48:41,398 : INFO : EventManager : Event: ======'mode_base_will_start'====== Args={'player': 1, 'ball': 2, 'balls_remaining': 1, 'is_extra_ball': False}
2023-07-16 23:48:41,398 : INFO : EventManager : Event: ======'mode_base_starting'====== Args={'player': 1, 'ball': 2, 'balls_remaining': 1, 'is_extra_ball': False}
2023-07-16 23:48:41,399 : INFO : Mode.base : Started. Priority: 100
2023-07-16 23:48:41,399 : INFO : EventManager : Event: ======'modes_active_modes_changed'====== Args={}
2023-07-16 23:48:41,399 : INFO : EventManager : Event: ======'mode_base_started'====== Args={'player': 1, 'ball': 2, 'balls_remaining': 1, 'is_extra_ball': False}
2023-07-16 23:48:41,399 : INFO : EventManager : Event: ======'single_player_ball_started'====== Args={}
2023-07-16 23:48:41,411 : INFO : EventManager : Event: ======'ball_start_target'====== Args={'target': 'playfield'}
2023-07-16 23:48:41,411 : INFO : EventManager : Event: ======'slide__global.slide_player-mode_base_started_removed'====== Args={'_from_bcp': True}
2023-07-16 23:48:41,412 : INFO : EventManager : Event: ======'slide__global.slide_player-mode_base_started_created'====== Args={'_from_bcp': True}
2023-07-16 23:48:41,412 : INFO : ball_device.bd_plunger : Setting up player-controlled eject. Balls: 1, Target: <playfield.playfield>, player_controlled_eject_event: s_flipper_right_active
2023-07-16 23:48:41,412 : INFO : EventManager : Event: ======'balldevice_balls_available'====== Args={}
2023-07-16 23:48:41,412 : INFO : EventManager : Event: ======'slide__global.slide_player-mode_base_started_active'====== Args={'_from_bcp': True}
2023-07-16 23:48:41,412 : INFO : ball_device.bd_trough : State: waiting_for_target_ready
2023-07-16 23:48:41,412 : INFO : EventManager : Event: ======'balldevice_bd_trough_ball_eject_attempt'====== Args={'balls': 1, 'target': <ball_device.bd_plunger>, 'source': <ball_device.bd_trough>, 'mechanical_eject': True, 'num_attempts': 0}
2023-07-16 23:48:41,412 : INFO : ball_device.bd_plunger : State: waiting_for_ball
2023-07-16 23:48:41,413 : INFO : ball_device.bd_trough : State: ejecting
2023-07-16 23:48:41,413 : INFO : ball_device.bd_trough : Ejecting ball to <ball_device.bd_plunger>
2023-07-16 23:48:41,413 : INFO : EventManager : Event: ======'balldevice_bd_trough_ejecting_ball'====== Args={'balls': 1, 'target': <ball_device.bd_plunger>, 'source': <ball_device.bd_trough>, 'mechanical_eject': True, 'num_attempts': 0}
2023-07-16 23:48:41,413 : INFO : ball_device.bd_trough : Wait for ball to leave device
2023-07-16 23:48:41,437 : INFO : ball_device.bd_trough : State: ball_left
2023-07-16 23:48:41,437 : INFO : ball_device.bd_trough : Ball left
2023-07-16 23:48:41,437 : INFO : ball_device.bd_trough : Wait for confirm with timeout 3.0
2023-07-16 23:48:41,468 : INFO : coil.c_trough_eject : Enabling Driver for 1000ms (1.0 pulse_power)
2023-07-16 23:48:41,500 : INFO : SwitchController : <<<<<<< 's_trough_1' active >>>>>>>
2023-07-16 23:48:41,500 : INFO : EventManager : Event: ======'machine_var_audits_switches_s_trough_1'====== Args={'value': 16, 'prev_value': 15, 'change': 1}
2023-07-16 23:48:41,500 : INFO : SwitchController : <<<<<<< 's_trough_1' inactive >>>>>>>
2023-07-16 23:48:41,501 : INFO : ball_device.bd_trough : Received ball from <ball_device.bd_drain>
2023-07-16 23:48:41,501 : INFO : EventManager : Event: ======'balldevice_bd_trough_ball_enter'====== Args={'new_balls': 1, 'unclaimed_balls': 0, 'new_available_balls': 0, 'device': <ball_device.bd_trough>}
2023-07-16 23:48:41,502 : INFO : EventManager : Event: ======'ball_drain'====== Args={'device': <ball_device.bd_trough>, 'balls': 0}
2023-07-16 23:48:41,502 : INFO : EventManager : Event: ======'balldevice_bd_trough_ball_entered'====== Args={'new_balls': 0, 'device': <ball_device.bd_trough>}
2023-07-16 23:48:41,502 : INFO : EventManager : Event: ======'balldevice_bd_trough_ball_count_changed'====== Args={'balls': 4}
2023-07-16 23:48:41,502 : INFO : ball_device.bd_drain : Got eject confirm
2023-07-16 23:48:41,502 : INFO : ball_device.bd_drain : Eject successful
2023-07-16 23:48:41,502 : INFO : EventManager : Event: ======'balldevice_bd_drain_ball_eject_success'====== Args={'balls': 1, 'target': <ball_device.bd_trough>}
2023-07-16 23:48:41,502 : INFO : EventManager : Event: ======'balldevice_bd_drain_ball_count_changed'====== Args={'balls': 0}
2023-07-16 23:48:41,502 : INFO : ball_device.bd_drain : State: idle
2023-07-16 23:48:41,577 : INFO : SwitchController : <<<<<<< 's_plunger_detect' active >>>>>>>
2023-07-16 23:48:41,577 : INFO : EventManager : Event: ======'machine_var_audits_switches_s_plunger_detect'====== Args={'value': 23, 'prev_value': 22, 'change': 1}
2023-07-16 23:48:41,837 : WARNING : SwitchController : Received duplicate switch state 0 for switch s_drain_detect from the platform interface. Log Code: Log-SwitchController-1 (https://docs.missionpinball.org/en/0.56/logs/Log-SwitchController-1.html)
2023-07-16 23:48:42,087 : INFO : ball_device.bd_plunger : Received ball from <ball_device.bd_trough>
2023-07-16 23:48:42,087 : INFO : EventManager : Event: ======'balldevice_bd_plunger_ball_enter'====== Args={'new_balls': 1, 'unclaimed_balls': 0, 'new_available_balls': 0, 'device': <ball_device.bd_plunger>}
2023-07-16 23:48:42,087 : INFO : EventManager : Event: ======'balldevice_bd_plunger_ball_entered'====== Args={'new_balls': 0, 'device': <ball_device.bd_plunger>}
2023-07-16 23:48:42,087 : INFO : EventManager : Event: ======'balldevice_bd_plunger_ball_count_changed'====== Args={'balls': 1}
2023-07-16 23:48:42,087 : INFO : ball_device.bd_trough : Got eject confirm
2023-07-16 23:48:42,087 : INFO : ball_device.bd_trough : Eject successful
2023-07-16 23:48:42,087 : INFO : EventManager : Event: ======'balldevice_bd_trough_ball_eject_success'====== Args={'balls': 1, 'target': <ball_device.bd_plunger>}
2023-07-16 23:48:42,088 : INFO : ball_device.bd_plunger : State: waiting_for_target_ready
2023-07-16 23:48:42,088 : INFO : EventManager : Event: ======'balldevice_bd_plunger_ball_eject_attempt'====== Args={'balls': 1, 'target': <playfield.playfield>, 'source': <ball_device.bd_plunger>, 'mechanical_eject': True, 'num_attempts': 0}
2023-07-16 23:48:42,088 : INFO : EventManager : Event: ======'balldevice_bd_trough_ball_count_changed'====== Args={'balls': 3}
2023-07-16 23:48:42,088 : INFO : ball_device.bd_trough : State: idle
2023-07-16 23:48:42,088 : INFO : ball_device.bd_plunger : State: ejecting
2023-07-16 23:48:42,088 : INFO : ball_device.bd_plunger : Ejecting ball to <playfield.playfield>
2023-07-16 23:48:42,088 : INFO : EventManager : Event: ======'balldevice_bd_plunger_ejecting_ball'====== Args={'balls': 1, 'target': <playfield.playfield>, 'source': <ball_device.bd_plunger>, 'mechanical_eject': True, 'num_attempts': 0}
2023-07-16 23:48:42,089 : INFO : ball_device.bd_plunger : Wait for ball to leave device
2023-07-16 23:48:42,475 : INFO : coil.c_trough_eject : Disabling Driver
2023-07-16 23:48:43,876 : INFO : SwitchController : <<<<<<< 's_flipper_right' active >>>>>>>
2023-07-16 23:48:43,876 : INFO : EventManager : Event: ======'s_flipper_right_active'====== Args={}
2023-07-16 23:48:43,876 : INFO : EventManager : Event: ======'machine_var_audits_switches_s_flipper_right'====== Args={'value': 24, 'prev_value': 23, 'change': 1}
2023-07-16 23:48:43,938 : INFO : coil.c_plunger : Pulsing Driver for 20ms (1.0 pulse_power)
2023-07-16 23:48:43,938 : INFO : SwitchController : <<<<<<< 's_plunger_detect' inactive >>>>>>>
2023-07-16 23:48:43,942 : INFO : ball_device.bd_plunger : State: ball_left
2023-07-16 23:48:43,942 : INFO : ball_device.bd_plunger : Ball left
2023-07-16 23:48:43,942 : INFO : ball_device.bd_plunger : Wait for confirm with timeout 10.0
2023-07-16 23:48:44,015 : INFO : SwitchController : <<<<<<< 's_flipper_right' inactive >>>>>>>
2023-07-16 23:48:44,820 : INFO : SwitchController : <<<<<<< 's_drain_detect' active >>>>>>>
2023-07-16 23:48:44,820 : INFO : EventManager : Event: ======'machine_var_audits_switches_s_drain_detect'====== Args={'value': 25, 'prev_value': 24, 'change': 1}
2023-07-16 23:48:45,321 : INFO : EventManager : Event: ======'balldevice_bd_drain_ball_count_changed'====== Args={'balls': 1}
2023-07-16 23:48:45,321 : INFO : ball_device.bd_drain : Received unexpected ball
2023-07-16 23:48:45,321 : INFO : EventManager : Event: ======'balldevice_captured_from_playfield'====== Args={'balls': 1}
2023-07-16 23:48:45,321 : INFO : EventManager : Event: ======'sw_playfield_active'====== Args={'balls': 1}
2023-07-16 23:48:45,321 : INFO : EventManager : Event: ======'playfield_active'====== Args={}
2023-07-16 23:48:45,321 : INFO : EventManager : Event: ======'playfield_ball_count_change'====== Args={'balls': -1, 'change': -1}
2023-07-16 23:48:45,321 : INFO : EventManager : Event: ======'balldevice_bd_drain_ball_enter'====== Args={'new_balls': 1, 'unclaimed_balls': 1, 'new_available_balls': 1, 'device': <ball_device.bd_drain>}
2023-07-16 23:48:45,322 : INFO : EventManager : Event: ======'ball_drain'====== Args={'device': <ball_device.bd_drain>, 'balls': 1}
2023-07-16 23:48:45,322 : INFO : ball_device.bd_plunger : Got eject confirm
2023-07-16 23:48:45,322 : INFO : ball_device.bd_plunger : Eject successful
2023-07-16 23:48:45,322 : INFO : EventManager : Event: ======'balldevice_bd_plunger_ball_eject_success'====== Args={'balls': 1, 'target': <playfield.playfield>}
2023-07-16 23:48:45,322 : INFO : EventManager : Event: ======'balldevice_playfield_ball_enter'====== Args={'new_balls': 1, 'unclaimed_balls': 1, 'device': <playfield.playfield>}
2023-07-16 23:48:45,322 : INFO : EventManager : Event: ======'playfield_ball_count_change'====== Args={'balls': 0, 'change': 1}
2023-07-16 23:48:45,322 : INFO : EventManager : Event: ======'ball_will_end'====== Args={}
2023-07-16 23:48:45,322 : INFO : EventManager : Event: ======'balldevice_balls_available'====== Args={}
2023-07-16 23:48:45,322 : INFO : EventManager : Event: ======'balldevice_balls_available'====== Args={}
2023-07-16 23:48:45,322 : INFO : EventManager : Event: ======'balldevice_bd_drain_ball_entered'====== Args={'new_balls': 1, 'device': <ball_device.bd_drain>}
2023-07-16 23:48:45,322 : INFO : EventManager : Event: ======'balldevice_bd_plunger_ball_count_changed'====== Args={'balls': 0}
2023-07-16 23:48:45,322 : INFO : ball_device.bd_plunger : State: idle
2023-07-16 23:48:45,323 : INFO : EventManager : Event: ======'ball_ending'====== Args={}
2023-07-16 23:48:45,323 : INFO : EventManager : Event: ======'mode_base_will_stop'====== Args={}
2023-07-16 23:48:45,323 : INFO : EventManager : Event: ======'mode_base_stopping'====== Args={}
2023-07-16 23:48:45,323 : INFO : Mode.base : Stopped.
2023-07-16 23:48:45,323 : INFO : EventManager : Event: ======'modes_active_modes_changed'====== Args={}
2023-07-16 23:48:45,324 : INFO : EventManager : Event: ======'mode_base_stopped'====== Args={}
2023-07-16 23:48:45,324 : INFO : EventManager : Event: ======'clear'====== Args={'key': 'base'}
2023-07-16 23:48:45,335 : INFO : EventManager : Event: ======'ball_ended'====== Args={}
2023-07-16 23:48:45,335 : INFO : ball_device.bd_drain : State: waiting_for_target_ready
2023-07-16 23:48:45,335 : INFO : EventManager : Event: ======'balldevice_bd_drain_ball_eject_attempt'====== Args={'balls': 1, 'target': <ball_device.bd_trough>, 'source': <ball_device.bd_drain>, 'mechanical_eject': False, 'num_attempts': 0}
2023-07-16 23:48:45,336 : INFO : ball_device.bd_drain : State: ejecting
2023-07-16 23:48:45,336 : INFO : ball_device.bd_drain : Ejecting ball to <ball_device.bd_trough>
2023-07-16 23:48:45,336 : INFO : EventManager : Event: ======'balldevice_bd_drain_ejecting_ball'====== Args={'balls': 1, 'target': <ball_device.bd_trough>, 'source': <ball_device.bd_drain>, 'mechanical_eject': False, 'num_attempts': 0}
2023-07-16 23:48:45,336 : INFO : EventManager : Event: ======'player_turn_will_end'====== Args={'player': <Player 1>, 'number': 1}
2023-07-16 23:48:45,337 : INFO : EventManager : Event: ======'player_turn_ending'====== Args={'player': <Player 1>, 'number': 1}
2023-07-16 23:48:45,337 : INFO : EventManager : Event: ======'player_turn_ended'====== Args={'player': <Player 1>, 'number': 1}
2023-07-16 23:48:45,337 : INFO : ball_device.bd_drain : Wait for ball to leave device
2023-07-16 23:48:45,338 : INFO : coil.c_drain_kicker : Pulsing Driver for 20ms (1.0 pulse_power)
2023-07-16 23:48:45,338 : INFO : SwitchController : <<<<<<< 's_drain_detect' inactive >>>>>>>
2023-07-16 23:48:45,340 : INFO : EventManager : Event: ======'player_turn_will_start'====== Args={'player': <Player 1>, 'number': 1}
2023-07-16 23:48:45,340 : INFO : EventManager : Event: ======'player_turn_starting'====== Args={'player': <Player 1>, 'number': 1}
2023-07-16 23:48:45,340 : INFO : EventManager : Event: ======'player_ball'====== Args={'value': 3, 'prev_value': 2, 'change': 1, 'player_num': 1}
2023-07-16 23:48:45,340 : INFO : EventManager : Event: ======'player_turn_started'====== Args={'player': <Player 1>, 'number': 1}
2023-07-16 23:48:45,340 : INFO : ball_device.bd_drain : State: ball_left
2023-07-16 23:48:45,340 : INFO : ball_device.bd_drain : Ball left
2023-07-16 23:48:45,340 : INFO : ball_device.bd_drain : Wait for confirm with timeout 10.0
2023-07-16 23:48:45,341 : INFO : EventManager : Event: ======'ball_will_start'====== Args={'player': 1, 'ball': 3, 'balls_remaining': 0, 'is_extra_ball': False}
2023-07-16 23:48:45,343 : INFO : EventManager : Event: ======'ball_starting'====== Args={'player': 1, 'ball': 3, 'balls_remaining': 0, 'is_extra_ball': False}
2023-07-16 23:48:45,343 : INFO : EventManager : Event: ======'balls_in_play'====== Args={'balls': 1}
2023-07-16 23:48:45,343 : INFO : EventManager : Event: ======'ball_started'====== Args={'player': 1, 'ball': 3, 'balls_remaining': 0, 'is_extra_ball': False}
2023-07-16 23:48:45,343 : INFO : EventManager : Event: ======'mode_base_will_start'====== Args={'player': 1, 'ball': 3, 'balls_remaining': 0, 'is_extra_ball': False}
2023-07-16 23:48:45,343 : INFO : EventManager : Event: ======'mode_base_starting'====== Args={'player': 1, 'ball': 3, 'balls_remaining': 0, 'is_extra_ball': False}
2023-07-16 23:48:45,344 : INFO : Mode.base : Started. Priority: 100
2023-07-16 23:48:45,344 : INFO : EventManager : Event: ======'modes_active_modes_changed'====== Args={}
2023-07-16 23:48:45,344 : INFO : EventManager : Event: ======'mode_base_started'====== Args={'player': 1, 'ball': 3, 'balls_remaining': 0, 'is_extra_ball': False}
2023-07-16 23:48:45,344 : INFO : EventManager : Event: ======'single_player_ball_started'====== Args={}
2023-07-16 23:48:45,357 : INFO : EventManager : Event: ======'ball_start_target'====== Args={'target': 'playfield'}
2023-07-16 23:48:45,357 : INFO : ball_device.bd_plunger : Setting up player-controlled eject. Balls: 1, Target: <playfield.playfield>, player_controlled_eject_event: s_flipper_right_active
2023-07-16 23:48:45,357 : INFO : EventManager : Event: ======'balldevice_balls_available'====== Args={}
2023-07-16 23:48:45,357 : INFO : EventManager : Event: ======'slide__global.slide_player-mode_base_started_removed'====== Args={'_from_bcp': True}
2023-07-16 23:48:45,357 : INFO : ball_device.bd_trough : State: waiting_for_target_ready
2023-07-16 23:48:45,357 : INFO : EventManager : Event: ======'balldevice_bd_trough_ball_eject_attempt'====== Args={'balls': 1, 'target': <ball_device.bd_plunger>, 'source': <ball_device.bd_trough>, 'mechanical_eject': True, 'num_attempts': 0}
2023-07-16 23:48:45,358 : INFO : ball_device.bd_plunger : State: waiting_for_ball
2023-07-16 23:48:45,358 : INFO : ball_device.bd_trough : State: ejecting
2023-07-16 23:48:45,358 : INFO : ball_device.bd_trough : Ejecting ball to <ball_device.bd_plunger>
2023-07-16 23:48:45,358 : INFO : EventManager : Event: ======'balldevice_bd_trough_ejecting_ball'====== Args={'balls': 1, 'target': <ball_device.bd_plunger>, 'source': <ball_device.bd_trough>, 'mechanical_eject': True, 'num_attempts': 0}
2023-07-16 23:48:45,358 : INFO : ball_device.bd_trough : Wait for ball to leave device
2023-07-16 23:48:45,358 : INFO : EventManager : Event: ======'slide__global.slide_player-mode_base_started_created'====== Args={'_from_bcp': True}
2023-07-16 23:48:45,359 : INFO : ball_device.bd_trough : State: ball_left
2023-07-16 23:48:45,359 : INFO : ball_device.bd_trough : Ball left
2023-07-16 23:48:45,359 : INFO : ball_device.bd_trough : Wait for confirm with timeout 3.0
2023-07-16 23:48:45,359 : INFO : EventManager : Event: ======'slide__global.slide_player-mode_base_started_active'====== Args={'_from_bcp': True}
2023-07-16 23:48:45,415 : INFO : coil.c_trough_eject : Enabling Driver for 1000ms (1.0 pulse_power)
2023-07-16 23:48:45,462 : INFO : SwitchController : <<<<<<< 's_trough_1' active >>>>>>>
2023-07-16 23:48:45,462 : INFO : EventManager : Event: ======'machine_var_audits_switches_s_trough_1'====== Args={'value': 17, 'prev_value': 16, 'change': 1}
2023-07-16 23:48:45,462 : INFO : SwitchController : <<<<<<< 's_trough_1' inactive >>>>>>>
2023-07-16 23:48:45,463 : INFO : ball_device.bd_trough : Received ball from <ball_device.bd_drain>
2023-07-16 23:48:45,463 : INFO : EventManager : Event: ======'balldevice_bd_trough_ball_enter'====== Args={'new_balls': 1, 'unclaimed_balls': 0, 'new_available_balls': 0, 'device': <ball_device.bd_trough>}
2023-07-16 23:48:45,464 : INFO : EventManager : Event: ======'ball_drain'====== Args={'device': <ball_device.bd_trough>, 'balls': 0}
2023-07-16 23:48:45,464 : INFO : EventManager : Event: ======'balldevice_bd_trough_ball_entered'====== Args={'new_balls': 0, 'device': <ball_device.bd_trough>}
2023-07-16 23:48:45,464 : INFO : EventManager : Event: ======'balldevice_bd_trough_ball_count_changed'====== Args={'balls': 4}
2023-07-16 23:48:45,464 : INFO : ball_device.bd_drain : Got eject confirm
2023-07-16 23:48:45,464 : INFO : ball_device.bd_drain : Eject successful
2023-07-16 23:48:45,464 : INFO : EventManager : Event: ======'balldevice_bd_drain_ball_eject_success'====== Args={'balls': 1, 'target': <ball_device.bd_trough>}
2023-07-16 23:48:45,465 : INFO : EventManager : Event: ======'balldevice_bd_drain_ball_count_changed'====== Args={'balls': 0}
2023-07-16 23:48:45,465 : INFO : ball_device.bd_drain : State: idle
2023-07-16 23:48:45,508 : INFO : SwitchController : <<<<<<< 's_plunger_detect' active >>>>>>>
2023-07-16 23:48:45,508 : INFO : EventManager : Event: ======'machine_var_audits_switches_s_plunger_detect'====== Args={'value': 24, 'prev_value': 23, 'change': 1}
2023-07-16 23:48:45,799 : WARNING : SwitchController : Received duplicate switch state 0 for switch s_drain_detect from the platform interface. Log Code: Log-SwitchController-1 (https://docs.missionpinball.org/en/0.56/logs/Log-SwitchController-1.html)
2023-07-16 23:48:46,002 : INFO : ball_device.bd_plunger : Received ball from <ball_device.bd_trough>
2023-07-16 23:48:46,002 : INFO : EventManager : Event: ======'balldevice_bd_plunger_ball_enter'====== Args={'new_balls': 1, 'unclaimed_balls': 0, 'new_available_balls': 0, 'device': <ball_device.bd_plunger>}
2023-07-16 23:48:46,002 : INFO : EventManager : Event: ======'balldevice_bd_plunger_ball_entered'====== Args={'new_balls': 0, 'device': <ball_device.bd_plunger>}
2023-07-16 23:48:46,002 : INFO : EventManager : Event: ======'balldevice_bd_plunger_ball_count_changed'====== Args={'balls': 1}
2023-07-16 23:48:46,002 : INFO : ball_device.bd_trough : Got eject confirm
2023-07-16 23:48:46,002 : INFO : ball_device.bd_trough : Eject successful
2023-07-16 23:48:46,002 : INFO : EventManager : Event: ======'balldevice_bd_trough_ball_eject_success'====== Args={'balls': 1, 'target': <ball_device.bd_plunger>}
2023-07-16 23:48:46,003 : INFO : ball_device.bd_plunger : State: waiting_for_target_ready
2023-07-16 23:48:46,003 : INFO : EventManager : Event: ======'balldevice_bd_plunger_ball_eject_attempt'====== Args={'balls': 1, 'target': <playfield.playfield>, 'source': <ball_device.bd_plunger>, 'mechanical_eject': True, 'num_attempts': 0}
2023-07-16 23:48:46,003 : INFO : EventManager : Event: ======'balldevice_bd_trough_ball_count_changed'====== Args={'balls': 3}
2023-07-16 23:48:46,003 : INFO : ball_device.bd_trough : State: idle
2023-07-16 23:48:46,003 : INFO : ball_device.bd_plunger : State: ejecting
2023-07-16 23:48:46,003 : INFO : ball_device.bd_plunger : Ejecting ball to <playfield.playfield>
2023-07-16 23:48:46,003 : INFO : EventManager : Event: ======'balldevice_bd_plunger_ejecting_ball'====== Args={'balls': 1, 'target': <playfield.playfield>, 'source': <ball_device.bd_plunger>, 'mechanical_eject': True, 'num_attempts': 0}
2023-07-16 23:48:46,003 : INFO : ball_device.bd_plunger : Wait for ball to leave device
2023-07-16 23:48:46,422 : INFO : coil.c_trough_eject : Disabling Driver
2023-07-16 23:48:46,553 : INFO : SwitchController : <<<<<<< 's_flipper_right' active >>>>>>>
2023-07-16 23:48:46,553 : INFO : EventManager : Event: ======'s_flipper_right_active'====== Args={}
2023-07-16 23:48:46,553 : INFO : EventManager : Event: ======'machine_var_audits_switches_s_flipper_right'====== Args={'value': 25, 'prev_value': 24, 'change': 1}
2023-07-16 23:48:46,608 : INFO : coil.c_plunger : Pulsing Driver for 20ms (1.0 pulse_power)
2023-07-16 23:48:46,608 : INFO : SwitchController : <<<<<<< 's_plunger_detect' inactive >>>>>>>
2023-07-16 23:48:46,611 : INFO : ball_device.bd_plunger : State: ball_left
2023-07-16 23:48:46,611 : INFO : ball_device.bd_plunger : Ball left
2023-07-16 23:48:46,611 : INFO : ball_device.bd_plunger : Wait for confirm with timeout 10.0
2023-07-16 23:48:46,689 : INFO : SwitchController : <<<<<<< 's_flipper_right' inactive >>>>>>>
2023-07-16 23:48:47,142 : INFO : SwitchController : <<<<<<< 's_drain_detect' active >>>>>>>
2023-07-16 23:48:47,142 : INFO : EventManager : Event: ======'machine_var_audits_switches_s_drain_detect'====== Args={'value': 26, 'prev_value': 25, 'change': 1}
2023-07-16 23:48:47,663 : INFO : EventManager : Event: ======'balldevice_bd_drain_ball_count_changed'====== Args={'balls': 1}
2023-07-16 23:48:47,663 : INFO : ball_device.bd_drain : Received unexpected ball
2023-07-16 23:48:47,663 : INFO : EventManager : Event: ======'balldevice_captured_from_playfield'====== Args={'balls': 1}
2023-07-16 23:48:47,663 : INFO : EventManager : Event: ======'sw_playfield_active'====== Args={'balls': 1}
2023-07-16 23:48:47,663 : INFO : EventManager : Event: ======'playfield_active'====== Args={}
2023-07-16 23:48:47,663 : INFO : EventManager : Event: ======'playfield_ball_count_change'====== Args={'balls': -1, 'change': -1}
2023-07-16 23:48:47,663 : INFO : EventManager : Event: ======'balldevice_bd_drain_ball_enter'====== Args={'new_balls': 1, 'unclaimed_balls': 1, 'new_available_balls': 1, 'device': <ball_device.bd_drain>}
2023-07-16 23:48:47,664 : INFO : EventManager : Event: ======'ball_drain'====== Args={'device': <ball_device.bd_drain>, 'balls': 1}
2023-07-16 23:48:47,664 : INFO : ball_device.bd_plunger : Got eject confirm
2023-07-16 23:48:47,664 : INFO : ball_device.bd_plunger : Eject successful
2023-07-16 23:48:47,664 : INFO : EventManager : Event: ======'balldevice_bd_plunger_ball_eject_success'====== Args={'balls': 1, 'target': <playfield.playfield>}
2023-07-16 23:48:47,664 : INFO : EventManager : Event: ======'balldevice_playfield_ball_enter'====== Args={'new_balls': 1, 'unclaimed_balls': 1, 'device': <playfield.playfield>}
2023-07-16 23:48:47,664 : INFO : EventManager : Event: ======'playfield_ball_count_change'====== Args={'balls': 0, 'change': 1}
2023-07-16 23:48:47,664 : INFO : EventManager : Event: ======'ball_will_end'====== Args={}
2023-07-16 23:48:47,664 : INFO : EventManager : Event: ======'balldevice_balls_available'====== Args={}
2023-07-16 23:48:47,664 : INFO : EventManager : Event: ======'balldevice_balls_available'====== Args={}
2023-07-16 23:48:47,664 : INFO : EventManager : Event: ======'balldevice_bd_drain_ball_entered'====== Args={'new_balls': 1, 'device': <ball_device.bd_drain>}
2023-07-16 23:48:47,664 : INFO : EventManager : Event: ======'balldevice_bd_plunger_ball_count_changed'====== Args={'balls': 0}
2023-07-16 23:48:47,664 : INFO : ball_device.bd_plunger : State: idle
2023-07-16 23:48:47,664 : INFO : EventManager : Event: ======'ball_ending'====== Args={}
2023-07-16 23:48:47,665 : INFO : EventManager : Event: ======'mode_base_will_stop'====== Args={}
2023-07-16 23:48:47,665 : INFO : EventManager : Event: ======'mode_base_stopping'====== Args={}
2023-07-16 23:48:47,665 : INFO : Mode.base : Stopped.
2023-07-16 23:48:47,665 : INFO : EventManager : Event: ======'modes_active_modes_changed'====== Args={}
2023-07-16 23:48:47,665 : INFO : EventManager : Event: ======'mode_base_stopped'====== Args={}
2023-07-16 23:48:47,665 : INFO : EventManager : Event: ======'clear'====== Args={'key': 'base'}
2023-07-16 23:48:47,677 : INFO : EventManager : Event: ======'ball_ended'====== Args={}
2023-07-16 23:48:47,677 : INFO : ball_device.bd_drain : State: waiting_for_target_ready
2023-07-16 23:48:47,677 : INFO : EventManager : Event: ======'balldevice_bd_drain_ball_eject_attempt'====== Args={'balls': 1, 'target': <ball_device.bd_trough>, 'source': <ball_device.bd_drain>, 'mechanical_eject': False, 'num_attempts': 0}
2023-07-16 23:48:47,677 : INFO : ball_device.bd_drain : State: ejecting
2023-07-16 23:48:47,678 : INFO : ball_device.bd_drain : Ejecting ball to <ball_device.bd_trough>
2023-07-16 23:48:47,678 : INFO : EventManager : Event: ======'balldevice_bd_drain_ejecting_ball'====== Args={'balls': 1, 'target': <ball_device.bd_trough>, 'source': <ball_device.bd_drain>, 'mechanical_eject': False, 'num_attempts': 0}
2023-07-16 23:48:47,678 : INFO : EventManager : Event: ======'player_turn_will_end'====== Args={'player': <Player 1>, 'number': 1}
2023-07-16 23:48:47,679 : INFO : EventManager : Event: ======'player_turn_ending'====== Args={'player': <Player 1>, 'number': 1}
2023-07-16 23:48:47,679 : INFO : EventManager : Event: ======'player_turn_ended'====== Args={'player': <Player 1>, 'number': 1}
2023-07-16 23:48:47,679 : INFO : ball_device.bd_drain : Wait for ball to leave device
2023-07-16 23:48:47,679 : INFO : coil.c_drain_kicker : Pulsing Driver for 20ms (1.0 pulse_power)
2023-07-16 23:48:47,679 : INFO : SwitchController : <<<<<<< 's_drain_detect' inactive >>>>>>>
2023-07-16 23:48:47,682 : INFO : EventManager : Event: ======'game_will_end'====== Args={}
2023-07-16 23:48:47,682 : INFO : EventManager : Event: ======'game_ending'====== Args={}
2023-07-16 23:48:47,682 : INFO : ball_device.bd_drain : State: ball_left
2023-07-16 23:48:47,682 : INFO : ball_device.bd_drain : Ball left
2023-07-16 23:48:47,682 : INFO : ball_device.bd_drain : Wait for confirm with timeout 10.0
2023-07-16 23:48:47,682 : INFO : EventManager : Event: ======'game_ended'====== Args={}
2023-07-16 23:48:47,682 : INFO : EventManager : Event: ======'mode_game_will_stop'====== Args={}
2023-07-16 23:48:47,682 : INFO : EventManager : Event: ======'mode_game_stopping'====== Args={}
2023-07-16 23:48:47,682 : INFO : EventManager : Event: ======'mode_attract_will_start'====== Args={}
2023-07-16 23:48:47,683 : INFO : EventManager : Event: ======'mode_attract_starting'====== Args={}
2023-07-16 23:48:47,683 : INFO : Mode.attract : Started. Priority: 10
2023-07-16 23:48:47,683 : INFO : EventManager : Event: ======'modes_active_modes_changed'====== Args={}
2023-07-16 23:48:47,683 : INFO : EventManager : Event: ======'mode_attract_started'====== Args={}
2023-07-16 23:48:47,683 : INFO : EventManager : Event: ======'collecting_balls_complete'====== Args={}
2023-07-16 23:48:47,683 : INFO : Mode.game : Stopped.
2023-07-16 23:48:47,683 : INFO : EventManager : Event: ======'modes_active_modes_changed'====== Args={}
2023-07-16 23:48:47,683 : INFO : EventManager : Event: ======'mode_game_stopped'====== Args={}
2023-07-16 23:48:47,684 : INFO : EventManager : Event: ======'clear'====== Args={'key': 'game'}
2023-07-16 23:48:47,771 : INFO : SwitchController : <<<<<<< 's_trough_1' active >>>>>>>
2023-07-16 23:48:48,283 : INFO : EventManager : Event: ======'balldevice_bd_trough_ball_count_changed'====== Args={'balls': 4}
2023-07-16 23:48:48,283 : INFO : ball_device.bd_trough : Received ball from <ball_device.bd_drain>
2023-07-16 23:48:48,283 : INFO : EventManager : Event: ======'balldevice_bd_trough_ball_enter'====== Args={'new_balls': 1, 'unclaimed_balls': 0, 'new_available_balls': 0, 'device': <ball_device.bd_trough>}
2023-07-16 23:48:48,283 : INFO : EventManager : Event: ======'ball_drain'====== Args={'device': <ball_device.bd_trough>, 'balls': 0}
2023-07-16 23:48:48,283 : INFO : EventManager : Event: ======'balldevice_bd_trough_ball_entered'====== Args={'new_balls': 0, 'device': <ball_device.bd_trough>}
2023-07-16 23:48:48,283 : INFO : ball_device.bd_drain : Got eject confirm
2023-07-16 23:48:48,283 : INFO : ball_device.bd_drain : Eject successful
2023-07-16 23:48:48,283 : INFO : EventManager : Event: ======'balldevice_bd_drain_ball_eject_success'====== Args={'balls': 1, 'target': <ball_device.bd_trough>}
2023-07-16 23:48:48,283 : INFO : EventManager : Event: ======'balldevice_bd_drain_ball_count_changed'====== Args={'balls': 0}
2023-07-16 23:48:48,284 : INFO : ball_device.bd_drain : State: idle
2023-07-16 23:48:48,721 : WARNING : SwitchController : Received duplicate switch state 0 for switch s_drain_detect from the platform interface. Log Code: Log-SwitchController-1 (https://docs.missionpinball.org/en/0.56/logs/Log-SwitchController-1.html)
2023-07-16 23:49:30,936 : INFO : Machine : Shutting down...
2023-07-16 23:49:30,937 : INFO : EventManager : Event: ======'shutdown'====== Args={}
2023-07-16 23:49:30,939 : INFO : root : MPF run loop ended.
