2023-07-11 21:46:16,080 : INFO : root : Loading config.
2023-07-11 21:46:16,083 : INFO : YamlMultifileConfigLoader : Machine config file #1: config.yaml
2023-07-11 21:46:16,084 : WARNING : ConfigProcessor : Config file in cache changed: d:\MPF\springbreak\config\config.yaml
2023-07-11 21:46:16,084 : INFO : ConfigProcessor : Loading config from file C:\Users\warzz\AppData\Local\Programs\Python\Python39\lib\site-packages\mpf\mpfconfig.yaml.
2023-07-11 21:46:16,138 : INFO : ConfigProcessor : Loading config: C:\Users\warzz\AppData\Local\Programs\Python\Python39\lib\site-packages\mpf\mpfconfig.yaml
2023-07-11 21:46:16,139 : INFO : ConfigProcessor : Loading config from file d:\MPF\springbreak\config\config.yaml.
2023-07-11 21:46:16,147 : INFO : ConfigProcessor : Loading config: d:\MPF\springbreak\config\config.yaml
2023-07-11 21:46:16,149 : INFO : ConfigProcessor : Loading config: d:\MPF\springbreak\config\switches.yaml
2023-07-11 21:46:16,152 : INFO : ConfigProcessor : Loading config: d:\MPF\springbreak\config\coils.yaml
2023-07-11 21:46:16,154 : INFO : ConfigProcessor : Loading config: d:\MPF\springbreak\config\devices.yaml
2023-07-11 21:46:16,155 : INFO : ConfigProcessor : Config file cache created: C:\Users\warzz\AppData\Local\Temp\c7ddc35c564c409ccec16ce42249e5f8.mpf_cache
2023-07-11 21:46:16,220 : INFO : ConfigProcessor : Loading config from cache: C:\Users\warzz\AppData\Local\Temp\b77c3901e90ec7d7cc601651512a0021.mpf_cache
2023-07-11 21:46:16,221 : INFO : ConfigProcessor : Loading config from cache: C:\Users\warzz\AppData\Local\Temp\a5b2fce8b210d64acc95275c2c9a2339.mpf_cache
2023-07-11 21:46:16,222 : INFO : Machine : Mission Pinball Framework Core Engine v0.56.0
2023-07-11 21:46:16,222 : INFO : Machine : Command line arguments: {'no_load_cache': False, 'create_config_cache': True, 'bcp': False, 'configfile': ['config.yaml'], 'force_assets_load': False, 'jsonlogging': False, 'logfile': 'logs\\2023-07-11-21-46-16-mpf-DESKTOP-VQ7DOMB.log', 'pause': False, 'production': False, 'text_ui': False, 'loglevel': 15, 'consoleloglevel': 20, 'force_platform': None, 'syslog_address': None, 'mc_file_name': None, 'no_sound': False}
2023-07-11 21:46:16,222 : INFO : Machine : MPF path: C:\Users\warzz\AppData\Local\Programs\Python\Python39\lib\site-packages\mpf
2023-07-11 21:46:16,222 : INFO : Machine : Machine path: d:\MPF\springbreak
2023-07-11 21:46:16,222 : INFO : Machine : Platform: win32
2023-07-11 21:46:16,222 : INFO : Machine : Python executable location: C:\Users\warzz\AppData\Local\Programs\Python\Python39\python.exe
2023-07-11 21:46:16,222 : INFO : Machine : Python version: 3.9.13 (64-bit)
2023-07-11 21:46:16,224 : INFO : Machine : Initialise MPF.
2023-07-11 21:46:16,280 : INFO : EventManager : Event: ======'machine_var_credits_string'====== Args={'value': 'FREE PLAY', 'prev_value': None, 'change': True}
2023-07-11 21:46:16,316 : INFO : EventManager : Event: ======'machine_var_master_volume'====== Args={'value': 0.5, 'prev_value': None, 'change': True}
2023-07-11 21:46:16,316 : INFO : EventManager : Event: ======'machine_var_mpf_version'====== Args={'value': 'MPF v0.56.0', 'prev_value': None, 'change': True}
2023-07-11 21:46:16,316 : INFO : EventManager : Event: ======'machine_var_mpf_extended_version'====== Args={'value': 'MPF v0.56.0, Config version:5, Show version: 5, BCP version:1.1', 'prev_value': None, 'change': True}
2023-07-11 21:46:16,316 : INFO : EventManager : Event: ======'machine_var_python_version'====== Args={'value': '3.9.13', 'prev_value': None, 'change': True}
2023-07-11 21:46:16,324 : INFO : EventManager : Event: ======'machine_var_platform'====== Args={'value': 'Windows-10-10.0.19045-SP0', 'prev_value': None, 'change': True}
2023-07-11 21:46:16,324 : INFO : EventManager : Event: ======'machine_var_platform_system'====== Args={'value': 'Windows', 'prev_value': None, 'change': True}
2023-07-11 21:46:16,325 : INFO : EventManager : Event: ======'machine_var_platform_release'====== Args={'value': '10', 'prev_value': None, 'change': True}
2023-07-11 21:46:16,325 : INFO : EventManager : Event: ======'machine_var_platform_version'====== Args={'value': '10.0.19045', 'prev_value': None, 'change': True}
2023-07-11 21:46:16,325 : INFO : EventManager : Event: ======'machine_var_platform_machine'====== Args={'value': 'AMD64', 'prev_value': None, 'change': True}
2023-07-11 21:46:16,325 : INFO : EventManager : Event: ======'init_phase_1'====== Args={}
2023-07-11 21:46:16,334 : INFO : EventManager : Event: ======'init_phase_2'====== Args={}
2023-07-11 21:46:16,339 : INFO : EventManager : Event: ======'init_phase_3'====== Args={}
2023-07-11 21:46:16,340 : INFO : EventManager : Event: ======'init_phase_4'====== Args={}
2023-07-11 21:46:16,341 : INFO : EventManager : Event: ======'machine_var_audits_switches_s_flipper_left'====== Args={'value': 0, 'prev_value': None, 'change': True}
2023-07-11 21:46:16,341 : INFO : EventManager : Event: ======'machine_var_audits_switches_s_flipper_right'====== Args={'value': 0, 'prev_value': None, 'change': True}
2023-07-11 21:46:16,341 : INFO : EventManager : Event: ======'machine_var_audits_switches_s_start_btn'====== Args={'value': 0, 'prev_value': None, 'change': True}
2023-07-11 21:46:16,341 : INFO : EventManager : Event: ======'machine_var_audits_events_game_started'====== Args={'value': 0, 'prev_value': None, 'change': True}
2023-07-11 21:46:16,341 : INFO : EventManager : Event: ======'machine_var_audits_events_game_ended'====== Args={'value': 0, 'prev_value': None, 'change': True}
2023-07-11 21:46:16,341 : INFO : EventManager : Event: ======'machine_var_audits_player_score'====== Args={'value': {'top': [], 'average': 0, 'total': 0}, 'prev_value': None, 'change': True}
2023-07-11 21:46:16,342 : INFO : EventManager : Event: ======'init_phase_5'====== Args={}
2023-07-11 21:46:16,342 : INFO : EventManager : Event: ======'init_done'====== Args={}
2023-07-11 21:46:16,342 : INFO : EventManager : Event: ======'machine_reset_phase_1'====== Args={}
2023-07-11 21:46:16,342 : INFO : EventManager : Event: ======'machine_reset_phase_2'====== Args={}
2023-07-11 21:46:16,342 : INFO : EventManager : Event: ======'machine_reset_phase_3'====== Args={}
2023-07-11 21:46:16,342 : INFO : EventManager : Event: ======'reset_complete'====== Args={}
2023-07-11 21:46:16,342 : INFO : EventManager : Event: ======'mode_attract_will_start'====== Args={}
2023-07-11 21:46:16,342 : INFO : EventManager : Event: ======'mode_attract_starting'====== Args={}
2023-07-11 21:46:16,342 : INFO : Mode.attract : Started. Priority: 10
2023-07-11 21:46:16,342 : INFO : EventManager : Event: ======'modes_active_modes_changed'====== Args={}
2023-07-11 21:46:16,342 : INFO : EventManager : Event: ======'mode_attract_started'====== Args={}
2023-07-11 21:46:16,343 : INFO : EventManager : Event: ======'collecting_balls_complete'====== Args={}
2023-07-11 21:46:16,343 : INFO : Machine : Starting the main run loop.
2023-07-11 21:46:16,787 : INFO : BcpServer : New client connected.
2023-07-11 21:46:20,276 : INFO : SwitchController : <<<<<<< 's_flipper_left' active >>>>>>>
2023-07-11 21:46:21,247 : INFO : SwitchController : <<<<<<< 's_flipper_left' inactive >>>>>>>
2023-07-11 21:46:21,973 : INFO : SwitchController : <<<<<<< 's_flipper_left' active >>>>>>>
2023-07-11 21:46:22,866 : INFO : SwitchController : <<<<<<< 's_flipper_left' inactive >>>>>>>
2023-07-11 21:46:30,403 : INFO : SwitchController : <<<<<<< 's_flipper_left' active >>>>>>>
2023-07-11 21:46:31,061 : INFO : SwitchController : <<<<<<< 's_flipper_left' inactive >>>>>>>
2023-07-11 21:46:31,376 : INFO : SwitchController : <<<<<<< 's_flipper_left' active >>>>>>>
2023-07-11 21:46:31,778 : INFO : SwitchController : <<<<<<< 's_flipper_left' inactive >>>>>>>
2023-07-11 21:46:32,395 : INFO : SwitchController : <<<<<<< 's_flipper_left' active >>>>>>>
2023-07-11 21:46:32,958 : INFO : SwitchController : <<<<<<< 's_flipper_left' inactive >>>>>>>
2023-07-11 21:46:33,365 : INFO : SwitchController : <<<<<<< 's_flipper_left' active >>>>>>>
2023-07-11 21:46:33,774 : INFO : SwitchController : <<<<<<< 's_flipper_left' inactive >>>>>>>
2023-07-11 21:46:34,166 : INFO : SwitchController : <<<<<<< 's_flipper_left' active >>>>>>>
2023-07-11 21:46:34,538 : INFO : SwitchController : <<<<<<< 's_flipper_left' inactive >>>>>>>
2023-07-11 21:46:35,034 : INFO : SwitchController : <<<<<<< 's_flipper_left' active >>>>>>>
2023-07-11 21:46:35,423 : INFO : SwitchController : <<<<<<< 's_flipper_left' inactive >>>>>>>
2023-07-11 21:47:50,641 : INFO : Machine : Shutting down...
2023-07-11 21:47:50,641 : INFO : EventManager : Event: ======'shutdown'====== Args={}
2023-07-11 21:47:50,644 : INFO : root : MPF run loop ended.
