2023-07-16 23:50:22,469 : INFO : root : Loading config.
2023-07-16 23:50:22,472 : INFO : YamlMultifileConfigLoader : Machine config file #1: config.yaml
2023-07-16 23:50:22,472 : INFO : ConfigProcessor : Loading config from cache: C:\Users\warzz\AppData\Local\Temp\999c2299d6c39d2b6f23a88f71ed49fc.mpf_cache
2023-07-16 23:50:22,478 : WARNING : ConfigProcessor : Config file in cache changed: D:\MPF\springbreak\config\displays.yaml
2023-07-16 23:50:22,478 : INFO : ConfigProcessor : Loading config from file C:\Users\warzz\AppData\Local\Programs\Python\Python39\lib\site-packages\mpf\mpfconfig.yaml.
2023-07-16 23:50:22,529 : INFO : ConfigProcessor : Loading config: C:\Users\warzz\AppData\Local\Programs\Python\Python39\lib\site-packages\mpf\mpfconfig.yaml
2023-07-16 23:50:22,529 : INFO : ConfigProcessor : Loading config from file D:\MPF\springbreak\config\config.yaml.
2023-07-16 23:50:22,532 : INFO : ConfigProcessor : Loading config: D:\MPF\springbreak\config\config.yaml
2023-07-16 23:50:22,537 : INFO : ConfigProcessor : Loading config: D:\MPF\springbreak\config\coils.yaml
2023-07-16 23:50:22,541 : INFO : ConfigProcessor : Loading config: D:\MPF\springbreak\config\switches.yaml
2023-07-16 23:50:22,545 : INFO : ConfigProcessor : Loading config: D:\MPF\springbreak\config\devices.yaml
2023-07-16 23:50:22,553 : INFO : ConfigProcessor : Loading config: D:\MPF\springbreak\config\displays.yaml
2023-07-16 23:50:22,555 : INFO : ConfigProcessor : Loading config: D:\MPF\springbreak\config\keyboard.yaml
2023-07-16 23:50:22,557 : INFO : ConfigProcessor : Config file cache created: C:\Users\warzz\AppData\Local\Temp\999c2299d6c39d2b6f23a88f71ed49fc.mpf_cache
2023-07-16 23:50:22,621 : INFO : ConfigProcessor : Loading config from cache: C:\Users\warzz\AppData\Local\Temp\b77c3901e90ec7d7cc601651512a0021.mpf_cache
2023-07-16 23:50:22,621 : INFO : ConfigProcessor : Loading config from cache: C:\Users\warzz\AppData\Local\Temp\a5b2fce8b210d64acc95275c2c9a2339.mpf_cache
2023-07-16 23:50:22,622 : INFO : ConfigProcessor : Loading config from cache: C:\Users\warzz\AppData\Local\Temp\f8d84beef5f99d10c74fd589715eb307.mpf_cache
2023-07-16 23:50:22,622 : INFO : Machine : Mission Pinball Framework Core Engine v0.56.0
2023-07-16 23:50:22,623 : INFO : Machine : Command line arguments: {'no_load_cache': False, 'create_config_cache': True, 'bcp': True, 'configfile': ['config.yaml'], 'force_assets_load': False, 'jsonlogging': False, 'logfile': 'logs\\2023-07-16-23-50-22-mpf-DESKTOP-VQ7DOMB.log', 'pause': False, 'production': False, 'text_ui': True, 'loglevel': 15, 'consoleloglevel': 20, 'force_platform': 'smart_virtual', 'syslog_address': None, 'mc_file_name': None, 'no_sound': False}
2023-07-16 23:50:22,623 : INFO : Machine : MPF path: C:\Users\warzz\AppData\Local\Programs\Python\Python39\lib\site-packages\mpf
2023-07-16 23:50:22,623 : INFO : Machine : Machine path: D:\MPF\springbreak
2023-07-16 23:50:22,623 : INFO : Machine : Platform: win32
2023-07-16 23:50:22,623 : INFO : Machine : Python executable location: C:\Users\warzz\AppData\Local\Programs\Python\Python39\python.exe
2023-07-16 23:50:22,623 : INFO : Machine : Python version: 3.9.13 (64-bit)
2023-07-16 23:50:22,624 : INFO : Machine : Initialise MPF.
2023-07-16 23:50:22,775 : INFO : EventManager : Event: ======'machine_var_credits_string'====== Args={'value': 'FREE PLAY', 'prev_value': None, 'change': True}
2023-07-16 23:50:22,818 : INFO : EventManager : Event: ======'machine_var_master_volume'====== Args={'value': 0.5, 'prev_value': None, 'change': True}
2023-07-16 23:50:22,818 : INFO : EventManager : Event: ======'machine_var_player1_score'====== Args={'value': 0, 'prev_value': None, 'change': True}
2023-07-16 23:50:22,818 : INFO : EventManager : Event: ======'machine_var_mpf_version'====== Args={'value': 'MPF v0.56.0', 'prev_value': None, 'change': True}
2023-07-16 23:50:22,818 : INFO : EventManager : Event: ======'machine_var_mpf_extended_version'====== Args={'value': 'MPF v0.56.0, Config version:5, Show version: 5, BCP version:1.1', 'prev_value': None, 'change': True}
2023-07-16 23:50:22,818 : INFO : EventManager : Event: ======'machine_var_python_version'====== Args={'value': '3.9.13', 'prev_value': None, 'change': True}
2023-07-16 23:50:22,826 : INFO : EventManager : Event: ======'machine_var_platform'====== Args={'value': 'Windows-10-10.0.19045-SP0', 'prev_value': None, 'change': True}
2023-07-16 23:50:22,826 : INFO : EventManager : Event: ======'machine_var_platform_system'====== Args={'value': 'Windows', 'prev_value': None, 'change': True}
2023-07-16 23:50:22,826 : INFO : EventManager : Event: ======'machine_var_platform_release'====== Args={'value': '10', 'prev_value': None, 'change': True}
2023-07-16 23:50:22,826 : INFO : EventManager : Event: ======'machine_var_platform_version'====== Args={'value': '10.0.19045', 'prev_value': None, 'change': True}
2023-07-16 23:50:22,826 : INFO : EventManager : Event: ======'machine_var_platform_machine'====== Args={'value': 'AMD64', 'prev_value': None, 'change': True}
2023-07-16 23:50:22,826 : INFO : EventManager : Event: ======'init_phase_1'====== Args={}
2023-07-16 23:50:22,837 : INFO : EventManager : Event: ======'init_phase_2'====== Args={}
2023-07-16 23:50:22,837 : INFO : SwitchController : Found active switch: ('0-0-26', <Platform.SmartVirtual>) <switch.s_trough_1>
2023-07-16 23:50:22,838 : INFO : EventManager : Event: ======'bcp_connection_attempt'====== Args={'name': 'local_display', 'host': 'localhost', 'port': 5050}
2023-07-16 23:50:22,840 : INFO : BCPClientSocket : Connecting BCP to 'local_display' at localhost:5050...
2023-07-16 23:50:24,881 : INFO : BCPClientSocket : Connected BCP to 'local_display' localhost:5050
2023-07-16 23:50:24,882 : INFO : EventManager : Event: ======'bcp_clients_connected'====== Args={}
2023-07-16 23:50:24,887 : INFO : ball_device.bd_drain : BCH: Initial count: 0
2023-07-16 23:50:24,888 : INFO : EventManager : Event: ======'machine_var_mc_version'====== Args={'value': 'MPF-MC v0.56.1', 'prev_value': None, 'change': True}
2023-07-16 23:50:24,888 : INFO : EventManager : Event: ======'machine_var_mc_extended_version'====== Args={'value': 'MPF-MC v0.56.1 (config_version=5, BCP v1.1,                      Requires MPF API compatibility v0.56.0 or newer)', 'prev_value': None, 'change': True}
2023-07-16 23:50:24,889 : INFO : ball_device.bd_drain : State: idle
2023-07-16 23:50:24,900 : INFO : ball_device.bd_trough : BCH: Initial count: 4
2023-07-16 23:50:24,901 : INFO : ball_device.bd_trough : State: idle
2023-07-16 23:50:24,901 : INFO : ball_device.bd_plunger : BCH: Initial count: 0
2023-07-16 23:50:24,901 : INFO : ball_device.bd_plunger : State: idle
2023-07-16 23:50:24,914 : INFO : EventManager : Event: ======'init_phase_3'====== Args={}
2023-07-16 23:50:24,917 : INFO : EventManager : Event: ======'init_phase_4'====== Args={}
2023-07-16 23:50:24,917 : INFO : BallController : Initial balls found: 4
2023-07-16 23:50:24,918 : INFO : EventManager : Event: ======'machine_var_audits_events_game_ended'====== Args={'value': 7, 'prev_value': None, 'change': True}
2023-07-16 23:50:24,918 : INFO : EventManager : Event: ======'machine_var_audits_events_game_started'====== Args={'value': 12, 'prev_value': None, 'change': True}
2023-07-16 23:50:24,918 : INFO : EventManager : Event: ======'machine_var_audits_player_score'====== Args={'value': {'average': 0.0, 'top': [0, 0, 0, 0, 0, 0, 0], 'total': 7}, 'prev_value': None, 'change': True}
2023-07-16 23:50:24,918 : INFO : EventManager : Event: ======'machine_var_audits_switches_s_drain_detect'====== Args={'value': 30, 'prev_value': None, 'change': True}
2023-07-16 23:50:24,919 : INFO : EventManager : Event: ======'machine_var_audits_switches_s_flipper_left'====== Args={'value': 3, 'prev_value': None, 'change': True}
2023-07-16 23:50:24,919 : INFO : EventManager : Event: ======'machine_var_audits_switches_s_flipper_right'====== Args={'value': 29, 'prev_value': None, 'change': True}
2023-07-16 23:50:24,919 : INFO : EventManager : Event: ======'machine_var_audits_switches_s_plunger_detect'====== Args={'value': 27, 'prev_value': None, 'change': True}
2023-07-16 23:50:24,919 : INFO : EventManager : Event: ======'machine_var_audits_switches_s_plunger_exit'====== Args={'value': 12, 'prev_value': None, 'change': True}
2023-07-16 23:50:24,919 : INFO : EventManager : Event: ======'machine_var_audits_switches_s_popbumper_1'====== Args={'value': 0, 'prev_value': None, 'change': True}
2023-07-16 23:50:24,919 : INFO : EventManager : Event: ======'machine_var_audits_switches_s_popbumper_2'====== Args={'value': 0, 'prev_value': None, 'change': True}
2023-07-16 23:50:24,919 : INFO : EventManager : Event: ======'machine_var_audits_switches_s_popbumper_3'====== Args={'value': 0, 'prev_value': None, 'change': True}
2023-07-16 23:50:24,920 : INFO : EventManager : Event: ======'machine_var_audits_switches_s_slingshot'====== Args={'value': 0, 'prev_value': None, 'change': True}
2023-07-16 23:50:24,920 : INFO : EventManager : Event: ======'machine_var_audits_switches_s_start_button'====== Args={'value': 0, 'prev_value': None, 'change': True}
2023-07-16 23:50:24,920 : INFO : EventManager : Event: ======'machine_var_audits_switches_s_trough_1'====== Args={'value': 20, 'prev_value': None, 'change': True}
2023-07-16 23:50:24,920 : INFO : EventManager : Event: ======'machine_var_audits_switches_s_trough_2'====== Args={'value': 0, 'prev_value': None, 'change': True}
2023-07-16 23:50:24,921 : INFO : EventManager : Event: ======'init_phase_5'====== Args={}
2023-07-16 23:50:24,932 : INFO : EventManager : Event: ======'init_done'====== Args={}
2023-07-16 23:50:24,933 : INFO : EventManager : Event: ======'machine_reset_phase_1'====== Args={}
2023-07-16 23:50:24,946 : INFO : EventManager : Event: ======'slide_welcome_slide_removed'====== Args={'_from_bcp': True}
2023-07-16 23:50:24,946 : INFO : EventManager : Event: ======'slide_welcome_slide_created'====== Args={'_from_bcp': True}
2023-07-16 23:50:24,948 : INFO : EventManager : Event: ======'slide_welcome_slide_active'====== Args={'_from_bcp': True}
2023-07-16 23:50:24,948 : INFO : EventManager : Event: ======'machine_reset_phase_2'====== Args={}
2023-07-16 23:50:24,948 : INFO : EventManager : Event: ======'machine_reset_phase_3'====== Args={}
2023-07-16 23:50:24,949 : INFO : EventManager : Event: ======'reset_complete'====== Args={}
2023-07-16 23:50:24,949 : INFO : EventManager : Event: ======'mode_attract_will_start'====== Args={}
2023-07-16 23:50:24,949 : INFO : EventManager : Event: ======'mode_attract_starting'====== Args={}
2023-07-16 23:50:24,949 : INFO : Mode.attract : Started. Priority: 10
2023-07-16 23:50:24,950 : INFO : EventManager : Event: ======'modes_active_modes_changed'====== Args={}
2023-07-16 23:50:24,950 : INFO : EventManager : Event: ======'mode_attract_started'====== Args={}
2023-07-16 23:50:24,950 : INFO : EventManager : Event: ======'collecting_balls_complete'====== Args={}
2023-07-16 23:50:24,968 : INFO : EventManager : Event: ======'slide_welcome_slide_removed'====== Args={'_from_bcp': True}
2023-07-16 23:50:24,968 : INFO : EventManager : Event: ======'slide_welcome_slide_created'====== Args={'_from_bcp': True}
2023-07-16 23:50:24,969 : INFO : EventManager : Event: ======'slide_welcome_slide_active'====== Args={'_from_bcp': True}
2023-07-16 23:50:24,969 : INFO : Machine : Starting the main run loop.
2023-07-16 23:50:27,117 : INFO : SwitchController : <<<<<<< 's_start_button' active >>>>>>>
2023-07-16 23:50:27,206 : INFO : SwitchController : <<<<<<< 's_start_button' inactive >>>>>>>
2023-07-16 23:50:27,206 : INFO : EventManager : Event: ======'request_to_start_game'====== Args={}
2023-07-16 23:50:27,206 : INFO : EventManager : Event: ======'game_start'====== Args={'buttons': [], 'hold_time': 0.0940000000409782}
2023-07-16 23:50:27,206 : INFO : EventManager : Event: ======'mode_game_will_start'====== Args={'buttons': [], 'hold_time': 0.0940000000409782}
2023-07-16 23:50:27,207 : INFO : EventManager : Event: ======'mode_game_starting'====== Args={'buttons': [], 'hold_time': 0.0940000000409782}
2023-07-16 23:50:27,207 : INFO : EventManager : Event: ======'mode_attract_will_stop'====== Args={}
2023-07-16 23:50:27,207 : INFO : EventManager : Event: ======'mode_attract_stopping'====== Args={}
2023-07-16 23:50:27,207 : INFO : Mode.attract : Stopped.
2023-07-16 23:50:27,207 : INFO : EventManager : Event: ======'modes_active_modes_changed'====== Args={}
2023-07-16 23:50:27,207 : INFO : EventManager : Event: ======'mode_attract_stopped'====== Args={}
2023-07-16 23:50:27,207 : INFO : EventManager : Event: ======'clear'====== Args={'key': 'attract'}
2023-07-16 23:50:27,208 : INFO : Mode.game : Started. Priority: 20
2023-07-16 23:50:27,208 : INFO : EventManager : Event: ======'modes_active_modes_changed'====== Args={}
2023-07-16 23:50:27,208 : INFO : EventManager : Event: ======'mode_game_started'====== Args={'buttons': [], 'hold_time': 0.0940000000409782}
2023-07-16 23:50:27,211 : INFO : EventManager : Event: ======'game_will_start'====== Args={}
2023-07-16 23:50:27,211 : INFO : EventManager : Event: ======'game_starting'====== Args={'game': <Mode.game>}
2023-07-16 23:50:27,212 : INFO : EventManager : Event: ======'player_add_request'====== Args={}
2023-07-16 23:50:27,212 : INFO : EventManager : Event: ======'player_will_add'====== Args={'number': 1}
2023-07-16 23:50:27,212 : INFO : EventManager : Event: ======'player_adding'====== Args={'player': <Player 1>, 'number': 1}
2023-07-16 23:50:27,212 : INFO : EventManager : Event: ======'player_added'====== Args={'player': <Player 1>, 'num': 1}
2023-07-16 23:50:27,212 : INFO : Mode.game : Player added successfully. Total players: 1
2023-07-16 23:50:27,212 : INFO : EventManager : Event: ======'player_index'====== Args={'value': 0, 'prev_value': 0, 'change': 0, 'player_num': 1}
2023-07-16 23:50:27,212 : INFO : EventManager : Event: ======'player_number'====== Args={'value': 1, 'prev_value': 1, 'change': 0, 'player_num': 1}
2023-07-16 23:50:27,212 : INFO : EventManager : Event: ======'player_score'====== Args={'value': 0, 'prev_value': 0, 'change': 0, 'player_num': 1}
2023-07-16 23:50:27,213 : INFO : EventManager : Event: ======'game_started'====== Args={}
2023-07-16 23:50:27,217 : INFO : EventManager : Event: ======'player_turn_will_start'====== Args={'player': <Player 1>, 'number': 1}
2023-07-16 23:50:27,218 : INFO : EventManager : Event: ======'player_turn_starting'====== Args={'player': <Player 1>, 'number': 1}
2023-07-16 23:50:27,218 : INFO : EventManager : Event: ======'player_ball'====== Args={'value': 1, 'prev_value': 0, 'change': 1, 'player_num': 1}
2023-07-16 23:50:27,222 : INFO : EventManager : Event: ======'player_turn_started'====== Args={'player': <Player 1>, 'number': 1}
2023-07-16 23:50:27,223 : INFO : EventManager : Event: ======'ball_will_start'====== Args={'player': 1, 'ball': 1, 'balls_remaining': 2, 'is_extra_ball': False}
2023-07-16 23:50:27,224 : INFO : EventManager : Event: ======'ball_starting'====== Args={'player': 1, 'ball': 1, 'balls_remaining': 2, 'is_extra_ball': False}
2023-07-16 23:50:27,225 : INFO : EventManager : Event: ======'balls_in_play'====== Args={'balls': 1}
2023-07-16 23:50:27,225 : INFO : EventManager : Event: ======'ball_started'====== Args={'player': 1, 'ball': 1, 'balls_remaining': 2, 'is_extra_ball': False}
2023-07-16 23:50:27,225 : INFO : EventManager : Event: ======'mode_base_will_start'====== Args={'player': 1, 'ball': 1, 'balls_remaining': 2, 'is_extra_ball': False}
2023-07-16 23:50:27,225 : INFO : EventManager : Event: ======'mode_base_starting'====== Args={'player': 1, 'ball': 1, 'balls_remaining': 2, 'is_extra_ball': False}
2023-07-16 23:50:27,226 : INFO : Mode.base : Started. Priority: 100
2023-07-16 23:50:27,226 : INFO : EventManager : Event: ======'modes_active_modes_changed'====== Args={}
2023-07-16 23:50:27,226 : INFO : EventManager : Event: ======'mode_base_started'====== Args={'player': 1, 'ball': 1, 'balls_remaining': 2, 'is_extra_ball': False}
2023-07-16 23:50:27,226 : INFO : EventManager : Event: ======'single_player_ball_started'====== Args={}
2023-07-16 23:50:27,242 : INFO : EventManager : Event: ======'ball_start_target'====== Args={'target': 'playfield'}
2023-07-16 23:50:27,242 : INFO : EventManager : Event: ======'slide__global.slide_player-mode_base_started_created'====== Args={'_from_bcp': True}
2023-07-16 23:50:27,242 : INFO : EventManager : Event: ======'slide__global.slide_player-mode_base_started_active'====== Args={'_from_bcp': True}
2023-07-16 23:50:27,242 : INFO : ball_device.bd_plunger : Setting up player-controlled eject. Balls: 1, Target: <playfield.playfield>, player_controlled_eject_event: s_flipper_right_active
2023-07-16 23:50:27,242 : INFO : EventManager : Event: ======'balldevice_balls_available'====== Args={}
2023-07-16 23:50:27,243 : INFO : ball_device.bd_trough : State: waiting_for_target_ready
2023-07-16 23:50:27,243 : INFO : EventManager : Event: ======'balldevice_bd_trough_ball_eject_attempt'====== Args={'balls': 1, 'target': <ball_device.bd_plunger>, 'source': <ball_device.bd_trough>, 'mechanical_eject': True, 'num_attempts': 0}
2023-07-16 23:50:27,243 : INFO : ball_device.bd_plunger : State: waiting_for_ball
2023-07-16 23:50:27,243 : INFO : ball_device.bd_trough : State: ejecting
2023-07-16 23:50:27,243 : INFO : ball_device.bd_trough : Ejecting ball to <ball_device.bd_plunger>
2023-07-16 23:50:27,243 : INFO : EventManager : Event: ======'balldevice_bd_trough_ejecting_ball'====== Args={'balls': 1, 'target': <ball_device.bd_plunger>, 'source': <ball_device.bd_trough>, 'mechanical_eject': True, 'num_attempts': 0}
2023-07-16 23:50:27,243 : INFO : ball_device.bd_trough : Wait for ball to leave device
2023-07-16 23:50:27,244 : INFO : coil.c_trough_eject : Enabling Driver for 1000ms (1.0 pulse_power)
2023-07-16 23:50:27,244 : INFO : SwitchController : <<<<<<< 's_trough_1' inactive >>>>>>>
2023-07-16 23:50:27,247 : INFO : ball_device.bd_trough : State: ball_left
2023-07-16 23:50:27,247 : INFO : ball_device.bd_trough : Ball left
2023-07-16 23:50:27,247 : INFO : ball_device.bd_trough : Wait for confirm with timeout 3.0
2023-07-16 23:50:27,343 : INFO : SwitchController : <<<<<<< 's_plunger_detect' active >>>>>>>
2023-07-16 23:50:27,343 : INFO : EventManager : Event: ======'machine_var_audits_switches_s_plunger_detect'====== Args={'value': 28, 'prev_value': 27, 'change': 1}
2023-07-16 23:50:27,859 : INFO : ball_device.bd_plunger : Received ball from <ball_device.bd_trough>
2023-07-16 23:50:27,859 : INFO : EventManager : Event: ======'balldevice_bd_plunger_ball_enter'====== Args={'new_balls': 1, 'unclaimed_balls': 0, 'new_available_balls': 0, 'device': <ball_device.bd_plunger>}
2023-07-16 23:50:27,859 : INFO : EventManager : Event: ======'balldevice_bd_plunger_ball_entered'====== Args={'new_balls': 0, 'device': <ball_device.bd_plunger>}
2023-07-16 23:50:27,859 : INFO : EventManager : Event: ======'balldevice_bd_plunger_ball_count_changed'====== Args={'balls': 1}
2023-07-16 23:50:27,859 : INFO : ball_device.bd_trough : Got eject confirm
2023-07-16 23:50:27,859 : INFO : ball_device.bd_trough : Eject successful
2023-07-16 23:50:27,859 : INFO : EventManager : Event: ======'balldevice_bd_trough_ball_eject_success'====== Args={'balls': 1, 'target': <ball_device.bd_plunger>}
2023-07-16 23:50:27,860 : INFO : ball_device.bd_plunger : State: waiting_for_target_ready
2023-07-16 23:50:27,860 : INFO : EventManager : Event: ======'balldevice_bd_plunger_ball_eject_attempt'====== Args={'balls': 1, 'target': <playfield.playfield>, 'source': <ball_device.bd_plunger>, 'mechanical_eject': True, 'num_attempts': 0}
2023-07-16 23:50:27,860 : INFO : EventManager : Event: ======'balldevice_bd_trough_ball_count_changed'====== Args={'balls': 3}
2023-07-16 23:50:27,860 : INFO : ball_device.bd_trough : State: idle
2023-07-16 23:50:27,860 : INFO : ball_device.bd_plunger : State: ejecting
2023-07-16 23:50:27,860 : INFO : ball_device.bd_plunger : Ejecting ball to <playfield.playfield>
2023-07-16 23:50:27,860 : INFO : EventManager : Event: ======'balldevice_bd_plunger_ejecting_ball'====== Args={'balls': 1, 'target': <playfield.playfield>, 'source': <ball_device.bd_plunger>, 'mechanical_eject': True, 'num_attempts': 0}
2023-07-16 23:50:27,860 : INFO : ball_device.bd_plunger : Wait for ball to leave device
2023-07-16 23:50:28,247 : INFO : coil.c_trough_eject : Disabling Driver
2023-07-16 23:50:28,771 : INFO : SwitchController : <<<<<<< 's_flipper_right' active >>>>>>>
2023-07-16 23:50:28,771 : INFO : EventManager : Event: ======'s_flipper_right_active'====== Args={}
2023-07-16 23:50:28,771 : INFO : EventManager : Event: ======'machine_var_audits_switches_s_flipper_right'====== Args={'value': 30, 'prev_value': 29, 'change': 1}
2023-07-16 23:50:28,849 : INFO : coil.c_plunger : Pulsing Driver for 20ms (1.0 pulse_power)
2023-07-16 23:50:28,849 : INFO : SwitchController : <<<<<<< 's_plunger_detect' inactive >>>>>>>
2023-07-16 23:50:28,852 : INFO : ball_device.bd_plunger : State: ball_left
2023-07-16 23:50:28,852 : INFO : ball_device.bd_plunger : Ball left
2023-07-16 23:50:28,852 : INFO : ball_device.bd_plunger : Wait for confirm with timeout 10.0
2023-07-16 23:50:28,859 : INFO : SwitchController : <<<<<<< 's_flipper_right' inactive >>>>>>>
2023-07-16 23:50:31,421 : INFO : SwitchController : <<<<<<< 's_plunger_exit' active >>>>>>>
2023-07-16 23:50:31,421 : INFO : EventManager : Event: ======'sw_playfield_active'====== Args={}
2023-07-16 23:50:31,422 : INFO : EventManager : Event: ======'machine_var_audits_switches_s_plunger_exit'====== Args={'value': 13, 'prev_value': 12, 'change': 1}
2023-07-16 23:50:31,423 : INFO : EventManager : Event: ======'playfield_active'====== Args={}
2023-07-16 23:50:31,426 : INFO : ball_device.bd_plunger : Got eject confirm
2023-07-16 23:50:31,427 : INFO : ball_device.bd_plunger : Eject successful
2023-07-16 23:50:31,427 : INFO : EventManager : Event: ======'balldevice_bd_plunger_ball_eject_success'====== Args={'balls': 1, 'target': <playfield.playfield>}
2023-07-16 23:50:31,427 : INFO : EventManager : Event: ======'balldevice_playfield_ball_enter'====== Args={'new_balls': 1, 'unclaimed_balls': 1, 'device': <playfield.playfield>}
2023-07-16 23:50:31,427 : INFO : EventManager : Event: ======'playfield_ball_count_change'====== Args={'balls': 1, 'change': 1}
2023-07-16 23:50:31,427 : INFO : EventManager : Event: ======'balldevice_bd_plunger_ball_count_changed'====== Args={'balls': 0}
2023-07-16 23:50:31,427 : INFO : ball_device.bd_plunger : State: idle
2023-07-16 23:50:31,521 : INFO : SwitchController : <<<<<<< 's_plunger_exit' inactive >>>>>>>
2023-07-16 23:50:32,185 : INFO : SwitchController : <<<<<<< 's_drain_detect' active >>>>>>>
2023-07-16 23:50:32,185 : INFO : EventManager : Event: ======'machine_var_audits_switches_s_drain_detect'====== Args={'value': 31, 'prev_value': 30, 'change': 1}
2023-07-16 23:50:32,683 : INFO : EventManager : Event: ======'balldevice_bd_drain_ball_count_changed'====== Args={'balls': 1}
2023-07-16 23:50:32,683 : INFO : ball_device.bd_drain : Received unexpected ball
2023-07-16 23:50:32,683 : INFO : EventManager : Event: ======'balldevice_captured_from_playfield'====== Args={'balls': 1}
2023-07-16 23:50:32,683 : INFO : EventManager : Event: ======'sw_playfield_active'====== Args={'balls': 1}
2023-07-16 23:50:32,683 : INFO : EventManager : Event: ======'playfield_ball_count_change'====== Args={'balls': 0, 'change': -1}
2023-07-16 23:50:32,683 : INFO : EventManager : Event: ======'balldevice_bd_drain_ball_enter'====== Args={'new_balls': 1, 'unclaimed_balls': 1, 'new_available_balls': 1, 'device': <ball_device.bd_drain>}
2023-07-16 23:50:32,683 : INFO : EventManager : Event: ======'ball_drain'====== Args={'device': <ball_device.bd_drain>, 'balls': 1}
2023-07-16 23:50:32,683 : INFO : EventManager : Event: ======'ball_will_end'====== Args={}
2023-07-16 23:50:32,683 : INFO : EventManager : Event: ======'balldevice_balls_available'====== Args={}
2023-07-16 23:50:32,684 : INFO : EventManager : Event: ======'balldevice_balls_available'====== Args={}
2023-07-16 23:50:32,684 : INFO : EventManager : Event: ======'balldevice_bd_drain_ball_entered'====== Args={'new_balls': 1, 'device': <ball_device.bd_drain>}
2023-07-16 23:50:32,684 : INFO : EventManager : Event: ======'ball_ending'====== Args={}
2023-07-16 23:50:32,684 : INFO : EventManager : Event: ======'mode_base_will_stop'====== Args={}
2023-07-16 23:50:32,684 : INFO : EventManager : Event: ======'mode_base_stopping'====== Args={}
2023-07-16 23:50:32,684 : INFO : Mode.base : Stopped.
2023-07-16 23:50:32,684 : INFO : EventManager : Event: ======'modes_active_modes_changed'====== Args={}
2023-07-16 23:50:32,684 : INFO : EventManager : Event: ======'mode_base_stopped'====== Args={}
2023-07-16 23:50:32,684 : INFO : EventManager : Event: ======'clear'====== Args={'key': 'base'}
2023-07-16 23:50:32,698 : INFO : EventManager : Event: ======'ball_ended'====== Args={}
2023-07-16 23:50:32,698 : INFO : ball_device.bd_drain : State: waiting_for_target_ready
2023-07-16 23:50:32,698 : INFO : EventManager : Event: ======'balldevice_bd_drain_ball_eject_attempt'====== Args={'balls': 1, 'target': <ball_device.bd_trough>, 'source': <ball_device.bd_drain>, 'mechanical_eject': False, 'num_attempts': 0}
2023-07-16 23:50:32,699 : INFO : ball_device.bd_drain : State: ejecting
2023-07-16 23:50:32,699 : INFO : ball_device.bd_drain : Ejecting ball to <ball_device.bd_trough>
2023-07-16 23:50:32,699 : INFO : EventManager : Event: ======'balldevice_bd_drain_ejecting_ball'====== Args={'balls': 1, 'target': <ball_device.bd_trough>, 'source': <ball_device.bd_drain>, 'mechanical_eject': False, 'num_attempts': 0}
2023-07-16 23:50:32,699 : INFO : EventManager : Event: ======'player_turn_will_end'====== Args={'player': <Player 1>, 'number': 1}
2023-07-16 23:50:32,700 : INFO : EventManager : Event: ======'player_turn_ending'====== Args={'player': <Player 1>, 'number': 1}
2023-07-16 23:50:32,701 : INFO : EventManager : Event: ======'player_turn_ended'====== Args={'player': <Player 1>, 'number': 1}
2023-07-16 23:50:32,701 : INFO : ball_device.bd_drain : Wait for ball to leave device
2023-07-16 23:50:32,701 : INFO : coil.c_drain_kicker : Pulsing Driver for 20ms (1.0 pulse_power)
2023-07-16 23:50:32,701 : INFO : SwitchController : <<<<<<< 's_drain_detect' inactive >>>>>>>
2023-07-16 23:50:32,703 : INFO : EventManager : Event: ======'player_turn_will_start'====== Args={'player': <Player 1>, 'number': 1}
2023-07-16 23:50:32,703 : INFO : EventManager : Event: ======'player_turn_starting'====== Args={'player': <Player 1>, 'number': 1}
2023-07-16 23:50:32,703 : INFO : EventManager : Event: ======'player_ball'====== Args={'value': 2, 'prev_value': 1, 'change': 1, 'player_num': 1}
2023-07-16 23:50:32,703 : INFO : EventManager : Event: ======'player_turn_started'====== Args={'player': <Player 1>, 'number': 1}
2023-07-16 23:50:32,703 : INFO : ball_device.bd_drain : State: ball_left
2023-07-16 23:50:32,703 : INFO : ball_device.bd_drain : Ball left
2023-07-16 23:50:32,703 : INFO : ball_device.bd_drain : Wait for confirm with timeout 10.0
2023-07-16 23:50:32,704 : INFO : EventManager : Event: ======'ball_will_start'====== Args={'player': 1, 'ball': 2, 'balls_remaining': 1, 'is_extra_ball': False}
2023-07-16 23:50:32,705 : INFO : EventManager : Event: ======'ball_starting'====== Args={'player': 1, 'ball': 2, 'balls_remaining': 1, 'is_extra_ball': False}
2023-07-16 23:50:32,705 : INFO : EventManager : Event: ======'balls_in_play'====== Args={'balls': 1}
2023-07-16 23:50:32,705 : INFO : EventManager : Event: ======'ball_started'====== Args={'player': 1, 'ball': 2, 'balls_remaining': 1, 'is_extra_ball': False}
2023-07-16 23:50:32,705 : INFO : EventManager : Event: ======'mode_base_will_start'====== Args={'player': 1, 'ball': 2, 'balls_remaining': 1, 'is_extra_ball': False}
2023-07-16 23:50:32,706 : INFO : EventManager : Event: ======'mode_base_starting'====== Args={'player': 1, 'ball': 2, 'balls_remaining': 1, 'is_extra_ball': False}
2023-07-16 23:50:32,706 : INFO : Mode.base : Started. Priority: 100
2023-07-16 23:50:32,706 : INFO : EventManager : Event: ======'modes_active_modes_changed'====== Args={}
2023-07-16 23:50:32,706 : INFO : EventManager : Event: ======'mode_base_started'====== Args={'player': 1, 'ball': 2, 'balls_remaining': 1, 'is_extra_ball': False}
2023-07-16 23:50:32,707 : INFO : EventManager : Event: ======'single_player_ball_started'====== Args={}
2023-07-16 23:50:32,720 : INFO : EventManager : Event: ======'ball_start_target'====== Args={'target': 'playfield'}
2023-07-16 23:50:32,721 : INFO : EventManager : Event: ======'slide__global.slide_player-mode_base_started_removed'====== Args={'_from_bcp': True}
2023-07-16 23:50:32,721 : INFO : EventManager : Event: ======'slide__global.slide_player-mode_base_started_created'====== Args={'_from_bcp': True}
2023-07-16 23:50:32,721 : INFO : EventManager : Event: ======'slide__global.slide_player-mode_base_started_active'====== Args={'_from_bcp': True}
2023-07-16 23:50:32,721 : INFO : ball_device.bd_plunger : Setting up player-controlled eject. Balls: 1, Target: <playfield.playfield>, player_controlled_eject_event: s_flipper_right_active
2023-07-16 23:50:32,721 : INFO : EventManager : Event: ======'balldevice_balls_available'====== Args={}
2023-07-16 23:50:32,721 : INFO : ball_device.bd_trough : State: waiting_for_target_ready
2023-07-16 23:50:32,722 : INFO : EventManager : Event: ======'balldevice_bd_trough_ball_eject_attempt'====== Args={'balls': 1, 'target': <ball_device.bd_plunger>, 'source': <ball_device.bd_trough>, 'mechanical_eject': True, 'num_attempts': 0}
2023-07-16 23:50:32,722 : INFO : ball_device.bd_plunger : State: waiting_for_ball
2023-07-16 23:50:32,722 : INFO : ball_device.bd_trough : State: ejecting
2023-07-16 23:50:32,722 : INFO : ball_device.bd_trough : Ejecting ball to <ball_device.bd_plunger>
2023-07-16 23:50:32,722 : INFO : EventManager : Event: ======'balldevice_bd_trough_ejecting_ball'====== Args={'balls': 1, 'target': <ball_device.bd_plunger>, 'source': <ball_device.bd_trough>, 'mechanical_eject': True, 'num_attempts': 0}
2023-07-16 23:50:32,722 : INFO : ball_device.bd_trough : Wait for ball to leave device
2023-07-16 23:50:32,738 : INFO : ball_device.bd_trough : State: ball_left
2023-07-16 23:50:32,738 : INFO : ball_device.bd_trough : Ball left
2023-07-16 23:50:32,738 : INFO : ball_device.bd_trough : Wait for confirm with timeout 3.0
2023-07-16 23:50:32,784 : INFO : coil.c_trough_eject : Enabling Driver for 1000ms (1.0 pulse_power)
2023-07-16 23:50:32,815 : INFO : SwitchController : <<<<<<< 's_trough_1' active >>>>>>>
2023-07-16 23:50:32,815 : INFO : EventManager : Event: ======'machine_var_audits_switches_s_trough_1'====== Args={'value': 21, 'prev_value': 20, 'change': 1}
2023-07-16 23:50:32,815 : INFO : SwitchController : <<<<<<< 's_trough_1' inactive >>>>>>>
2023-07-16 23:50:32,815 : INFO : ball_device.bd_trough : Received ball from <ball_device.bd_drain>
2023-07-16 23:50:32,816 : INFO : EventManager : Event: ======'balldevice_bd_trough_ball_enter'====== Args={'new_balls': 1, 'unclaimed_balls': 0, 'new_available_balls': 0, 'device': <ball_device.bd_trough>}
2023-07-16 23:50:32,817 : INFO : EventManager : Event: ======'ball_drain'====== Args={'device': <ball_device.bd_trough>, 'balls': 0}
2023-07-16 23:50:32,817 : INFO : EventManager : Event: ======'balldevice_bd_trough_ball_entered'====== Args={'new_balls': 0, 'device': <ball_device.bd_trough>}
2023-07-16 23:50:32,817 : INFO : EventManager : Event: ======'balldevice_bd_trough_ball_count_changed'====== Args={'balls': 4}
2023-07-16 23:50:32,817 : INFO : ball_device.bd_drain : Got eject confirm
2023-07-16 23:50:32,817 : INFO : ball_device.bd_drain : Eject successful
2023-07-16 23:50:32,817 : INFO : EventManager : Event: ======'balldevice_bd_drain_ball_eject_success'====== Args={'balls': 1, 'target': <ball_device.bd_trough>}
2023-07-16 23:50:32,817 : INFO : EventManager : Event: ======'balldevice_bd_drain_ball_count_changed'====== Args={'balls': 0}
2023-07-16 23:50:32,817 : INFO : ball_device.bd_drain : State: idle
2023-07-16 23:50:32,891 : INFO : SwitchController : <<<<<<< 's_plunger_detect' active >>>>>>>
2023-07-16 23:50:32,891 : INFO : EventManager : Event: ======'machine_var_audits_switches_s_plunger_detect'====== Args={'value': 29, 'prev_value': 28, 'change': 1}
2023-07-16 23:50:33,389 : INFO : ball_device.bd_plunger : Received ball from <ball_device.bd_trough>
2023-07-16 23:50:33,389 : INFO : EventManager : Event: ======'balldevice_bd_plunger_ball_enter'====== Args={'new_balls': 1, 'unclaimed_balls': 0, 'new_available_balls': 0, 'device': <ball_device.bd_plunger>}
2023-07-16 23:50:33,389 : INFO : EventManager : Event: ======'balldevice_bd_plunger_ball_entered'====== Args={'new_balls': 0, 'device': <ball_device.bd_plunger>}
2023-07-16 23:50:33,389 : INFO : EventManager : Event: ======'balldevice_bd_plunger_ball_count_changed'====== Args={'balls': 1}
2023-07-16 23:50:33,389 : INFO : ball_device.bd_trough : Got eject confirm
2023-07-16 23:50:33,389 : INFO : ball_device.bd_trough : Eject successful
2023-07-16 23:50:33,389 : INFO : EventManager : Event: ======'balldevice_bd_trough_ball_eject_success'====== Args={'balls': 1, 'target': <ball_device.bd_plunger>}
2023-07-16 23:50:33,389 : INFO : ball_device.bd_plunger : State: waiting_for_target_ready
2023-07-16 23:50:33,389 : INFO : EventManager : Event: ======'balldevice_bd_plunger_ball_eject_attempt'====== Args={'balls': 1, 'target': <playfield.playfield>, 'source': <ball_device.bd_plunger>, 'mechanical_eject': True, 'num_attempts': 0}
2023-07-16 23:50:33,389 : INFO : EventManager : Event: ======'balldevice_bd_trough_ball_count_changed'====== Args={'balls': 3}
2023-07-16 23:50:33,389 : INFO : ball_device.bd_trough : State: idle
2023-07-16 23:50:33,389 : INFO : ball_device.bd_plunger : State: ejecting
2023-07-16 23:50:33,389 : INFO : ball_device.bd_plunger : Ejecting ball to <playfield.playfield>
2023-07-16 23:50:33,389 : INFO : EventManager : Event: ======'balldevice_bd_plunger_ejecting_ball'====== Args={'balls': 1, 'target': <playfield.playfield>, 'source': <ball_device.bd_plunger>, 'mechanical_eject': True, 'num_attempts': 0}
2023-07-16 23:50:33,390 : INFO : ball_device.bd_plunger : Wait for ball to leave device
2023-07-16 23:50:33,444 : WARNING : SwitchController : Received duplicate switch state 0 for switch s_drain_detect from the platform interface. Log Code: Log-SwitchController-1 (https://docs.missionpinball.org/en/0.56/logs/Log-SwitchController-1.html)
2023-07-16 23:50:33,806 : INFO : coil.c_trough_eject : Disabling Driver
2023-07-16 23:50:34,450 : INFO : SwitchController : <<<<<<< 's_flipper_right' active >>>>>>>
2023-07-16 23:50:34,450 : INFO : EventManager : Event: ======'s_flipper_right_active'====== Args={}
2023-07-16 23:50:34,450 : INFO : EventManager : Event: ======'machine_var_audits_switches_s_flipper_right'====== Args={'value': 31, 'prev_value': 30, 'change': 1}
2023-07-16 23:50:34,519 : INFO : coil.c_plunger : Pulsing Driver for 20ms (1.0 pulse_power)
2023-07-16 23:50:34,519 : INFO : SwitchController : <<<<<<< 's_plunger_detect' inactive >>>>>>>
2023-07-16 23:50:34,522 : INFO : ball_device.bd_plunger : State: ball_left
2023-07-16 23:50:34,522 : INFO : ball_device.bd_plunger : Ball left
2023-07-16 23:50:34,522 : INFO : ball_device.bd_plunger : Wait for confirm with timeout 10.0
2023-07-16 23:50:34,564 : INFO : SwitchController : <<<<<<< 's_flipper_right' inactive >>>>>>>
2023-07-16 23:50:34,853 : INFO : SwitchController : <<<<<<< 's_plunger_exit' active >>>>>>>
2023-07-16 23:50:34,853 : INFO : EventManager : Event: ======'sw_playfield_active'====== Args={}
2023-07-16 23:50:34,853 : INFO : EventManager : Event: ======'machine_var_audits_switches_s_plunger_exit'====== Args={'value': 14, 'prev_value': 13, 'change': 1}
2023-07-16 23:50:34,854 : INFO : EventManager : Event: ======'playfield_active'====== Args={}
2023-07-16 23:50:34,856 : INFO : ball_device.bd_plunger : Got eject confirm
2023-07-16 23:50:34,857 : INFO : ball_device.bd_plunger : Eject successful
2023-07-16 23:50:34,857 : INFO : EventManager : Event: ======'balldevice_bd_plunger_ball_eject_success'====== Args={'balls': 1, 'target': <playfield.playfield>}
2023-07-16 23:50:34,857 : INFO : EventManager : Event: ======'balldevice_playfield_ball_enter'====== Args={'new_balls': 1, 'unclaimed_balls': 1, 'device': <playfield.playfield>}
2023-07-16 23:50:34,857 : INFO : EventManager : Event: ======'playfield_ball_count_change'====== Args={'balls': 1, 'change': 1}
2023-07-16 23:50:34,857 : INFO : EventManager : Event: ======'balldevice_bd_plunger_ball_count_changed'====== Args={'balls': 0}
2023-07-16 23:50:34,857 : INFO : ball_device.bd_plunger : State: idle
2023-07-16 23:50:34,954 : INFO : SwitchController : <<<<<<< 's_plunger_exit' inactive >>>>>>>
2023-07-16 23:50:36,172 : INFO : SwitchController : <<<<<<< 's_drain_detect' active >>>>>>>
2023-07-16 23:50:36,172 : INFO : EventManager : Event: ======'machine_var_audits_switches_s_drain_detect'====== Args={'value': 32, 'prev_value': 31, 'change': 1}
2023-07-16 23:50:36,688 : INFO : EventManager : Event: ======'balldevice_bd_drain_ball_count_changed'====== Args={'balls': 1}
2023-07-16 23:50:36,689 : INFO : ball_device.bd_drain : Received unexpected ball
2023-07-16 23:50:36,689 : INFO : EventManager : Event: ======'balldevice_captured_from_playfield'====== Args={'balls': 1}
2023-07-16 23:50:36,689 : INFO : EventManager : Event: ======'sw_playfield_active'====== Args={'balls': 1}
2023-07-16 23:50:36,689 : INFO : EventManager : Event: ======'playfield_ball_count_change'====== Args={'balls': 0, 'change': -1}
2023-07-16 23:50:36,689 : INFO : EventManager : Event: ======'balldevice_bd_drain_ball_enter'====== Args={'new_balls': 1, 'unclaimed_balls': 1, 'new_available_balls': 1, 'device': <ball_device.bd_drain>}
2023-07-16 23:50:36,689 : INFO : EventManager : Event: ======'ball_drain'====== Args={'device': <ball_device.bd_drain>, 'balls': 1}
2023-07-16 23:50:36,689 : INFO : EventManager : Event: ======'ball_will_end'====== Args={}
2023-07-16 23:50:36,689 : INFO : EventManager : Event: ======'balldevice_balls_available'====== Args={}
2023-07-16 23:50:36,689 : INFO : EventManager : Event: ======'balldevice_balls_available'====== Args={}
2023-07-16 23:50:36,689 : INFO : EventManager : Event: ======'balldevice_bd_drain_ball_entered'====== Args={'new_balls': 1, 'device': <ball_device.bd_drain>}
2023-07-16 23:50:36,690 : INFO : EventManager : Event: ======'ball_ending'====== Args={}
2023-07-16 23:50:36,690 : INFO : EventManager : Event: ======'mode_base_will_stop'====== Args={}
2023-07-16 23:50:36,690 : INFO : EventManager : Event: ======'mode_base_stopping'====== Args={}
2023-07-16 23:50:36,690 : INFO : Mode.base : Stopped.
2023-07-16 23:50:36,690 : INFO : EventManager : Event: ======'modes_active_modes_changed'====== Args={}
2023-07-16 23:50:36,690 : INFO : EventManager : Event: ======'mode_base_stopped'====== Args={}
2023-07-16 23:50:36,690 : INFO : EventManager : Event: ======'clear'====== Args={'key': 'base'}
2023-07-16 23:50:36,703 : INFO : EventManager : Event: ======'ball_ended'====== Args={}
2023-07-16 23:50:36,703 : INFO : ball_device.bd_drain : State: waiting_for_target_ready
2023-07-16 23:50:36,704 : INFO : EventManager : Event: ======'balldevice_bd_drain_ball_eject_attempt'====== Args={'balls': 1, 'target': <ball_device.bd_trough>, 'source': <ball_device.bd_drain>, 'mechanical_eject': False, 'num_attempts': 0}
2023-07-16 23:50:36,704 : INFO : ball_device.bd_drain : State: ejecting
2023-07-16 23:50:36,704 : INFO : ball_device.bd_drain : Ejecting ball to <ball_device.bd_trough>
2023-07-16 23:50:36,704 : INFO : EventManager : Event: ======'balldevice_bd_drain_ejecting_ball'====== Args={'balls': 1, 'target': <ball_device.bd_trough>, 'source': <ball_device.bd_drain>, 'mechanical_eject': False, 'num_attempts': 0}
2023-07-16 23:50:36,704 : INFO : EventManager : Event: ======'player_turn_will_end'====== Args={'player': <Player 1>, 'number': 1}
2023-07-16 23:50:36,705 : INFO : EventManager : Event: ======'player_turn_ending'====== Args={'player': <Player 1>, 'number': 1}
2023-07-16 23:50:36,706 : INFO : EventManager : Event: ======'player_turn_ended'====== Args={'player': <Player 1>, 'number': 1}
2023-07-16 23:50:36,706 : INFO : ball_device.bd_drain : Wait for ball to leave device
2023-07-16 23:50:36,706 : INFO : coil.c_drain_kicker : Pulsing Driver for 20ms (1.0 pulse_power)
2023-07-16 23:50:36,706 : INFO : SwitchController : <<<<<<< 's_drain_detect' inactive >>>>>>>
2023-07-16 23:50:36,708 : INFO : EventManager : Event: ======'player_turn_will_start'====== Args={'player': <Player 1>, 'number': 1}
2023-07-16 23:50:36,708 : INFO : EventManager : Event: ======'player_turn_starting'====== Args={'player': <Player 1>, 'number': 1}
2023-07-16 23:50:36,708 : INFO : EventManager : Event: ======'player_ball'====== Args={'value': 3, 'prev_value': 2, 'change': 1, 'player_num': 1}
2023-07-16 23:50:36,708 : INFO : EventManager : Event: ======'player_turn_started'====== Args={'player': <Player 1>, 'number': 1}
2023-07-16 23:50:36,708 : INFO : ball_device.bd_drain : State: ball_left
2023-07-16 23:50:36,708 : INFO : ball_device.bd_drain : Ball left
2023-07-16 23:50:36,708 : INFO : ball_device.bd_drain : Wait for confirm with timeout 10.0
2023-07-16 23:50:36,709 : INFO : EventManager : Event: ======'ball_will_start'====== Args={'player': 1, 'ball': 3, 'balls_remaining': 0, 'is_extra_ball': False}
2023-07-16 23:50:36,711 : INFO : EventManager : Event: ======'ball_starting'====== Args={'player': 1, 'ball': 3, 'balls_remaining': 0, 'is_extra_ball': False}
2023-07-16 23:50:36,711 : INFO : EventManager : Event: ======'balls_in_play'====== Args={'balls': 1}
2023-07-16 23:50:36,711 : INFO : EventManager : Event: ======'ball_started'====== Args={'player': 1, 'ball': 3, 'balls_remaining': 0, 'is_extra_ball': False}
2023-07-16 23:50:36,711 : INFO : EventManager : Event: ======'mode_base_will_start'====== Args={'player': 1, 'ball': 3, 'balls_remaining': 0, 'is_extra_ball': False}
2023-07-16 23:50:36,712 : INFO : EventManager : Event: ======'mode_base_starting'====== Args={'player': 1, 'ball': 3, 'balls_remaining': 0, 'is_extra_ball': False}
2023-07-16 23:50:36,712 : INFO : Mode.base : Started. Priority: 100
2023-07-16 23:50:36,712 : INFO : EventManager : Event: ======'modes_active_modes_changed'====== Args={}
2023-07-16 23:50:36,712 : INFO : EventManager : Event: ======'mode_base_started'====== Args={'player': 1, 'ball': 3, 'balls_remaining': 0, 'is_extra_ball': False}
2023-07-16 23:50:36,713 : INFO : EventManager : Event: ======'single_player_ball_started'====== Args={}
2023-07-16 23:50:36,727 : INFO : EventManager : Event: ======'ball_start_target'====== Args={'target': 'playfield'}
2023-07-16 23:50:36,728 : INFO : EventManager : Event: ======'slide__global.slide_player-mode_base_started_removed'====== Args={'_from_bcp': True}
2023-07-16 23:50:36,728 : INFO : EventManager : Event: ======'slide__global.slide_player-mode_base_started_created'====== Args={'_from_bcp': True}
2023-07-16 23:50:36,728 : INFO : EventManager : Event: ======'slide__global.slide_player-mode_base_started_active'====== Args={'_from_bcp': True}
2023-07-16 23:50:36,728 : INFO : ball_device.bd_plunger : Setting up player-controlled eject. Balls: 1, Target: <playfield.playfield>, player_controlled_eject_event: s_flipper_right_active
2023-07-16 23:50:36,728 : INFO : EventManager : Event: ======'balldevice_balls_available'====== Args={}
2023-07-16 23:50:36,729 : INFO : ball_device.bd_trough : State: waiting_for_target_ready
2023-07-16 23:50:36,729 : INFO : EventManager : Event: ======'balldevice_bd_trough_ball_eject_attempt'====== Args={'balls': 1, 'target': <ball_device.bd_plunger>, 'source': <ball_device.bd_trough>, 'mechanical_eject': True, 'num_attempts': 0}
2023-07-16 23:50:36,729 : INFO : ball_device.bd_plunger : State: waiting_for_ball
2023-07-16 23:50:36,729 : INFO : ball_device.bd_trough : State: ejecting
2023-07-16 23:50:36,729 : INFO : ball_device.bd_trough : Ejecting ball to <ball_device.bd_plunger>
2023-07-16 23:50:36,729 : INFO : EventManager : Event: ======'balldevice_bd_trough_ejecting_ball'====== Args={'balls': 1, 'target': <ball_device.bd_plunger>, 'source': <ball_device.bd_trough>, 'mechanical_eject': True, 'num_attempts': 0}
2023-07-16 23:50:36,729 : INFO : ball_device.bd_trough : Wait for ball to leave device
2023-07-16 23:50:36,745 : INFO : ball_device.bd_trough : State: ball_left
2023-07-16 23:50:36,745 : INFO : ball_device.bd_trough : Ball left
2023-07-16 23:50:36,745 : INFO : ball_device.bd_trough : Wait for confirm with timeout 3.0
2023-07-16 23:50:36,776 : INFO : coil.c_trough_eject : Enabling Driver for 1000ms (1.0 pulse_power)
2023-07-16 23:50:36,807 : INFO : SwitchController : <<<<<<< 's_trough_1' active >>>>>>>
2023-07-16 23:50:36,807 : INFO : EventManager : Event: ======'machine_var_audits_switches_s_trough_1'====== Args={'value': 22, 'prev_value': 21, 'change': 1}
2023-07-16 23:50:36,807 : INFO : SwitchController : <<<<<<< 's_trough_1' inactive >>>>>>>
2023-07-16 23:50:36,807 : INFO : ball_device.bd_trough : Received ball from <ball_device.bd_drain>
2023-07-16 23:50:36,808 : INFO : EventManager : Event: ======'balldevice_bd_trough_ball_enter'====== Args={'new_balls': 1, 'unclaimed_balls': 0, 'new_available_balls': 0, 'device': <ball_device.bd_trough>}
2023-07-16 23:50:36,809 : INFO : EventManager : Event: ======'ball_drain'====== Args={'device': <ball_device.bd_trough>, 'balls': 0}
2023-07-16 23:50:36,809 : INFO : EventManager : Event: ======'balldevice_bd_trough_ball_entered'====== Args={'new_balls': 0, 'device': <ball_device.bd_trough>}
2023-07-16 23:50:36,809 : INFO : EventManager : Event: ======'balldevice_bd_trough_ball_count_changed'====== Args={'balls': 4}
2023-07-16 23:50:36,809 : INFO : ball_device.bd_drain : Got eject confirm
2023-07-16 23:50:36,809 : INFO : ball_device.bd_drain : Eject successful
2023-07-16 23:50:36,809 : INFO : EventManager : Event: ======'balldevice_bd_drain_ball_eject_success'====== Args={'balls': 1, 'target': <ball_device.bd_trough>}
2023-07-16 23:50:36,809 : INFO : EventManager : Event: ======'balldevice_bd_drain_ball_count_changed'====== Args={'balls': 0}
2023-07-16 23:50:36,809 : INFO : ball_device.bd_drain : State: idle
2023-07-16 23:50:36,885 : INFO : SwitchController : <<<<<<< 's_plunger_detect' active >>>>>>>
2023-07-16 23:50:36,885 : INFO : EventManager : Event: ======'machine_var_audits_switches_s_plunger_detect'====== Args={'value': 30, 'prev_value': 29, 'change': 1}
2023-07-16 23:50:37,124 : WARNING : SwitchController : Received duplicate switch state 0 for switch s_drain_detect from the platform interface. Log Code: Log-SwitchController-1 (https://docs.missionpinball.org/en/0.56/logs/Log-SwitchController-1.html)
2023-07-16 23:50:37,400 : INFO : ball_device.bd_plunger : Received ball from <ball_device.bd_trough>
2023-07-16 23:50:37,400 : INFO : EventManager : Event: ======'balldevice_bd_plunger_ball_enter'====== Args={'new_balls': 1, 'unclaimed_balls': 0, 'new_available_balls': 0, 'device': <ball_device.bd_plunger>}
2023-07-16 23:50:37,400 : INFO : EventManager : Event: ======'balldevice_bd_plunger_ball_entered'====== Args={'new_balls': 0, 'device': <ball_device.bd_plunger>}
2023-07-16 23:50:37,400 : INFO : EventManager : Event: ======'balldevice_bd_plunger_ball_count_changed'====== Args={'balls': 1}
2023-07-16 23:50:37,400 : INFO : ball_device.bd_trough : Got eject confirm
2023-07-16 23:50:37,400 : INFO : ball_device.bd_trough : Eject successful
2023-07-16 23:50:37,400 : INFO : EventManager : Event: ======'balldevice_bd_trough_ball_eject_success'====== Args={'balls': 1, 'target': <ball_device.bd_plunger>}
2023-07-16 23:50:37,400 : INFO : ball_device.bd_plunger : State: waiting_for_target_ready
2023-07-16 23:50:37,401 : INFO : EventManager : Event: ======'balldevice_bd_plunger_ball_eject_attempt'====== Args={'balls': 1, 'target': <playfield.playfield>, 'source': <ball_device.bd_plunger>, 'mechanical_eject': True, 'num_attempts': 0}
2023-07-16 23:50:37,401 : INFO : EventManager : Event: ======'balldevice_bd_trough_ball_count_changed'====== Args={'balls': 3}
2023-07-16 23:50:37,401 : INFO : ball_device.bd_trough : State: idle
2023-07-16 23:50:37,401 : INFO : ball_device.bd_plunger : State: ejecting
2023-07-16 23:50:37,401 : INFO : ball_device.bd_plunger : Ejecting ball to <playfield.playfield>
2023-07-16 23:50:37,401 : INFO : EventManager : Event: ======'balldevice_bd_plunger_ejecting_ball'====== Args={'balls': 1, 'target': <playfield.playfield>, 'source': <ball_device.bd_plunger>, 'mechanical_eject': True, 'num_attempts': 0}
2023-07-16 23:50:37,401 : INFO : ball_device.bd_plunger : Wait for ball to leave device
2023-07-16 23:50:37,640 : INFO : SwitchController : <<<<<<< 's_flipper_right' active >>>>>>>
2023-07-16 23:50:37,640 : INFO : EventManager : Event: ======'s_flipper_right_active'====== Args={}
2023-07-16 23:50:37,640 : INFO : EventManager : Event: ======'machine_var_audits_switches_s_flipper_right'====== Args={'value': 32, 'prev_value': 31, 'change': 1}
2023-07-16 23:50:37,764 : INFO : SwitchController : <<<<<<< 's_flipper_right' inactive >>>>>>>
2023-07-16 23:50:37,787 : INFO : coil.c_trough_eject : Disabling Driver
2023-07-16 23:50:37,831 : INFO : coil.c_plunger : Pulsing Driver for 20ms (1.0 pulse_power)
2023-07-16 23:50:37,831 : INFO : SwitchController : <<<<<<< 's_plunger_detect' inactive >>>>>>>
2023-07-16 23:50:37,833 : INFO : ball_device.bd_plunger : State: ball_left
2023-07-16 23:50:37,834 : INFO : ball_device.bd_plunger : Ball left
2023-07-16 23:50:37,834 : INFO : ball_device.bd_plunger : Wait for confirm with timeout 10.0
2023-07-16 23:50:38,026 : INFO : SwitchController : <<<<<<< 's_plunger_exit' active >>>>>>>
2023-07-16 23:50:38,026 : INFO : EventManager : Event: ======'sw_playfield_active'====== Args={}
2023-07-16 23:50:38,026 : INFO : EventManager : Event: ======'machine_var_audits_switches_s_plunger_exit'====== Args={'value': 15, 'prev_value': 14, 'change': 1}
2023-07-16 23:50:38,027 : INFO : EventManager : Event: ======'playfield_active'====== Args={}
2023-07-16 23:50:38,030 : INFO : ball_device.bd_plunger : Got eject confirm
2023-07-16 23:50:38,030 : INFO : ball_device.bd_plunger : Eject successful
2023-07-16 23:50:38,030 : INFO : EventManager : Event: ======'balldevice_bd_plunger_ball_eject_success'====== Args={'balls': 1, 'target': <playfield.playfield>}
2023-07-16 23:50:38,030 : INFO : EventManager : Event: ======'balldevice_playfield_ball_enter'====== Args={'new_balls': 1, 'unclaimed_balls': 1, 'device': <playfield.playfield>}
2023-07-16 23:50:38,030 : INFO : EventManager : Event: ======'playfield_ball_count_change'====== Args={'balls': 1, 'change': 1}
2023-07-16 23:50:38,030 : INFO : EventManager : Event: ======'balldevice_bd_plunger_ball_count_changed'====== Args={'balls': 0}
2023-07-16 23:50:38,030 : INFO : ball_device.bd_plunger : State: idle
2023-07-16 23:50:38,126 : INFO : SwitchController : <<<<<<< 's_plunger_exit' inactive >>>>>>>
2023-07-16 23:50:39,218 : INFO : SwitchController : <<<<<<< 's_drain_detect' active >>>>>>>
2023-07-16 23:50:39,218 : INFO : EventManager : Event: ======'machine_var_audits_switches_s_drain_detect'====== Args={'value': 33, 'prev_value': 32, 'change': 1}
2023-07-16 23:50:39,718 : INFO : EventManager : Event: ======'balldevice_bd_drain_ball_count_changed'====== Args={'balls': 1}
2023-07-16 23:50:39,718 : INFO : ball_device.bd_drain : Received unexpected ball
2023-07-16 23:50:39,718 : INFO : EventManager : Event: ======'balldevice_captured_from_playfield'====== Args={'balls': 1}
2023-07-16 23:50:39,718 : INFO : EventManager : Event: ======'sw_playfield_active'====== Args={'balls': 1}
2023-07-16 23:50:39,718 : INFO : EventManager : Event: ======'playfield_ball_count_change'====== Args={'balls': 0, 'change': -1}
2023-07-16 23:50:39,718 : INFO : EventManager : Event: ======'balldevice_bd_drain_ball_enter'====== Args={'new_balls': 1, 'unclaimed_balls': 1, 'new_available_balls': 1, 'device': <ball_device.bd_drain>}
2023-07-16 23:50:39,718 : INFO : EventManager : Event: ======'ball_drain'====== Args={'device': <ball_device.bd_drain>, 'balls': 1}
2023-07-16 23:50:39,719 : INFO : EventManager : Event: ======'ball_will_end'====== Args={}
2023-07-16 23:50:39,719 : INFO : EventManager : Event: ======'balldevice_balls_available'====== Args={}
2023-07-16 23:50:39,719 : INFO : EventManager : Event: ======'balldevice_balls_available'====== Args={}
2023-07-16 23:50:39,719 : INFO : EventManager : Event: ======'balldevice_bd_drain_ball_entered'====== Args={'new_balls': 1, 'device': <ball_device.bd_drain>}
2023-07-16 23:50:39,719 : INFO : EventManager : Event: ======'ball_ending'====== Args={}
2023-07-16 23:50:39,719 : INFO : EventManager : Event: ======'mode_base_will_stop'====== Args={}
2023-07-16 23:50:39,719 : INFO : EventManager : Event: ======'mode_base_stopping'====== Args={}
2023-07-16 23:50:39,719 : INFO : Mode.base : Stopped.
2023-07-16 23:50:39,719 : INFO : EventManager : Event: ======'modes_active_modes_changed'====== Args={}
2023-07-16 23:50:39,720 : INFO : EventManager : Event: ======'mode_base_stopped'====== Args={}
2023-07-16 23:50:39,720 : INFO : EventManager : Event: ======'clear'====== Args={'key': 'base'}
2023-07-16 23:50:39,732 : INFO : EventManager : Event: ======'ball_ended'====== Args={}
2023-07-16 23:50:39,732 : INFO : ball_device.bd_drain : State: waiting_for_target_ready
2023-07-16 23:50:39,732 : INFO : EventManager : Event: ======'balldevice_bd_drain_ball_eject_attempt'====== Args={'balls': 1, 'target': <ball_device.bd_trough>, 'source': <ball_device.bd_drain>, 'mechanical_eject': False, 'num_attempts': 0}
2023-07-16 23:50:39,733 : INFO : ball_device.bd_drain : State: ejecting
2023-07-16 23:50:39,733 : INFO : ball_device.bd_drain : Ejecting ball to <ball_device.bd_trough>
2023-07-16 23:50:39,733 : INFO : EventManager : Event: ======'balldevice_bd_drain_ejecting_ball'====== Args={'balls': 1, 'target': <ball_device.bd_trough>, 'source': <ball_device.bd_drain>, 'mechanical_eject': False, 'num_attempts': 0}
2023-07-16 23:50:39,733 : INFO : EventManager : Event: ======'player_turn_will_end'====== Args={'player': <Player 1>, 'number': 1}
2023-07-16 23:50:39,735 : INFO : EventManager : Event: ======'player_turn_ending'====== Args={'player': <Player 1>, 'number': 1}
2023-07-16 23:50:39,735 : INFO : EventManager : Event: ======'player_turn_ended'====== Args={'player': <Player 1>, 'number': 1}
2023-07-16 23:50:39,735 : INFO : ball_device.bd_drain : Wait for ball to leave device
2023-07-16 23:50:39,735 : INFO : coil.c_drain_kicker : Pulsing Driver for 20ms (1.0 pulse_power)
2023-07-16 23:50:39,735 : INFO : SwitchController : <<<<<<< 's_drain_detect' inactive >>>>>>>
2023-07-16 23:50:39,737 : INFO : EventManager : Event: ======'game_will_end'====== Args={}
2023-07-16 23:50:39,737 : INFO : EventManager : Event: ======'game_ending'====== Args={}
2023-07-16 23:50:39,737 : INFO : ball_device.bd_drain : State: ball_left
2023-07-16 23:50:39,737 : INFO : ball_device.bd_drain : Ball left
2023-07-16 23:50:39,737 : INFO : ball_device.bd_drain : Wait for confirm with timeout 10.0
2023-07-16 23:50:39,737 : INFO : EventManager : Event: ======'game_ended'====== Args={}
2023-07-16 23:50:39,737 : INFO : EventManager : Event: ======'mode_game_will_stop'====== Args={}
2023-07-16 23:50:39,737 : INFO : EventManager : Event: ======'mode_game_stopping'====== Args={}
2023-07-16 23:50:39,738 : INFO : EventManager : Event: ======'mode_attract_will_start'====== Args={}
2023-07-16 23:50:39,738 : INFO : EventManager : Event: ======'mode_attract_starting'====== Args={}
2023-07-16 23:50:39,738 : INFO : Mode.attract : Started. Priority: 10
2023-07-16 23:50:39,738 : INFO : EventManager : Event: ======'modes_active_modes_changed'====== Args={}
2023-07-16 23:50:39,738 : INFO : EventManager : Event: ======'mode_attract_started'====== Args={}
2023-07-16 23:50:39,738 : INFO : EventManager : Event: ======'collecting_balls_complete'====== Args={}
2023-07-16 23:50:39,739 : INFO : Mode.game : Stopped.
2023-07-16 23:50:39,739 : INFO : EventManager : Event: ======'modes_active_modes_changed'====== Args={}
2023-07-16 23:50:39,739 : INFO : EventManager : Event: ======'mode_game_stopped'====== Args={}
2023-07-16 23:50:39,739 : INFO : EventManager : Event: ======'clear'====== Args={'key': 'game'}
2023-07-16 23:50:39,754 : INFO : EventManager : Event: ======'slide_welcome_slide_removed'====== Args={'_from_bcp': True}
2023-07-16 23:50:39,755 : INFO : EventManager : Event: ======'slide_welcome_slide_created'====== Args={'_from_bcp': True}
2023-07-16 23:50:39,755 : INFO : EventManager : Event: ======'slide_welcome_slide_active'====== Args={'_from_bcp': True}
2023-07-16 23:50:39,841 : INFO : SwitchController : <<<<<<< 's_trough_1' active >>>>>>>
2023-07-16 23:50:40,083 : WARNING : SwitchController : Received duplicate switch state 0 for switch s_drain_detect from the platform interface. Log Code: Log-SwitchController-1 (https://docs.missionpinball.org/en/0.56/logs/Log-SwitchController-1.html)
2023-07-16 23:50:40,366 : INFO : EventManager : Event: ======'balldevice_bd_trough_ball_count_changed'====== Args={'balls': 4}
2023-07-16 23:50:40,366 : INFO : ball_device.bd_trough : Received ball from <ball_device.bd_drain>
2023-07-16 23:50:40,366 : INFO : EventManager : Event: ======'balldevice_bd_trough_ball_enter'====== Args={'new_balls': 1, 'unclaimed_balls': 0, 'new_available_balls': 0, 'device': <ball_device.bd_trough>}
2023-07-16 23:50:40,367 : INFO : EventManager : Event: ======'ball_drain'====== Args={'device': <ball_device.bd_trough>, 'balls': 0}
2023-07-16 23:50:40,367 : INFO : EventManager : Event: ======'balldevice_bd_trough_ball_entered'====== Args={'new_balls': 0, 'device': <ball_device.bd_trough>}
2023-07-16 23:50:40,368 : INFO : ball_device.bd_drain : Got eject confirm
2023-07-16 23:50:40,368 : INFO : ball_device.bd_drain : Eject successful
2023-07-16 23:50:40,368 : INFO : EventManager : Event: ======'balldevice_bd_drain_ball_eject_success'====== Args={'balls': 1, 'target': <ball_device.bd_trough>}
2023-07-16 23:50:40,368 : INFO : EventManager : Event: ======'balldevice_bd_drain_ball_count_changed'====== Args={'balls': 0}
2023-07-16 23:50:40,368 : INFO : ball_device.bd_drain : State: idle
2023-07-16 23:50:47,691 : INFO : Machine : Shutting down...
2023-07-16 23:50:47,691 : INFO : EventManager : Event: ======'shutdown'====== Args={}
2023-07-16 23:50:47,694 : INFO : root : MPF run loop ended.
