2023-07-16 23:55:25,266 : INFO : root : Loading config.
2023-07-16 23:55:25,269 : INFO : YamlMultifileConfigLoader : Machine config file #1: config.yaml
2023-07-16 23:55:25,270 : INFO : ConfigProcessor : Loading config from cache: C:\Users\warzz\AppData\Local\Temp\999c2299d6c39d2b6f23a88f71ed49fc.mpf_cache
2023-07-16 23:55:25,332 : INFO : ConfigProcessor : Loading config from file C:\Users\warzz\AppData\Local\Programs\Python\Python39\lib\site-packages\mpf\modes\attract\config\attract.yaml.
2023-07-16 23:55:25,333 : INFO : ConfigProcessor : Loading config: C:\Users\warzz\AppData\Local\Programs\Python\Python39\lib\site-packages\mpf\modes\attract\config\attract.yaml
2023-07-16 23:55:25,333 : INFO : ConfigProcessor : Loading config from file D:\MPF\springbreak\modes\attract\config\attract.yaml.
2023-07-16 23:55:25,338 : INFO : ConfigProcessor : Loading config: D:\MPF\springbreak\modes\attract\config\attract.yaml
2023-07-16 23:55:25,339 : INFO : ConfigProcessor : Config file cache created: C:\Users\warzz\AppData\Local\Temp\c00853733793eb2446d656064dafde5d.mpf_cache
2023-07-16 23:55:25,339 : INFO : ConfigProcessor : Loading config from cache: C:\Users\warzz\AppData\Local\Temp\a5b2fce8b210d64acc95275c2c9a2339.mpf_cache
2023-07-16 23:55:25,340 : INFO : ConfigProcessor : Loading config from cache: C:\Users\warzz\AppData\Local\Temp\f8d84beef5f99d10c74fd589715eb307.mpf_cache
2023-07-16 23:55:25,341 : INFO : ConfigProcessor : Loading config from file D:\MPF\springbreak\modes\attract\shows\.\attract_display_loop.yaml.
2023-07-16 23:55:25,349 : INFO : ConfigProcessor : Loading config: D:\MPF\springbreak\modes\attract\shows\.\attract_display_loop.yaml
2023-07-16 23:55:25,349 : INFO : ConfigProcessor : Config file cache created: C:\Users\warzz\AppData\Local\Temp\7f5bbc5ecfab115c460c30c504fda2c5.mpf_cache
2023-07-16 23:55:25,350 : INFO : Machine : Mission Pinball Framework Core Engine v0.56.0
2023-07-16 23:55:25,350 : INFO : Machine : Command line arguments: {'no_load_cache': False, 'create_config_cache': True, 'bcp': True, 'configfile': ['config.yaml'], 'force_assets_load': False, 'jsonlogging': False, 'logfile': 'logs\\2023-07-16-23-55-25-mpf-DESKTOP-VQ7DOMB.log', 'pause': False, 'production': False, 'text_ui': True, 'loglevel': 15, 'consoleloglevel': 20, 'force_platform': 'smart_virtual', 'syslog_address': None, 'mc_file_name': None, 'no_sound': False}
2023-07-16 23:55:25,350 : INFO : Machine : MPF path: C:\Users\warzz\AppData\Local\Programs\Python\Python39\lib\site-packages\mpf
2023-07-16 23:55:25,350 : INFO : Machine : Machine path: D:\MPF\springbreak
2023-07-16 23:55:25,350 : INFO : Machine : Platform: win32
2023-07-16 23:55:25,350 : INFO : Machine : Python executable location: C:\Users\warzz\AppData\Local\Programs\Python\Python39\python.exe
2023-07-16 23:55:25,350 : INFO : Machine : Python version: 3.9.13 (64-bit)
2023-07-16 23:55:25,351 : INFO : Machine : Initialise MPF.
2023-07-16 23:55:25,497 : INFO : EventManager : Event: ======'machine_var_credits_string'====== Args={'value': 'FREE PLAY', 'prev_value': None, 'change': True}
2023-07-16 23:55:25,534 : INFO : EventManager : Event: ======'machine_var_master_volume'====== Args={'value': 0.5, 'prev_value': None, 'change': True}
2023-07-16 23:55:25,534 : INFO : EventManager : Event: ======'machine_var_player1_score'====== Args={'value': 0, 'prev_value': None, 'change': True}
2023-07-16 23:55:25,535 : INFO : EventManager : Event: ======'machine_var_mpf_version'====== Args={'value': 'MPF v0.56.0', 'prev_value': None, 'change': True}
2023-07-16 23:55:25,535 : INFO : EventManager : Event: ======'machine_var_mpf_extended_version'====== Args={'value': 'MPF v0.56.0, Config version:5, Show version: 5, BCP version:1.1', 'prev_value': None, 'change': True}
2023-07-16 23:55:25,535 : INFO : EventManager : Event: ======'machine_var_python_version'====== Args={'value': '3.9.13', 'prev_value': None, 'change': True}
2023-07-16 23:55:25,543 : INFO : EventManager : Event: ======'machine_var_platform'====== Args={'value': 'Windows-10-10.0.19045-SP0', 'prev_value': None, 'change': True}
2023-07-16 23:55:25,543 : INFO : EventManager : Event: ======'machine_var_platform_system'====== Args={'value': 'Windows', 'prev_value': None, 'change': True}
2023-07-16 23:55:25,543 : INFO : EventManager : Event: ======'machine_var_platform_release'====== Args={'value': '10', 'prev_value': None, 'change': True}
2023-07-16 23:55:25,543 : INFO : EventManager : Event: ======'machine_var_platform_version'====== Args={'value': '10.0.19045', 'prev_value': None, 'change': True}
2023-07-16 23:55:25,543 : INFO : EventManager : Event: ======'machine_var_platform_machine'====== Args={'value': 'AMD64', 'prev_value': None, 'change': True}
2023-07-16 23:55:25,543 : INFO : EventManager : Event: ======'init_phase_1'====== Args={}
2023-07-16 23:55:25,557 : INFO : EventManager : Event: ======'init_phase_2'====== Args={}
2023-07-16 23:55:25,557 : INFO : SwitchController : Found active switch: ('0-0-26', <Platform.SmartVirtual>) <switch.s_trough_1>
2023-07-16 23:55:25,559 : INFO : EventManager : Event: ======'bcp_connection_attempt'====== Args={'name': 'local_display', 'host': 'localhost', 'port': 5050}
2023-07-16 23:55:25,560 : INFO : BCPClientSocket : Connecting BCP to 'local_display' at localhost:5050...
2023-07-16 23:55:27,603 : INFO : BCPClientSocket : Connected BCP to 'local_display' localhost:5050
2023-07-16 23:55:27,604 : INFO : EventManager : Event: ======'bcp_clients_connected'====== Args={}
2023-07-16 23:55:27,609 : INFO : ball_device.bd_drain : BCH: Initial count: 0
2023-07-16 23:55:27,609 : INFO : ball_device.bd_drain : State: idle
2023-07-16 23:55:27,609 : INFO : ball_device.bd_trough : BCH: Initial count: 4
2023-07-16 23:55:27,610 : INFO : ball_device.bd_trough : State: idle
2023-07-16 23:55:27,610 : INFO : ball_device.bd_plunger : BCH: Initial count: 0
2023-07-16 23:55:27,610 : INFO : ball_device.bd_plunger : State: idle
2023-07-16 23:55:27,623 : INFO : EventManager : Event: ======'init_phase_3'====== Args={}
2023-07-16 23:55:27,626 : INFO : EventManager : Event: ======'init_phase_4'====== Args={}
2023-07-16 23:55:27,627 : INFO : BallController : Initial balls found: 4
2023-07-16 23:55:27,628 : INFO : EventManager : Event: ======'machine_var_audits_events_game_ended'====== Args={'value': 8, 'prev_value': None, 'change': True}
2023-07-16 23:55:27,628 : INFO : EventManager : Event: ======'machine_var_audits_events_game_started'====== Args={'value': 13, 'prev_value': None, 'change': True}
2023-07-16 23:55:27,628 : INFO : EventManager : Event: ======'machine_var_audits_player_score'====== Args={'value': {'average': 0.0, 'top': [0, 0, 0, 0, 0, 0, 0, 0], 'total': 8}, 'prev_value': None, 'change': True}
2023-07-16 23:55:27,628 : INFO : EventManager : Event: ======'machine_var_audits_switches_s_drain_detect'====== Args={'value': 33, 'prev_value': None, 'change': True}
2023-07-16 23:55:27,628 : INFO : EventManager : Event: ======'machine_var_audits_switches_s_flipper_left'====== Args={'value': 3, 'prev_value': None, 'change': True}
2023-07-16 23:55:27,628 : INFO : EventManager : Event: ======'machine_var_audits_switches_s_flipper_right'====== Args={'value': 32, 'prev_value': None, 'change': True}
2023-07-16 23:55:27,628 : INFO : EventManager : Event: ======'machine_var_audits_switches_s_plunger_detect'====== Args={'value': 30, 'prev_value': None, 'change': True}
2023-07-16 23:55:27,628 : INFO : EventManager : Event: ======'machine_var_audits_switches_s_plunger_exit'====== Args={'value': 15, 'prev_value': None, 'change': True}
2023-07-16 23:55:27,628 : INFO : EventManager : Event: ======'machine_var_audits_switches_s_popbumper_1'====== Args={'value': 0, 'prev_value': None, 'change': True}
2023-07-16 23:55:27,629 : INFO : EventManager : Event: ======'machine_var_audits_switches_s_popbumper_2'====== Args={'value': 0, 'prev_value': None, 'change': True}
2023-07-16 23:55:27,629 : INFO : EventManager : Event: ======'machine_var_audits_switches_s_popbumper_3'====== Args={'value': 0, 'prev_value': None, 'change': True}
2023-07-16 23:55:27,629 : INFO : EventManager : Event: ======'machine_var_audits_switches_s_slingshot'====== Args={'value': 0, 'prev_value': None, 'change': True}
2023-07-16 23:55:27,629 : INFO : EventManager : Event: ======'machine_var_audits_switches_s_start_button'====== Args={'value': 0, 'prev_value': None, 'change': True}
2023-07-16 23:55:27,629 : INFO : EventManager : Event: ======'machine_var_audits_switches_s_trough_1'====== Args={'value': 22, 'prev_value': None, 'change': True}
2023-07-16 23:55:27,629 : INFO : EventManager : Event: ======'machine_var_audits_switches_s_trough_2'====== Args={'value': 0, 'prev_value': None, 'change': True}
2023-07-16 23:55:27,629 : INFO : EventManager : Event: ======'init_phase_5'====== Args={}
2023-07-16 23:55:27,647 : INFO : EventManager : Event: ======'init_done'====== Args={}
2023-07-16 23:55:27,648 : INFO : EventManager : Event: ======'machine_reset_phase_1'====== Args={}
2023-07-16 23:55:28,493 : INFO : EventManager : Event: ======'machine_var_mc_version'====== Args={'value': 'MPF-MC v0.56.1', 'prev_value': None, 'change': True}
2023-07-16 23:55:28,494 : INFO : EventManager : Event: ======'machine_var_mc_extended_version'====== Args={'value': 'MPF-MC v0.56.1 (config_version=5, BCP v1.1,                      Requires MPF API compatibility v0.56.0 or newer)', 'prev_value': None, 'change': True}
2023-07-16 23:55:28,496 : INFO : EventManager : Event: ======'slide_welcome_slide_removed'====== Args={'_from_bcp': True}
2023-07-16 23:55:28,497 : INFO : EventManager : Event: ======'slide_welcome_slide_created'====== Args={'_from_bcp': True}
2023-07-16 23:55:28,497 : INFO : EventManager : Event: ======'slide_welcome_slide_active'====== Args={'_from_bcp': True}
2023-07-16 23:55:28,497 : INFO : EventManager : Event: ======'machine_reset_phase_2'====== Args={}
2023-07-16 23:55:28,497 : INFO : EventManager : Event: ======'machine_reset_phase_3'====== Args={}
2023-07-16 23:55:28,497 : INFO : EventManager : Event: ======'reset_complete'====== Args={}
2023-07-16 23:55:28,497 : INFO : EventManager : Event: ======'mode_attract_will_start'====== Args={}
2023-07-16 23:55:28,498 : INFO : EventManager : Event: ======'mode_attract_starting'====== Args={}
2023-07-16 23:55:28,498 : INFO : Mode.attract : Started. Priority: 10
2023-07-16 23:55:28,498 : INFO : EventManager : Event: ======'modes_active_modes_changed'====== Args={}
2023-07-16 23:55:28,498 : INFO : EventManager : Event: ======'mode_attract_started'====== Args={}
2023-07-16 23:55:28,498 : INFO : EventManager : Event: ======'collecting_balls_complete'====== Args={}
2023-07-16 23:55:28,514 : INFO : EventManager : Event: ======'slide_awesome_slide_created'====== Args={'_from_bcp': True}
2023-07-16 23:55:28,514 : INFO : EventManager : Event: ======'slide_welcome_slide_removed'====== Args={'_from_bcp': True}
2023-07-16 23:55:28,514 : INFO : EventManager : Event: ======'slide_welcome_slide_created'====== Args={'_from_bcp': True}
2023-07-16 23:55:28,514 : INFO : EventManager : Event: ======'slide_awesome_slide_active'====== Args={'_from_bcp': True}
2023-07-16 23:55:28,514 : INFO : Machine : Starting the main run loop.
2023-07-16 23:55:31,513 : INFO : EventManager : Event: ======'slide_press_start_created'====== Args={'_from_bcp': True}
2023-07-16 23:55:31,514 : INFO : EventManager : Event: ======'slide_press_start_active'====== Args={'_from_bcp': True}
2023-07-16 23:55:34,530 : INFO : EventManager : Event: ======'slide_mission_pinball_created'====== Args={'_from_bcp': True}
2023-07-16 23:55:34,530 : INFO : EventManager : Event: ======'slide_mission_pinball_active'====== Args={'_from_bcp': True}
2023-07-16 23:55:37,526 : INFO : EventManager : Event: ======'slide_last_game_score_slide_created'====== Args={'_from_bcp': True}
2023-07-16 23:55:37,527 : INFO : EventManager : Event: ======'slide_last_game_score_slide_active'====== Args={'_from_bcp': True}
2023-07-16 23:55:40,508 : INFO : EventManager : Event: ======'slide_awesome_slide_removed'====== Args={'_from_bcp': True}
2023-07-16 23:55:40,509 : INFO : EventManager : Event: ======'slide_awesome_slide_created'====== Args={'_from_bcp': True}
2023-07-16 23:55:40,509 : INFO : EventManager : Event: ======'slide_awesome_slide_active'====== Args={'_from_bcp': True}
2023-07-16 23:55:42,539 : INFO : SwitchController : <<<<<<< 's_start_button' active >>>>>>>
2023-07-16 23:55:42,612 : INFO : SwitchController : <<<<<<< 's_start_button' inactive >>>>>>>
2023-07-16 23:55:42,612 : INFO : EventManager : Event: ======'request_to_start_game'====== Args={}
2023-07-16 23:55:42,612 : INFO : EventManager : Event: ======'game_start'====== Args={'buttons': [], 'hold_time': 0.0779999999795109}
2023-07-16 23:55:42,612 : INFO : EventManager : Event: ======'mode_game_will_start'====== Args={'buttons': [], 'hold_time': 0.0779999999795109}
2023-07-16 23:55:42,613 : INFO : EventManager : Event: ======'mode_game_starting'====== Args={'buttons': [], 'hold_time': 0.0779999999795109}
2023-07-16 23:55:42,613 : INFO : EventManager : Event: ======'mode_attract_will_stop'====== Args={}
2023-07-16 23:55:42,613 : INFO : EventManager : Event: ======'mode_attract_stopping'====== Args={}
2023-07-16 23:55:42,613 : INFO : Mode.attract : Stopped.
2023-07-16 23:55:42,613 : INFO : EventManager : Event: ======'modes_active_modes_changed'====== Args={}
2023-07-16 23:55:42,613 : INFO : EventManager : Event: ======'mode_attract_stopped'====== Args={}
2023-07-16 23:55:42,613 : INFO : EventManager : Event: ======'clear'====== Args={'key': 'attract'}
2023-07-16 23:55:42,613 : INFO : Mode.game : Started. Priority: 20
2023-07-16 23:55:42,613 : INFO : EventManager : Event: ======'modes_active_modes_changed'====== Args={}
2023-07-16 23:55:42,613 : INFO : EventManager : Event: ======'mode_game_started'====== Args={'buttons': [], 'hold_time': 0.0779999999795109}
2023-07-16 23:55:42,616 : INFO : EventManager : Event: ======'game_will_start'====== Args={}
2023-07-16 23:55:42,617 : INFO : EventManager : Event: ======'game_starting'====== Args={'game': <Mode.game>}
2023-07-16 23:55:42,617 : INFO : EventManager : Event: ======'player_add_request'====== Args={}
2023-07-16 23:55:42,617 : INFO : EventManager : Event: ======'player_will_add'====== Args={'number': 1}
2023-07-16 23:55:42,618 : INFO : EventManager : Event: ======'player_adding'====== Args={'player': <Player 1>, 'number': 1}
2023-07-16 23:55:42,618 : INFO : EventManager : Event: ======'player_added'====== Args={'player': <Player 1>, 'num': 1}
2023-07-16 23:55:42,618 : INFO : Mode.game : Player added successfully. Total players: 1
2023-07-16 23:55:42,618 : INFO : EventManager : Event: ======'player_index'====== Args={'value': 0, 'prev_value': 0, 'change': 0, 'player_num': 1}
2023-07-16 23:55:42,618 : INFO : EventManager : Event: ======'player_number'====== Args={'value': 1, 'prev_value': 1, 'change': 0, 'player_num': 1}
2023-07-16 23:55:42,618 : INFO : EventManager : Event: ======'player_score'====== Args={'value': 0, 'prev_value': 0, 'change': 0, 'player_num': 1}
2023-07-16 23:55:42,619 : INFO : EventManager : Event: ======'game_started'====== Args={}
2023-07-16 23:55:42,623 : INFO : EventManager : Event: ======'player_turn_will_start'====== Args={'player': <Player 1>, 'number': 1}
2023-07-16 23:55:42,623 : INFO : EventManager : Event: ======'player_turn_starting'====== Args={'player': <Player 1>, 'number': 1}
2023-07-16 23:55:42,623 : INFO : EventManager : Event: ======'player_ball'====== Args={'value': 1, 'prev_value': 0, 'change': 1, 'player_num': 1}
2023-07-16 23:55:42,626 : INFO : EventManager : Event: ======'player_turn_started'====== Args={'player': <Player 1>, 'number': 1}
2023-07-16 23:55:42,627 : INFO : EventManager : Event: ======'ball_will_start'====== Args={'player': 1, 'ball': 1, 'balls_remaining': 2, 'is_extra_ball': False}
2023-07-16 23:55:42,627 : INFO : EventManager : Event: ======'slide_press_start_removed'====== Args={'_from_bcp': True}
2023-07-16 23:55:42,627 : INFO : EventManager : Event: ======'slide_mission_pinball_removed'====== Args={'_from_bcp': True}
2023-07-16 23:55:42,627 : INFO : EventManager : Event: ======'slide_last_game_score_slide_removed'====== Args={'_from_bcp': True}
2023-07-16 23:55:42,627 : INFO : EventManager : Event: ======'slide_awesome_slide_removed'====== Args={'_from_bcp': True}
2023-07-16 23:55:42,628 : INFO : EventManager : Event: ======'slide_welcome_slide_active'====== Args={'_from_bcp': True}
2023-07-16 23:55:42,629 : INFO : EventManager : Event: ======'ball_starting'====== Args={'player': 1, 'ball': 1, 'balls_remaining': 2, 'is_extra_ball': False}
2023-07-16 23:55:42,629 : INFO : EventManager : Event: ======'balls_in_play'====== Args={'balls': 1}
2023-07-16 23:55:42,629 : INFO : EventManager : Event: ======'ball_started'====== Args={'player': 1, 'ball': 1, 'balls_remaining': 2, 'is_extra_ball': False}
2023-07-16 23:55:42,630 : INFO : EventManager : Event: ======'mode_base_will_start'====== Args={'player': 1, 'ball': 1, 'balls_remaining': 2, 'is_extra_ball': False}
2023-07-16 23:55:42,630 : INFO : EventManager : Event: ======'mode_base_starting'====== Args={'player': 1, 'ball': 1, 'balls_remaining': 2, 'is_extra_ball': False}
2023-07-16 23:55:42,630 : INFO : Mode.base : Started. Priority: 100
2023-07-16 23:55:42,630 : INFO : EventManager : Event: ======'modes_active_modes_changed'====== Args={}
2023-07-16 23:55:42,630 : INFO : EventManager : Event: ======'mode_base_started'====== Args={'player': 1, 'ball': 1, 'balls_remaining': 2, 'is_extra_ball': False}
2023-07-16 23:55:42,631 : INFO : EventManager : Event: ======'single_player_ball_started'====== Args={}
2023-07-16 23:55:42,645 : INFO : EventManager : Event: ======'ball_start_target'====== Args={'target': 'playfield'}
2023-07-16 23:55:42,645 : INFO : EventManager : Event: ======'slide__global.slide_player-mode_base_started_created'====== Args={'_from_bcp': True}
2023-07-16 23:55:42,645 : INFO : EventManager : Event: ======'slide__global.slide_player-mode_base_started_active'====== Args={'_from_bcp': True}
2023-07-16 23:55:42,645 : INFO : ball_device.bd_plunger : Setting up player-controlled eject. Balls: 1, Target: <playfield.playfield>, player_controlled_eject_event: s_flipper_right_active
2023-07-16 23:55:42,645 : INFO : EventManager : Event: ======'balldevice_balls_available'====== Args={}
2023-07-16 23:55:42,646 : INFO : ball_device.bd_trough : State: waiting_for_target_ready
2023-07-16 23:55:42,646 : INFO : EventManager : Event: ======'balldevice_bd_trough_ball_eject_attempt'====== Args={'balls': 1, 'target': <ball_device.bd_plunger>, 'source': <ball_device.bd_trough>, 'mechanical_eject': True, 'num_attempts': 0}
2023-07-16 23:55:42,646 : INFO : ball_device.bd_plunger : State: waiting_for_ball
2023-07-16 23:55:42,646 : INFO : ball_device.bd_trough : State: ejecting
2023-07-16 23:55:42,646 : INFO : ball_device.bd_trough : Ejecting ball to <ball_device.bd_plunger>
2023-07-16 23:55:42,646 : INFO : EventManager : Event: ======'balldevice_bd_trough_ejecting_ball'====== Args={'balls': 1, 'target': <ball_device.bd_plunger>, 'source': <ball_device.bd_trough>, 'mechanical_eject': True, 'num_attempts': 0}
2023-07-16 23:55:42,647 : INFO : ball_device.bd_trough : Wait for ball to leave device
2023-07-16 23:55:42,647 : INFO : coil.c_trough_eject : Enabling Driver for 1000ms (1.0 pulse_power)
2023-07-16 23:55:42,647 : INFO : SwitchController : <<<<<<< 's_trough_1' inactive >>>>>>>
2023-07-16 23:55:42,668 : INFO : ball_device.bd_trough : State: ball_left
2023-07-16 23:55:42,668 : INFO : ball_device.bd_trough : Ball left
2023-07-16 23:55:42,668 : INFO : ball_device.bd_trough : Wait for confirm with timeout 3.0
2023-07-16 23:55:42,745 : INFO : SwitchController : <<<<<<< 's_plunger_detect' active >>>>>>>
2023-07-16 23:55:42,745 : INFO : EventManager : Event: ======'machine_var_audits_switches_s_plunger_detect'====== Args={'value': 31, 'prev_value': 30, 'change': 1}
2023-07-16 23:55:43,261 : INFO : ball_device.bd_plunger : Received ball from <ball_device.bd_trough>
2023-07-16 23:55:43,261 : INFO : EventManager : Event: ======'balldevice_bd_plunger_ball_enter'====== Args={'new_balls': 1, 'unclaimed_balls': 0, 'new_available_balls': 0, 'device': <ball_device.bd_plunger>}
2023-07-16 23:55:43,261 : INFO : EventManager : Event: ======'balldevice_bd_plunger_ball_entered'====== Args={'new_balls': 0, 'device': <ball_device.bd_plunger>}
2023-07-16 23:55:43,261 : INFO : EventManager : Event: ======'balldevice_bd_plunger_ball_count_changed'====== Args={'balls': 1}
2023-07-16 23:55:43,261 : INFO : ball_device.bd_trough : Got eject confirm
2023-07-16 23:55:43,261 : INFO : ball_device.bd_trough : Eject successful
2023-07-16 23:55:43,261 : INFO : EventManager : Event: ======'balldevice_bd_trough_ball_eject_success'====== Args={'balls': 1, 'target': <ball_device.bd_plunger>}
2023-07-16 23:55:43,262 : INFO : ball_device.bd_plunger : State: waiting_for_target_ready
2023-07-16 23:55:43,262 : INFO : EventManager : Event: ======'balldevice_bd_plunger_ball_eject_attempt'====== Args={'balls': 1, 'target': <playfield.playfield>, 'source': <ball_device.bd_plunger>, 'mechanical_eject': True, 'num_attempts': 0}
2023-07-16 23:55:43,262 : INFO : EventManager : Event: ======'balldevice_bd_trough_ball_count_changed'====== Args={'balls': 3}
2023-07-16 23:55:43,262 : INFO : ball_device.bd_trough : State: idle
2023-07-16 23:55:43,262 : INFO : ball_device.bd_plunger : State: ejecting
2023-07-16 23:55:43,262 : INFO : ball_device.bd_plunger : Ejecting ball to <playfield.playfield>
2023-07-16 23:55:43,262 : INFO : EventManager : Event: ======'balldevice_bd_plunger_ejecting_ball'====== Args={'balls': 1, 'target': <playfield.playfield>, 'source': <ball_device.bd_plunger>, 'mechanical_eject': True, 'num_attempts': 0}
2023-07-16 23:55:43,263 : INFO : ball_device.bd_plunger : Wait for ball to leave device
2023-07-16 23:55:43,662 : INFO : coil.c_trough_eject : Disabling Driver
2023-07-16 23:55:43,980 : INFO : SwitchController : <<<<<<< 's_flipper_right' active >>>>>>>
2023-07-16 23:55:43,980 : INFO : EventManager : Event: ======'s_flipper_right_active'====== Args={}
2023-07-16 23:55:43,980 : INFO : EventManager : Event: ======'machine_var_audits_switches_s_flipper_right'====== Args={'value': 33, 'prev_value': 32, 'change': 1}
2023-07-16 23:55:44,046 : INFO : coil.c_plunger : Pulsing Driver for 20ms (1.0 pulse_power)
2023-07-16 23:55:44,046 : INFO : SwitchController : <<<<<<< 's_plunger_detect' inactive >>>>>>>
2023-07-16 23:55:44,048 : INFO : ball_device.bd_plunger : State: ball_left
2023-07-16 23:55:44,049 : INFO : ball_device.bd_plunger : Ball left
2023-07-16 23:55:44,049 : INFO : ball_device.bd_plunger : Wait for confirm with timeout 10.0
2023-07-16 23:55:44,068 : INFO : SwitchController : <<<<<<< 's_flipper_right' inactive >>>>>>>
2023-07-16 23:55:45,302 : INFO : SwitchController : <<<<<<< 's_drain_detect' active >>>>>>>
2023-07-16 23:55:45,302 : INFO : EventManager : Event: ======'machine_var_audits_switches_s_drain_detect'====== Args={'value': 34, 'prev_value': 33, 'change': 1}
2023-07-16 23:55:45,392 : INFO : SwitchController : <<<<<<< 's_drain_detect' inactive >>>>>>>
2023-07-16 23:55:46,890 : INFO : SwitchController : <<<<<<< 's_drain_detect' active >>>>>>>
2023-07-16 23:55:46,890 : INFO : EventManager : Event: ======'machine_var_audits_switches_s_drain_detect'====== Args={'value': 35, 'prev_value': 34, 'change': 1}
2023-07-16 23:55:47,410 : INFO : EventManager : Event: ======'balldevice_bd_drain_ball_count_changed'====== Args={'balls': 1}
2023-07-16 23:55:47,410 : INFO : ball_device.bd_drain : Received unexpected ball
2023-07-16 23:55:47,410 : INFO : EventManager : Event: ======'balldevice_captured_from_playfield'====== Args={'balls': 1}
2023-07-16 23:55:47,410 : INFO : EventManager : Event: ======'sw_playfield_active'====== Args={'balls': 1}
2023-07-16 23:55:47,410 : INFO : EventManager : Event: ======'playfield_active'====== Args={}
2023-07-16 23:55:47,410 : INFO : EventManager : Event: ======'playfield_ball_count_change'====== Args={'balls': -1, 'change': -1}
2023-07-16 23:55:47,410 : INFO : EventManager : Event: ======'balldevice_bd_drain_ball_enter'====== Args={'new_balls': 1, 'unclaimed_balls': 1, 'new_available_balls': 1, 'device': <ball_device.bd_drain>}
2023-07-16 23:55:47,410 : INFO : EventManager : Event: ======'ball_drain'====== Args={'device': <ball_device.bd_drain>, 'balls': 1}
2023-07-16 23:55:47,410 : INFO : ball_device.bd_plunger : Got eject confirm
2023-07-16 23:55:47,410 : INFO : ball_device.bd_plunger : Eject successful
2023-07-16 23:55:47,410 : INFO : EventManager : Event: ======'balldevice_bd_plunger_ball_eject_success'====== Args={'balls': 1, 'target': <playfield.playfield>}
2023-07-16 23:55:47,410 : INFO : EventManager : Event: ======'balldevice_playfield_ball_enter'====== Args={'new_balls': 1, 'unclaimed_balls': 1, 'device': <playfield.playfield>}
2023-07-16 23:55:47,410 : INFO : EventManager : Event: ======'playfield_ball_count_change'====== Args={'balls': 0, 'change': 1}
2023-07-16 23:55:47,411 : INFO : EventManager : Event: ======'ball_will_end'====== Args={}
2023-07-16 23:55:47,411 : INFO : EventManager : Event: ======'balldevice_balls_available'====== Args={}
2023-07-16 23:55:47,411 : INFO : EventManager : Event: ======'balldevice_balls_available'====== Args={}
2023-07-16 23:55:47,411 : INFO : EventManager : Event: ======'balldevice_bd_drain_ball_entered'====== Args={'new_balls': 1, 'device': <ball_device.bd_drain>}
2023-07-16 23:55:47,411 : INFO : EventManager : Event: ======'balldevice_bd_plunger_ball_count_changed'====== Args={'balls': 0}
2023-07-16 23:55:47,411 : INFO : ball_device.bd_plunger : State: idle
2023-07-16 23:55:47,411 : INFO : EventManager : Event: ======'ball_ending'====== Args={}
2023-07-16 23:55:47,411 : INFO : EventManager : Event: ======'mode_base_will_stop'====== Args={}
2023-07-16 23:55:47,411 : INFO : EventManager : Event: ======'mode_base_stopping'====== Args={}
2023-07-16 23:55:47,411 : INFO : Mode.base : Stopped.
2023-07-16 23:55:47,411 : INFO : EventManager : Event: ======'modes_active_modes_changed'====== Args={}
2023-07-16 23:55:47,412 : INFO : EventManager : Event: ======'mode_base_stopped'====== Args={}
2023-07-16 23:55:47,412 : INFO : EventManager : Event: ======'clear'====== Args={'key': 'base'}
2023-07-16 23:55:47,425 : INFO : EventManager : Event: ======'ball_ended'====== Args={}
2023-07-16 23:55:47,425 : INFO : ball_device.bd_drain : State: waiting_for_target_ready
2023-07-16 23:55:47,425 : INFO : EventManager : Event: ======'balldevice_bd_drain_ball_eject_attempt'====== Args={'balls': 1, 'target': <ball_device.bd_trough>, 'source': <ball_device.bd_drain>, 'mechanical_eject': False, 'num_attempts': 0}
2023-07-16 23:55:47,426 : INFO : ball_device.bd_drain : State: ejecting
2023-07-16 23:55:47,426 : INFO : ball_device.bd_drain : Ejecting ball to <ball_device.bd_trough>
2023-07-16 23:55:47,426 : INFO : EventManager : Event: ======'balldevice_bd_drain_ejecting_ball'====== Args={'balls': 1, 'target': <ball_device.bd_trough>, 'source': <ball_device.bd_drain>, 'mechanical_eject': False, 'num_attempts': 0}
2023-07-16 23:55:47,426 : INFO : EventManager : Event: ======'player_turn_will_end'====== Args={'player': <Player 1>, 'number': 1}
2023-07-16 23:55:47,427 : INFO : EventManager : Event: ======'player_turn_ending'====== Args={'player': <Player 1>, 'number': 1}
2023-07-16 23:55:47,427 : INFO : EventManager : Event: ======'player_turn_ended'====== Args={'player': <Player 1>, 'number': 1}
2023-07-16 23:55:47,427 : INFO : ball_device.bd_drain : Wait for ball to leave device
2023-07-16 23:55:47,427 : INFO : coil.c_drain_kicker : Pulsing Driver for 20ms (1.0 pulse_power)
2023-07-16 23:55:47,428 : INFO : SwitchController : <<<<<<< 's_drain_detect' inactive >>>>>>>
2023-07-16 23:55:47,430 : INFO : EventManager : Event: ======'player_turn_will_start'====== Args={'player': <Player 1>, 'number': 1}
2023-07-16 23:55:47,430 : INFO : EventManager : Event: ======'player_turn_starting'====== Args={'player': <Player 1>, 'number': 1}
2023-07-16 23:55:47,430 : INFO : EventManager : Event: ======'player_ball'====== Args={'value': 2, 'prev_value': 1, 'change': 1, 'player_num': 1}
2023-07-16 23:55:47,430 : INFO : EventManager : Event: ======'player_turn_started'====== Args={'player': <Player 1>, 'number': 1}
2023-07-16 23:55:47,430 : INFO : ball_device.bd_drain : State: ball_left
2023-07-16 23:55:47,430 : INFO : ball_device.bd_drain : Ball left
2023-07-16 23:55:47,430 : INFO : ball_device.bd_drain : Wait for confirm with timeout 10.0
2023-07-16 23:55:47,431 : INFO : EventManager : Event: ======'ball_will_start'====== Args={'player': 1, 'ball': 2, 'balls_remaining': 1, 'is_extra_ball': False}
2023-07-16 23:55:47,432 : INFO : EventManager : Event: ======'ball_starting'====== Args={'player': 1, 'ball': 2, 'balls_remaining': 1, 'is_extra_ball': False}
2023-07-16 23:55:47,432 : INFO : EventManager : Event: ======'balls_in_play'====== Args={'balls': 1}
2023-07-16 23:55:47,432 : INFO : EventManager : Event: ======'ball_started'====== Args={'player': 1, 'ball': 2, 'balls_remaining': 1, 'is_extra_ball': False}
2023-07-16 23:55:47,432 : INFO : EventManager : Event: ======'mode_base_will_start'====== Args={'player': 1, 'ball': 2, 'balls_remaining': 1, 'is_extra_ball': False}
2023-07-16 23:55:47,433 : INFO : EventManager : Event: ======'mode_base_starting'====== Args={'player': 1, 'ball': 2, 'balls_remaining': 1, 'is_extra_ball': False}
2023-07-16 23:55:47,433 : INFO : Mode.base : Started. Priority: 100
2023-07-16 23:55:47,433 : INFO : EventManager : Event: ======'modes_active_modes_changed'====== Args={}
2023-07-16 23:55:47,433 : INFO : EventManager : Event: ======'mode_base_started'====== Args={'player': 1, 'ball': 2, 'balls_remaining': 1, 'is_extra_ball': False}
2023-07-16 23:55:47,434 : INFO : EventManager : Event: ======'single_player_ball_started'====== Args={}
2023-07-16 23:55:47,447 : INFO : EventManager : Event: ======'ball_start_target'====== Args={'target': 'playfield'}
2023-07-16 23:55:47,448 : INFO : EventManager : Event: ======'slide__global.slide_player-mode_base_started_removed'====== Args={'_from_bcp': True}
2023-07-16 23:55:47,448 : INFO : EventManager : Event: ======'slide__global.slide_player-mode_base_started_created'====== Args={'_from_bcp': True}
2023-07-16 23:55:47,448 : INFO : EventManager : Event: ======'slide__global.slide_player-mode_base_started_active'====== Args={'_from_bcp': True}
2023-07-16 23:55:47,448 : INFO : ball_device.bd_plunger : Setting up player-controlled eject. Balls: 1, Target: <playfield.playfield>, player_controlled_eject_event: s_flipper_right_active
2023-07-16 23:55:47,448 : INFO : EventManager : Event: ======'balldevice_balls_available'====== Args={}
2023-07-16 23:55:47,448 : INFO : ball_device.bd_trough : State: waiting_for_target_ready
2023-07-16 23:55:47,448 : INFO : EventManager : Event: ======'balldevice_bd_trough_ball_eject_attempt'====== Args={'balls': 1, 'target': <ball_device.bd_plunger>, 'source': <ball_device.bd_trough>, 'mechanical_eject': True, 'num_attempts': 0}
2023-07-16 23:55:47,449 : INFO : ball_device.bd_plunger : State: waiting_for_ball
2023-07-16 23:55:47,449 : INFO : ball_device.bd_trough : State: ejecting
2023-07-16 23:55:47,449 : INFO : ball_device.bd_trough : Ejecting ball to <ball_device.bd_plunger>
2023-07-16 23:55:47,449 : INFO : EventManager : Event: ======'balldevice_bd_trough_ejecting_ball'====== Args={'balls': 1, 'target': <ball_device.bd_plunger>, 'source': <ball_device.bd_trough>, 'mechanical_eject': True, 'num_attempts': 0}
2023-07-16 23:55:47,449 : INFO : ball_device.bd_trough : Wait for ball to leave device
2023-07-16 23:55:47,467 : INFO : ball_device.bd_trough : State: ball_left
2023-07-16 23:55:47,467 : INFO : ball_device.bd_trough : Ball left
2023-07-16 23:55:47,467 : INFO : ball_device.bd_trough : Wait for confirm with timeout 3.0
2023-07-16 23:55:47,497 : INFO : coil.c_trough_eject : Enabling Driver for 1000ms (1.0 pulse_power)
2023-07-16 23:55:47,527 : INFO : SwitchController : <<<<<<< 's_trough_1' active >>>>>>>
2023-07-16 23:55:47,527 : INFO : EventManager : Event: ======'machine_var_audits_switches_s_trough_1'====== Args={'value': 23, 'prev_value': 22, 'change': 1}
2023-07-16 23:55:47,527 : INFO : SwitchController : <<<<<<< 's_trough_1' inactive >>>>>>>
2023-07-16 23:55:47,527 : INFO : ball_device.bd_trough : Received ball from <ball_device.bd_drain>
2023-07-16 23:55:47,527 : INFO : EventManager : Event: ======'balldevice_bd_trough_ball_enter'====== Args={'new_balls': 1, 'unclaimed_balls': 0, 'new_available_balls': 0, 'device': <ball_device.bd_trough>}
2023-07-16 23:55:47,529 : INFO : EventManager : Event: ======'ball_drain'====== Args={'device': <ball_device.bd_trough>, 'balls': 0}
2023-07-16 23:55:47,529 : INFO : EventManager : Event: ======'balldevice_bd_trough_ball_entered'====== Args={'new_balls': 0, 'device': <ball_device.bd_trough>}
2023-07-16 23:55:47,529 : INFO : EventManager : Event: ======'balldevice_bd_trough_ball_count_changed'====== Args={'balls': 4}
2023-07-16 23:55:47,529 : INFO : ball_device.bd_drain : Got eject confirm
2023-07-16 23:55:47,529 : INFO : ball_device.bd_drain : Eject successful
2023-07-16 23:55:47,529 : INFO : EventManager : Event: ======'balldevice_bd_drain_ball_eject_success'====== Args={'balls': 1, 'target': <ball_device.bd_trough>}
2023-07-16 23:55:47,529 : INFO : EventManager : Event: ======'balldevice_bd_drain_ball_count_changed'====== Args={'balls': 0}
2023-07-16 23:55:47,529 : INFO : ball_device.bd_drain : State: idle
2023-07-16 23:55:47,604 : INFO : SwitchController : <<<<<<< 's_plunger_detect' active >>>>>>>
2023-07-16 23:55:47,604 : INFO : EventManager : Event: ======'machine_var_audits_switches_s_plunger_detect'====== Args={'value': 32, 'prev_value': 31, 'change': 1}
2023-07-16 23:55:47,856 : WARNING : SwitchController : Received duplicate switch state 0 for switch s_drain_detect from the platform interface. Log Code: Log-SwitchController-1 (https://docs.missionpinball.org/en/0.56/logs/Log-SwitchController-1.html)
2023-07-16 23:55:48,130 : INFO : ball_device.bd_plunger : Received ball from <ball_device.bd_trough>
2023-07-16 23:55:48,130 : INFO : EventManager : Event: ======'balldevice_bd_plunger_ball_enter'====== Args={'new_balls': 1, 'unclaimed_balls': 0, 'new_available_balls': 0, 'device': <ball_device.bd_plunger>}
2023-07-16 23:55:48,130 : INFO : EventManager : Event: ======'balldevice_bd_plunger_ball_entered'====== Args={'new_balls': 0, 'device': <ball_device.bd_plunger>}
2023-07-16 23:55:48,130 : INFO : EventManager : Event: ======'balldevice_bd_plunger_ball_count_changed'====== Args={'balls': 1}
2023-07-16 23:55:48,130 : INFO : ball_device.bd_trough : Got eject confirm
2023-07-16 23:55:48,130 : INFO : ball_device.bd_trough : Eject successful
2023-07-16 23:55:48,130 : INFO : EventManager : Event: ======'balldevice_bd_trough_ball_eject_success'====== Args={'balls': 1, 'target': <ball_device.bd_plunger>}
2023-07-16 23:55:48,130 : INFO : ball_device.bd_plunger : State: waiting_for_target_ready
2023-07-16 23:55:48,130 : INFO : EventManager : Event: ======'balldevice_bd_plunger_ball_eject_attempt'====== Args={'balls': 1, 'target': <playfield.playfield>, 'source': <ball_device.bd_plunger>, 'mechanical_eject': True, 'num_attempts': 0}
2023-07-16 23:55:48,131 : INFO : EventManager : Event: ======'balldevice_bd_trough_ball_count_changed'====== Args={'balls': 3}
2023-07-16 23:55:48,131 : INFO : ball_device.bd_trough : State: idle
2023-07-16 23:55:48,131 : INFO : ball_device.bd_plunger : State: ejecting
2023-07-16 23:55:48,131 : INFO : ball_device.bd_plunger : Ejecting ball to <playfield.playfield>
2023-07-16 23:55:48,131 : INFO : EventManager : Event: ======'balldevice_bd_plunger_ejecting_ball'====== Args={'balls': 1, 'target': <playfield.playfield>, 'source': <ball_device.bd_plunger>, 'mechanical_eject': True, 'num_attempts': 0}
2023-07-16 23:55:48,132 : INFO : ball_device.bd_plunger : Wait for ball to leave device
2023-07-16 23:55:48,504 : INFO : coil.c_trough_eject : Disabling Driver
2023-07-16 23:55:50,113 : INFO : SwitchController : <<<<<<< 's_flipper_right' active >>>>>>>
2023-07-16 23:55:50,113 : INFO : EventManager : Event: ======'s_flipper_right_active'====== Args={}
2023-07-16 23:55:50,113 : INFO : EventManager : Event: ======'machine_var_audits_switches_s_flipper_right'====== Args={'value': 34, 'prev_value': 33, 'change': 1}
2023-07-16 23:55:50,191 : INFO : coil.c_plunger : Pulsing Driver for 20ms (1.0 pulse_power)
2023-07-16 23:55:50,191 : INFO : SwitchController : <<<<<<< 's_plunger_detect' inactive >>>>>>>
2023-07-16 23:55:50,194 : INFO : ball_device.bd_plunger : State: ball_left
2023-07-16 23:55:50,194 : INFO : ball_device.bd_plunger : Ball left
2023-07-16 23:55:50,194 : INFO : ball_device.bd_plunger : Wait for confirm with timeout 10.0
2023-07-16 23:55:50,254 : INFO : SwitchController : <<<<<<< 's_flipper_right' inactive >>>>>>>
2023-07-16 23:55:51,805 : INFO : SwitchController : <<<<<<< 's_drain_detect' active >>>>>>>
2023-07-16 23:55:51,805 : INFO : EventManager : Event: ======'machine_var_audits_switches_s_drain_detect'====== Args={'value': 36, 'prev_value': 35, 'change': 1}
2023-07-16 23:55:52,293 : INFO : EventManager : Event: ======'balldevice_bd_drain_ball_count_changed'====== Args={'balls': 1}
2023-07-16 23:55:52,293 : INFO : ball_device.bd_drain : Received unexpected ball
2023-07-16 23:55:52,293 : INFO : EventManager : Event: ======'balldevice_captured_from_playfield'====== Args={'balls': 1}
2023-07-16 23:55:52,293 : INFO : EventManager : Event: ======'sw_playfield_active'====== Args={'balls': 1}
2023-07-16 23:55:52,293 : INFO : EventManager : Event: ======'playfield_active'====== Args={}
2023-07-16 23:55:52,293 : INFO : EventManager : Event: ======'playfield_ball_count_change'====== Args={'balls': -1, 'change': -1}
2023-07-16 23:55:52,293 : INFO : EventManager : Event: ======'balldevice_bd_drain_ball_enter'====== Args={'new_balls': 1, 'unclaimed_balls': 1, 'new_available_balls': 1, 'device': <ball_device.bd_drain>}
2023-07-16 23:55:52,293 : INFO : EventManager : Event: ======'ball_drain'====== Args={'device': <ball_device.bd_drain>, 'balls': 1}
2023-07-16 23:55:52,294 : INFO : ball_device.bd_plunger : Got eject confirm
2023-07-16 23:55:52,294 : INFO : ball_device.bd_plunger : Eject successful
2023-07-16 23:55:52,294 : INFO : EventManager : Event: ======'balldevice_bd_plunger_ball_eject_success'====== Args={'balls': 1, 'target': <playfield.playfield>}
2023-07-16 23:55:52,294 : INFO : EventManager : Event: ======'balldevice_playfield_ball_enter'====== Args={'new_balls': 1, 'unclaimed_balls': 1, 'device': <playfield.playfield>}
2023-07-16 23:55:52,294 : INFO : EventManager : Event: ======'playfield_ball_count_change'====== Args={'balls': 0, 'change': 1}
2023-07-16 23:55:52,294 : INFO : EventManager : Event: ======'ball_will_end'====== Args={}
2023-07-16 23:55:52,294 : INFO : EventManager : Event: ======'balldevice_balls_available'====== Args={}
2023-07-16 23:55:52,294 : INFO : EventManager : Event: ======'balldevice_balls_available'====== Args={}
2023-07-16 23:55:52,294 : INFO : EventManager : Event: ======'balldevice_bd_drain_ball_entered'====== Args={'new_balls': 1, 'device': <ball_device.bd_drain>}
2023-07-16 23:55:52,294 : INFO : EventManager : Event: ======'balldevice_bd_plunger_ball_count_changed'====== Args={'balls': 0}
2023-07-16 23:55:52,294 : INFO : ball_device.bd_plunger : State: idle
2023-07-16 23:55:52,294 : INFO : EventManager : Event: ======'ball_ending'====== Args={}
2023-07-16 23:55:52,295 : INFO : EventManager : Event: ======'mode_base_will_stop'====== Args={}
2023-07-16 23:55:52,295 : INFO : EventManager : Event: ======'mode_base_stopping'====== Args={}
2023-07-16 23:55:52,295 : INFO : Mode.base : Stopped.
2023-07-16 23:55:52,295 : INFO : EventManager : Event: ======'modes_active_modes_changed'====== Args={}
2023-07-16 23:55:52,295 : INFO : EventManager : Event: ======'mode_base_stopped'====== Args={}
2023-07-16 23:55:52,295 : INFO : EventManager : Event: ======'clear'====== Args={'key': 'base'}
2023-07-16 23:55:52,307 : INFO : EventManager : Event: ======'ball_ended'====== Args={}
2023-07-16 23:55:52,307 : INFO : ball_device.bd_drain : State: waiting_for_target_ready
2023-07-16 23:55:52,307 : INFO : EventManager : Event: ======'balldevice_bd_drain_ball_eject_attempt'====== Args={'balls': 1, 'target': <ball_device.bd_trough>, 'source': <ball_device.bd_drain>, 'mechanical_eject': False, 'num_attempts': 0}
2023-07-16 23:55:52,308 : INFO : ball_device.bd_drain : State: ejecting
2023-07-16 23:55:52,308 : INFO : ball_device.bd_drain : Ejecting ball to <ball_device.bd_trough>
2023-07-16 23:55:52,308 : INFO : EventManager : Event: ======'balldevice_bd_drain_ejecting_ball'====== Args={'balls': 1, 'target': <ball_device.bd_trough>, 'source': <ball_device.bd_drain>, 'mechanical_eject': False, 'num_attempts': 0}
2023-07-16 23:55:52,308 : INFO : EventManager : Event: ======'player_turn_will_end'====== Args={'player': <Player 1>, 'number': 1}
2023-07-16 23:55:52,309 : INFO : EventManager : Event: ======'player_turn_ending'====== Args={'player': <Player 1>, 'number': 1}
2023-07-16 23:55:52,310 : INFO : EventManager : Event: ======'player_turn_ended'====== Args={'player': <Player 1>, 'number': 1}
2023-07-16 23:55:52,310 : INFO : ball_device.bd_drain : Wait for ball to leave device
2023-07-16 23:55:52,310 : INFO : coil.c_drain_kicker : Pulsing Driver for 20ms (1.0 pulse_power)
2023-07-16 23:55:52,310 : INFO : SwitchController : <<<<<<< 's_drain_detect' inactive >>>>>>>
2023-07-16 23:55:52,312 : INFO : EventManager : Event: ======'player_turn_will_start'====== Args={'player': <Player 1>, 'number': 1}
2023-07-16 23:55:52,312 : INFO : EventManager : Event: ======'player_turn_starting'====== Args={'player': <Player 1>, 'number': 1}
2023-07-16 23:55:52,312 : INFO : EventManager : Event: ======'player_ball'====== Args={'value': 3, 'prev_value': 2, 'change': 1, 'player_num': 1}
2023-07-16 23:55:52,312 : INFO : EventManager : Event: ======'player_turn_started'====== Args={'player': <Player 1>, 'number': 1}
2023-07-16 23:55:52,313 : INFO : ball_device.bd_drain : State: ball_left
2023-07-16 23:55:52,313 : INFO : ball_device.bd_drain : Ball left
2023-07-16 23:55:52,313 : INFO : ball_device.bd_drain : Wait for confirm with timeout 10.0
2023-07-16 23:55:52,313 : INFO : EventManager : Event: ======'ball_will_start'====== Args={'player': 1, 'ball': 3, 'balls_remaining': 0, 'is_extra_ball': False}
2023-07-16 23:55:52,314 : INFO : EventManager : Event: ======'ball_starting'====== Args={'player': 1, 'ball': 3, 'balls_remaining': 0, 'is_extra_ball': False}
2023-07-16 23:55:52,315 : INFO : EventManager : Event: ======'balls_in_play'====== Args={'balls': 1}
2023-07-16 23:55:52,315 : INFO : EventManager : Event: ======'ball_started'====== Args={'player': 1, 'ball': 3, 'balls_remaining': 0, 'is_extra_ball': False}
2023-07-16 23:55:52,315 : INFO : EventManager : Event: ======'mode_base_will_start'====== Args={'player': 1, 'ball': 3, 'balls_remaining': 0, 'is_extra_ball': False}
2023-07-16 23:55:52,315 : INFO : EventManager : Event: ======'mode_base_starting'====== Args={'player': 1, 'ball': 3, 'balls_remaining': 0, 'is_extra_ball': False}
2023-07-16 23:55:52,315 : INFO : Mode.base : Started. Priority: 100
2023-07-16 23:55:52,315 : INFO : EventManager : Event: ======'modes_active_modes_changed'====== Args={}
2023-07-16 23:55:52,315 : INFO : EventManager : Event: ======'mode_base_started'====== Args={'player': 1, 'ball': 3, 'balls_remaining': 0, 'is_extra_ball': False}
2023-07-16 23:55:52,316 : INFO : EventManager : Event: ======'single_player_ball_started'====== Args={}
2023-07-16 23:55:52,329 : INFO : EventManager : Event: ======'ball_start_target'====== Args={'target': 'playfield'}
2023-07-16 23:55:52,330 : INFO : EventManager : Event: ======'slide__global.slide_player-mode_base_started_removed'====== Args={'_from_bcp': True}
2023-07-16 23:55:52,330 : INFO : EventManager : Event: ======'slide__global.slide_player-mode_base_started_created'====== Args={'_from_bcp': True}
2023-07-16 23:55:52,330 : INFO : EventManager : Event: ======'slide__global.slide_player-mode_base_started_active'====== Args={'_from_bcp': True}
2023-07-16 23:55:52,330 : INFO : ball_device.bd_plunger : Setting up player-controlled eject. Balls: 1, Target: <playfield.playfield>, player_controlled_eject_event: s_flipper_right_active
2023-07-16 23:55:52,330 : INFO : EventManager : Event: ======'balldevice_balls_available'====== Args={}
2023-07-16 23:55:52,330 : INFO : ball_device.bd_trough : State: waiting_for_target_ready
2023-07-16 23:55:52,330 : INFO : EventManager : Event: ======'balldevice_bd_trough_ball_eject_attempt'====== Args={'balls': 1, 'target': <ball_device.bd_plunger>, 'source': <ball_device.bd_trough>, 'mechanical_eject': True, 'num_attempts': 0}
2023-07-16 23:55:52,330 : INFO : ball_device.bd_plunger : State: waiting_for_ball
2023-07-16 23:55:52,330 : INFO : ball_device.bd_trough : State: ejecting
2023-07-16 23:55:52,331 : INFO : ball_device.bd_trough : Ejecting ball to <ball_device.bd_plunger>
2023-07-16 23:55:52,331 : INFO : EventManager : Event: ======'balldevice_bd_trough_ejecting_ball'====== Args={'balls': 1, 'target': <ball_device.bd_plunger>, 'source': <ball_device.bd_trough>, 'mechanical_eject': True, 'num_attempts': 0}
2023-07-16 23:55:52,331 : INFO : ball_device.bd_trough : Wait for ball to leave device
2023-07-16 23:55:52,356 : INFO : ball_device.bd_trough : State: ball_left
2023-07-16 23:55:52,356 : INFO : ball_device.bd_trough : Ball left
2023-07-16 23:55:52,356 : INFO : ball_device.bd_trough : Wait for confirm with timeout 3.0
2023-07-16 23:55:52,387 : INFO : coil.c_trough_eject : Enabling Driver for 1000ms (1.0 pulse_power)
2023-07-16 23:55:52,401 : INFO : SwitchController : <<<<<<< 's_trough_1' active >>>>>>>
2023-07-16 23:55:52,401 : INFO : EventManager : Event: ======'machine_var_audits_switches_s_trough_1'====== Args={'value': 24, 'prev_value': 23, 'change': 1}
2023-07-16 23:55:52,401 : INFO : SwitchController : <<<<<<< 's_trough_1' inactive >>>>>>>
2023-07-16 23:55:52,402 : INFO : ball_device.bd_trough : Received ball from <ball_device.bd_drain>
2023-07-16 23:55:52,402 : INFO : EventManager : Event: ======'balldevice_bd_trough_ball_enter'====== Args={'new_balls': 1, 'unclaimed_balls': 0, 'new_available_balls': 0, 'device': <ball_device.bd_trough>}
2023-07-16 23:55:52,404 : INFO : EventManager : Event: ======'ball_drain'====== Args={'device': <ball_device.bd_trough>, 'balls': 0}
2023-07-16 23:55:52,404 : INFO : EventManager : Event: ======'balldevice_bd_trough_ball_entered'====== Args={'new_balls': 0, 'device': <ball_device.bd_trough>}
2023-07-16 23:55:52,404 : INFO : EventManager : Event: ======'balldevice_bd_trough_ball_count_changed'====== Args={'balls': 4}
2023-07-16 23:55:52,405 : INFO : ball_device.bd_drain : Got eject confirm
2023-07-16 23:55:52,405 : INFO : ball_device.bd_drain : Eject successful
2023-07-16 23:55:52,405 : INFO : EventManager : Event: ======'balldevice_bd_drain_ball_eject_success'====== Args={'balls': 1, 'target': <ball_device.bd_trough>}
2023-07-16 23:55:52,405 : INFO : EventManager : Event: ======'balldevice_bd_drain_ball_count_changed'====== Args={'balls': 0}
2023-07-16 23:55:52,405 : INFO : ball_device.bd_drain : State: idle
2023-07-16 23:55:52,495 : INFO : SwitchController : <<<<<<< 's_plunger_detect' active >>>>>>>
2023-07-16 23:55:52,495 : INFO : EventManager : Event: ======'machine_var_audits_switches_s_plunger_detect'====== Args={'value': 33, 'prev_value': 32, 'change': 1}
2023-07-16 23:55:52,778 : WARNING : SwitchController : Received duplicate switch state 0 for switch s_drain_detect from the platform interface. Log Code: Log-SwitchController-1 (https://docs.missionpinball.org/en/0.56/logs/Log-SwitchController-1.html)
2023-07-16 23:55:53,019 : INFO : ball_device.bd_plunger : Received ball from <ball_device.bd_trough>
2023-07-16 23:55:53,019 : INFO : EventManager : Event: ======'balldevice_bd_plunger_ball_enter'====== Args={'new_balls': 1, 'unclaimed_balls': 0, 'new_available_balls': 0, 'device': <ball_device.bd_plunger>}
2023-07-16 23:55:53,019 : INFO : EventManager : Event: ======'balldevice_bd_plunger_ball_entered'====== Args={'new_balls': 0, 'device': <ball_device.bd_plunger>}
2023-07-16 23:55:53,019 : INFO : EventManager : Event: ======'balldevice_bd_plunger_ball_count_changed'====== Args={'balls': 1}
2023-07-16 23:55:53,019 : INFO : ball_device.bd_trough : Got eject confirm
2023-07-16 23:55:53,019 : INFO : ball_device.bd_trough : Eject successful
2023-07-16 23:55:53,019 : INFO : EventManager : Event: ======'balldevice_bd_trough_ball_eject_success'====== Args={'balls': 1, 'target': <ball_device.bd_plunger>}
2023-07-16 23:55:53,020 : INFO : ball_device.bd_plunger : State: waiting_for_target_ready
2023-07-16 23:55:53,020 : INFO : EventManager : Event: ======'balldevice_bd_plunger_ball_eject_attempt'====== Args={'balls': 1, 'target': <playfield.playfield>, 'source': <ball_device.bd_plunger>, 'mechanical_eject': True, 'num_attempts': 0}
2023-07-16 23:55:53,020 : INFO : EventManager : Event: ======'balldevice_bd_trough_ball_count_changed'====== Args={'balls': 3}
2023-07-16 23:55:53,020 : INFO : ball_device.bd_trough : State: idle
2023-07-16 23:55:53,020 : INFO : ball_device.bd_plunger : State: ejecting
2023-07-16 23:55:53,020 : INFO : ball_device.bd_plunger : Ejecting ball to <playfield.playfield>
2023-07-16 23:55:53,020 : INFO : EventManager : Event: ======'balldevice_bd_plunger_ejecting_ball'====== Args={'balls': 1, 'target': <playfield.playfield>, 'source': <ball_device.bd_plunger>, 'mechanical_eject': True, 'num_attempts': 0}
2023-07-16 23:55:53,020 : INFO : ball_device.bd_plunger : Wait for ball to leave device
2023-07-16 23:55:53,408 : INFO : coil.c_trough_eject : Disabling Driver
2023-07-16 23:55:53,553 : INFO : SwitchController : <<<<<<< 's_flipper_right' active >>>>>>>
2023-07-16 23:55:53,553 : INFO : EventManager : Event: ======'s_flipper_right_active'====== Args={}
2023-07-16 23:55:53,553 : INFO : EventManager : Event: ======'machine_var_audits_switches_s_flipper_right'====== Args={'value': 35, 'prev_value': 34, 'change': 1}
2023-07-16 23:55:53,623 : INFO : coil.c_plunger : Pulsing Driver for 20ms (1.0 pulse_power)
2023-07-16 23:55:53,623 : INFO : SwitchController : <<<<<<< 's_plunger_detect' inactive >>>>>>>
2023-07-16 23:55:53,625 : INFO : ball_device.bd_plunger : State: ball_left
2023-07-16 23:55:53,625 : INFO : ball_device.bd_plunger : Ball left
2023-07-16 23:55:53,626 : INFO : ball_device.bd_plunger : Wait for confirm with timeout 10.0
2023-07-16 23:55:53,689 : INFO : SwitchController : <<<<<<< 's_flipper_right' inactive >>>>>>>
2023-07-16 23:55:54,620 : INFO : SwitchController : <<<<<<< 's_drain_detect' active >>>>>>>
2023-07-16 23:55:54,620 : INFO : EventManager : Event: ======'machine_var_audits_switches_s_drain_detect'====== Args={'value': 37, 'prev_value': 36, 'change': 1}
2023-07-16 23:55:55,123 : INFO : EventManager : Event: ======'balldevice_bd_drain_ball_count_changed'====== Args={'balls': 1}
2023-07-16 23:55:55,123 : INFO : ball_device.bd_drain : Received unexpected ball
2023-07-16 23:55:55,123 : INFO : EventManager : Event: ======'balldevice_captured_from_playfield'====== Args={'balls': 1}
2023-07-16 23:55:55,123 : INFO : EventManager : Event: ======'sw_playfield_active'====== Args={'balls': 1}
2023-07-16 23:55:55,123 : INFO : EventManager : Event: ======'playfield_active'====== Args={}
2023-07-16 23:55:55,123 : INFO : EventManager : Event: ======'playfield_ball_count_change'====== Args={'balls': -1, 'change': -1}
2023-07-16 23:55:55,123 : INFO : EventManager : Event: ======'balldevice_bd_drain_ball_enter'====== Args={'new_balls': 1, 'unclaimed_balls': 1, 'new_available_balls': 1, 'device': <ball_device.bd_drain>}
2023-07-16 23:55:55,124 : INFO : EventManager : Event: ======'ball_drain'====== Args={'device': <ball_device.bd_drain>, 'balls': 1}
2023-07-16 23:55:55,124 : INFO : ball_device.bd_plunger : Got eject confirm
2023-07-16 23:55:55,124 : INFO : ball_device.bd_plunger : Eject successful
2023-07-16 23:55:55,124 : INFO : EventManager : Event: ======'balldevice_bd_plunger_ball_eject_success'====== Args={'balls': 1, 'target': <playfield.playfield>}
2023-07-16 23:55:55,124 : INFO : EventManager : Event: ======'balldevice_playfield_ball_enter'====== Args={'new_balls': 1, 'unclaimed_balls': 1, 'device': <playfield.playfield>}
2023-07-16 23:55:55,124 : INFO : EventManager : Event: ======'playfield_ball_count_change'====== Args={'balls': 0, 'change': 1}
2023-07-16 23:55:55,124 : INFO : EventManager : Event: ======'ball_will_end'====== Args={}
2023-07-16 23:55:55,124 : INFO : EventManager : Event: ======'balldevice_balls_available'====== Args={}
2023-07-16 23:55:55,124 : INFO : EventManager : Event: ======'balldevice_balls_available'====== Args={}
2023-07-16 23:55:55,124 : INFO : EventManager : Event: ======'balldevice_bd_drain_ball_entered'====== Args={'new_balls': 1, 'device': <ball_device.bd_drain>}
2023-07-16 23:55:55,124 : INFO : EventManager : Event: ======'balldevice_bd_plunger_ball_count_changed'====== Args={'balls': 0}
2023-07-16 23:55:55,124 : INFO : ball_device.bd_plunger : State: idle
2023-07-16 23:55:55,125 : INFO : EventManager : Event: ======'ball_ending'====== Args={}
2023-07-16 23:55:55,125 : INFO : EventManager : Event: ======'mode_base_will_stop'====== Args={}
2023-07-16 23:55:55,125 : INFO : EventManager : Event: ======'mode_base_stopping'====== Args={}
2023-07-16 23:55:55,125 : INFO : Mode.base : Stopped.
2023-07-16 23:55:55,125 : INFO : EventManager : Event: ======'modes_active_modes_changed'====== Args={}
2023-07-16 23:55:55,125 : INFO : EventManager : Event: ======'mode_base_stopped'====== Args={}
2023-07-16 23:55:55,125 : INFO : EventManager : Event: ======'clear'====== Args={'key': 'base'}
2023-07-16 23:55:55,138 : INFO : EventManager : Event: ======'ball_ended'====== Args={}
2023-07-16 23:55:55,138 : INFO : ball_device.bd_drain : State: waiting_for_target_ready
2023-07-16 23:55:55,138 : INFO : EventManager : Event: ======'balldevice_bd_drain_ball_eject_attempt'====== Args={'balls': 1, 'target': <ball_device.bd_trough>, 'source': <ball_device.bd_drain>, 'mechanical_eject': False, 'num_attempts': 0}
2023-07-16 23:55:55,139 : INFO : ball_device.bd_drain : State: ejecting
2023-07-16 23:55:55,139 : INFO : ball_device.bd_drain : Ejecting ball to <ball_device.bd_trough>
2023-07-16 23:55:55,139 : INFO : EventManager : Event: ======'balldevice_bd_drain_ejecting_ball'====== Args={'balls': 1, 'target': <ball_device.bd_trough>, 'source': <ball_device.bd_drain>, 'mechanical_eject': False, 'num_attempts': 0}
2023-07-16 23:55:55,139 : INFO : EventManager : Event: ======'player_turn_will_end'====== Args={'player': <Player 1>, 'number': 1}
2023-07-16 23:55:55,140 : INFO : EventManager : Event: ======'player_turn_ending'====== Args={'player': <Player 1>, 'number': 1}
2023-07-16 23:55:55,140 : INFO : EventManager : Event: ======'player_turn_ended'====== Args={'player': <Player 1>, 'number': 1}
2023-07-16 23:55:55,140 : INFO : ball_device.bd_drain : Wait for ball to leave device
2023-07-16 23:55:55,140 : INFO : coil.c_drain_kicker : Pulsing Driver for 20ms (1.0 pulse_power)
2023-07-16 23:55:55,140 : INFO : SwitchController : <<<<<<< 's_drain_detect' inactive >>>>>>>
2023-07-16 23:55:55,142 : INFO : EventManager : Event: ======'game_will_end'====== Args={}
2023-07-16 23:55:55,142 : INFO : EventManager : Event: ======'game_ending'====== Args={}
2023-07-16 23:55:55,143 : INFO : ball_device.bd_drain : State: ball_left
2023-07-16 23:55:55,143 : INFO : ball_device.bd_drain : Ball left
2023-07-16 23:55:55,143 : INFO : ball_device.bd_drain : Wait for confirm with timeout 10.0
2023-07-16 23:55:55,143 : INFO : EventManager : Event: ======'game_ended'====== Args={}
2023-07-16 23:55:55,143 : INFO : EventManager : Event: ======'mode_game_will_stop'====== Args={}
2023-07-16 23:55:55,143 : INFO : EventManager : Event: ======'mode_game_stopping'====== Args={}
2023-07-16 23:55:55,143 : INFO : EventManager : Event: ======'mode_attract_will_start'====== Args={}
2023-07-16 23:55:55,144 : INFO : EventManager : Event: ======'mode_attract_starting'====== Args={}
2023-07-16 23:55:55,144 : INFO : Mode.attract : Started. Priority: 10
2023-07-16 23:55:55,144 : INFO : EventManager : Event: ======'modes_active_modes_changed'====== Args={}
2023-07-16 23:55:55,144 : INFO : EventManager : Event: ======'mode_attract_started'====== Args={}
2023-07-16 23:55:55,144 : INFO : EventManager : Event: ======'collecting_balls_complete'====== Args={}
2023-07-16 23:55:55,145 : INFO : Mode.game : Stopped.
2023-07-16 23:55:55,145 : INFO : EventManager : Event: ======'modes_active_modes_changed'====== Args={}
2023-07-16 23:55:55,145 : INFO : EventManager : Event: ======'mode_game_stopped'====== Args={}
2023-07-16 23:55:55,145 : INFO : EventManager : Event: ======'clear'====== Args={'key': 'game'}
2023-07-16 23:55:55,152 : INFO : EventManager : Event: ======'slide_awesome_slide_created'====== Args={'_from_bcp': True}
2023-07-16 23:55:55,153 : INFO : EventManager : Event: ======'slide_welcome_slide_removed'====== Args={'_from_bcp': True}
2023-07-16 23:55:55,153 : INFO : EventManager : Event: ======'slide_welcome_slide_created'====== Args={'_from_bcp': True}
2023-07-16 23:55:55,154 : INFO : EventManager : Event: ======'slide_awesome_slide_active'====== Args={'_from_bcp': True}
2023-07-16 23:55:55,248 : INFO : SwitchController : <<<<<<< 's_trough_1' active >>>>>>>
2023-07-16 23:55:55,715 : WARNING : SwitchController : Received duplicate switch state 0 for switch s_drain_detect from the platform interface. Log Code: Log-SwitchController-1 (https://docs.missionpinball.org/en/0.56/logs/Log-SwitchController-1.html)
2023-07-16 23:55:55,747 : INFO : EventManager : Event: ======'balldevice_bd_trough_ball_count_changed'====== Args={'balls': 4}
2023-07-16 23:55:55,747 : INFO : ball_device.bd_trough : Received ball from <ball_device.bd_drain>
2023-07-16 23:55:55,747 : INFO : EventManager : Event: ======'balldevice_bd_trough_ball_enter'====== Args={'new_balls': 1, 'unclaimed_balls': 0, 'new_available_balls': 0, 'device': <ball_device.bd_trough>}
2023-07-16 23:55:55,747 : INFO : EventManager : Event: ======'ball_drain'====== Args={'device': <ball_device.bd_trough>, 'balls': 0}
2023-07-16 23:55:55,747 : INFO : EventManager : Event: ======'balldevice_bd_trough_ball_entered'====== Args={'new_balls': 0, 'device': <ball_device.bd_trough>}
2023-07-16 23:55:55,747 : INFO : ball_device.bd_drain : Got eject confirm
2023-07-16 23:55:55,747 : INFO : ball_device.bd_drain : Eject successful
2023-07-16 23:55:55,747 : INFO : EventManager : Event: ======'balldevice_bd_drain_ball_eject_success'====== Args={'balls': 1, 'target': <ball_device.bd_trough>}
2023-07-16 23:55:55,748 : INFO : EventManager : Event: ======'balldevice_bd_drain_ball_count_changed'====== Args={'balls': 0}
2023-07-16 23:55:55,748 : INFO : ball_device.bd_drain : State: idle
2023-07-16 23:55:58,156 : INFO : EventManager : Event: ======'slide_press_start_created'====== Args={'_from_bcp': True}
2023-07-16 23:55:58,156 : INFO : EventManager : Event: ======'slide_press_start_active'====== Args={'_from_bcp': True}
2023-07-16 23:56:01,147 : INFO : Machine : Shutting down...
2023-07-16 23:56:01,147 : INFO : EventManager : Event: ======'shutdown'====== Args={}
2023-07-16 23:56:01,151 : INFO : root : MPF run loop ended.
