2023-07-18 08:07:41,696 : kivy : Factory: 189 symbols loaded
2023-07-18 08:07:41,822 : kivy : ImageLoaderFFPy: Using ffpyplayer 4.3.5
2023-07-18 08:07:41,822 : kivy : Image: Providers: img_tex, img_dds, img_sdl2, img_pil, img_ffpyplayer 
2023-07-18 08:07:41,856 : kivy : VideoGstplayer: Using Gstreamer 1.18.5.0
2023-07-18 08:07:41,856 : kivy : Video: Provider: gstplayer
2023-07-18 08:07:41,974 : kivy : Loading MPF-MC controller
2023-07-18 08:07:41,987 : YamlMultifileConfigLoader : Machine config file #1: config
2023-07-18 08:07:41,988 : ConfigProcessor : Config file in cache changed: D:\MPF\springbreak\config\config
2023-07-18 08:07:41,988 : ConfigProcessor : Loading config from file C:\Users\warzz\AppData\Local\Programs\Python\Python39\lib\site-packages\mpfmc\mcconfig.yaml.
2023-07-18 08:07:42,015 : ConfigProcessor : Loading config: C:\Users\warzz\AppData\Local\Programs\Python\Python39\lib\site-packages\mpfmc\mcconfig.yaml
2023-07-18 08:07:42,015 : ConfigProcessor : Loading config from file D:\MPF\springbreak\config\config.
2023-07-18 08:07:42,018 : ConfigProcessor : Loading config: D:\MPF\springbreak\config\config
2023-07-18 08:07:42,024 : ConfigProcessor : Loading config: D:\MPF\springbreak\config\coils.yaml
2023-07-18 08:07:42,028 : ConfigProcessor : Loading config: D:\MPF\springbreak\config\switches.yaml
2023-07-18 08:07:42,032 : ConfigProcessor : Loading config: D:\MPF\springbreak\config\devices.yaml
2023-07-18 08:07:42,036 : ConfigProcessor : Loading config: D:\MPF\springbreak\config\displays.yaml
2023-07-18 08:07:42,037 : ConfigProcessor : Loading config: D:\MPF\springbreak\config\keyboard.yaml
2023-07-18 08:07:42,073 : ConfigProcessor : Loading config: D:\MPF\springbreak\config\lights.yaml
2023-07-18 08:07:42,075 : ConfigProcessor : Config file cache created: C:\Users\warzz\AppData\Local\Temp\3d05ce95a1a77007a3c947d41ed1ffc7.mpf_cache
2023-07-18 08:07:42,075 : ConfigProcessor : Loading config from cache: C:\Users\warzz\AppData\Local\Temp\c00853733793eb2446d656064dafde5d.mpf_cache
2023-07-18 08:07:42,076 : ConfigProcessor : Loading config from cache: C:\Users\warzz\AppData\Local\Temp\a5b2fce8b210d64acc95275c2c9a2339.mpf_cache
2023-07-18 08:07:42,076 : ConfigProcessor : Loading config from cache: C:\Users\warzz\AppData\Local\Temp\f8d84beef5f99d10c74fd589715eb307.mpf_cache
2023-07-18 08:07:42,077 : mpfmc : Mission Pinball Framework Media Controller v0.56.1
2023-07-18 08:07:42,077 : mpfmc : Mission Pinball Framework Game Engine v0.56.0
2023-07-18 08:07:42,077 : mpfmc : Machine path: D:\MPF\springbreak
2023-07-18 08:07:42,077 : mpfmc : Starting clock at 60.0Hz
2023-07-18 08:07:42,090 : kivy : Text: Provider: sdl2
2023-07-18 08:07:42,140 : kivy : Window: Provider: sdl2
2023-07-18 08:07:42,354 : kivy : GL: Using the "OpenGL" graphics system
2023-07-18 08:07:42,363 : kivy : GL: GLEW initialization succeeded
2023-07-18 08:07:42,363 : kivy : GL: Backend used <glew>
2023-07-18 08:07:42,363 : kivy : GL: OpenGL version <b'4.6.0 Compatibility Profile Context 23.3.1.230305'>
2023-07-18 08:07:42,363 : kivy : GL: OpenGL vendor <b'ATI Technologies Inc.'>
2023-07-18 08:07:42,363 : kivy : GL: OpenGL renderer <b'AMD Radeon RX 6700'>
2023-07-18 08:07:42,363 : kivy : GL: OpenGL parsed version: 4, 6
2023-07-18 08:07:42,363 : kivy : GL: Shading version <b'4.60'>
2023-07-18 08:07:42,363 : kivy : GL: Texture max size <16384>
2023-07-18 08:07:42,363 : kivy : GL: Texture max units <32>
2023-07-18 08:07:42,385 : kivy : Window: auto add sdl2 input provider
2023-07-18 08:07:42,385 : kivy : Window: virtual keyboard not allowed, single mode, not docked
2023-07-18 08:07:42,394 : SoundSystem : SoundSystem: Using default 'sound_system' settings
2023-07-18 08:07:42,586 : AudioInterface : Initialized
2023-07-18 08:07:42,586 : AudioInterface : Loaded SDL 2.0.20
2023-07-18 08:07:42,586 : AudioInterface : Loaded SDL_Mixer 2.0.4
2023-07-18 08:07:42,586 : AudioInterface : Loaded GStreamer 1.18.5.0
2023-07-18 08:07:42,586 : AudioInterface : Loaded GLib 2.62.6
2023-07-18 08:07:42,586 : AudioInterface : Settings requested - rate: 44100, channels: 1, buffer: 2048 samples
2023-07-18 08:07:42,586 : AudioInterface : Settings in use - rate: 44100, channels: 1, buffer: 2048 samples (4096 bytes @ 2 bytes per sample)
2023-07-18 08:07:42,586 : SoundSystem : No audio tracks are specified in your machine config file. a track named 'default' has been created.
2023-07-18 08:07:42,586 : SoundSystem : Setting master volume to 0.0
2023-07-18 08:07:42,587 : SoundSystem : master_volume in sound_system is deprecated and will be removed in the future.
2023-07-18 08:07:42,587 : AudioInterface : Enabling audio playback
2023-07-18 08:07:42,588 : kivy : Base: Start application main loop
2023-07-18 08:07:42,588 : EventManager : Event: ======'display_window_initialized'====== Args={}
2023-07-18 08:07:42,601 : mpfmc : Display: Setting 'window' as default display
2023-07-18 08:07:42,605 : EventManager : Event: ======'displays_initialized'====== Args={}
2023-07-18 08:07:42,606 : EventManager : Event: ======'slide_window_blank_created'====== Args={}
2023-07-18 08:07:42,606 : EventManager : Event: ======'display_window_ready'====== Args={}
2023-07-18 08:07:42,615 : EventManager : Event: ======'init_phase_1'====== Args={}
2023-07-18 08:07:42,618 : EventManager : Event: ======'mc_ready'====== Args={}
2023-07-18 08:07:42,618 : EventManager : Event: ======'init_phase_2'====== Args={}
2023-07-18 08:07:42,619 : EventManager : Event: ======'init_phase_3'====== Args={}
2023-07-18 08:07:42,620 : EventManager : Event: ======'init_phase_4'====== Args={}
2023-07-18 08:07:42,620 : EventManager : Event: ======'init_phase_5'====== Args={}
2023-07-18 08:07:42,620 : EventManager : Event: ======'init_done'====== Args={}
2023-07-18 08:07:42,620 : MPF-MC BCP Server : Starting up on localhost port 5050
2023-07-18 08:07:42,623 : MPF-MC BCP Server : Waiting for a connection...
2023-07-18 08:07:42,623 : mpfmc : SlidePlayer: Play called with settings={'slides': {welcome_slide-None-None: {'priority': None, 'target': None, 'background_color': [0.0, 0.0, 0.0, 1.0], 'show': True, 'force': False, 'expire': None, 'slide': None, 'tokens': {}, 'action': 'play', 'transition': None, 'transition_out': None}}}
2023-07-18 08:07:42,627 : kivy : GL: NPOT texture support is available
2023-07-18 08:07:42,627 : EventManager : Event: ======'slide_welcome_slide_created'====== Args={}
2023-07-18 08:07:42,628 : EventManager : Event: ======'slide_welcome_slide_active'====== Args={}
2023-07-18 08:07:42,630 : EventManager : Event: ======'client_disconnected'====== Args={'host': '127.0.0.1', 'port': 5050}
2023-07-18 08:07:43,857 : MPF-MC BCP Server : Received connection from: 127.0.0.1:62440
2023-07-18 08:07:44,531 : EventManager : Event: ======'client_connected'====== Args={'host': '127.0.0.1', 'port': 62440}
2023-07-18 08:07:44,531 : EventManager : Event: ======'slides_play'====== Args={'settings': {'welcome_slide': {'target': None, 'background_color': [0.0, 0.0, 0.0, 1.0], 'priority': None, 'show': True, 'force': False, 'expire': None, 'slide': None, 'tokens': {}, 'action': 'play'}}, 'context': '_global', 'calling_context': 'init_done', 'priority': 0}
2023-07-18 08:07:44,531 : EventManager : Event: ======'mc_reset_phase_1'====== Args={}
2023-07-18 08:07:44,532 : mpfmc : SlidePlayer: Play called with settings={'welcome_slide': {'target': None, 'background_color': [0.0, 0.0, 0.0, 1.0], 'priority': None, 'show': True, 'force': False, 'expire': None, 'slide': None, 'tokens': {}, 'action': 'play'}}
2023-07-18 08:07:44,532 : EventManager : Event: ======'slide_welcome_slide_removed'====== Args={}
2023-07-18 08:07:44,533 : EventManager : Event: ======'slide_welcome_slide_created'====== Args={}
2023-07-18 08:07:44,534 : EventManager : Event: ======'mc_reset_phase_2'====== Args={}
2023-07-18 08:07:44,534 : EventManager : Event: ======'mc_reset_phase_3'====== Args={}
2023-07-18 08:07:44,534 : EventManager : Event: ======'mc_reset_complete'====== Args={}
2023-07-18 08:07:44,535 : EventManager : Event: ======'slide_welcome_slide_active'====== Args={}
2023-07-18 08:07:44,543 : EventManager : Event: ======'machine_var_credits_string'====== Args={'value': 'FREE PLAY', 'prev_value': None, 'change': True}
2023-07-18 08:07:44,543 : EventManager : Event: ======'machine_var_master_volume'====== Args={'value': 0.5, 'prev_value': None, 'change': True}
2023-07-18 08:07:44,543 : EventManager : Event: ======'machine_var_player1_score'====== Args={'value': 0, 'prev_value': None, 'change': True}
2023-07-18 08:07:44,543 : EventManager : Event: ======'machine_var_mpf_version'====== Args={'value': 'MPF v0.56.0', 'prev_value': None, 'change': True}
2023-07-18 08:07:44,543 : EventManager : Event: ======'machine_var_mpf_extended_version'====== Args={'value': 'MPF v0.56.0, Config version:5, Show version: 5, BCP version:1.1', 'prev_value': None, 'change': True}
2023-07-18 08:07:44,543 : EventManager : Event: ======'machine_var_python_version'====== Args={'value': '3.9.13', 'prev_value': None, 'change': True}
2023-07-18 08:07:44,543 : EventManager : Event: ======'machine_var_platform'====== Args={'value': 'Windows-10-10.0.19045-SP0', 'prev_value': None, 'change': True}
2023-07-18 08:07:44,543 : EventManager : Event: ======'machine_var_platform_system'====== Args={'value': 'Windows', 'prev_value': None, 'change': True}
2023-07-18 08:07:44,543 : EventManager : Event: ======'machine_var_platform_release'====== Args={'value': '10', 'prev_value': None, 'change': True}
2023-07-18 08:07:44,543 : EventManager : Event: ======'machine_var_platform_version'====== Args={'value': '10.0.19045', 'prev_value': None, 'change': True}
2023-07-18 08:07:44,543 : EventManager : Event: ======'machine_var_platform_machine'====== Args={'value': 'AMD64', 'prev_value': None, 'change': True}
2023-07-18 08:07:44,543 : EventManager : Event: ======'machine_var_audits_events_game_ended'====== Args={'value': 9, 'prev_value': None, 'change': True}
2023-07-18 08:07:44,543 : EventManager : Event: ======'machine_var_audits_events_game_started'====== Args={'value': 14, 'prev_value': None, 'change': True}
2023-07-18 08:07:44,543 : EventManager : Event: ======'machine_var_audits_player_score'====== Args={'value': {'average': 0.0, 'top': [0, 0, 0, 0, 0, 0, 0, 0, 0], 'total': 9}, 'prev_value': None, 'change': True}
2023-07-18 08:07:44,544 : EventManager : Event: ======'machine_var_audits_switches_s_drain_detect'====== Args={'value': 37, 'prev_value': None, 'change': True}
2023-07-18 08:07:44,544 : EventManager : Event: ======'machine_var_audits_switches_s_flipper_left'====== Args={'value': 3, 'prev_value': None, 'change': True}
2023-07-18 08:07:44,544 : EventManager : Event: ======'machine_var_audits_switches_s_flipper_right'====== Args={'value': 35, 'prev_value': None, 'change': True}
2023-07-18 08:07:44,544 : EventManager : Event: ======'machine_var_audits_switches_s_plunger_detect'====== Args={'value': 33, 'prev_value': None, 'change': True}
2023-07-18 08:07:44,544 : EventManager : Event: ======'machine_var_audits_switches_s_plunger_exit'====== Args={'value': 15, 'prev_value': None, 'change': True}
2023-07-18 08:07:44,544 : EventManager : Event: ======'machine_var_audits_switches_s_popbumper_1'====== Args={'value': 0, 'prev_value': None, 'change': True}
2023-07-18 08:07:44,544 : EventManager : Event: ======'machine_var_audits_switches_s_popbumper_2'====== Args={'value': 0, 'prev_value': None, 'change': True}
2023-07-18 08:07:44,544 : EventManager : Event: ======'machine_var_audits_switches_s_popbumper_3'====== Args={'value': 0, 'prev_value': None, 'change': True}
2023-07-18 08:07:44,544 : EventManager : Event: ======'machine_var_audits_switches_s_slingshot'====== Args={'value': 0, 'prev_value': None, 'change': True}
2023-07-18 08:07:44,544 : EventManager : Event: ======'machine_var_audits_switches_s_start_button'====== Args={'value': 0, 'prev_value': None, 'change': True}
2023-07-18 08:07:44,544 : EventManager : Event: ======'machine_var_audits_switches_s_trough_1'====== Args={'value': 24, 'prev_value': None, 'change': True}
2023-07-18 08:07:44,544 : EventManager : Event: ======'machine_var_audits_switches_s_trough_2'====== Args={'value': 0, 'prev_value': None, 'change': True}
2023-07-18 08:07:44,544 : EventManager : Event: ======'machine_var_mc_version'====== Args={'value': 'MPF-MC v0.56.1', 'prev_value': None, 'change': True}
2023-07-18 08:07:44,544 : EventManager : Event: ======'machine_var_mc_extended_version'====== Args={'value': 'MPF-MC v0.56.1 (config_version=5, BCP v1.1,                      Requires MPF API compatibility v0.56.0 or newer)', 'prev_value': None, 'change': True}
2023-07-18 08:07:44,544 : EventManager : Event: ======'slides_play'====== Args={'settings': {'awesome_slide': {'widgets': [{'type': 'text', 'text': 'YOU ARE AWESOME', 'font_size': 50, '_default_settings': ['type', 'text', 'font_size'], 'x': None, 'y': None, 'anchor_x': 'center', 'anchor_y': 'center', 'round_anchor_x': None, 'round_anchor_y': None, 'opacity': 1.0, 'z': 0, 'reset_animations_events': {}, 'color': [1.0, 1.0, 1.0, 1.0], 'style': [], 'adjust_top': 0, 'adjust_bottom': 0, 'adjust_left': 0, 'adjust_right': 0, 'expire': None, 'key': None, 'widget': None, 'events_when_added': [], 'events_when_removed': [], 'bitmap_font': False, 'font_kerning': True, 'bold': False, 'italic': False, 'number_grouping': False, 'min_digits': 0, 'halign': 'center', 'valign': 'middle', 'rotation': 0, 'scale': 1.0, 'casing': None, 'animations': None}], 'transition': {'type': 'push', 'duration': 1.0, 'direction': 'left', 'easing': 'out_quad'}, 'target': None, 'background_color': [0.0, 0.0, 0.0, 1.0], 'priority': None, 'show': True, 'force': False, 'expire': None, 'slide': None, 'tokens': {}, 'action': 'play'}}, 'context': 'show_4', 'calling_context': 0, 'priority': 10, 'show_tokens': {}, 'start_time': 817756.296}
2023-07-18 08:07:44,544 : EventManager : Event: ======'slides_play'====== Args={'settings': {'welcome_slide': {'target': None, 'background_color': [0.0, 0.0, 0.0, 1.0], 'priority': None, 'show': True, 'force': False, 'expire': None, 'slide': None, 'tokens': {}, 'action': 'play'}}, 'context': '_global', 'calling_context': 'mode_attract_started', 'priority': 0}
2023-07-18 08:07:44,544 : SoundSystem : Setting master volume to 0.5
2023-07-18 08:07:44,545 : mpfmc : SlidePlayer: Play called with settings={'awesome_slide': {'widgets': [{'type': 'text', 'text': 'YOU ARE AWESOME', 'font_size': 50, '_default_settings': ['type', 'text', 'font_size'], 'x': None, 'y': None, 'anchor_x': 'center', 'anchor_y': 'center', 'round_anchor_x': None, 'round_anchor_y': None, 'opacity': 1.0, 'z': 0, 'reset_animations_events': {}, 'color': [1.0, 1.0, 1.0, 1.0], 'style': [], 'adjust_top': 0, 'adjust_bottom': 0, 'adjust_left': 0, 'adjust_right': 0, 'expire': None, 'key': None, 'widget': None, 'events_when_added': [], 'events_when_removed': [], 'bitmap_font': False, 'font_kerning': True, 'bold': False, 'italic': False, 'number_grouping': False, 'min_digits': 0, 'halign': 'center', 'valign': 'middle', 'rotation': 0, 'scale': 1.0, 'casing': None, 'animations': None}], 'transition': {'type': 'push', 'duration': 1.0, 'direction': 'left', 'easing': 'out_quad'}, 'target': None, 'background_color': [0.0, 0.0, 0.0, 1.0], 'priority': None, 'show': True, 'force': False, 'expire': None, 'slide': None, 'tokens': {}, 'action': 'play'}}
2023-07-18 08:07:44,547 : EventManager : Event: ======'slide_awesome_slide_created'====== Args={}
2023-07-18 08:07:44,547 : mpfmc : SlidePlayer: Play called with settings={'welcome_slide': {'target': None, 'background_color': [0.0, 0.0, 0.0, 1.0], 'priority': None, 'show': True, 'force': False, 'expire': None, 'slide': None, 'tokens': {}, 'action': 'play'}}
2023-07-18 08:07:44,548 : EventManager : Event: ======'slide_welcome_slide_removed'====== Args={}
2023-07-18 08:07:44,550 : EventManager : Event: ======'slide_welcome_slide_created'====== Args={}
2023-07-18 08:07:44,551 : EventManager : Event: ======'slide_awesome_slide_active'====== Args={}
2023-07-18 08:07:47,537 : EventManager : Event: ======'slides_play'====== Args={'settings': {'press_start': {'widgets': [{'type': 'Text', 'text': 'PRESS START', 'animations': {'pre_show_slide': [{'property': ['opacity'], 'value': ['0'], 'duration': 0.5, 'relative': False, 'timing': 'after_previous', 'repeat': False, 'easing': 'linear'}, {'property': ['opacity'], 'value': ['1'], 'duration': 0.5, 'repeat': False, 'relative': False, 'timing': 'after_previous', 'easing': 'linear'}]}, '_default_settings': ['type', 'text', 'animations'], 'x': None, 'y': None, 'anchor_x': 'center', 'anchor_y': 'center', 'round_anchor_x': None, 'round_anchor_y': None, 'opacity': 1.0, 'z': 0, 'reset_animations_events': {}, 'color': [1.0, 1.0, 1.0, 1.0], 'style': [], 'adjust_top': 0, 'adjust_bottom': 0, 'adjust_left': 0, 'adjust_right': 0, 'expire': None, 'key': None, 'widget': None, 'events_when_added': [], 'events_when_removed': [], 'font_size': 15, 'bitmap_font': False, 'font_kerning': True, 'bold': False, 'italic': False, 'number_grouping': False, 'min_digits': 0, 'halign': 'center', 'valign': 'middle', 'rotation': 0, 'scale': 1.0, 'casing': None}, {'type': 'Text', 'text': 'FREE PLAY', 'color': [0.0, 0.5019607843137255, 0.0, 1], 'y': '10', 'anchor_y': 'bottom', '_default_settings': ['type', 'text', 'color', 'y', 'anchor_y'], 'x': None, 'anchor_x': 'center', 'round_anchor_x': None, 'round_anchor_y': None, 'opacity': 1.0, 'z': 0, 'reset_animations_events': {}, 'style': [], 'adjust_top': 0, 'adjust_bottom': 0, 'adjust_left': 0, 'adjust_right': 0, 'expire': None, 'key': None, 'widget': None, 'events_when_added': [], 'events_when_removed': [], 'font_size': 15, 'bitmap_font': False, 'font_kerning': True, 'bold': False, 'italic': False, 'number_grouping': False, 'min_digits': 0, 'halign': 'center', 'valign': 'middle', 'rotation': 0, 'scale': 1.0, 'casing': None, 'animations': None}], 'transition': {'type': 'move_in', 'duration': 1.0, 'direction': 'right', 'easing': 'out_quad'}, 'target': None, 'background_color': [0.0, 0.0, 0.0, 1.0], 'priority': None, 'show': True, 'force': False, 'expire': None, 'slide': None, 'tokens': {}, 'action': 'play'}}, 'context': 'show_4', 'calling_context': 1, 'priority': 10, 'show_tokens': {}, 'start_time': 817759.296}
2023-07-18 08:07:47,537 : mpfmc : SlidePlayer: Play called with settings={'press_start': {'widgets': [{'type': 'Text', 'text': 'PRESS START', 'animations': {'pre_show_slide': [{'property': ['opacity'], 'value': ['0'], 'duration': 0.5, 'relative': False, 'timing': 'after_previous', 'repeat': False, 'easing': 'linear'}, {'property': ['opacity'], 'value': ['1'], 'duration': 0.5, 'repeat': False, 'relative': False, 'timing': 'after_previous', 'easing': 'linear'}]}, '_default_settings': ['type', 'text', 'animations'], 'x': None, 'y': None, 'anchor_x': 'center', 'anchor_y': 'center', 'round_anchor_x': None, 'round_anchor_y': None, 'opacity': 1.0, 'z': 0, 'reset_animations_events': {}, 'color': [1.0, 1.0, 1.0, 1.0], 'style': [], 'adjust_top': 0, 'adjust_bottom': 0, 'adjust_left': 0, 'adjust_right': 0, 'expire': None, 'key': None, 'widget': None, 'events_when_added': [], 'events_when_removed': [], 'font_size': 15, 'bitmap_font': False, 'font_kerning': True, 'bold': False, 'italic': False, 'number_grouping': False, 'min_digits': 0, 'halign': 'center', 'valign': 'middle', 'rotation': 0, 'scale': 1.0, 'casing': None}, {'type': 'Text', 'text': 'FREE PLAY', 'color': [0.0, 0.5019607843137255, 0.0, 1], 'y': '10', 'anchor_y': 'bottom', '_default_settings': ['type', 'text', 'color', 'y', 'anchor_y'], 'x': None, 'anchor_x': 'center', 'round_anchor_x': None, 'round_anchor_y': None, 'opacity': 1.0, 'z': 0, 'reset_animations_events': {}, 'style': [], 'adjust_top': 0, 'adjust_bottom': 0, 'adjust_left': 0, 'adjust_right': 0, 'expire': None, 'key': None, 'widget': None, 'events_when_added': [], 'events_when_removed': [], 'font_size': 15, 'bitmap_font': False, 'font_kerning': True, 'bold': False, 'italic': False, 'number_grouping': False, 'min_digits': 0, 'halign': 'center', 'valign': 'middle', 'rotation': 0, 'scale': 1.0, 'casing': None, 'animations': None}], 'transition': {'type': 'move_in', 'duration': 1.0, 'direction': 'right', 'easing': 'out_quad'}, 'target': None, 'background_color': [0.0, 0.0, 0.0, 1.0], 'priority': None, 'show': True, 'force': False, 'expire': None, 'slide': None, 'tokens': {}, 'action': 'play'}}
2023-07-18 08:07:47,540 : EventManager : Event: ======'slide_press_start_created'====== Args={}
2023-07-18 08:07:47,541 : EventManager : Event: ======'slide_press_start_active'====== Args={}
2023-07-18 08:07:48,999 : EventManager : Event: ======'game_started'====== Args={}
2023-07-18 08:07:48,999 : EventManager : Event: ======'slides_clear'====== Args={'context': 'show_4'}
2023-07-18 08:07:48,999 : EventManager : Event: ======'player_added'====== Args={'player': <Player 1>, 'num': 1}
2023-07-18 08:07:48,999 : EventManager : Event: ======'player_index'====== Args={'value': 0, 'prev_value': 0, 'change': 0, 'player_num': 1}
2023-07-18 08:07:48,999 : EventManager : Event: ======'player_number'====== Args={'value': 1, 'prev_value': 1, 'change': 0, 'player_num': 1}
2023-07-18 08:07:48,999 : EventManager : Event: ======'player_score'====== Args={'value': 0, 'prev_value': 0, 'change': 0, 'player_num': 1}
2023-07-18 08:07:48,999 : EventManager : Event: ======'slide_awesome_slide_removed'====== Args={}
2023-07-18 08:07:48,999 : EventManager : Event: ======'slide_press_start_removed'====== Args={}
2023-07-18 08:07:49,000 : EventManager : Event: ======'slide_welcome_slide_active'====== Args={}
2023-07-18 08:07:49,012 : EventManager : Event: ======'player_ball'====== Args={'value': 1, 'prev_value': 0, 'change': 1, 'player_num': 1}
2023-07-18 08:07:49,012 : EventManager : Event: ======'player_turn_start'====== Args={'number': 1, 'player': <Player 1>}
2023-07-18 08:07:49,024 : EventManager : Event: ======'slides_play'====== Args={'settings': {'widgets': {'widgets': [{'type': 'text', 'text': '(score)', 'number_grouping': True, 'min_digits': 2, 'font_size': 100, '_default_settings': ['type', 'text', 'number_grouping', 'min_digits', 'font_size'], 'x': None, 'y': None, 'anchor_x': 'center', 'anchor_y': 'center', 'round_anchor_x': None, 'round_anchor_y': None, 'opacity': 1.0, 'z': 0, 'reset_animations_events': {}, 'color': [1.0, 1.0, 1.0, 1.0], 'style': [], 'adjust_top': 0, 'adjust_bottom': 0, 'adjust_left': 0, 'adjust_right': 0, 'expire': None, 'key': None, 'widget': None, 'events_when_added': [], 'events_when_removed': [], 'bitmap_font': False, 'font_kerning': True, 'bold': False, 'italic': False, 'halign': 'center', 'valign': 'middle', 'rotation': 0, 'scale': 1.0, 'casing': None, 'animations': None}, {'type': 'text', 'text': 'PLAYER (number)', 'y': '10', 'x': '10', 'font_size': 50, 'anchor_x': 'left', 'anchor_y': 'bottom', '_default_settings': ['type', 'text', 'y', 'x', 'font_size', 'anchor_x', 'anchor_y'], 'round_anchor_x': None, 'round_anchor_y': None, 'opacity': 1.0, 'z': 0, 'reset_animations_events': {}, 'color': [1.0, 1.0, 1.0, 1.0], 'style': [], 'adjust_top': 0, 'adjust_bottom': 0, 'adjust_left': 0, 'adjust_right': 0, 'expire': None, 'key': None, 'widget': None, 'events_when_added': [], 'events_when_removed': [], 'bitmap_font': False, 'font_kerning': True, 'bold': False, 'italic': False, 'number_grouping': False, 'min_digits': 0, 'halign': 'center', 'valign': 'middle', 'rotation': 0, 'scale': 1.0, 'casing': None, 'animations': None}, {'type': 'text', 'text': 'BALL (ball)', 'y': '10', 'x': 'right-10', 'anchor_x': 'right', 'anchor_y': 'bottom', 'font_size': 50, '_default_settings': ['type', 'text', 'y', 'x', 'anchor_x', 'anchor_y', 'font_size'], 'round_anchor_x': None, 'round_anchor_y': None, 'opacity': 1.0, 'z': 0, 'reset_animations_events': {}, 'color': [1.0, 1.0, 1.0, 1.0], 'style': [], 'adjust_top': 0, 'adjust_bottom': 0, 'adjust_left': 0, 'adjust_right': 0, 'expire': None, 'key': None, 'widget': None, 'events_when_added': [], 'events_when_removed': [], 'bitmap_font': False, 'font_kerning': True, 'bold': False, 'italic': False, 'number_grouping': False, 'min_digits': 0, 'halign': 'center', 'valign': 'middle', 'rotation': 0, 'scale': 1.0, 'casing': None, 'animations': None}], 'target': None, 'background_color': [0.0, 0.0, 0.0, 1.0], 'priority': None, 'show': True, 'force': False, 'expire': None, 'slide': None, 'tokens': {}, 'action': 'play'}}, 'context': '_global', 'calling_context': 'mode_base_started', 'priority': 0, 'player': 1, 'ball': 1, 'balls_remaining': 2, 'is_extra_ball': False}
2023-07-18 08:07:49,024 : mpfmc : SlidePlayer: Play called with settings={'widgets': {'widgets': [{'type': 'text', 'text': '(score)', 'number_grouping': True, 'min_digits': 2, 'font_size': 100, '_default_settings': ['type', 'text', 'number_grouping', 'min_digits', 'font_size'], 'x': None, 'y': None, 'anchor_x': 'center', 'anchor_y': 'center', 'round_anchor_x': None, 'round_anchor_y': None, 'opacity': 1.0, 'z': 0, 'reset_animations_events': {}, 'color': [1.0, 1.0, 1.0, 1.0], 'style': [], 'adjust_top': 0, 'adjust_bottom': 0, 'adjust_left': 0, 'adjust_right': 0, 'expire': None, 'key': None, 'widget': None, 'events_when_added': [], 'events_when_removed': [], 'bitmap_font': False, 'font_kerning': True, 'bold': False, 'italic': False, 'halign': 'center', 'valign': 'middle', 'rotation': 0, 'scale': 1.0, 'casing': None, 'animations': None}, {'type': 'text', 'text': 'PLAYER (number)', 'y': '10', 'x': '10', 'font_size': 50, 'anchor_x': 'left', 'anchor_y': 'bottom', '_default_settings': ['type', 'text', 'y', 'x', 'font_size', 'anchor_x', 'anchor_y'], 'round_anchor_x': None, 'round_anchor_y': None, 'opacity': 1.0, 'z': 0, 'reset_animations_events': {}, 'color': [1.0, 1.0, 1.0, 1.0], 'style': [], 'adjust_top': 0, 'adjust_bottom': 0, 'adjust_left': 0, 'adjust_right': 0, 'expire': None, 'key': None, 'widget': None, 'events_when_added': [], 'events_when_removed': [], 'bitmap_font': False, 'font_kerning': True, 'bold': False, 'italic': False, 'number_grouping': False, 'min_digits': 0, 'halign': 'center', 'valign': 'middle', 'rotation': 0, 'scale': 1.0, 'casing': None, 'animations': None}, {'type': 'text', 'text': 'BALL (ball)', 'y': '10', 'x': 'right-10', 'anchor_x': 'right', 'anchor_y': 'bottom', 'font_size': 50, '_default_settings': ['type', 'text', 'y', 'x', 'anchor_x', 'anchor_y', 'font_size'], 'round_anchor_x': None, 'round_anchor_y': None, 'opacity': 1.0, 'z': 0, 'reset_animations_events': {}, 'color': [1.0, 1.0, 1.0, 1.0], 'style': [], 'adjust_top': 0, 'adjust_bottom': 0, 'adjust_left': 0, 'adjust_right': 0, 'expire': None, 'key': None, 'widget': None, 'events_when_added': [], 'events_when_removed': [], 'bitmap_font': False, 'font_kerning': True, 'bold': False, 'italic': False, 'number_grouping': False, 'min_digits': 0, 'halign': 'center', 'valign': 'middle', 'rotation': 0, 'scale': 1.0, 'casing': None, 'animations': None}], 'target': None, 'background_color': [0.0, 0.0, 0.0, 1.0], 'priority': None, 'show': True, 'force': False, 'expire': None, 'slide': None, 'tokens': {}, 'action': 'play'}}
2023-07-18 08:07:49,028 : EventManager : Event: ======'slide__global.slide_player-mode_base_started_created'====== Args={}
2023-07-18 08:07:49,029 : EventManager : Event: ======'slide__global.slide_player-mode_base_started_active'====== Args={}
2023-07-18 08:07:49,158 : EventManager : Event: ======'machine_var_audits_switches_s_plunger_detect'====== Args={'value': 34, 'prev_value': 33, 'change': 1}
2023-07-18 08:07:50,609 : EventManager : Event: ======'machine_var_audits_switches_s_flipper_right'====== Args={'value': 36, 'prev_value': 35, 'change': 1}
2023-07-18 08:07:51,764 : EventManager : Event: ======'machine_var_audits_switches_s_plunger_exit'====== Args={'value': 16, 'prev_value': 15, 'change': 1}
2023-07-18 08:07:53,530 : EventManager : Event: ======'machine_var_audits_switches_s_drain_detect'====== Args={'value': 38, 'prev_value': 37, 'change': 1}
2023-07-18 08:07:54,067 : EventManager : Event: ======'player_ball'====== Args={'value': 2, 'prev_value': 1, 'change': 1, 'player_num': 1}
2023-07-18 08:07:54,080 : EventManager : Event: ======'slides_play'====== Args={'settings': {'widgets': {'widgets': [{'type': 'text', 'text': '(score)', 'number_grouping': True, 'min_digits': 2, 'font_size': 100, '_default_settings': ['type', 'text', 'number_grouping', 'min_digits', 'font_size'], 'x': None, 'y': None, 'anchor_x': 'center', 'anchor_y': 'center', 'round_anchor_x': None, 'round_anchor_y': None, 'opacity': 1.0, 'z': 0, 'reset_animations_events': {}, 'color': [1.0, 1.0, 1.0, 1.0], 'style': [], 'adjust_top': 0, 'adjust_bottom': 0, 'adjust_left': 0, 'adjust_right': 0, 'expire': None, 'key': None, 'widget': None, 'events_when_added': [], 'events_when_removed': [], 'bitmap_font': False, 'font_kerning': True, 'bold': False, 'italic': False, 'halign': 'center', 'valign': 'middle', 'rotation': 0, 'scale': 1.0, 'casing': None, 'animations': None}, {'type': 'text', 'text': 'PLAYER (number)', 'y': '10', 'x': '10', 'font_size': 50, 'anchor_x': 'left', 'anchor_y': 'bottom', '_default_settings': ['type', 'text', 'y', 'x', 'font_size', 'anchor_x', 'anchor_y'], 'round_anchor_x': None, 'round_anchor_y': None, 'opacity': 1.0, 'z': 0, 'reset_animations_events': {}, 'color': [1.0, 1.0, 1.0, 1.0], 'style': [], 'adjust_top': 0, 'adjust_bottom': 0, 'adjust_left': 0, 'adjust_right': 0, 'expire': None, 'key': None, 'widget': None, 'events_when_added': [], 'events_when_removed': [], 'bitmap_font': False, 'font_kerning': True, 'bold': False, 'italic': False, 'number_grouping': False, 'min_digits': 0, 'halign': 'center', 'valign': 'middle', 'rotation': 0, 'scale': 1.0, 'casing': None, 'animations': None}, {'type': 'text', 'text': 'BALL (ball)', 'y': '10', 'x': 'right-10', 'anchor_x': 'right', 'anchor_y': 'bottom', 'font_size': 50, '_default_settings': ['type', 'text', 'y', 'x', 'anchor_x', 'anchor_y', 'font_size'], 'round_anchor_x': None, 'round_anchor_y': None, 'opacity': 1.0, 'z': 0, 'reset_animations_events': {}, 'color': [1.0, 1.0, 1.0, 1.0], 'style': [], 'adjust_top': 0, 'adjust_bottom': 0, 'adjust_left': 0, 'adjust_right': 0, 'expire': None, 'key': None, 'widget': None, 'events_when_added': [], 'events_when_removed': [], 'bitmap_font': False, 'font_kerning': True, 'bold': False, 'italic': False, 'number_grouping': False, 'min_digits': 0, 'halign': 'center', 'valign': 'middle', 'rotation': 0, 'scale': 1.0, 'casing': None, 'animations': None}], 'target': None, 'background_color': [0.0, 0.0, 0.0, 1.0], 'priority': None, 'show': True, 'force': False, 'expire': None, 'slide': None, 'tokens': {}, 'action': 'play'}}, 'context': '_global', 'calling_context': 'mode_base_started', 'priority': 0, 'player': 1, 'ball': 2, 'balls_remaining': 1, 'is_extra_ball': False}
2023-07-18 08:07:54,080 : mpfmc : SlidePlayer: Play called with settings={'widgets': {'widgets': [{'type': 'text', 'text': '(score)', 'number_grouping': True, 'min_digits': 2, 'font_size': 100, '_default_settings': ['type', 'text', 'number_grouping', 'min_digits', 'font_size'], 'x': None, 'y': None, 'anchor_x': 'center', 'anchor_y': 'center', 'round_anchor_x': None, 'round_anchor_y': None, 'opacity': 1.0, 'z': 0, 'reset_animations_events': {}, 'color': [1.0, 1.0, 1.0, 1.0], 'style': [], 'adjust_top': 0, 'adjust_bottom': 0, 'adjust_left': 0, 'adjust_right': 0, 'expire': None, 'key': None, 'widget': None, 'events_when_added': [], 'events_when_removed': [], 'bitmap_font': False, 'font_kerning': True, 'bold': False, 'italic': False, 'halign': 'center', 'valign': 'middle', 'rotation': 0, 'scale': 1.0, 'casing': None, 'animations': None}, {'type': 'text', 'text': 'PLAYER (number)', 'y': '10', 'x': '10', 'font_size': 50, 'anchor_x': 'left', 'anchor_y': 'bottom', '_default_settings': ['type', 'text', 'y', 'x', 'font_size', 'anchor_x', 'anchor_y'], 'round_anchor_x': None, 'round_anchor_y': None, 'opacity': 1.0, 'z': 0, 'reset_animations_events': {}, 'color': [1.0, 1.0, 1.0, 1.0], 'style': [], 'adjust_top': 0, 'adjust_bottom': 0, 'adjust_left': 0, 'adjust_right': 0, 'expire': None, 'key': None, 'widget': None, 'events_when_added': [], 'events_when_removed': [], 'bitmap_font': False, 'font_kerning': True, 'bold': False, 'italic': False, 'number_grouping': False, 'min_digits': 0, 'halign': 'center', 'valign': 'middle', 'rotation': 0, 'scale': 1.0, 'casing': None, 'animations': None}, {'type': 'text', 'text': 'BALL (ball)', 'y': '10', 'x': 'right-10', 'anchor_x': 'right', 'anchor_y': 'bottom', 'font_size': 50, '_default_settings': ['type', 'text', 'y', 'x', 'anchor_x', 'anchor_y', 'font_size'], 'round_anchor_x': None, 'round_anchor_y': None, 'opacity': 1.0, 'z': 0, 'reset_animations_events': {}, 'color': [1.0, 1.0, 1.0, 1.0], 'style': [], 'adjust_top': 0, 'adjust_bottom': 0, 'adjust_left': 0, 'adjust_right': 0, 'expire': None, 'key': None, 'widget': None, 'events_when_added': [], 'events_when_removed': [], 'bitmap_font': False, 'font_kerning': True, 'bold': False, 'italic': False, 'number_grouping': False, 'min_digits': 0, 'halign': 'center', 'valign': 'middle', 'rotation': 0, 'scale': 1.0, 'casing': None, 'animations': None}], 'target': None, 'background_color': [0.0, 0.0, 0.0, 1.0], 'priority': None, 'show': True, 'force': False, 'expire': None, 'slide': None, 'tokens': {}, 'action': 'play'}}
2023-07-18 08:07:54,080 : EventManager : Event: ======'slide__global.slide_player-mode_base_started_removed'====== Args={}
2023-07-18 08:07:54,085 : EventManager : Event: ======'slide__global.slide_player-mode_base_started_created'====== Args={}
2023-07-18 08:07:54,086 : EventManager : Event: ======'slide__global.slide_player-mode_base_started_active'====== Args={}
2023-07-18 08:07:54,189 : EventManager : Event: ======'machine_var_audits_switches_s_trough_1'====== Args={'value': 25, 'prev_value': 24, 'change': 1}
2023-07-18 08:07:54,250 : EventManager : Event: ======'machine_var_audits_switches_s_plunger_detect'====== Args={'value': 35, 'prev_value': 34, 'change': 1}
2023-07-18 08:07:54,946 : EventManager : Event: ======'machine_var_audits_switches_s_flipper_right'====== Args={'value': 37, 'prev_value': 36, 'change': 1}
2023-07-18 08:07:55,333 : EventManager : Event: ======'machine_var_audits_switches_s_plunger_exit'====== Args={'value': 17, 'prev_value': 16, 'change': 1}
2023-07-18 08:07:55,699 : EventManager : Event: ======'machine_var_audits_switches_s_drain_detect'====== Args={'value': 39, 'prev_value': 38, 'change': 1}
2023-07-18 08:07:56,240 : EventManager : Event: ======'player_ball'====== Args={'value': 3, 'prev_value': 2, 'change': 1, 'player_num': 1}
2023-07-18 08:07:56,253 : EventManager : Event: ======'slides_play'====== Args={'settings': {'widgets': {'widgets': [{'type': 'text', 'text': '(score)', 'number_grouping': True, 'min_digits': 2, 'font_size': 100, '_default_settings': ['type', 'text', 'number_grouping', 'min_digits', 'font_size'], 'x': None, 'y': None, 'anchor_x': 'center', 'anchor_y': 'center', 'round_anchor_x': None, 'round_anchor_y': None, 'opacity': 1.0, 'z': 0, 'reset_animations_events': {}, 'color': [1.0, 1.0, 1.0, 1.0], 'style': [], 'adjust_top': 0, 'adjust_bottom': 0, 'adjust_left': 0, 'adjust_right': 0, 'expire': None, 'key': None, 'widget': None, 'events_when_added': [], 'events_when_removed': [], 'bitmap_font': False, 'font_kerning': True, 'bold': False, 'italic': False, 'halign': 'center', 'valign': 'middle', 'rotation': 0, 'scale': 1.0, 'casing': None, 'animations': None}, {'type': 'text', 'text': 'PLAYER (number)', 'y': '10', 'x': '10', 'font_size': 50, 'anchor_x': 'left', 'anchor_y': 'bottom', '_default_settings': ['type', 'text', 'y', 'x', 'font_size', 'anchor_x', 'anchor_y'], 'round_anchor_x': None, 'round_anchor_y': None, 'opacity': 1.0, 'z': 0, 'reset_animations_events': {}, 'color': [1.0, 1.0, 1.0, 1.0], 'style': [], 'adjust_top': 0, 'adjust_bottom': 0, 'adjust_left': 0, 'adjust_right': 0, 'expire': None, 'key': None, 'widget': None, 'events_when_added': [], 'events_when_removed': [], 'bitmap_font': False, 'font_kerning': True, 'bold': False, 'italic': False, 'number_grouping': False, 'min_digits': 0, 'halign': 'center', 'valign': 'middle', 'rotation': 0, 'scale': 1.0, 'casing': None, 'animations': None}, {'type': 'text', 'text': 'BALL (ball)', 'y': '10', 'x': 'right-10', 'anchor_x': 'right', 'anchor_y': 'bottom', 'font_size': 50, '_default_settings': ['type', 'text', 'y', 'x', 'anchor_x', 'anchor_y', 'font_size'], 'round_anchor_x': None, 'round_anchor_y': None, 'opacity': 1.0, 'z': 0, 'reset_animations_events': {}, 'color': [1.0, 1.0, 1.0, 1.0], 'style': [], 'adjust_top': 0, 'adjust_bottom': 0, 'adjust_left': 0, 'adjust_right': 0, 'expire': None, 'key': None, 'widget': None, 'events_when_added': [], 'events_when_removed': [], 'bitmap_font': False, 'font_kerning': True, 'bold': False, 'italic': False, 'number_grouping': False, 'min_digits': 0, 'halign': 'center', 'valign': 'middle', 'rotation': 0, 'scale': 1.0, 'casing': None, 'animations': None}], 'target': None, 'background_color': [0.0, 0.0, 0.0, 1.0], 'priority': None, 'show': True, 'force': False, 'expire': None, 'slide': None, 'tokens': {}, 'action': 'play'}}, 'context': '_global', 'calling_context': 'mode_base_started', 'priority': 0, 'player': 1, 'ball': 3, 'balls_remaining': 0, 'is_extra_ball': False}
2023-07-18 08:07:56,253 : mpfmc : SlidePlayer: Play called with settings={'widgets': {'widgets': [{'type': 'text', 'text': '(score)', 'number_grouping': True, 'min_digits': 2, 'font_size': 100, '_default_settings': ['type', 'text', 'number_grouping', 'min_digits', 'font_size'], 'x': None, 'y': None, 'anchor_x': 'center', 'anchor_y': 'center', 'round_anchor_x': None, 'round_anchor_y': None, 'opacity': 1.0, 'z': 0, 'reset_animations_events': {}, 'color': [1.0, 1.0, 1.0, 1.0], 'style': [], 'adjust_top': 0, 'adjust_bottom': 0, 'adjust_left': 0, 'adjust_right': 0, 'expire': None, 'key': None, 'widget': None, 'events_when_added': [], 'events_when_removed': [], 'bitmap_font': False, 'font_kerning': True, 'bold': False, 'italic': False, 'halign': 'center', 'valign': 'middle', 'rotation': 0, 'scale': 1.0, 'casing': None, 'animations': None}, {'type': 'text', 'text': 'PLAYER (number)', 'y': '10', 'x': '10', 'font_size': 50, 'anchor_x': 'left', 'anchor_y': 'bottom', '_default_settings': ['type', 'text', 'y', 'x', 'font_size', 'anchor_x', 'anchor_y'], 'round_anchor_x': None, 'round_anchor_y': None, 'opacity': 1.0, 'z': 0, 'reset_animations_events': {}, 'color': [1.0, 1.0, 1.0, 1.0], 'style': [], 'adjust_top': 0, 'adjust_bottom': 0, 'adjust_left': 0, 'adjust_right': 0, 'expire': None, 'key': None, 'widget': None, 'events_when_added': [], 'events_when_removed': [], 'bitmap_font': False, 'font_kerning': True, 'bold': False, 'italic': False, 'number_grouping': False, 'min_digits': 0, 'halign': 'center', 'valign': 'middle', 'rotation': 0, 'scale': 1.0, 'casing': None, 'animations': None}, {'type': 'text', 'text': 'BALL (ball)', 'y': '10', 'x': 'right-10', 'anchor_x': 'right', 'anchor_y': 'bottom', 'font_size': 50, '_default_settings': ['type', 'text', 'y', 'x', 'anchor_x', 'anchor_y', 'font_size'], 'round_anchor_x': None, 'round_anchor_y': None, 'opacity': 1.0, 'z': 0, 'reset_animations_events': {}, 'color': [1.0, 1.0, 1.0, 1.0], 'style': [], 'adjust_top': 0, 'adjust_bottom': 0, 'adjust_left': 0, 'adjust_right': 0, 'expire': None, 'key': None, 'widget': None, 'events_when_added': [], 'events_when_removed': [], 'bitmap_font': False, 'font_kerning': True, 'bold': False, 'italic': False, 'number_grouping': False, 'min_digits': 0, 'halign': 'center', 'valign': 'middle', 'rotation': 0, 'scale': 1.0, 'casing': None, 'animations': None}], 'target': None, 'background_color': [0.0, 0.0, 0.0, 1.0], 'priority': None, 'show': True, 'force': False, 'expire': None, 'slide': None, 'tokens': {}, 'action': 'play'}}
2023-07-18 08:07:56,253 : EventManager : Event: ======'slide__global.slide_player-mode_base_started_removed'====== Args={}
2023-07-18 08:07:56,257 : EventManager : Event: ======'slide__global.slide_player-mode_base_started_created'====== Args={}
2023-07-18 08:07:56,259 : EventManager : Event: ======'slide__global.slide_player-mode_base_started_active'====== Args={}
2023-07-18 08:07:56,349 : EventManager : Event: ======'machine_var_audits_switches_s_trough_1'====== Args={'value': 26, 'prev_value': 25, 'change': 1}
2023-07-18 08:07:56,410 : EventManager : Event: ======'machine_var_audits_switches_s_plunger_detect'====== Args={'value': 36, 'prev_value': 35, 'change': 1}
2023-07-18 08:07:56,783 : EventManager : Event: ======'machine_var_audits_switches_s_flipper_right'====== Args={'value': 38, 'prev_value': 37, 'change': 1}
2023-07-18 08:07:57,135 : EventManager : Event: ======'machine_var_audits_switches_s_plunger_exit'====== Args={'value': 18, 'prev_value': 17, 'change': 1}
2023-07-18 08:07:57,499 : EventManager : Event: ======'machine_var_audits_switches_s_drain_detect'====== Args={'value': 40, 'prev_value': 39, 'change': 1}
2023-07-18 08:07:58,040 : EventManager : Event: ======'slides_play'====== Args={'settings': {'awesome_slide': {'widgets': [{'type': 'text', 'text': 'YOU ARE AWESOME', 'font_size': 50, '_default_settings': ['type', 'text', 'font_size'], 'x': None, 'y': None, 'anchor_x': 'center', 'anchor_y': 'center', 'round_anchor_x': None, 'round_anchor_y': None, 'opacity': 1.0, 'z': 0, 'reset_animations_events': {}, 'color': [1.0, 1.0, 1.0, 1.0], 'style': [], 'adjust_top': 0, 'adjust_bottom': 0, 'adjust_left': 0, 'adjust_right': 0, 'expire': None, 'key': None, 'widget': None, 'events_when_added': [], 'events_when_removed': [], 'bitmap_font': False, 'font_kerning': True, 'bold': False, 'italic': False, 'number_grouping': False, 'min_digits': 0, 'halign': 'center', 'valign': 'middle', 'rotation': 0, 'scale': 1.0, 'casing': None, 'animations': None}], 'transition': {'type': 'push', 'duration': 1.0, 'direction': 'left', 'easing': 'out_quad'}, 'target': None, 'background_color': [0.0, 0.0, 0.0, 1.0], 'priority': None, 'show': True, 'force': False, 'expire': None, 'slide': None, 'tokens': {}, 'action': 'play'}}, 'context': 'show_11', 'calling_context': 0, 'priority': 10, 'show_tokens': {}, 'start_time': 817769.781}
2023-07-18 08:07:58,040 : EventManager : Event: ======'slides_play'====== Args={'settings': {'welcome_slide': {'target': None, 'background_color': [0.0, 0.0, 0.0, 1.0], 'priority': None, 'show': True, 'force': False, 'expire': None, 'slide': None, 'tokens': {}, 'action': 'play'}}, 'context': '_global', 'calling_context': 'mode_attract_started', 'priority': 0}
2023-07-18 08:07:58,040 : EventManager : Event: ======'game_ended'====== Args={}
2023-07-18 08:07:58,040 : mpfmc : SlidePlayer: Play called with settings={'awesome_slide': {'widgets': [{'type': 'text', 'text': 'YOU ARE AWESOME', 'font_size': 50, '_default_settings': ['type', 'text', 'font_size'], 'x': None, 'y': None, 'anchor_x': 'center', 'anchor_y': 'center', 'round_anchor_x': None, 'round_anchor_y': None, 'opacity': 1.0, 'z': 0, 'reset_animations_events': {}, 'color': [1.0, 1.0, 1.0, 1.0], 'style': [], 'adjust_top': 0, 'adjust_bottom': 0, 'adjust_left': 0, 'adjust_right': 0, 'expire': None, 'key': None, 'widget': None, 'events_when_added': [], 'events_when_removed': [], 'bitmap_font': False, 'font_kerning': True, 'bold': False, 'italic': False, 'number_grouping': False, 'min_digits': 0, 'halign': 'center', 'valign': 'middle', 'rotation': 0, 'scale': 1.0, 'casing': None, 'animations': None}], 'transition': {'type': 'push', 'duration': 1.0, 'direction': 'left', 'easing': 'out_quad'}, 'target': None, 'background_color': [0.0, 0.0, 0.0, 1.0], 'priority': None, 'show': True, 'force': False, 'expire': None, 'slide': None, 'tokens': {}, 'action': 'play'}}
2023-07-18 08:07:58,042 : EventManager : Event: ======'slide_awesome_slide_created'====== Args={}
2023-07-18 08:07:58,042 : mpfmc : SlidePlayer: Play called with settings={'welcome_slide': {'target': None, 'background_color': [0.0, 0.0, 0.0, 1.0], 'priority': None, 'show': True, 'force': False, 'expire': None, 'slide': None, 'tokens': {}, 'action': 'play'}}
2023-07-18 08:07:58,042 : EventManager : Event: ======'slide_welcome_slide_removed'====== Args={}
2023-07-18 08:07:58,043 : EventManager : Event: ======'slide_welcome_slide_created'====== Args={}
2023-07-18 08:07:58,044 : EventManager : Event: ======'slide_awesome_slide_active'====== Args={}
2023-07-18 08:08:01,059 : EventManager : Event: ======'slides_play'====== Args={'settings': {'press_start': {'widgets': [{'type': 'Text', 'text': 'PRESS START', 'animations': {'pre_show_slide': [{'property': ['opacity'], 'value': ['0'], 'duration': 0.5, 'relative': False, 'timing': 'after_previous', 'repeat': False, 'easing': 'linear'}, {'property': ['opacity'], 'value': ['1'], 'duration': 0.5, 'repeat': False, 'relative': False, 'timing': 'after_previous', 'easing': 'linear'}]}, '_default_settings': ['type', 'text', 'animations'], 'x': None, 'y': None, 'anchor_x': 'center', 'anchor_y': 'center', 'round_anchor_x': None, 'round_anchor_y': None, 'opacity': 1.0, 'z': 0, 'reset_animations_events': {}, 'color': [1.0, 1.0, 1.0, 1.0], 'style': [], 'adjust_top': 0, 'adjust_bottom': 0, 'adjust_left': 0, 'adjust_right': 0, 'expire': None, 'key': None, 'widget': None, 'events_when_added': [], 'events_when_removed': [], 'font_size': 15, 'bitmap_font': False, 'font_kerning': True, 'bold': False, 'italic': False, 'number_grouping': False, 'min_digits': 0, 'halign': 'center', 'valign': 'middle', 'rotation': 0, 'scale': 1.0, 'casing': None}, {'type': 'Text', 'text': 'FREE PLAY', 'color': [0.0, 0.5019607843137255, 0.0, 1], 'y': '10', 'anchor_y': 'bottom', '_default_settings': ['type', 'text', 'color', 'y', 'anchor_y'], 'x': None, 'anchor_x': 'center', 'round_anchor_x': None, 'round_anchor_y': None, 'opacity': 1.0, 'z': 0, 'reset_animations_events': {}, 'style': [], 'adjust_top': 0, 'adjust_bottom': 0, 'adjust_left': 0, 'adjust_right': 0, 'expire': None, 'key': None, 'widget': None, 'events_when_added': [], 'events_when_removed': [], 'font_size': 15, 'bitmap_font': False, 'font_kerning': True, 'bold': False, 'italic': False, 'number_grouping': False, 'min_digits': 0, 'halign': 'center', 'valign': 'middle', 'rotation': 0, 'scale': 1.0, 'casing': None, 'animations': None}], 'transition': {'type': 'move_in', 'duration': 1.0, 'direction': 'right', 'easing': 'out_quad'}, 'target': None, 'background_color': [0.0, 0.0, 0.0, 1.0], 'priority': None, 'show': True, 'force': False, 'expire': None, 'slide': None, 'tokens': {}, 'action': 'play'}}, 'context': 'show_11', 'calling_context': 1, 'priority': 10, 'show_tokens': {}, 'start_time': 817772.781}
2023-07-18 08:08:01,059 : mpfmc : SlidePlayer: Play called with settings={'press_start': {'widgets': [{'type': 'Text', 'text': 'PRESS START', 'animations': {'pre_show_slide': [{'property': ['opacity'], 'value': ['0'], 'duration': 0.5, 'relative': False, 'timing': 'after_previous', 'repeat': False, 'easing': 'linear'}, {'property': ['opacity'], 'value': ['1'], 'duration': 0.5, 'repeat': False, 'relative': False, 'timing': 'after_previous', 'easing': 'linear'}]}, '_default_settings': ['type', 'text', 'animations'], 'x': None, 'y': None, 'anchor_x': 'center', 'anchor_y': 'center', 'round_anchor_x': None, 'round_anchor_y': None, 'opacity': 1.0, 'z': 0, 'reset_animations_events': {}, 'color': [1.0, 1.0, 1.0, 1.0], 'style': [], 'adjust_top': 0, 'adjust_bottom': 0, 'adjust_left': 0, 'adjust_right': 0, 'expire': None, 'key': None, 'widget': None, 'events_when_added': [], 'events_when_removed': [], 'font_size': 15, 'bitmap_font': False, 'font_kerning': True, 'bold': False, 'italic': False, 'number_grouping': False, 'min_digits': 0, 'halign': 'center', 'valign': 'middle', 'rotation': 0, 'scale': 1.0, 'casing': None}, {'type': 'Text', 'text': 'FREE PLAY', 'color': [0.0, 0.5019607843137255, 0.0, 1], 'y': '10', 'anchor_y': 'bottom', '_default_settings': ['type', 'text', 'color', 'y', 'anchor_y'], 'x': None, 'anchor_x': 'center', 'round_anchor_x': None, 'round_anchor_y': None, 'opacity': 1.0, 'z': 0, 'reset_animations_events': {}, 'style': [], 'adjust_top': 0, 'adjust_bottom': 0, 'adjust_left': 0, 'adjust_right': 0, 'expire': None, 'key': None, 'widget': None, 'events_when_added': [], 'events_when_removed': [], 'font_size': 15, 'bitmap_font': False, 'font_kerning': True, 'bold': False, 'italic': False, 'number_grouping': False, 'min_digits': 0, 'halign': 'center', 'valign': 'middle', 'rotation': 0, 'scale': 1.0, 'casing': None, 'animations': None}], 'transition': {'type': 'move_in', 'duration': 1.0, 'direction': 'right', 'easing': 'out_quad'}, 'target': None, 'background_color': [0.0, 0.0, 0.0, 1.0], 'priority': None, 'show': True, 'force': False, 'expire': None, 'slide': None, 'tokens': {}, 'action': 'play'}}
2023-07-18 08:08:01,061 : EventManager : Event: ======'slide_press_start_created'====== Args={}
2023-07-18 08:08:01,062 : EventManager : Event: ======'slide_press_start_active'====== Args={}
2023-07-18 08:08:04,034 : EventManager : Event: ======'slides_play'====== Args={'settings': {'mission_pinball': {'widgets': [{'type': 'Text', 'text': 'MISSION PINBALL', 'color': [1.0, 0.0, 0.0, 1], '_default_settings': ['type', 'text', 'color'], 'x': None, 'y': None, 'anchor_x': 'center', 'anchor_y': 'center', 'round_anchor_x': None, 'round_anchor_y': None, 'opacity': 1.0, 'z': 0, 'reset_animations_events': {}, 'style': [], 'adjust_top': 0, 'adjust_bottom': 0, 'adjust_left': 0, 'adjust_right': 0, 'expire': None, 'key': None, 'widget': None, 'events_when_added': [], 'events_when_removed': [], 'font_size': 15, 'bitmap_font': False, 'font_kerning': True, 'bold': False, 'italic': False, 'number_grouping': False, 'min_digits': 0, 'halign': 'center', 'valign': 'middle', 'rotation': 0, 'scale': 1.0, 'casing': None, 'animations': None}], 'transition': {'type': 'move_in', 'duration': 1.0, 'direction': 'top', 'easing': 'out_quad'}, 'target': None, 'background_color': [0.0, 0.0, 0.0, 1.0], 'priority': None, 'show': True, 'force': False, 'expire': None, 'slide': None, 'tokens': {}, 'action': 'play'}}, 'context': 'show_11', 'calling_context': 2, 'priority': 10, 'show_tokens': {}, 'start_time': 817775.781}
2023-07-18 08:08:04,034 : mpfmc : SlidePlayer: Play called with settings={'mission_pinball': {'widgets': [{'type': 'Text', 'text': 'MISSION PINBALL', 'color': [1.0, 0.0, 0.0, 1], '_default_settings': ['type', 'text', 'color'], 'x': None, 'y': None, 'anchor_x': 'center', 'anchor_y': 'center', 'round_anchor_x': None, 'round_anchor_y': None, 'opacity': 1.0, 'z': 0, 'reset_animations_events': {}, 'style': [], 'adjust_top': 0, 'adjust_bottom': 0, 'adjust_left': 0, 'adjust_right': 0, 'expire': None, 'key': None, 'widget': None, 'events_when_added': [], 'events_when_removed': [], 'font_size': 15, 'bitmap_font': False, 'font_kerning': True, 'bold': False, 'italic': False, 'number_grouping': False, 'min_digits': 0, 'halign': 'center', 'valign': 'middle', 'rotation': 0, 'scale': 1.0, 'casing': None, 'animations': None}], 'transition': {'type': 'move_in', 'duration': 1.0, 'direction': 'top', 'easing': 'out_quad'}, 'target': None, 'background_color': [0.0, 0.0, 0.0, 1.0], 'priority': None, 'show': True, 'force': False, 'expire': None, 'slide': None, 'tokens': {}, 'action': 'play'}}
2023-07-18 08:08:04,035 : EventManager : Event: ======'slide_mission_pinball_created'====== Args={}
2023-07-18 08:08:04,036 : EventManager : Event: ======'slide_mission_pinball_active'====== Args={}
2023-07-18 08:08:07,044 : EventManager : Event: ======'slides_play'====== Args={'settings': {'last_game_score_slide': {'widgets': [{'type': 'text', 'text': 'LAST GAME', 'font_size': 50, 'y': '60%', '_default_settings': ['type', 'text', 'font_size', 'y'], 'x': None, 'anchor_x': 'center', 'anchor_y': 'center', 'round_anchor_x': None, 'round_anchor_y': None, 'opacity': 1.0, 'z': 0, 'reset_animations_events': {}, 'color': [1.0, 1.0, 1.0, 1.0], 'style': [], 'adjust_top': 0, 'adjust_bottom': 0, 'adjust_left': 0, 'adjust_right': 0, 'expire': None, 'key': None, 'widget': None, 'events_when_added': [], 'events_when_removed': [], 'bitmap_font': False, 'font_kerning': True, 'bold': False, 'italic': False, 'number_grouping': False, 'min_digits': 0, 'halign': 'center', 'valign': 'middle', 'rotation': 0, 'scale': 1.0, 'casing': None, 'animations': None}, {'type': 'text', 'text': '(machine|player1_score)', 'number_grouping': True, 'min_digits': 2, 'font_size': 50, 'y': '40%', '_default_settings': ['type', 'text', 'number_grouping', 'min_digits', 'font_size', 'y'], 'x': None, 'anchor_x': 'center', 'anchor_y': 'center', 'round_anchor_x': None, 'round_anchor_y': None, 'opacity': 1.0, 'z': 0, 'reset_animations_events': {}, 'color': [1.0, 1.0, 1.0, 1.0], 'style': [], 'adjust_top': 0, 'adjust_bottom': 0, 'adjust_left': 0, 'adjust_right': 0, 'expire': None, 'key': None, 'widget': None, 'events_when_added': [], 'events_when_removed': [], 'bitmap_font': False, 'font_kerning': True, 'bold': False, 'italic': False, 'halign': 'center', 'valign': 'middle', 'rotation': 0, 'scale': 1.0, 'casing': None, 'animations': None}], 'target': None, 'background_color': [0.0, 0.0, 0.0, 1.0], 'priority': None, 'show': True, 'force': False, 'expire': None, 'slide': None, 'tokens': {}, 'action': 'play'}}, 'context': 'show_11', 'calling_context': 3, 'priority': 10, 'show_tokens': {}, 'start_time': 817778.781}
2023-07-18 08:08:07,044 : mpfmc : SlidePlayer: Play called with settings={'last_game_score_slide': {'widgets': [{'type': 'text', 'text': 'LAST GAME', 'font_size': 50, 'y': '60%', '_default_settings': ['type', 'text', 'font_size', 'y'], 'x': None, 'anchor_x': 'center', 'anchor_y': 'center', 'round_anchor_x': None, 'round_anchor_y': None, 'opacity': 1.0, 'z': 0, 'reset_animations_events': {}, 'color': [1.0, 1.0, 1.0, 1.0], 'style': [], 'adjust_top': 0, 'adjust_bottom': 0, 'adjust_left': 0, 'adjust_right': 0, 'expire': None, 'key': None, 'widget': None, 'events_when_added': [], 'events_when_removed': [], 'bitmap_font': False, 'font_kerning': True, 'bold': False, 'italic': False, 'number_grouping': False, 'min_digits': 0, 'halign': 'center', 'valign': 'middle', 'rotation': 0, 'scale': 1.0, 'casing': None, 'animations': None}, {'type': 'text', 'text': '(machine|player1_score)', 'number_grouping': True, 'min_digits': 2, 'font_size': 50, 'y': '40%', '_default_settings': ['type', 'text', 'number_grouping', 'min_digits', 'font_size', 'y'], 'x': None, 'anchor_x': 'center', 'anchor_y': 'center', 'round_anchor_x': None, 'round_anchor_y': None, 'opacity': 1.0, 'z': 0, 'reset_animations_events': {}, 'color': [1.0, 1.0, 1.0, 1.0], 'style': [], 'adjust_top': 0, 'adjust_bottom': 0, 'adjust_left': 0, 'adjust_right': 0, 'expire': None, 'key': None, 'widget': None, 'events_when_added': [], 'events_when_removed': [], 'bitmap_font': False, 'font_kerning': True, 'bold': False, 'italic': False, 'halign': 'center', 'valign': 'middle', 'rotation': 0, 'scale': 1.0, 'casing': None, 'animations': None}], 'target': None, 'background_color': [0.0, 0.0, 0.0, 1.0], 'priority': None, 'show': True, 'force': False, 'expire': None, 'slide': None, 'tokens': {}, 'action': 'play'}}
2023-07-18 08:08:07,046 : EventManager : Event: ======'slide_last_game_score_slide_created'====== Args={}
2023-07-18 08:08:07,046 : EventManager : Unordered handler for class <Text Widget text=00> on event machine_var_player1_score with priority 1. Handlers: [RegisteredHandler(callback=<bound method Text._machine_var_change of <Text Widget text=00>>, priority=1, kwargs={}, key=UUID('86305e40-ad59-472f-ae2d-39b716107fc4'), condition=None, blocking_facility=None), RegisteredHandler(callback=<bound method Text._machine_var_change of <Text Widget text=00>>, priority=1, kwargs={}, key=UUID('b8dcfe75-36f6-4986-8c2c-09076e4375f1'), condition=None, blocking_facility=None)]. The order of those handlers is not defined and they will be executed in random order. This might lead to race conditions and potential bugs.
2023-07-18 08:08:07,047 : EventManager : Event: ======'slide_last_game_score_slide_active'====== Args={}
2023-07-18 08:08:10,056 : EventManager : Event: ======'slides_play'====== Args={'settings': {'awesome_slide': {'widgets': [{'type': 'text', 'text': 'YOU ARE AWESOME', 'font_size': 50, '_default_settings': ['type', 'text', 'font_size'], 'x': None, 'y': None, 'anchor_x': 'center', 'anchor_y': 'center', 'round_anchor_x': None, 'round_anchor_y': None, 'opacity': 1.0, 'z': 0, 'reset_animations_events': {}, 'color': [1.0, 1.0, 1.0, 1.0], 'style': [], 'adjust_top': 0, 'adjust_bottom': 0, 'adjust_left': 0, 'adjust_right': 0, 'expire': None, 'key': None, 'widget': None, 'events_when_added': [], 'events_when_removed': [], 'bitmap_font': False, 'font_kerning': True, 'bold': False, 'italic': False, 'number_grouping': False, 'min_digits': 0, 'halign': 'center', 'valign': 'middle', 'rotation': 0, 'scale': 1.0, 'casing': None, 'animations': None}], 'transition': {'type': 'push', 'duration': 1.0, 'direction': 'left', 'easing': 'out_quad'}, 'target': None, 'background_color': [0.0, 0.0, 0.0, 1.0], 'priority': None, 'show': True, 'force': False, 'expire': None, 'slide': None, 'tokens': {}, 'action': 'play'}}, 'context': 'show_11', 'calling_context': 0, 'priority': 10, 'show_tokens': {}, 'start_time': 817781.781}
2023-07-18 08:08:10,056 : mpfmc : SlidePlayer: Play called with settings={'awesome_slide': {'widgets': [{'type': 'text', 'text': 'YOU ARE AWESOME', 'font_size': 50, '_default_settings': ['type', 'text', 'font_size'], 'x': None, 'y': None, 'anchor_x': 'center', 'anchor_y': 'center', 'round_anchor_x': None, 'round_anchor_y': None, 'opacity': 1.0, 'z': 0, 'reset_animations_events': {}, 'color': [1.0, 1.0, 1.0, 1.0], 'style': [], 'adjust_top': 0, 'adjust_bottom': 0, 'adjust_left': 0, 'adjust_right': 0, 'expire': None, 'key': None, 'widget': None, 'events_when_added': [], 'events_when_removed': [], 'bitmap_font': False, 'font_kerning': True, 'bold': False, 'italic': False, 'number_grouping': False, 'min_digits': 0, 'halign': 'center', 'valign': 'middle', 'rotation': 0, 'scale': 1.0, 'casing': None, 'animations': None}], 'transition': {'type': 'push', 'duration': 1.0, 'direction': 'left', 'easing': 'out_quad'}, 'target': None, 'background_color': [0.0, 0.0, 0.0, 1.0], 'priority': None, 'show': True, 'force': False, 'expire': None, 'slide': None, 'tokens': {}, 'action': 'play'}}
2023-07-18 08:08:10,056 : EventManager : Event: ======'slide_awesome_slide_removed'====== Args={}
2023-07-18 08:08:10,058 : EventManager : Event: ======'slide_awesome_slide_created'====== Args={}
2023-07-18 08:08:10,059 : EventManager : Event: ======'slide_awesome_slide_active'====== Args={}
2023-07-18 08:08:11,508 : kivy : Base: Leaving application in progress...
2023-07-18 08:08:11,509 : mpfmc : Stopping...
2023-07-18 08:08:11,509 : EventManager : Event: ======'shutdown'====== Args={}
2023-07-18 08:08:11,509 : AudioInterface : Disabling audio playback
2023-07-18 08:08:11,617 : mpfmc : Loop rate 76.68 Hz
2023-07-18 08:08:11,618 : kivy : MC run loop ended.
2023-07-18 08:08:11,618 : kivy : Stopping child threads... (2 remaining)
2023-07-18 08:08:11,624 : mpfmc : Stopping...
2023-07-18 08:08:11,625 : EventManager : Event: ======'shutdown'====== Args={}
2023-07-18 08:08:11,625 : mpfmc : Loop rate 76.66 Hz
2023-07-18 08:08:11,657 : MPF-MC BCP Server : Stopping BCP sending thread
2023-07-18 08:08:11,718 : kivy : All child threads stopped.
