2023-07-11 21:49:59,441 : INFO : root : Loading config.
2023-07-11 21:49:59,444 : INFO : YamlMultifileConfigLoader : Machine config file #1: config.yaml
2023-07-11 21:49:59,444 : WARNING : ConfigProcessor : Config file in cache changed: d:\MPF\springbreak\config\config.yaml
2023-07-11 21:49:59,444 : INFO : ConfigProcessor : Loading config from file C:\Users\warzz\AppData\Local\Programs\Python\Python39\lib\site-packages\mpf\mpfconfig.yaml.
2023-07-11 21:49:59,497 : INFO : ConfigProcessor : Loading config: C:\Users\warzz\AppData\Local\Programs\Python\Python39\lib\site-packages\mpf\mpfconfig.yaml
2023-07-11 21:49:59,498 : INFO : ConfigProcessor : Loading config from file d:\MPF\springbreak\config\config.yaml.
2023-07-11 21:49:59,505 : INFO : ConfigProcessor : Loading config: d:\MPF\springbreak\config\config.yaml
2023-07-11 21:49:59,507 : INFO : ConfigProcessor : Loading config: d:\MPF\springbreak\config\switches.yaml
2023-07-11 21:49:59,509 : INFO : ConfigProcessor : Loading config: d:\MPF\springbreak\config\coils.yaml
2023-07-11 21:49:59,510 : INFO : ConfigProcessor : Loading config: d:\MPF\springbreak\config\devices.yaml
2023-07-11 21:49:59,511 : INFO : ConfigProcessor : Loading config: d:\MPF\springbreak\config\keyboard.yaml
2023-07-11 21:49:59,517 : INFO : ConfigProcessor : Loading config: d:\MPF\springbreak\config\display.yaml
2023-07-11 21:49:59,518 : INFO : ConfigProcessor : Config file cache created: C:\Users\warzz\AppData\Local\Temp\c7ddc35c564c409ccec16ce42249e5f8.mpf_cache
2023-07-11 21:49:59,577 : INFO : ConfigProcessor : Loading config from cache: C:\Users\warzz\AppData\Local\Temp\b77c3901e90ec7d7cc601651512a0021.mpf_cache
2023-07-11 21:49:59,578 : INFO : ConfigProcessor : Loading config from cache: C:\Users\warzz\AppData\Local\Temp\a5b2fce8b210d64acc95275c2c9a2339.mpf_cache
2023-07-11 21:49:59,578 : INFO : Machine : Mission Pinball Framework Core Engine v0.56.0
2023-07-11 21:49:59,578 : INFO : Machine : Command line arguments: {'no_load_cache': False, 'create_config_cache': True, 'bcp': True, 'configfile': ['config.yaml'], 'force_assets_load': False, 'jsonlogging': False, 'logfile': 'logs\\2023-07-11-21-49-59-mpf-DESKTOP-VQ7DOMB.log', 'pause': False, 'production': False, 'text_ui': True, 'loglevel': 15, 'consoleloglevel': 20, 'force_platform': None, 'syslog_address': None, 'mc_file_name': None, 'no_sound': False}
2023-07-11 21:49:59,579 : INFO : Machine : MPF path: C:\Users\warzz\AppData\Local\Programs\Python\Python39\lib\site-packages\mpf
2023-07-11 21:49:59,579 : INFO : Machine : Machine path: d:\MPF\springbreak
2023-07-11 21:49:59,579 : INFO : Machine : Platform: win32
2023-07-11 21:49:59,579 : INFO : Machine : Python executable location: C:\Users\warzz\AppData\Local\Programs\Python\Python39\python.exe
2023-07-11 21:49:59,579 : INFO : Machine : Python version: 3.9.13 (64-bit)
2023-07-11 21:49:59,580 : INFO : Machine : Initialise MPF.
2023-07-11 21:49:59,692 : INFO : EventManager : Event: ======'machine_var_credits_string'====== Args={'value': 'FREE PLAY', 'prev_value': None, 'change': True}
2023-07-11 21:49:59,727 : INFO : EventManager : Event: ======'machine_var_master_volume'====== Args={'value': 0.5, 'prev_value': None, 'change': True}
2023-07-11 21:49:59,727 : INFO : EventManager : Event: ======'machine_var_mpf_version'====== Args={'value': 'MPF v0.56.0', 'prev_value': None, 'change': True}
2023-07-11 21:49:59,727 : INFO : EventManager : Event: ======'machine_var_mpf_extended_version'====== Args={'value': 'MPF v0.56.0, Config version:5, Show version: 5, BCP version:1.1', 'prev_value': None, 'change': True}
2023-07-11 21:49:59,728 : INFO : EventManager : Event: ======'machine_var_python_version'====== Args={'value': '3.9.13', 'prev_value': None, 'change': True}
2023-07-11 21:49:59,735 : INFO : EventManager : Event: ======'machine_var_platform'====== Args={'value': 'Windows-10-10.0.19045-SP0', 'prev_value': None, 'change': True}
2023-07-11 21:49:59,735 : INFO : EventManager : Event: ======'machine_var_platform_system'====== Args={'value': 'Windows', 'prev_value': None, 'change': True}
2023-07-11 21:49:59,735 : INFO : EventManager : Event: ======'machine_var_platform_release'====== Args={'value': '10', 'prev_value': None, 'change': True}
2023-07-11 21:49:59,735 : INFO : EventManager : Event: ======'machine_var_platform_version'====== Args={'value': '10.0.19045', 'prev_value': None, 'change': True}
2023-07-11 21:49:59,735 : INFO : EventManager : Event: ======'machine_var_platform_machine'====== Args={'value': 'AMD64', 'prev_value': None, 'change': True}
2023-07-11 21:49:59,735 : INFO : EventManager : Event: ======'init_phase_1'====== Args={}
2023-07-11 21:49:59,743 : INFO : EventManager : Event: ======'init_phase_2'====== Args={}
2023-07-11 21:49:59,744 : INFO : EventManager : Event: ======'bcp_connection_attempt'====== Args={'name': 'local_display', 'host': 'localhost', 'port': 5050}
2023-07-11 21:49:59,745 : INFO : BCPClientSocket : Connecting BCP to 'local_display' at localhost:5050...
2023-07-11 21:50:01,788 : INFO : BCPClientSocket : Connected BCP to 'local_display' localhost:5050
2023-07-11 21:50:01,789 : INFO : EventManager : Event: ======'bcp_clients_connected'====== Args={}
2023-07-11 21:50:01,793 : INFO : EventManager : Event: ======'init_phase_3'====== Args={}
2023-07-11 21:50:01,798 : INFO : EventManager : Event: ======'init_phase_4'====== Args={}
2023-07-11 21:50:01,799 : INFO : EventManager : Event: ======'machine_var_audits_switches_s_flipper_left'====== Args={'value': 0, 'prev_value': None, 'change': True}
2023-07-11 21:50:01,799 : INFO : EventManager : Event: ======'machine_var_audits_switches_s_flipper_right'====== Args={'value': 0, 'prev_value': None, 'change': True}
2023-07-11 21:50:01,799 : INFO : EventManager : Event: ======'machine_var_audits_switches_s_start_btn'====== Args={'value': 0, 'prev_value': None, 'change': True}
2023-07-11 21:50:01,799 : INFO : EventManager : Event: ======'machine_var_audits_events_game_started'====== Args={'value': 0, 'prev_value': None, 'change': True}
2023-07-11 21:50:01,799 : INFO : EventManager : Event: ======'machine_var_audits_events_game_ended'====== Args={'value': 0, 'prev_value': None, 'change': True}
2023-07-11 21:50:01,800 : INFO : EventManager : Event: ======'machine_var_audits_player_score'====== Args={'value': {'top': [], 'average': 0, 'total': 0}, 'prev_value': None, 'change': True}
2023-07-11 21:50:01,800 : INFO : EventManager : Event: ======'init_phase_5'====== Args={}
2023-07-11 21:50:01,809 : INFO : EventManager : Event: ======'init_done'====== Args={}
2023-07-11 21:50:01,810 : INFO : EventManager : Event: ======'machine_var_mc_version'====== Args={'value': 'MPF-MC v0.56.1', 'prev_value': None, 'change': True}
2023-07-11 21:50:01,810 : INFO : EventManager : Event: ======'machine_var_mc_extended_version'====== Args={'value': 'MPF-MC v0.56.1 (config_version=5, BCP v1.1,                      Requires MPF API compatibility v0.56.0 or newer)', 'prev_value': None, 'change': True}
2023-07-11 21:50:01,811 : INFO : EventManager : Event: ======'machine_reset_phase_1'====== Args={}
2023-07-11 21:50:01,815 : INFO : EventManager : Event: ======'slide_welcome_slide_removed'====== Args={'_from_bcp': True}
2023-07-11 21:50:01,816 : INFO : EventManager : Event: ======'slide_welcome_slide_created'====== Args={'_from_bcp': True}
2023-07-11 21:50:01,817 : INFO : EventManager : Event: ======'machine_reset_phase_2'====== Args={}
2023-07-11 21:50:01,817 : INFO : EventManager : Event: ======'machine_reset_phase_3'====== Args={}
2023-07-11 21:50:01,817 : INFO : EventManager : Event: ======'reset_complete'====== Args={}
2023-07-11 21:50:01,817 : INFO : EventManager : Event: ======'mode_attract_will_start'====== Args={}
2023-07-11 21:50:01,818 : INFO : EventManager : Event: ======'mode_attract_starting'====== Args={}
2023-07-11 21:50:01,818 : INFO : Mode.attract : Started. Priority: 10
2023-07-11 21:50:01,818 : INFO : EventManager : Event: ======'modes_active_modes_changed'====== Args={}
2023-07-11 21:50:01,818 : INFO : EventManager : Event: ======'mode_attract_started'====== Args={}
2023-07-11 21:50:01,818 : INFO : EventManager : Event: ======'collecting_balls_complete'====== Args={}
2023-07-11 21:50:01,819 : INFO : EventManager : Event: ======'slide_welcome_slide_active'====== Args={'_from_bcp': True}
2023-07-11 21:50:01,829 : INFO : Machine : Starting the main run loop.
2023-07-11 21:50:01,850 : INFO : BcpServer : New client connected.
2023-07-11 21:50:03,269 : INFO : SwitchController : <<<<<<< 's_flipper_left' active >>>>>>>
2023-07-11 21:50:03,642 : INFO : SwitchController : <<<<<<< 's_flipper_left' inactive >>>>>>>
2023-07-11 21:50:03,862 : INFO : SwitchController : <<<<<<< 's_flipper_right' active >>>>>>>
2023-07-11 21:50:04,174 : INFO : SwitchController : <<<<<<< 's_flipper_right' inactive >>>>>>>
2023-07-11 21:50:04,411 : INFO : SwitchController : <<<<<<< 's_flipper_right' active >>>>>>>
2023-07-11 21:50:04,684 : INFO : SwitchController : <<<<<<< 's_flipper_right' inactive >>>>>>>
2023-07-11 21:50:04,930 : INFO : SwitchController : <<<<<<< 's_flipper_right' active >>>>>>>
2023-07-11 21:50:05,287 : INFO : SwitchController : <<<<<<< 's_flipper_right' inactive >>>>>>>
2023-07-11 21:50:05,409 : INFO : SwitchController : <<<<<<< 's_flipper_left' active >>>>>>>
2023-07-11 21:50:05,745 : INFO : SwitchController : <<<<<<< 's_flipper_left' inactive >>>>>>>
2023-07-11 21:50:05,965 : INFO : SwitchController : <<<<<<< 's_flipper_right' active >>>>>>>
2023-07-11 21:50:06,353 : INFO : SwitchController : <<<<<<< 's_flipper_right' inactive >>>>>>>
2023-07-11 21:50:12,045 : INFO : SwitchController : <<<<<<< 's_flipper_left' active >>>>>>>
2023-07-11 21:50:12,428 : INFO : SwitchController : <<<<<<< 's_flipper_left' inactive >>>>>>>
2023-07-11 21:50:12,539 : INFO : SwitchController : <<<<<<< 's_flipper_right' active >>>>>>>
2023-07-11 21:50:12,902 : INFO : SwitchController : <<<<<<< 's_flipper_right' inactive >>>>>>>
2023-07-11 21:50:12,926 : INFO : SwitchController : <<<<<<< 's_flipper_left' active >>>>>>>
2023-07-11 21:50:13,424 : INFO : SwitchController : <<<<<<< 's_flipper_left' inactive >>>>>>>
2023-07-11 21:50:13,460 : INFO : SwitchController : <<<<<<< 's_flipper_right' active >>>>>>>
2023-07-11 21:50:13,924 : INFO : SwitchController : <<<<<<< 's_flipper_right' inactive >>>>>>>
2023-07-11 21:50:13,927 : INFO : SwitchController : <<<<<<< 's_flipper_left' active >>>>>>>
2023-07-11 21:50:14,333 : INFO : SwitchController : <<<<<<< 's_flipper_left' inactive >>>>>>>
2023-07-11 21:50:18,310 : INFO : SwitchController : <<<<<<< 's_flipper_left' active >>>>>>>
2023-07-11 21:50:18,830 : INFO : SwitchController : <<<<<<< 's_flipper_left' inactive >>>>>>>
2023-07-11 21:50:18,855 : INFO : SwitchController : <<<<<<< 's_flipper_right' active >>>>>>>
2023-07-11 21:50:19,442 : INFO : SwitchController : <<<<<<< 's_flipper_left' active >>>>>>>
2023-07-11 21:50:19,442 : INFO : EventManager : Event: ======'flipper_cancel'====== Args={'triggering_group': 1, 'triggering_switch': 's_flipper_left'}
2023-07-11 21:50:19,454 : INFO : SwitchController : <<<<<<< 's_flipper_right' inactive >>>>>>>
2023-07-11 21:50:19,454 : INFO : EventManager : Event: ======'both_flippers_one'====== Args={'triggering_group': 2, 'triggering_switch': 's_flipper_right'}
2023-07-11 21:50:20,214 : INFO : SwitchController : <<<<<<< 's_flipper_right' active >>>>>>>
2023-07-11 21:50:20,214 : INFO : EventManager : Event: ======'flipper_cancel'====== Args={'triggering_group': 2, 'triggering_switch': 's_flipper_right'}
2023-07-11 21:50:21,718 : INFO : SwitchController : <<<<<<< 's_flipper_left' inactive >>>>>>>
2023-07-11 21:50:21,718 : INFO : EventManager : Event: ======'both_flippers_one'====== Args={'triggering_group': 1, 'triggering_switch': 's_flipper_left'}
2023-07-11 21:50:21,805 : INFO : SwitchController : <<<<<<< 's_flipper_right' inactive >>>>>>>
2023-07-11 21:50:21,805 : INFO : EventManager : Event: ======'both_flippers_inactive'====== Args={'triggering_group': 2, 'triggering_switch': 's_flipper_right'}
2023-07-11 21:50:22,092 : INFO : SwitchController : <<<<<<< 's_start_btn' active >>>>>>>
2023-07-11 21:50:22,611 : INFO : SwitchController : <<<<<<< 's_start_btn' inactive >>>>>>>
2023-07-11 21:50:22,845 : INFO : SwitchController : <<<<<<< 's_start_btn' active >>>>>>>
2023-07-11 21:50:23,155 : INFO : SwitchController : <<<<<<< 's_start_btn' inactive >>>>>>>
2023-07-11 21:50:23,341 : INFO : SwitchController : <<<<<<< 's_start_btn' active >>>>>>>
2023-07-11 21:50:23,674 : INFO : SwitchController : <<<<<<< 's_start_btn' inactive >>>>>>>
2023-07-11 21:50:23,848 : INFO : SwitchController : <<<<<<< 's_start_btn' active >>>>>>>
2023-07-11 21:50:24,207 : INFO : SwitchController : <<<<<<< 's_start_btn' inactive >>>>>>>
2023-07-11 21:50:24,368 : INFO : SwitchController : <<<<<<< 's_start_btn' active >>>>>>>
2023-07-11 21:50:24,515 : INFO : SwitchController : <<<<<<< 's_start_btn' inactive >>>>>>>
2023-07-11 21:50:24,642 : INFO : SwitchController : <<<<<<< 's_start_btn' active >>>>>>>
2023-07-11 21:50:24,739 : INFO : SwitchController : <<<<<<< 's_start_btn' inactive >>>>>>>
2023-07-11 21:50:24,863 : INFO : SwitchController : <<<<<<< 's_start_btn' active >>>>>>>
2023-07-11 21:50:24,975 : INFO : SwitchController : <<<<<<< 's_start_btn' inactive >>>>>>>
2023-07-11 21:50:25,074 : INFO : SwitchController : <<<<<<< 's_start_btn' active >>>>>>>
2023-07-11 21:50:25,198 : INFO : SwitchController : <<<<<<< 's_start_btn' inactive >>>>>>>
2023-07-11 21:50:25,309 : INFO : SwitchController : <<<<<<< 's_start_btn' active >>>>>>>
2023-07-11 21:50:25,433 : INFO : SwitchController : <<<<<<< 's_start_btn' inactive >>>>>>>
2023-07-11 21:50:25,531 : INFO : SwitchController : <<<<<<< 's_start_btn' active >>>>>>>
2023-07-11 21:50:25,643 : INFO : SwitchController : <<<<<<< 's_start_btn' inactive >>>>>>>
2023-07-11 21:50:25,754 : INFO : SwitchController : <<<<<<< 's_start_btn' active >>>>>>>
2023-07-11 21:50:25,939 : INFO : SwitchController : <<<<<<< 's_start_btn' inactive >>>>>>>
2023-07-11 21:50:26,074 : INFO : SwitchController : <<<<<<< 's_flipper_left' active >>>>>>>
2023-07-11 21:50:26,324 : INFO : SwitchController : <<<<<<< 's_flipper_left' inactive >>>>>>>
2023-07-11 21:50:26,361 : INFO : SwitchController : <<<<<<< 's_flipper_right' active >>>>>>>
2023-07-11 21:50:26,621 : INFO : SwitchController : <<<<<<< 's_flipper_left' active >>>>>>>
2023-07-11 21:50:26,621 : INFO : EventManager : Event: ======'flipper_cancel'====== Args={'triggering_group': 1, 'triggering_switch': 's_flipper_left'}
2023-07-11 21:50:26,671 : INFO : SwitchController : <<<<<<< 's_flipper_right' inactive >>>>>>>
2023-07-11 21:50:26,671 : INFO : EventManager : Event: ======'both_flippers_one'====== Args={'triggering_group': 2, 'triggering_switch': 's_flipper_right'}
2023-07-11 21:50:26,795 : INFO : SwitchController : <<<<<<< 's_flipper_right' active >>>>>>>
2023-07-11 21:50:26,796 : INFO : EventManager : Event: ======'flipper_cancel'====== Args={'triggering_group': 2, 'triggering_switch': 's_flipper_right'}
2023-07-11 21:50:26,807 : INFO : SwitchController : <<<<<<< 's_flipper_left' inactive >>>>>>>
2023-07-11 21:50:26,807 : INFO : EventManager : Event: ======'both_flippers_one'====== Args={'triggering_group': 1, 'triggering_switch': 's_flipper_left'}
2023-07-11 21:50:27,017 : INFO : SwitchController : <<<<<<< 's_flipper_left' active >>>>>>>
2023-07-11 21:50:27,017 : INFO : EventManager : Event: ======'flipper_cancel'====== Args={'triggering_group': 1, 'triggering_switch': 's_flipper_left'}
2023-07-11 21:50:27,054 : INFO : SwitchController : <<<<<<< 's_flipper_right' inactive >>>>>>>
2023-07-11 21:50:27,054 : INFO : EventManager : Event: ======'both_flippers_one'====== Args={'triggering_group': 2, 'triggering_switch': 's_flipper_right'}
2023-07-11 21:50:27,190 : INFO : SwitchController : <<<<<<< 's_flipper_left' inactive >>>>>>>
2023-07-11 21:50:27,191 : INFO : EventManager : Event: ======'both_flippers_inactive'====== Args={'triggering_group': 1, 'triggering_switch': 's_flipper_left'}
2023-07-11 21:50:27,191 : INFO : SwitchController : <<<<<<< 's_flipper_right' active >>>>>>>
2023-07-11 21:50:27,376 : INFO : SwitchController : <<<<<<< 's_flipper_right' inactive >>>>>>>
2023-07-11 21:50:27,388 : INFO : SwitchController : <<<<<<< 's_flipper_left' active >>>>>>>
2023-07-11 21:50:27,513 : INFO : SwitchController : <<<<<<< 's_flipper_right' active >>>>>>>
2023-07-11 21:50:27,513 : INFO : EventManager : Event: ======'flipper_cancel'====== Args={'triggering_group': 2, 'triggering_switch': 's_flipper_right'}
2023-07-11 21:50:27,525 : INFO : SwitchController : <<<<<<< 's_flipper_left' inactive >>>>>>>
2023-07-11 21:50:27,525 : INFO : EventManager : Event: ======'both_flippers_one'====== Args={'triggering_group': 1, 'triggering_switch': 's_flipper_left'}
2023-07-11 21:50:27,673 : INFO : SwitchController : <<<<<<< 's_flipper_right' inactive >>>>>>>
2023-07-11 21:50:27,673 : INFO : EventManager : Event: ======'both_flippers_inactive'====== Args={'triggering_group': 2, 'triggering_switch': 's_flipper_right'}
2023-07-11 21:50:27,710 : INFO : SwitchController : <<<<<<< 's_flipper_left' active >>>>>>>
2023-07-11 21:50:27,810 : INFO : SwitchController : <<<<<<< 's_flipper_left' inactive >>>>>>>
2023-07-11 21:50:27,811 : INFO : SwitchController : <<<<<<< 's_flipper_right' active >>>>>>>
2023-07-11 21:50:27,996 : INFO : SwitchController : <<<<<<< 's_flipper_right' inactive >>>>>>>
2023-07-11 21:50:27,997 : INFO : SwitchController : <<<<<<< 's_flipper_left' active >>>>>>>
2023-07-11 21:50:28,095 : INFO : SwitchController : <<<<<<< 's_flipper_right' active >>>>>>>
2023-07-11 21:50:28,095 : INFO : EventManager : Event: ======'flipper_cancel'====== Args={'triggering_group': 2, 'triggering_switch': 's_flipper_right'}
2023-07-11 21:50:28,107 : INFO : SwitchController : <<<<<<< 's_flipper_left' inactive >>>>>>>
2023-07-11 21:50:28,107 : INFO : EventManager : Event: ======'both_flippers_one'====== Args={'triggering_group': 1, 'triggering_switch': 's_flipper_left'}
2023-07-11 21:50:28,255 : INFO : SwitchController : <<<<<<< 's_flipper_right' inactive >>>>>>>
2023-07-11 21:50:28,255 : INFO : EventManager : Event: ======'both_flippers_inactive'====== Args={'triggering_group': 2, 'triggering_switch': 's_flipper_right'}
2023-07-11 21:50:28,256 : INFO : SwitchController : <<<<<<< 's_flipper_left' active >>>>>>>
2023-07-11 21:50:28,405 : INFO : SwitchController : <<<<<<< 's_flipper_right' active >>>>>>>
2023-07-11 21:50:28,405 : INFO : EventManager : Event: ======'flipper_cancel'====== Args={'triggering_group': 2, 'triggering_switch': 's_flipper_right'}
2023-07-11 21:50:28,429 : INFO : SwitchController : <<<<<<< 's_flipper_left' inactive >>>>>>>
2023-07-11 21:50:28,430 : INFO : EventManager : Event: ======'both_flippers_one'====== Args={'triggering_group': 1, 'triggering_switch': 's_flipper_left'}
2023-07-11 21:50:28,566 : INFO : SwitchController : <<<<<<< 's_flipper_right' inactive >>>>>>>
2023-07-11 21:50:28,566 : INFO : EventManager : Event: ======'both_flippers_inactive'====== Args={'triggering_group': 2, 'triggering_switch': 's_flipper_right'}
2023-07-11 21:50:28,577 : INFO : SwitchController : <<<<<<< 's_flipper_left' active >>>>>>>
2023-07-11 21:50:28,676 : INFO : SwitchController : <<<<<<< 's_flipper_right' active >>>>>>>
2023-07-11 21:50:28,677 : INFO : EventManager : Event: ======'flipper_cancel'====== Args={'triggering_group': 2, 'triggering_switch': 's_flipper_right'}
2023-07-11 21:50:28,688 : INFO : SwitchController : <<<<<<< 's_flipper_left' inactive >>>>>>>
2023-07-11 21:50:28,688 : INFO : EventManager : Event: ======'both_flippers_one'====== Args={'triggering_group': 1, 'triggering_switch': 's_flipper_left'}
2023-07-11 21:50:28,874 : INFO : SwitchController : <<<<<<< 's_flipper_right' inactive >>>>>>>
2023-07-11 21:50:28,874 : INFO : EventManager : Event: ======'both_flippers_inactive'====== Args={'triggering_group': 2, 'triggering_switch': 's_flipper_right'}
2023-07-11 21:50:30,630 : INFO : Machine : Shutting down...
2023-07-11 21:50:30,630 : INFO : EventManager : Event: ======'shutdown'====== Args={}
2023-07-11 21:50:30,632 : INFO : root : MPF run loop ended.
