2023-07-16 23:55:02,055 : kivy : Factory: 189 symbols loaded
2023-07-16 23:55:02,175 : kivy : ImageLoaderFFPy: Using ffpyplayer 4.3.5
2023-07-16 23:55:02,176 : kivy : Image: Providers: img_tex, img_dds, img_sdl2, img_pil, img_ffpyplayer 
2023-07-16 23:55:02,214 : kivy : VideoGstplayer: Using Gstreamer 1.18.5.0
2023-07-16 23:55:02,214 : kivy : Video: Provider: gstplayer
2023-07-16 23:55:02,324 : kivy : Loading MPF-MC controller
2023-07-16 23:55:02,336 : YamlMultifileConfigLoader : Machine config file #1: config
2023-07-16 23:55:02,336 : ConfigProcessor : Config file in cache changed: D:\MPF\springbreak\config\config
2023-07-16 23:55:02,336 : ConfigProcessor : Loading config from file C:\Users\warzz\AppData\Local\Programs\Python\Python39\lib\site-packages\mpfmc\mcconfig.yaml.
2023-07-16 23:55:02,361 : ConfigProcessor : Loading config: C:\Users\warzz\AppData\Local\Programs\Python\Python39\lib\site-packages\mpfmc\mcconfig.yaml
2023-07-16 23:55:02,361 : ConfigProcessor : Loading config from file D:\MPF\springbreak\config\config.
2023-07-16 23:55:02,364 : ConfigProcessor : Loading config: D:\MPF\springbreak\config\config
2023-07-16 23:55:02,369 : ConfigProcessor : Loading config: D:\MPF\springbreak\config\coils.yaml
2023-07-16 23:55:02,373 : ConfigProcessor : Loading config: D:\MPF\springbreak\config\switches.yaml
2023-07-16 23:55:02,376 : ConfigProcessor : Loading config: D:\MPF\springbreak\config\devices.yaml
2023-07-16 23:55:02,381 : ConfigProcessor : Loading config: D:\MPF\springbreak\config\displays.yaml
2023-07-16 23:55:02,383 : ConfigProcessor : Loading config: D:\MPF\springbreak\config\keyboard.yaml
2023-07-16 23:55:02,384 : ConfigProcessor : Config file cache created: C:\Users\warzz\AppData\Local\Temp\3d05ce95a1a77007a3c947d41ed1ffc7.mpf_cache
2023-07-16 23:55:02,384 : ConfigProcessor : Loading config from file C:\Users\warzz\AppData\Local\Programs\Python\Python39\lib\site-packages\mpf\modes\attract\config\attract.yaml.
2023-07-16 23:55:02,385 : ConfigProcessor : Loading config: C:\Users\warzz\AppData\Local\Programs\Python\Python39\lib\site-packages\mpf\modes\attract\config\attract.yaml
2023-07-16 23:55:02,385 : ConfigProcessor : Loading config from file D:\MPF\springbreak\modes\attract\config\attract.yaml.
