2023-07-16 23:45:36,490 : INFO : root : Loading config.
2023-07-16 23:45:36,493 : INFO : YamlMultifileConfigLoader : Machine config file #1: config.yaml
2023-07-16 23:45:36,494 : INFO : ConfigProcessor : Loading config from cache: C:\Users\warzz\AppData\Local\Temp\999c2299d6c39d2b6f23a88f71ed49fc.mpf_cache
2023-07-16 23:45:36,566 : INFO : ConfigProcessor : Loading config from cache: C:\Users\warzz\AppData\Local\Temp\b77c3901e90ec7d7cc601651512a0021.mpf_cache
2023-07-16 23:45:36,566 : INFO : ConfigProcessor : Loading config from cache: C:\Users\warzz\AppData\Local\Temp\a5b2fce8b210d64acc95275c2c9a2339.mpf_cache
2023-07-16 23:45:36,567 : INFO : Machine : Mission Pinball Framework Core Engine v0.56.0
2023-07-16 23:45:36,567 : INFO : Machine : Command line arguments: {'no_load_cache': False, 'create_config_cache': True, 'bcp': True, 'configfile': ['config.yaml'], 'force_assets_load': False, 'jsonlogging': False, 'logfile': 'logs\\2023-07-16-23-45-36-mpf-DESKTOP-VQ7DOMB.log', 'pause': False, 'production': False, 'text_ui': True, 'loglevel': 15, 'consoleloglevel': 20, 'force_platform': 'smart_virtual', 'syslog_address': None, 'mc_file_name': None, 'no_sound': False}
2023-07-16 23:45:36,567 : INFO : Machine : MPF path: C:\Users\warzz\AppData\Local\Programs\Python\Python39\lib\site-packages\mpf
2023-07-16 23:45:36,567 : INFO : Machine : Machine path: D:\MPF\springbreak
2023-07-16 23:45:36,567 : INFO : Machine : Platform: win32
2023-07-16 23:45:36,567 : INFO : Machine : Python executable location: C:\Users\warzz\AppData\Local\Programs\Python\Python39\python.exe
2023-07-16 23:45:36,567 : INFO : Machine : Python version: 3.9.13 (64-bit)
2023-07-16 23:45:36,569 : INFO : Machine : Initialise MPF.
2023-07-16 23:45:36,724 : INFO : EventManager : Event: ======'machine_var_credits_string'====== Args={'value': 'FREE PLAY', 'prev_value': None, 'change': True}
2023-07-16 23:45:36,761 : INFO : EventManager : Event: ======'machine_var_master_volume'====== Args={'value': 0.5, 'prev_value': None, 'change': True}
2023-07-16 23:45:36,762 : INFO : EventManager : Event: ======'machine_var_player1_score'====== Args={'value': 0, 'prev_value': None, 'change': True}
2023-07-16 23:45:36,762 : INFO : EventManager : Event: ======'machine_var_mpf_version'====== Args={'value': 'MPF v0.56.0', 'prev_value': None, 'change': True}
2023-07-16 23:45:36,762 : INFO : EventManager : Event: ======'machine_var_mpf_extended_version'====== Args={'value': 'MPF v0.56.0, Config version:5, Show version: 5, BCP version:1.1', 'prev_value': None, 'change': True}
2023-07-16 23:45:36,762 : INFO : EventManager : Event: ======'machine_var_python_version'====== Args={'value': '3.9.13', 'prev_value': None, 'change': True}
2023-07-16 23:45:36,770 : INFO : EventManager : Event: ======'machine_var_platform'====== Args={'value': 'Windows-10-10.0.19045-SP0', 'prev_value': None, 'change': True}
2023-07-16 23:45:36,770 : INFO : EventManager : Event: ======'machine_var_platform_system'====== Args={'value': 'Windows', 'prev_value': None, 'change': True}
2023-07-16 23:45:36,770 : INFO : EventManager : Event: ======'machine_var_platform_release'====== Args={'value': '10', 'prev_value': None, 'change': True}
2023-07-16 23:45:36,770 : INFO : EventManager : Event: ======'machine_var_platform_version'====== Args={'value': '10.0.19045', 'prev_value': None, 'change': True}
2023-07-16 23:45:36,770 : INFO : EventManager : Event: ======'machine_var_platform_machine'====== Args={'value': 'AMD64', 'prev_value': None, 'change': True}
2023-07-16 23:45:36,770 : INFO : EventManager : Event: ======'init_phase_1'====== Args={}
2023-07-16 23:45:36,784 : INFO : EventManager : Event: ======'init_phase_2'====== Args={}
2023-07-16 23:45:36,784 : INFO : SwitchController : Found active switch: ('0-0-26', <Platform.SmartVirtual>) <switch.s_trough_1>
2023-07-16 23:45:36,785 : INFO : EventManager : Event: ======'bcp_connection_attempt'====== Args={'name': 'local_display', 'host': 'localhost', 'port': 5050}
2023-07-16 23:45:36,786 : INFO : BCPClientSocket : Connecting BCP to 'local_display' at localhost:5050...
2023-07-16 23:45:38,842 : INFO : BCPClientSocket : Connected BCP to 'local_display' localhost:5050
2023-07-16 23:45:38,843 : INFO : EventManager : Event: ======'bcp_clients_connected'====== Args={}
2023-07-16 23:45:38,848 : INFO : ball_device.bd_drain : BCH: Initial count: 0
2023-07-16 23:45:38,848 : INFO : ball_device.bd_drain : State: idle
2023-07-16 23:45:38,848 : INFO : ball_device.bd_trough : BCH: Initial count: 4
2023-07-16 23:45:38,849 : INFO : ball_device.bd_trough : State: idle
2023-07-16 23:45:38,849 : INFO : ball_device.bd_plunger : BCH: Initial count: 0
2023-07-16 23:45:38,849 : INFO : ball_device.bd_plunger : State: idle
2023-07-16 23:45:38,861 : INFO : EventManager : Event: ======'init_phase_3'====== Args={}
2023-07-16 23:45:38,863 : INFO : EventManager : Event: ======'machine_var_mc_version'====== Args={'value': 'MPF-MC v0.56.1', 'prev_value': None, 'change': True}
2023-07-16 23:45:38,863 : INFO : EventManager : Event: ======'machine_var_mc_extended_version'====== Args={'value': 'MPF-MC v0.56.1 (config_version=5, BCP v1.1,                      Requires MPF API compatibility v0.56.0 or newer)', 'prev_value': None, 'change': True}
2023-07-16 23:45:38,864 : INFO : EventManager : Event: ======'init_phase_4'====== Args={}
2023-07-16 23:45:38,875 : INFO : BallController : Initial balls found: 4
2023-07-16 23:45:38,875 : INFO : EventManager : Event: ======'machine_var_audits_events_game_ended'====== Args={'value': 3, 'prev_value': None, 'change': True}
2023-07-16 23:45:38,876 : INFO : EventManager : Event: ======'machine_var_audits_events_game_started'====== Args={'value': 8, 'prev_value': None, 'change': True}
2023-07-16 23:45:38,876 : INFO : EventManager : Event: ======'machine_var_audits_player_score'====== Args={'value': {'average': 0.0, 'top': [0, 0, 0], 'total': 3}, 'prev_value': None, 'change': True}
2023-07-16 23:45:38,876 : INFO : EventManager : Event: ======'machine_var_audits_switches_s_drain_detect'====== Args={'value': 17, 'prev_value': None, 'change': True}
2023-07-16 23:45:38,876 : INFO : EventManager : Event: ======'machine_var_audits_switches_s_flipper_left'====== Args={'value': 3, 'prev_value': None, 'change': True}
2023-07-16 23:45:38,876 : INFO : EventManager : Event: ======'machine_var_audits_switches_s_flipper_right'====== Args={'value': 16, 'prev_value': None, 'change': True}
2023-07-16 23:45:38,876 : INFO : EventManager : Event: ======'machine_var_audits_switches_s_plunger_detect'====== Args={'value': 15, 'prev_value': None, 'change': True}
2023-07-16 23:45:38,877 : INFO : EventManager : Event: ======'machine_var_audits_switches_s_plunger_exit'====== Args={'value': 7, 'prev_value': None, 'change': True}
2023-07-16 23:45:38,877 : INFO : EventManager : Event: ======'machine_var_audits_switches_s_popbumper_1'====== Args={'value': 0, 'prev_value': None, 'change': True}
2023-07-16 23:45:38,877 : INFO : EventManager : Event: ======'machine_var_audits_switches_s_popbumper_2'====== Args={'value': 0, 'prev_value': None, 'change': True}
2023-07-16 23:45:38,877 : INFO : EventManager : Event: ======'machine_var_audits_switches_s_popbumper_3'====== Args={'value': 0, 'prev_value': None, 'change': True}
2023-07-16 23:45:38,877 : INFO : EventManager : Event: ======'machine_var_audits_switches_s_slingshot'====== Args={'value': 0, 'prev_value': None, 'change': True}
2023-07-16 23:45:38,877 : INFO : EventManager : Event: ======'machine_var_audits_switches_s_start_button'====== Args={'value': 0, 'prev_value': None, 'change': True}
2023-07-16 23:45:38,877 : INFO : EventManager : Event: ======'machine_var_audits_switches_s_trough_1'====== Args={'value': 11, 'prev_value': None, 'change': True}
2023-07-16 23:45:38,877 : INFO : EventManager : Event: ======'machine_var_audits_switches_s_trough_2'====== Args={'value': 0, 'prev_value': None, 'change': True}
2023-07-16 23:45:38,878 : INFO : EventManager : Event: ======'init_phase_5'====== Args={}
2023-07-16 23:45:38,888 : INFO : EventManager : Event: ======'init_done'====== Args={}
2023-07-16 23:45:38,888 : INFO : EventManager : Event: ======'machine_reset_phase_1'====== Args={}
2023-07-16 23:45:38,892 : INFO : EventManager : Event: ======'slide_welcome_slide_removed'====== Args={'_from_bcp': True}
2023-07-16 23:45:38,893 : INFO : EventManager : Event: ======'slide_welcome_slide_created'====== Args={'_from_bcp': True}
2023-07-16 23:45:38,894 : INFO : EventManager : Event: ======'machine_reset_phase_2'====== Args={}
2023-07-16 23:45:38,894 : INFO : EventManager : Event: ======'machine_reset_phase_3'====== Args={}
2023-07-16 23:45:38,894 : INFO : EventManager : Event: ======'reset_complete'====== Args={}
2023-07-16 23:45:38,894 : INFO : EventManager : Event: ======'slide_welcome_slide_active'====== Args={'_from_bcp': True}
2023-07-16 23:45:38,894 : INFO : EventManager : Event: ======'mode_attract_will_start'====== Args={}
2023-07-16 23:45:38,895 : INFO : EventManager : Event: ======'mode_attract_starting'====== Args={}
2023-07-16 23:45:38,895 : INFO : Mode.attract : Started. Priority: 10
2023-07-16 23:45:38,895 : INFO : EventManager : Event: ======'modes_active_modes_changed'====== Args={}
2023-07-16 23:45:38,895 : INFO : EventManager : Event: ======'mode_attract_started'====== Args={}
2023-07-16 23:45:38,895 : INFO : EventManager : Event: ======'collecting_balls_complete'====== Args={}
2023-07-16 23:45:38,910 : INFO : Machine : Starting the main run loop.
2023-07-16 23:45:41,053 : INFO : SwitchController : <<<<<<< 's_start_button' active >>>>>>>
2023-07-16 23:45:41,164 : INFO : SwitchController : <<<<<<< 's_start_button' inactive >>>>>>>
2023-07-16 23:45:41,164 : INFO : EventManager : Event: ======'request_to_start_game'====== Args={}
2023-07-16 23:45:41,164 : INFO : EventManager : Event: ======'game_start'====== Args={'buttons': [], 'hold_time': 0.10900000005494803}
2023-07-16 23:45:41,165 : INFO : EventManager : Event: ======'mode_game_will_start'====== Args={'buttons': [], 'hold_time': 0.10900000005494803}
2023-07-16 23:45:41,165 : INFO : EventManager : Event: ======'mode_game_starting'====== Args={'buttons': [], 'hold_time': 0.10900000005494803}
2023-07-16 23:45:41,165 : INFO : EventManager : Event: ======'mode_attract_will_stop'====== Args={}
2023-07-16 23:45:41,165 : INFO : EventManager : Event: ======'mode_attract_stopping'====== Args={}
2023-07-16 23:45:41,165 : INFO : Mode.attract : Stopped.
2023-07-16 23:45:41,165 : INFO : EventManager : Event: ======'modes_active_modes_changed'====== Args={}
2023-07-16 23:45:41,165 : INFO : EventManager : Event: ======'mode_attract_stopped'====== Args={}
2023-07-16 23:45:41,165 : INFO : EventManager : Event: ======'clear'====== Args={'key': 'attract'}
2023-07-16 23:45:41,165 : INFO : Mode.game : Started. Priority: 20
2023-07-16 23:45:41,165 : INFO : EventManager : Event: ======'modes_active_modes_changed'====== Args={}
2023-07-16 23:45:41,165 : INFO : EventManager : Event: ======'mode_game_started'====== Args={'buttons': [], 'hold_time': 0.10900000005494803}
2023-07-16 23:45:41,169 : INFO : EventManager : Event: ======'game_will_start'====== Args={}
2023-07-16 23:45:41,169 : INFO : EventManager : Event: ======'game_starting'====== Args={'game': <Mode.game>}
2023-07-16 23:45:41,169 : INFO : EventManager : Event: ======'player_add_request'====== Args={}
2023-07-16 23:45:41,169 : INFO : EventManager : Event: ======'player_will_add'====== Args={'number': 1}
2023-07-16 23:45:41,169 : INFO : EventManager : Event: ======'player_adding'====== Args={'player': <Player 1>, 'number': 1}
2023-07-16 23:45:41,170 : INFO : EventManager : Event: ======'player_added'====== Args={'player': <Player 1>, 'num': 1}
2023-07-16 23:45:41,170 : INFO : Mode.game : Player added successfully. Total players: 1
2023-07-16 23:45:41,170 : INFO : EventManager : Event: ======'player_index'====== Args={'value': 0, 'prev_value': 0, 'change': 0, 'player_num': 1}
2023-07-16 23:45:41,170 : INFO : EventManager : Event: ======'player_number'====== Args={'value': 1, 'prev_value': 1, 'change': 0, 'player_num': 1}
2023-07-16 23:45:41,170 : INFO : EventManager : Event: ======'player_score'====== Args={'value': 0, 'prev_value': 0, 'change': 0, 'player_num': 1}
2023-07-16 23:45:41,170 : INFO : EventManager : Event: ======'game_started'====== Args={}
2023-07-16 23:45:41,174 : INFO : EventManager : Event: ======'player_turn_will_start'====== Args={'player': <Player 1>, 'number': 1}
2023-07-16 23:45:41,174 : INFO : EventManager : Event: ======'player_turn_starting'====== Args={'player': <Player 1>, 'number': 1}
2023-07-16 23:45:41,174 : INFO : EventManager : Event: ======'player_ball'====== Args={'value': 1, 'prev_value': 0, 'change': 1, 'player_num': 1}
2023-07-16 23:45:41,178 : INFO : EventManager : Event: ======'player_turn_started'====== Args={'player': <Player 1>, 'number': 1}
2023-07-16 23:45:41,179 : INFO : EventManager : Event: ======'ball_will_start'====== Args={'player': 1, 'ball': 1, 'balls_remaining': 2, 'is_extra_ball': False}
2023-07-16 23:45:41,180 : INFO : EventManager : Event: ======'ball_starting'====== Args={'player': 1, 'ball': 1, 'balls_remaining': 2, 'is_extra_ball': False}
2023-07-16 23:45:41,180 : INFO : EventManager : Event: ======'balls_in_play'====== Args={'balls': 1}
2023-07-16 23:45:41,180 : INFO : EventManager : Event: ======'ball_started'====== Args={'player': 1, 'ball': 1, 'balls_remaining': 2, 'is_extra_ball': False}
2023-07-16 23:45:41,181 : INFO : EventManager : Event: ======'single_player_ball_started'====== Args={}
2023-07-16 23:45:41,181 : INFO : EventManager : Event: ======'ball_start_target'====== Args={'target': 'playfield'}
2023-07-16 23:45:41,181 : INFO : ball_device.bd_plunger : Setting up player-controlled eject. Balls: 1, Target: <playfield.playfield>, player_controlled_eject_event: s_flipper_right_active
2023-07-16 23:45:41,181 : INFO : EventManager : Event: ======'balldevice_balls_available'====== Args={}
2023-07-16 23:45:41,182 : INFO : ball_device.bd_trough : State: waiting_for_target_ready
2023-07-16 23:45:41,182 : INFO : EventManager : Event: ======'balldevice_bd_trough_ball_eject_attempt'====== Args={'balls': 1, 'target': <ball_device.bd_plunger>, 'source': <ball_device.bd_trough>, 'mechanical_eject': True, 'num_attempts': 0}
2023-07-16 23:45:41,182 : INFO : ball_device.bd_plunger : State: waiting_for_ball
2023-07-16 23:45:41,182 : INFO : ball_device.bd_trough : State: ejecting
2023-07-16 23:45:41,182 : INFO : ball_device.bd_trough : Ejecting ball to <ball_device.bd_plunger>
2023-07-16 23:45:41,182 : INFO : EventManager : Event: ======'balldevice_bd_trough_ejecting_ball'====== Args={'balls': 1, 'target': <ball_device.bd_plunger>, 'source': <ball_device.bd_trough>, 'mechanical_eject': True, 'num_attempts': 0}
2023-07-16 23:45:41,183 : INFO : ball_device.bd_trough : Wait for ball to leave device
2023-07-16 23:45:41,183 : INFO : coil.c_trough_eject : Enabling Driver for 1000ms (1.0 pulse_power)
2023-07-16 23:45:41,183 : INFO : SwitchController : <<<<<<< 's_trough_1' inactive >>>>>>>
2023-07-16 23:45:41,199 : INFO : ball_device.bd_trough : State: ball_left
2023-07-16 23:45:41,199 : INFO : ball_device.bd_trough : Ball left
2023-07-16 23:45:41,199 : INFO : ball_device.bd_trough : Wait for confirm with timeout 3.0
2023-07-16 23:45:41,293 : INFO : SwitchController : <<<<<<< 's_plunger_detect' active >>>>>>>
2023-07-16 23:45:41,293 : INFO : EventManager : Event: ======'machine_var_audits_switches_s_plunger_detect'====== Args={'value': 16, 'prev_value': 15, 'change': 1}
2023-07-16 23:45:41,808 : INFO : ball_device.bd_plunger : Received ball from <ball_device.bd_trough>
2023-07-16 23:45:41,808 : INFO : EventManager : Event: ======'balldevice_bd_plunger_ball_enter'====== Args={'new_balls': 1, 'unclaimed_balls': 0, 'new_available_balls': 0, 'device': <ball_device.bd_plunger>}
2023-07-16 23:45:41,808 : INFO : EventManager : Event: ======'balldevice_bd_plunger_ball_entered'====== Args={'new_balls': 0, 'device': <ball_device.bd_plunger>}
2023-07-16 23:45:41,808 : INFO : EventManager : Event: ======'balldevice_bd_plunger_ball_count_changed'====== Args={'balls': 1}
2023-07-16 23:45:41,808 : INFO : ball_device.bd_trough : Got eject confirm
2023-07-16 23:45:41,808 : INFO : ball_device.bd_trough : Eject successful
2023-07-16 23:45:41,808 : INFO : EventManager : Event: ======'balldevice_bd_trough_ball_eject_success'====== Args={'balls': 1, 'target': <ball_device.bd_plunger>}
2023-07-16 23:45:41,809 : INFO : ball_device.bd_plunger : State: waiting_for_target_ready
2023-07-16 23:45:41,809 : INFO : EventManager : Event: ======'balldevice_bd_plunger_ball_eject_attempt'====== Args={'balls': 1, 'target': <playfield.playfield>, 'source': <ball_device.bd_plunger>, 'mechanical_eject': True, 'num_attempts': 0}
2023-07-16 23:45:41,809 : INFO : EventManager : Event: ======'balldevice_bd_trough_ball_count_changed'====== Args={'balls': 3}
2023-07-16 23:45:41,809 : INFO : ball_device.bd_trough : State: idle
2023-07-16 23:45:41,809 : INFO : ball_device.bd_plunger : State: ejecting
2023-07-16 23:45:41,809 : INFO : ball_device.bd_plunger : Ejecting ball to <playfield.playfield>
2023-07-16 23:45:41,809 : INFO : EventManager : Event: ======'balldevice_bd_plunger_ejecting_ball'====== Args={'balls': 1, 'target': <playfield.playfield>, 'source': <ball_device.bd_plunger>, 'mechanical_eject': True, 'num_attempts': 0}
2023-07-16 23:45:41,809 : INFO : ball_device.bd_plunger : Wait for ball to leave device
2023-07-16 23:45:42,197 : INFO : coil.c_trough_eject : Disabling Driver
2023-07-16 23:45:45,030 : INFO : SwitchController : <<<<<<< 's_flipper_right' active >>>>>>>
2023-07-16 23:45:45,030 : INFO : EventManager : Event: ======'s_flipper_right_active'====== Args={}
2023-07-16 23:45:45,030 : INFO : EventManager : Event: ======'machine_var_audits_switches_s_flipper_right'====== Args={'value': 17, 'prev_value': 16, 'change': 1}
2023-07-16 23:45:45,098 : INFO : coil.c_plunger : Pulsing Driver for 20ms (1.0 pulse_power)
2023-07-16 23:45:45,098 : INFO : SwitchController : <<<<<<< 's_plunger_detect' inactive >>>>>>>
2023-07-16 23:45:45,101 : INFO : ball_device.bd_plunger : State: ball_left
2023-07-16 23:45:45,101 : INFO : ball_device.bd_plunger : Ball left
2023-07-16 23:45:45,101 : INFO : ball_device.bd_plunger : Wait for confirm with timeout 10.0
2023-07-16 23:45:45,157 : INFO : SwitchController : <<<<<<< 's_flipper_right' inactive >>>>>>>
2023-07-16 23:45:45,664 : INFO : SwitchController : <<<<<<< 's_plunger_exit' active >>>>>>>
2023-07-16 23:45:45,664 : INFO : EventManager : Event: ======'sw_playfield_active'====== Args={}
2023-07-16 23:45:45,664 : INFO : EventManager : Event: ======'machine_var_audits_switches_s_plunger_exit'====== Args={'value': 8, 'prev_value': 7, 'change': 1}
2023-07-16 23:45:45,665 : INFO : EventManager : Event: ======'playfield_active'====== Args={}
2023-07-16 23:45:45,667 : INFO : ball_device.bd_plunger : Got eject confirm
2023-07-16 23:45:45,667 : INFO : ball_device.bd_plunger : Eject successful
2023-07-16 23:45:45,667 : INFO : EventManager : Event: ======'balldevice_bd_plunger_ball_eject_success'====== Args={'balls': 1, 'target': <playfield.playfield>}
2023-07-16 23:45:45,668 : INFO : EventManager : Event: ======'balldevice_playfield_ball_enter'====== Args={'new_balls': 1, 'unclaimed_balls': 1, 'device': <playfield.playfield>}
2023-07-16 23:45:45,668 : INFO : EventManager : Event: ======'playfield_ball_count_change'====== Args={'balls': 1, 'change': 1}
2023-07-16 23:45:45,668 : INFO : EventManager : Event: ======'balldevice_bd_plunger_ball_count_changed'====== Args={'balls': 0}
2023-07-16 23:45:45,668 : INFO : ball_device.bd_plunger : State: idle
2023-07-16 23:45:45,803 : INFO : SwitchController : <<<<<<< 's_plunger_exit' inactive >>>>>>>
2023-07-16 23:45:46,418 : INFO : SwitchController : <<<<<<< 's_drain_detect' active >>>>>>>
2023-07-16 23:45:46,419 : INFO : EventManager : Event: ======'machine_var_audits_switches_s_drain_detect'====== Args={'value': 18, 'prev_value': 17, 'change': 1}
2023-07-16 23:45:46,928 : INFO : EventManager : Event: ======'balldevice_bd_drain_ball_count_changed'====== Args={'balls': 1}
2023-07-16 23:45:46,928 : INFO : ball_device.bd_drain : Received unexpected ball
2023-07-16 23:45:46,928 : INFO : EventManager : Event: ======'balldevice_captured_from_playfield'====== Args={'balls': 1}
2023-07-16 23:45:46,928 : INFO : EventManager : Event: ======'sw_playfield_active'====== Args={'balls': 1}
2023-07-16 23:45:46,928 : INFO : EventManager : Event: ======'playfield_ball_count_change'====== Args={'balls': 0, 'change': -1}
2023-07-16 23:45:46,928 : INFO : EventManager : Event: ======'balldevice_bd_drain_ball_enter'====== Args={'new_balls': 1, 'unclaimed_balls': 1, 'new_available_balls': 1, 'device': <ball_device.bd_drain>}
2023-07-16 23:45:46,928 : INFO : EventManager : Event: ======'ball_drain'====== Args={'device': <ball_device.bd_drain>, 'balls': 1}
2023-07-16 23:45:46,929 : INFO : EventManager : Event: ======'ball_will_end'====== Args={}
2023-07-16 23:45:46,929 : INFO : EventManager : Event: ======'balldevice_balls_available'====== Args={}
2023-07-16 23:45:46,929 : INFO : EventManager : Event: ======'balldevice_balls_available'====== Args={}
2023-07-16 23:45:46,929 : INFO : EventManager : Event: ======'balldevice_bd_drain_ball_entered'====== Args={'new_balls': 1, 'device': <ball_device.bd_drain>}
2023-07-16 23:45:46,929 : INFO : EventManager : Event: ======'ball_ending'====== Args={}
2023-07-16 23:45:46,929 : INFO : EventManager : Event: ======'ball_ended'====== Args={}
2023-07-16 23:45:46,930 : INFO : EventManager : Event: ======'player_turn_will_end'====== Args={'player': <Player 1>, 'number': 1}
2023-07-16 23:45:46,930 : INFO : ball_device.bd_drain : State: waiting_for_target_ready
2023-07-16 23:45:46,930 : INFO : EventManager : Event: ======'balldevice_bd_drain_ball_eject_attempt'====== Args={'balls': 1, 'target': <ball_device.bd_trough>, 'source': <ball_device.bd_drain>, 'mechanical_eject': False, 'num_attempts': 0}
2023-07-16 23:45:46,931 : INFO : ball_device.bd_drain : State: ejecting
2023-07-16 23:45:46,931 : INFO : ball_device.bd_drain : Ejecting ball to <ball_device.bd_trough>
2023-07-16 23:45:46,931 : INFO : EventManager : Event: ======'balldevice_bd_drain_ejecting_ball'====== Args={'balls': 1, 'target': <ball_device.bd_trough>, 'source': <ball_device.bd_drain>, 'mechanical_eject': False, 'num_attempts': 0}
2023-07-16 23:45:46,931 : INFO : EventManager : Event: ======'player_turn_ending'====== Args={'player': <Player 1>, 'number': 1}
2023-07-16 23:45:46,932 : INFO : EventManager : Event: ======'player_turn_ended'====== Args={'player': <Player 1>, 'number': 1}
2023-07-16 23:45:46,932 : INFO : EventManager : Event: ======'player_turn_will_start'====== Args={'player': <Player 1>, 'number': 1}
2023-07-16 23:45:46,932 : INFO : ball_device.bd_drain : Wait for ball to leave device
2023-07-16 23:45:46,932 : INFO : coil.c_drain_kicker : Pulsing Driver for 20ms (1.0 pulse_power)
2023-07-16 23:45:46,932 : INFO : SwitchController : <<<<<<< 's_drain_detect' inactive >>>>>>>
2023-07-16 23:45:46,935 : INFO : EventManager : Event: ======'player_turn_starting'====== Args={'player': <Player 1>, 'number': 1}
2023-07-16 23:45:46,935 : INFO : EventManager : Event: ======'player_ball'====== Args={'value': 2, 'prev_value': 1, 'change': 1, 'player_num': 1}
2023-07-16 23:45:46,935 : INFO : EventManager : Event: ======'player_turn_started'====== Args={'player': <Player 1>, 'number': 1}
2023-07-16 23:45:46,936 : INFO : EventManager : Event: ======'ball_will_start'====== Args={'player': 1, 'ball': 2, 'balls_remaining': 1, 'is_extra_ball': False}
2023-07-16 23:45:46,936 : INFO : ball_device.bd_drain : State: ball_left
2023-07-16 23:45:46,936 : INFO : ball_device.bd_drain : Ball left
2023-07-16 23:45:46,936 : INFO : ball_device.bd_drain : Wait for confirm with timeout 10.0
2023-07-16 23:45:46,937 : INFO : EventManager : Event: ======'ball_starting'====== Args={'player': 1, 'ball': 2, 'balls_remaining': 1, 'is_extra_ball': False}
2023-07-16 23:45:46,937 : INFO : EventManager : Event: ======'balls_in_play'====== Args={'balls': 1}
2023-07-16 23:45:46,937 : INFO : EventManager : Event: ======'ball_started'====== Args={'player': 1, 'ball': 2, 'balls_remaining': 1, 'is_extra_ball': False}
2023-07-16 23:45:46,938 : INFO : EventManager : Event: ======'single_player_ball_started'====== Args={}
2023-07-16 23:45:46,938 : INFO : EventManager : Event: ======'ball_start_target'====== Args={'target': 'playfield'}
2023-07-16 23:45:46,938 : INFO : ball_device.bd_plunger : Setting up player-controlled eject. Balls: 1, Target: <playfield.playfield>, player_controlled_eject_event: s_flipper_right_active
2023-07-16 23:45:46,938 : INFO : EventManager : Event: ======'balldevice_balls_available'====== Args={}
2023-07-16 23:45:46,939 : INFO : ball_device.bd_trough : State: waiting_for_target_ready
2023-07-16 23:45:46,939 : INFO : EventManager : Event: ======'balldevice_bd_trough_ball_eject_attempt'====== Args={'balls': 1, 'target': <ball_device.bd_plunger>, 'source': <ball_device.bd_trough>, 'mechanical_eject': True, 'num_attempts': 0}
2023-07-16 23:45:46,939 : INFO : ball_device.bd_plunger : State: waiting_for_ball
2023-07-16 23:45:46,939 : INFO : ball_device.bd_trough : State: ejecting
2023-07-16 23:45:46,939 : INFO : ball_device.bd_trough : Ejecting ball to <ball_device.bd_plunger>
2023-07-16 23:45:46,939 : INFO : EventManager : Event: ======'balldevice_bd_trough_ejecting_ball'====== Args={'balls': 1, 'target': <ball_device.bd_plunger>, 'source': <ball_device.bd_trough>, 'mechanical_eject': True, 'num_attempts': 0}
2023-07-16 23:45:46,940 : INFO : ball_device.bd_trough : Wait for ball to leave device
2023-07-16 23:45:46,959 : INFO : ball_device.bd_trough : State: ball_left
2023-07-16 23:45:46,959 : INFO : ball_device.bd_trough : Ball left
2023-07-16 23:45:46,959 : INFO : ball_device.bd_trough : Wait for confirm with timeout 3.0
2023-07-16 23:45:47,021 : INFO : coil.c_trough_eject : Enabling Driver for 1000ms (1.0 pulse_power)
2023-07-16 23:45:47,053 : INFO : SwitchController : <<<<<<< 's_trough_1' active >>>>>>>
2023-07-16 23:45:47,053 : INFO : EventManager : Event: ======'machine_var_audits_switches_s_trough_1'====== Args={'value': 12, 'prev_value': 11, 'change': 1}
2023-07-16 23:45:47,054 : INFO : SwitchController : <<<<<<< 's_trough_1' inactive >>>>>>>
2023-07-16 23:45:47,054 : INFO : ball_device.bd_trough : Received ball from <ball_device.bd_drain>
2023-07-16 23:45:47,054 : INFO : EventManager : Event: ======'balldevice_bd_trough_ball_enter'====== Args={'new_balls': 1, 'unclaimed_balls': 0, 'new_available_balls': 0, 'device': <ball_device.bd_trough>}
2023-07-16 23:45:47,056 : INFO : EventManager : Event: ======'ball_drain'====== Args={'device': <ball_device.bd_trough>, 'balls': 0}
2023-07-16 23:45:47,056 : INFO : EventManager : Event: ======'balldevice_bd_trough_ball_entered'====== Args={'new_balls': 0, 'device': <ball_device.bd_trough>}
2023-07-16 23:45:47,056 : INFO : EventManager : Event: ======'balldevice_bd_trough_ball_count_changed'====== Args={'balls': 4}
2023-07-16 23:45:47,056 : INFO : ball_device.bd_drain : Got eject confirm
2023-07-16 23:45:47,056 : INFO : ball_device.bd_drain : Eject successful
2023-07-16 23:45:47,056 : INFO : EventManager : Event: ======'balldevice_bd_drain_ball_eject_success'====== Args={'balls': 1, 'target': <ball_device.bd_trough>}
2023-07-16 23:45:47,056 : INFO : EventManager : Event: ======'balldevice_bd_drain_ball_count_changed'====== Args={'balls': 0}
2023-07-16 23:45:47,056 : INFO : ball_device.bd_drain : State: idle
2023-07-16 23:45:47,129 : INFO : SwitchController : <<<<<<< 's_plunger_detect' active >>>>>>>
2023-07-16 23:45:47,129 : INFO : EventManager : Event: ======'machine_var_audits_switches_s_plunger_detect'====== Args={'value': 17, 'prev_value': 16, 'change': 1}
2023-07-16 23:45:47,630 : WARNING : SwitchController : Received duplicate switch state 0 for switch s_drain_detect from the platform interface. Log Code: Log-SwitchController-1 (https://docs.missionpinball.org/en/0.56/logs/Log-SwitchController-1.html)
2023-07-16 23:45:47,633 : INFO : ball_device.bd_plunger : Received ball from <ball_device.bd_trough>
2023-07-16 23:45:47,634 : INFO : EventManager : Event: ======'balldevice_bd_plunger_ball_enter'====== Args={'new_balls': 1, 'unclaimed_balls': 0, 'new_available_balls': 0, 'device': <ball_device.bd_plunger>}
2023-07-16 23:45:47,634 : INFO : EventManager : Event: ======'balldevice_bd_plunger_ball_entered'====== Args={'new_balls': 0, 'device': <ball_device.bd_plunger>}
2023-07-16 23:45:47,634 : INFO : EventManager : Event: ======'balldevice_bd_plunger_ball_count_changed'====== Args={'balls': 1}
2023-07-16 23:45:47,634 : INFO : ball_device.bd_trough : Got eject confirm
2023-07-16 23:45:47,634 : INFO : ball_device.bd_trough : Eject successful
2023-07-16 23:45:47,634 : INFO : EventManager : Event: ======'balldevice_bd_trough_ball_eject_success'====== Args={'balls': 1, 'target': <ball_device.bd_plunger>}
2023-07-16 23:45:47,634 : INFO : ball_device.bd_plunger : State: waiting_for_target_ready
2023-07-16 23:45:47,634 : INFO : EventManager : Event: ======'balldevice_bd_plunger_ball_eject_attempt'====== Args={'balls': 1, 'target': <playfield.playfield>, 'source': <ball_device.bd_plunger>, 'mechanical_eject': True, 'num_attempts': 0}
2023-07-16 23:45:47,634 : INFO : EventManager : Event: ======'balldevice_bd_trough_ball_count_changed'====== Args={'balls': 3}
2023-07-16 23:45:47,634 : INFO : ball_device.bd_trough : State: idle
2023-07-16 23:45:47,634 : INFO : ball_device.bd_plunger : State: ejecting
2023-07-16 23:45:47,634 : INFO : ball_device.bd_plunger : Ejecting ball to <playfield.playfield>
2023-07-16 23:45:47,635 : INFO : EventManager : Event: ======'balldevice_bd_plunger_ejecting_ball'====== Args={'balls': 1, 'target': <playfield.playfield>, 'source': <ball_device.bd_plunger>, 'mechanical_eject': True, 'num_attempts': 0}
2023-07-16 23:45:47,635 : INFO : ball_device.bd_plunger : Wait for ball to leave device
2023-07-16 23:45:48,024 : INFO : coil.c_trough_eject : Disabling Driver
2023-07-16 23:45:48,129 : INFO : SwitchController : <<<<<<< 's_flipper_right' active >>>>>>>
2023-07-16 23:45:48,129 : INFO : EventManager : Event: ======'s_flipper_right_active'====== Args={}
2023-07-16 23:45:48,129 : INFO : EventManager : Event: ======'machine_var_audits_switches_s_flipper_right'====== Args={'value': 18, 'prev_value': 17, 'change': 1}
2023-07-16 23:45:48,194 : INFO : coil.c_plunger : Pulsing Driver for 20ms (1.0 pulse_power)
2023-07-16 23:45:48,194 : INFO : SwitchController : <<<<<<< 's_plunger_detect' inactive >>>>>>>
2023-07-16 23:45:48,197 : INFO : ball_device.bd_plunger : State: ball_left
2023-07-16 23:45:48,197 : INFO : ball_device.bd_plunger : Ball left
2023-07-16 23:45:48,197 : INFO : ball_device.bd_plunger : Wait for confirm with timeout 10.0
2023-07-16 23:45:48,229 : INFO : SwitchController : <<<<<<< 's_flipper_right' inactive >>>>>>>
2023-07-16 23:45:48,686 : INFO : SwitchController : <<<<<<< 's_plunger_exit' active >>>>>>>
2023-07-16 23:45:48,686 : INFO : EventManager : Event: ======'sw_playfield_active'====== Args={}
2023-07-16 23:45:48,686 : INFO : EventManager : Event: ======'machine_var_audits_switches_s_plunger_exit'====== Args={'value': 9, 'prev_value': 8, 'change': 1}
2023-07-16 23:45:48,687 : INFO : EventManager : Event: ======'playfield_active'====== Args={}
2023-07-16 23:45:48,690 : INFO : ball_device.bd_plunger : Got eject confirm
2023-07-16 23:45:48,690 : INFO : ball_device.bd_plunger : Eject successful
2023-07-16 23:45:48,690 : INFO : EventManager : Event: ======'balldevice_bd_plunger_ball_eject_success'====== Args={'balls': 1, 'target': <playfield.playfield>}
2023-07-16 23:45:48,690 : INFO : EventManager : Event: ======'balldevice_playfield_ball_enter'====== Args={'new_balls': 1, 'unclaimed_balls': 1, 'device': <playfield.playfield>}
2023-07-16 23:45:48,690 : INFO : EventManager : Event: ======'playfield_ball_count_change'====== Args={'balls': 1, 'change': 1}
2023-07-16 23:45:48,690 : INFO : EventManager : Event: ======'balldevice_bd_plunger_ball_count_changed'====== Args={'balls': 0}
2023-07-16 23:45:48,690 : INFO : ball_device.bd_plunger : State: idle
2023-07-16 23:45:48,809 : INFO : SwitchController : <<<<<<< 's_plunger_exit' inactive >>>>>>>
2023-07-16 23:45:49,302 : INFO : SwitchController : <<<<<<< 's_drain_detect' active >>>>>>>
2023-07-16 23:45:49,302 : INFO : EventManager : Event: ======'machine_var_audits_switches_s_drain_detect'====== Args={'value': 19, 'prev_value': 18, 'change': 1}
2023-07-16 23:45:49,803 : INFO : EventManager : Event: ======'balldevice_bd_drain_ball_count_changed'====== Args={'balls': 1}
2023-07-16 23:45:49,803 : INFO : ball_device.bd_drain : Received unexpected ball
2023-07-16 23:45:49,803 : INFO : EventManager : Event: ======'balldevice_captured_from_playfield'====== Args={'balls': 1}
2023-07-16 23:45:49,803 : INFO : EventManager : Event: ======'sw_playfield_active'====== Args={'balls': 1}
2023-07-16 23:45:49,803 : INFO : EventManager : Event: ======'playfield_ball_count_change'====== Args={'balls': 0, 'change': -1}
2023-07-16 23:45:49,803 : INFO : EventManager : Event: ======'balldevice_bd_drain_ball_enter'====== Args={'new_balls': 1, 'unclaimed_balls': 1, 'new_available_balls': 1, 'device': <ball_device.bd_drain>}
2023-07-16 23:45:49,803 : INFO : EventManager : Event: ======'ball_drain'====== Args={'device': <ball_device.bd_drain>, 'balls': 1}
2023-07-16 23:45:49,804 : INFO : EventManager : Event: ======'ball_will_end'====== Args={}
2023-07-16 23:45:49,804 : INFO : EventManager : Event: ======'balldevice_balls_available'====== Args={}
2023-07-16 23:45:49,804 : INFO : EventManager : Event: ======'balldevice_balls_available'====== Args={}
2023-07-16 23:45:49,804 : INFO : EventManager : Event: ======'balldevice_bd_drain_ball_entered'====== Args={'new_balls': 1, 'device': <ball_device.bd_drain>}
2023-07-16 23:45:49,804 : INFO : EventManager : Event: ======'ball_ending'====== Args={}
2023-07-16 23:45:49,804 : INFO : EventManager : Event: ======'ball_ended'====== Args={}
2023-07-16 23:45:49,805 : INFO : EventManager : Event: ======'player_turn_will_end'====== Args={'player': <Player 1>, 'number': 1}
2023-07-16 23:45:49,805 : INFO : ball_device.bd_drain : State: waiting_for_target_ready
2023-07-16 23:45:49,805 : INFO : EventManager : Event: ======'balldevice_bd_drain_ball_eject_attempt'====== Args={'balls': 1, 'target': <ball_device.bd_trough>, 'source': <ball_device.bd_drain>, 'mechanical_eject': False, 'num_attempts': 0}
2023-07-16 23:45:49,806 : INFO : ball_device.bd_drain : State: ejecting
2023-07-16 23:45:49,806 : INFO : ball_device.bd_drain : Ejecting ball to <ball_device.bd_trough>
2023-07-16 23:45:49,806 : INFO : EventManager : Event: ======'balldevice_bd_drain_ejecting_ball'====== Args={'balls': 1, 'target': <ball_device.bd_trough>, 'source': <ball_device.bd_drain>, 'mechanical_eject': False, 'num_attempts': 0}
2023-07-16 23:45:49,806 : INFO : EventManager : Event: ======'player_turn_ending'====== Args={'player': <Player 1>, 'number': 1}
2023-07-16 23:45:49,806 : INFO : EventManager : Event: ======'player_turn_ended'====== Args={'player': <Player 1>, 'number': 1}
2023-07-16 23:45:49,807 : INFO : EventManager : Event: ======'player_turn_will_start'====== Args={'player': <Player 1>, 'number': 1}
2023-07-16 23:45:49,807 : INFO : ball_device.bd_drain : Wait for ball to leave device
2023-07-16 23:45:49,807 : INFO : coil.c_drain_kicker : Pulsing Driver for 20ms (1.0 pulse_power)
2023-07-16 23:45:49,807 : INFO : SwitchController : <<<<<<< 's_drain_detect' inactive >>>>>>>
2023-07-16 23:45:49,809 : INFO : EventManager : Event: ======'player_turn_starting'====== Args={'player': <Player 1>, 'number': 1}
2023-07-16 23:45:49,810 : INFO : EventManager : Event: ======'player_ball'====== Args={'value': 3, 'prev_value': 2, 'change': 1, 'player_num': 1}
2023-07-16 23:45:49,810 : INFO : EventManager : Event: ======'player_turn_started'====== Args={'player': <Player 1>, 'number': 1}
2023-07-16 23:45:49,810 : INFO : EventManager : Event: ======'ball_will_start'====== Args={'player': 1, 'ball': 3, 'balls_remaining': 0, 'is_extra_ball': False}
2023-07-16 23:45:49,810 : INFO : ball_device.bd_drain : State: ball_left
2023-07-16 23:45:49,810 : INFO : ball_device.bd_drain : Ball left
2023-07-16 23:45:49,810 : INFO : ball_device.bd_drain : Wait for confirm with timeout 10.0
2023-07-16 23:45:49,812 : INFO : EventManager : Event: ======'ball_starting'====== Args={'player': 1, 'ball': 3, 'balls_remaining': 0, 'is_extra_ball': False}
2023-07-16 23:45:49,812 : INFO : EventManager : Event: ======'balls_in_play'====== Args={'balls': 1}
2023-07-16 23:45:49,812 : INFO : EventManager : Event: ======'ball_started'====== Args={'player': 1, 'ball': 3, 'balls_remaining': 0, 'is_extra_ball': False}
2023-07-16 23:45:49,812 : INFO : EventManager : Event: ======'single_player_ball_started'====== Args={}
2023-07-16 23:45:49,813 : INFO : EventManager : Event: ======'ball_start_target'====== Args={'target': 'playfield'}
2023-07-16 23:45:49,813 : INFO : ball_device.bd_plunger : Setting up player-controlled eject. Balls: 1, Target: <playfield.playfield>, player_controlled_eject_event: s_flipper_right_active
2023-07-16 23:45:49,813 : INFO : EventManager : Event: ======'balldevice_balls_available'====== Args={}
2023-07-16 23:45:49,813 : INFO : ball_device.bd_trough : State: waiting_for_target_ready
2023-07-16 23:45:49,813 : INFO : EventManager : Event: ======'balldevice_bd_trough_ball_eject_attempt'====== Args={'balls': 1, 'target': <ball_device.bd_plunger>, 'source': <ball_device.bd_trough>, 'mechanical_eject': True, 'num_attempts': 0}
2023-07-16 23:45:49,813 : INFO : ball_device.bd_plunger : State: waiting_for_ball
2023-07-16 23:45:49,814 : INFO : ball_device.bd_trough : State: ejecting
2023-07-16 23:45:49,814 : INFO : ball_device.bd_trough : Ejecting ball to <ball_device.bd_plunger>
2023-07-16 23:45:49,814 : INFO : EventManager : Event: ======'balldevice_bd_trough_ejecting_ball'====== Args={'balls': 1, 'target': <ball_device.bd_plunger>, 'source': <ball_device.bd_trough>, 'mechanical_eject': True, 'num_attempts': 0}
2023-07-16 23:45:49,814 : INFO : ball_device.bd_trough : Wait for ball to leave device
2023-07-16 23:45:49,835 : INFO : ball_device.bd_trough : State: ball_left
2023-07-16 23:45:49,835 : INFO : ball_device.bd_trough : Ball left
2023-07-16 23:45:49,835 : INFO : ball_device.bd_trough : Wait for confirm with timeout 3.0
2023-07-16 23:45:49,897 : INFO : coil.c_trough_eject : Enabling Driver for 1000ms (1.0 pulse_power)
2023-07-16 23:45:49,927 : INFO : SwitchController : <<<<<<< 's_trough_1' active >>>>>>>
2023-07-16 23:45:49,927 : INFO : EventManager : Event: ======'machine_var_audits_switches_s_trough_1'====== Args={'value': 13, 'prev_value': 12, 'change': 1}
2023-07-16 23:45:49,927 : INFO : SwitchController : <<<<<<< 's_trough_1' inactive >>>>>>>
2023-07-16 23:45:49,927 : INFO : ball_device.bd_trough : Received ball from <ball_device.bd_drain>
2023-07-16 23:45:49,927 : INFO : EventManager : Event: ======'balldevice_bd_trough_ball_enter'====== Args={'new_balls': 1, 'unclaimed_balls': 0, 'new_available_balls': 0, 'device': <ball_device.bd_trough>}
2023-07-16 23:45:49,929 : INFO : EventManager : Event: ======'ball_drain'====== Args={'device': <ball_device.bd_trough>, 'balls': 0}
2023-07-16 23:45:49,929 : INFO : EventManager : Event: ======'balldevice_bd_trough_ball_entered'====== Args={'new_balls': 0, 'device': <ball_device.bd_trough>}
2023-07-16 23:45:49,929 : INFO : EventManager : Event: ======'balldevice_bd_trough_ball_count_changed'====== Args={'balls': 4}
2023-07-16 23:45:49,929 : INFO : ball_device.bd_drain : Got eject confirm
2023-07-16 23:45:49,929 : INFO : ball_device.bd_drain : Eject successful
2023-07-16 23:45:49,929 : INFO : EventManager : Event: ======'balldevice_bd_drain_ball_eject_success'====== Args={'balls': 1, 'target': <ball_device.bd_trough>}
2023-07-16 23:45:49,929 : INFO : EventManager : Event: ======'balldevice_bd_drain_ball_count_changed'====== Args={'balls': 0}
2023-07-16 23:45:49,929 : INFO : ball_device.bd_drain : State: idle
2023-07-16 23:45:50,005 : INFO : SwitchController : <<<<<<< 's_plunger_detect' active >>>>>>>
2023-07-16 23:45:50,005 : INFO : EventManager : Event: ======'machine_var_audits_switches_s_plunger_detect'====== Args={'value': 18, 'prev_value': 17, 'change': 1}
2023-07-16 23:45:50,513 : INFO : ball_device.bd_plunger : Received ball from <ball_device.bd_trough>
2023-07-16 23:45:50,513 : INFO : EventManager : Event: ======'balldevice_bd_plunger_ball_enter'====== Args={'new_balls': 1, 'unclaimed_balls': 0, 'new_available_balls': 0, 'device': <ball_device.bd_plunger>}
2023-07-16 23:45:50,513 : INFO : EventManager : Event: ======'balldevice_bd_plunger_ball_entered'====== Args={'new_balls': 0, 'device': <ball_device.bd_plunger>}
2023-07-16 23:45:50,513 : INFO : EventManager : Event: ======'balldevice_bd_plunger_ball_count_changed'====== Args={'balls': 1}
2023-07-16 23:45:50,513 : INFO : ball_device.bd_trough : Got eject confirm
2023-07-16 23:45:50,513 : INFO : ball_device.bd_trough : Eject successful
2023-07-16 23:45:50,513 : INFO : EventManager : Event: ======'balldevice_bd_trough_ball_eject_success'====== Args={'balls': 1, 'target': <ball_device.bd_plunger>}
2023-07-16 23:45:50,513 : INFO : ball_device.bd_plunger : State: waiting_for_target_ready
2023-07-16 23:45:50,514 : INFO : EventManager : Event: ======'balldevice_bd_plunger_ball_eject_attempt'====== Args={'balls': 1, 'target': <playfield.playfield>, 'source': <ball_device.bd_plunger>, 'mechanical_eject': True, 'num_attempts': 0}
2023-07-16 23:45:50,514 : INFO : EventManager : Event: ======'balldevice_bd_trough_ball_count_changed'====== Args={'balls': 3}
2023-07-16 23:45:50,514 : INFO : ball_device.bd_trough : State: idle
2023-07-16 23:45:50,514 : INFO : ball_device.bd_plunger : State: ejecting
2023-07-16 23:45:50,514 : INFO : ball_device.bd_plunger : Ejecting ball to <playfield.playfield>
2023-07-16 23:45:50,514 : INFO : EventManager : Event: ======'balldevice_bd_plunger_ejecting_ball'====== Args={'balls': 1, 'target': <playfield.playfield>, 'source': <ball_device.bd_plunger>, 'mechanical_eject': True, 'num_attempts': 0}
2023-07-16 23:45:50,514 : INFO : ball_device.bd_plunger : Wait for ball to leave device
2023-07-16 23:45:50,901 : INFO : coil.c_trough_eject : Disabling Driver
2023-07-16 23:45:50,905 : WARNING : SwitchController : Received duplicate switch state 0 for switch s_drain_detect from the platform interface. Log Code: Log-SwitchController-1 (https://docs.missionpinball.org/en/0.56/logs/Log-SwitchController-1.html)
2023-07-16 23:45:51,234 : INFO : SwitchController : <<<<<<< 's_flipper_right' active >>>>>>>
2023-07-16 23:45:51,234 : INFO : EventManager : Event: ======'s_flipper_right_active'====== Args={}
2023-07-16 23:45:51,234 : INFO : EventManager : Event: ======'machine_var_audits_switches_s_flipper_right'====== Args={'value': 19, 'prev_value': 18, 'change': 1}
2023-07-16 23:45:51,306 : INFO : coil.c_plunger : Pulsing Driver for 20ms (1.0 pulse_power)
2023-07-16 23:45:51,306 : INFO : SwitchController : <<<<<<< 's_plunger_detect' inactive >>>>>>>
2023-07-16 23:45:51,308 : INFO : ball_device.bd_plunger : State: ball_left
2023-07-16 23:45:51,309 : INFO : ball_device.bd_plunger : Ball left
2023-07-16 23:45:51,309 : INFO : ball_device.bd_plunger : Wait for confirm with timeout 10.0
2023-07-16 23:45:51,359 : INFO : SwitchController : <<<<<<< 's_flipper_right' inactive >>>>>>>
2023-07-16 23:45:51,847 : INFO : SwitchController : <<<<<<< 's_plunger_exit' active >>>>>>>
2023-07-16 23:45:51,847 : INFO : EventManager : Event: ======'sw_playfield_active'====== Args={}
2023-07-16 23:45:51,848 : INFO : EventManager : Event: ======'machine_var_audits_switches_s_plunger_exit'====== Args={'value': 10, 'prev_value': 9, 'change': 1}
2023-07-16 23:45:51,848 : INFO : EventManager : Event: ======'playfield_active'====== Args={}
2023-07-16 23:45:51,851 : INFO : ball_device.bd_plunger : Got eject confirm
2023-07-16 23:45:51,851 : INFO : ball_device.bd_plunger : Eject successful
2023-07-16 23:45:51,851 : INFO : EventManager : Event: ======'balldevice_bd_plunger_ball_eject_success'====== Args={'balls': 1, 'target': <playfield.playfield>}
2023-07-16 23:45:51,851 : INFO : EventManager : Event: ======'balldevice_playfield_ball_enter'====== Args={'new_balls': 1, 'unclaimed_balls': 1, 'device': <playfield.playfield>}
2023-07-16 23:45:51,851 : INFO : EventManager : Event: ======'playfield_ball_count_change'====== Args={'balls': 1, 'change': 1}
2023-07-16 23:45:51,851 : INFO : EventManager : Event: ======'balldevice_bd_plunger_ball_count_changed'====== Args={'balls': 0}
2023-07-16 23:45:51,851 : INFO : ball_device.bd_plunger : State: idle
2023-07-16 23:45:51,986 : INFO : SwitchController : <<<<<<< 's_plunger_exit' inactive >>>>>>>
2023-07-16 23:45:52,502 : INFO : SwitchController : <<<<<<< 's_drain_detect' active >>>>>>>
2023-07-16 23:45:52,502 : INFO : EventManager : Event: ======'machine_var_audits_switches_s_drain_detect'====== Args={'value': 20, 'prev_value': 19, 'change': 1}
2023-07-16 23:45:53,002 : INFO : EventManager : Event: ======'balldevice_bd_drain_ball_count_changed'====== Args={'balls': 1}
2023-07-16 23:45:53,002 : INFO : ball_device.bd_drain : Received unexpected ball
2023-07-16 23:45:53,002 : INFO : EventManager : Event: ======'balldevice_captured_from_playfield'====== Args={'balls': 1}
2023-07-16 23:45:53,002 : INFO : EventManager : Event: ======'sw_playfield_active'====== Args={'balls': 1}
2023-07-16 23:45:53,002 : INFO : EventManager : Event: ======'playfield_ball_count_change'====== Args={'balls': 0, 'change': -1}
2023-07-16 23:45:53,002 : INFO : EventManager : Event: ======'balldevice_bd_drain_ball_enter'====== Args={'new_balls': 1, 'unclaimed_balls': 1, 'new_available_balls': 1, 'device': <ball_device.bd_drain>}
2023-07-16 23:45:53,002 : INFO : EventManager : Event: ======'ball_drain'====== Args={'device': <ball_device.bd_drain>, 'balls': 1}
2023-07-16 23:45:53,002 : INFO : EventManager : Event: ======'ball_will_end'====== Args={}
2023-07-16 23:45:53,003 : INFO : EventManager : Event: ======'balldevice_balls_available'====== Args={}
2023-07-16 23:45:53,003 : INFO : EventManager : Event: ======'balldevice_balls_available'====== Args={}
2023-07-16 23:45:53,003 : INFO : EventManager : Event: ======'balldevice_bd_drain_ball_entered'====== Args={'new_balls': 1, 'device': <ball_device.bd_drain>}
2023-07-16 23:45:53,003 : INFO : EventManager : Event: ======'ball_ending'====== Args={}
2023-07-16 23:45:53,003 : INFO : EventManager : Event: ======'ball_ended'====== Args={}
2023-07-16 23:45:53,004 : INFO : EventManager : Event: ======'player_turn_will_end'====== Args={'player': <Player 1>, 'number': 1}
2023-07-16 23:45:53,004 : INFO : ball_device.bd_drain : State: waiting_for_target_ready
2023-07-16 23:45:53,004 : INFO : EventManager : Event: ======'balldevice_bd_drain_ball_eject_attempt'====== Args={'balls': 1, 'target': <ball_device.bd_trough>, 'source': <ball_device.bd_drain>, 'mechanical_eject': False, 'num_attempts': 0}
2023-07-16 23:45:53,005 : INFO : ball_device.bd_drain : State: ejecting
2023-07-16 23:45:53,005 : INFO : ball_device.bd_drain : Ejecting ball to <ball_device.bd_trough>
2023-07-16 23:45:53,005 : INFO : EventManager : Event: ======'balldevice_bd_drain_ejecting_ball'====== Args={'balls': 1, 'target': <ball_device.bd_trough>, 'source': <ball_device.bd_drain>, 'mechanical_eject': False, 'num_attempts': 0}
2023-07-16 23:45:53,005 : INFO : EventManager : Event: ======'player_turn_ending'====== Args={'player': <Player 1>, 'number': 1}
2023-07-16 23:45:53,005 : INFO : EventManager : Event: ======'player_turn_ended'====== Args={'player': <Player 1>, 'number': 1}
2023-07-16 23:45:53,006 : INFO : EventManager : Event: ======'game_will_end'====== Args={}
2023-07-16 23:45:53,006 : INFO : ball_device.bd_drain : Wait for ball to leave device
2023-07-16 23:45:53,006 : INFO : coil.c_drain_kicker : Pulsing Driver for 20ms (1.0 pulse_power)
2023-07-16 23:45:53,006 : INFO : SwitchController : <<<<<<< 's_drain_detect' inactive >>>>>>>
2023-07-16 23:45:53,009 : INFO : EventManager : Event: ======'game_ending'====== Args={}
2023-07-16 23:45:53,009 : INFO : EventManager : Event: ======'game_ended'====== Args={}
2023-07-16 23:45:53,009 : INFO : EventManager : Event: ======'mode_game_will_stop'====== Args={}
2023-07-16 23:45:53,009 : INFO : EventManager : Event: ======'mode_game_stopping'====== Args={}
2023-07-16 23:45:53,009 : INFO : EventManager : Event: ======'mode_attract_will_start'====== Args={}
2023-07-16 23:45:53,010 : INFO : EventManager : Event: ======'mode_attract_starting'====== Args={}
2023-07-16 23:45:53,010 : INFO : Mode.attract : Started. Priority: 10
2023-07-16 23:45:53,010 : INFO : EventManager : Event: ======'modes_active_modes_changed'====== Args={}
2023-07-16 23:45:53,010 : INFO : EventManager : Event: ======'mode_attract_started'====== Args={}
2023-07-16 23:45:53,010 : INFO : EventManager : Event: ======'collecting_balls_complete'====== Args={}
2023-07-16 23:45:53,010 : INFO : ball_device.bd_drain : State: ball_left
2023-07-16 23:45:53,010 : INFO : ball_device.bd_drain : Ball left
2023-07-16 23:45:53,010 : INFO : ball_device.bd_drain : Wait for confirm with timeout 10.0
2023-07-16 23:45:53,010 : INFO : Mode.game : Stopped.
2023-07-16 23:45:53,010 : INFO : EventManager : Event: ======'modes_active_modes_changed'====== Args={}
2023-07-16 23:45:53,011 : INFO : EventManager : Event: ======'mode_game_stopped'====== Args={}
2023-07-16 23:45:53,011 : INFO : EventManager : Event: ======'clear'====== Args={'key': 'game'}
2023-07-16 23:45:53,110 : INFO : SwitchController : <<<<<<< 's_trough_1' active >>>>>>>
2023-07-16 23:45:53,628 : INFO : EventManager : Event: ======'balldevice_bd_trough_ball_count_changed'====== Args={'balls': 4}
2023-07-16 23:45:53,628 : INFO : ball_device.bd_trough : Received ball from <ball_device.bd_drain>
2023-07-16 23:45:53,628 : INFO : EventManager : Event: ======'balldevice_bd_trough_ball_enter'====== Args={'new_balls': 1, 'unclaimed_balls': 0, 'new_available_balls': 0, 'device': <ball_device.bd_trough>}
2023-07-16 23:45:53,628 : INFO : EventManager : Event: ======'ball_drain'====== Args={'device': <ball_device.bd_trough>, 'balls': 0}
2023-07-16 23:45:53,628 : INFO : EventManager : Event: ======'balldevice_bd_trough_ball_entered'====== Args={'new_balls': 0, 'device': <ball_device.bd_trough>}
2023-07-16 23:45:53,628 : INFO : ball_device.bd_drain : Got eject confirm
2023-07-16 23:45:53,628 : INFO : ball_device.bd_drain : Eject successful
2023-07-16 23:45:53,628 : INFO : EventManager : Event: ======'balldevice_bd_drain_ball_eject_success'====== Args={'balls': 1, 'target': <ball_device.bd_trough>}
2023-07-16 23:45:53,629 : INFO : EventManager : Event: ======'balldevice_bd_drain_ball_count_changed'====== Args={'balls': 0}
2023-07-16 23:45:53,629 : INFO : ball_device.bd_drain : State: idle
2023-07-16 23:45:54,116 : WARNING : SwitchController : Received duplicate switch state 0 for switch s_drain_detect from the platform interface. Log Code: Log-SwitchController-1 (https://docs.missionpinball.org/en/0.56/logs/Log-SwitchController-1.html)
2023-07-16 23:45:58,642 : INFO : Machine : Shutting down...
2023-07-16 23:45:58,643 : INFO : EventManager : Event: ======'shutdown'====== Args={}
2023-07-16 23:45:58,645 : INFO : root : MPF run loop ended.
