2023-07-12 22:21:41,977 : INFO : root : Loading config.
2023-07-12 22:21:41,980 : INFO : YamlMultifileConfigLoader : Machine config file #1: config.yaml
2023-07-12 22:21:41,980 : INFO : ConfigProcessor : Loading config from cache: C:\Users\warzz\AppData\Local\Temp\c7ddc35c564c409ccec16ce42249e5f8.mpf_cache
2023-07-12 22:21:41,986 : WARNING : ConfigProcessor : Config file in cache changed: d:\MPF\springbreak\config\devices.yaml
2023-07-12 22:21:41,986 : INFO : ConfigProcessor : Loading config from file C:\Users\warzz\AppData\Local\Programs\Python\Python39\lib\site-packages\mpf\mpfconfig.yaml.
2023-07-12 22:21:42,040 : INFO : ConfigProcessor : Loading config: C:\Users\warzz\AppData\Local\Programs\Python\Python39\lib\site-packages\mpf\mpfconfig.yaml
2023-07-12 22:21:42,041 : INFO : ConfigProcessor : Loading config from file d:\MPF\springbreak\config\config.yaml.
2023-07-12 22:21:42,043 : INFO : ConfigProcessor : Loading config: d:\MPF\springbreak\config\config.yaml
2023-07-12 22:21:42,049 : INFO : ConfigProcessor : Loading config: d:\MPF\springbreak\config\coils.yaml
2023-07-12 22:21:42,053 : INFO : ConfigProcessor : Loading config: d:\MPF\springbreak\config\switches.yaml
2023-07-12 22:21:42,061 : INFO : ConfigProcessor : Loading config: d:\MPF\springbreak\config\devices.yaml
2023-07-12 22:21:42,063 : INFO : ConfigProcessor : Loading config: d:\MPF\springbreak\config\displays.yaml
2023-07-12 22:21:42,065 : INFO : ConfigProcessor : Loading config: d:\MPF\springbreak\config\keyboard.yaml
2023-07-12 22:21:42,067 : INFO : ConfigProcessor : Config file cache created: C:\Users\warzz\AppData\Local\Temp\c7ddc35c564c409ccec16ce42249e5f8.mpf_cache
2023-07-12 22:21:42,130 : INFO : ConfigProcessor : Loading config from cache: C:\Users\warzz\AppData\Local\Temp\b77c3901e90ec7d7cc601651512a0021.mpf_cache
2023-07-12 22:21:42,131 : INFO : ConfigProcessor : Loading config from cache: C:\Users\warzz\AppData\Local\Temp\a5b2fce8b210d64acc95275c2c9a2339.mpf_cache
2023-07-12 22:21:42,131 : INFO : Machine : Mission Pinball Framework Core Engine v0.56.0
2023-07-12 22:21:42,131 : INFO : Machine : Command line arguments: {'no_load_cache': False, 'create_config_cache': True, 'bcp': True, 'configfile': ['config.yaml'], 'force_assets_load': False, 'jsonlogging': False, 'logfile': 'logs\\2023-07-12-22-21-41-mpf-DESKTOP-VQ7DOMB.log', 'pause': False, 'production': False, 'text_ui': True, 'loglevel': 15, 'consoleloglevel': 20, 'force_platform': 'smart_virtual', 'syslog_address': None, 'mc_file_name': None, 'no_sound': False}
2023-07-12 22:21:42,131 : INFO : Machine : MPF path: C:\Users\warzz\AppData\Local\Programs\Python\Python39\lib\site-packages\mpf
2023-07-12 22:21:42,131 : INFO : Machine : Machine path: d:\MPF\springbreak
2023-07-12 22:21:42,131 : INFO : Machine : Platform: win32
2023-07-12 22:21:42,131 : INFO : Machine : Python executable location: C:\Users\warzz\AppData\Local\Programs\Python\Python39\python.exe
2023-07-12 22:21:42,132 : INFO : Machine : Python version: 3.9.13 (64-bit)
2023-07-12 22:21:42,133 : INFO : Machine : Initialise MPF.
2023-07-12 22:21:42,284 : INFO : EventManager : Event: ======'machine_var_credits_string'====== Args={'value': 'FREE PLAY', 'prev_value': None, 'change': True}
2023-07-12 22:21:42,325 : INFO : EventManager : Event: ======'machine_var_master_volume'====== Args={'value': 0.5, 'prev_value': None, 'change': True}
2023-07-12 22:21:42,325 : INFO : EventManager : Event: ======'machine_var_player1_score'====== Args={'value': 0, 'prev_value': None, 'change': True}
2023-07-12 22:21:42,325 : INFO : EventManager : Event: ======'machine_var_mpf_version'====== Args={'value': 'MPF v0.56.0', 'prev_value': None, 'change': True}
2023-07-12 22:21:42,325 : INFO : EventManager : Event: ======'machine_var_mpf_extended_version'====== Args={'value': 'MPF v0.56.0, Config version:5, Show version: 5, BCP version:1.1', 'prev_value': None, 'change': True}
2023-07-12 22:21:42,325 : INFO : EventManager : Event: ======'machine_var_python_version'====== Args={'value': '3.9.13', 'prev_value': None, 'change': True}
2023-07-12 22:21:42,333 : INFO : EventManager : Event: ======'machine_var_platform'====== Args={'value': 'Windows-10-10.0.19045-SP0', 'prev_value': None, 'change': True}
2023-07-12 22:21:42,334 : INFO : EventManager : Event: ======'machine_var_platform_system'====== Args={'value': 'Windows', 'prev_value': None, 'change': True}
2023-07-12 22:21:42,334 : INFO : EventManager : Event: ======'machine_var_platform_release'====== Args={'value': '10', 'prev_value': None, 'change': True}
2023-07-12 22:21:42,334 : INFO : EventManager : Event: ======'machine_var_platform_version'====== Args={'value': '10.0.19045', 'prev_value': None, 'change': True}
2023-07-12 22:21:42,334 : INFO : EventManager : Event: ======'machine_var_platform_machine'====== Args={'value': 'AMD64', 'prev_value': None, 'change': True}
2023-07-12 22:21:42,334 : INFO : EventManager : Event: ======'init_phase_1'====== Args={}
2023-07-12 22:21:42,345 : INFO : EventManager : Event: ======'init_phase_2'====== Args={}
2023-07-12 22:21:42,345 : INFO : SwitchController : Found active switch: ('0-0-27', <Platform.SmartVirtual>) <switch.s_drain_detect>
2023-07-12 22:21:42,345 : INFO : SwitchController : Found active switch: ('0-0-26', <Platform.SmartVirtual>) <switch.s_trough_1>
2023-07-12 22:21:42,346 : INFO : EventManager : Event: ======'bcp_connection_attempt'====== Args={'name': 'local_display', 'host': 'localhost', 'port': 5050}
2023-07-12 22:21:42,348 : INFO : BCPClientSocket : Connecting BCP to 'local_display' at localhost:5050...
2023-07-12 22:21:44,374 : INFO : BCPClientSocket : Connected BCP to 'local_display' localhost:5050
2023-07-12 22:21:44,374 : INFO : EventManager : Event: ======'bcp_clients_connected'====== Args={}
2023-07-12 22:21:44,381 : INFO : ball_device.bd_drain : BCH: Initial count: 1
2023-07-12 22:21:44,381 : INFO : ball_device.bd_drain : State: idle
2023-07-12 22:21:44,381 : INFO : ball_device.bd_trough : BCH: Initial count: 3
2023-07-12 22:21:44,381 : INFO : ball_device.bd_trough : State: idle
2023-07-12 22:21:44,381 : INFO : ball_device.bd_plunger : BCH: Initial count: 0
2023-07-12 22:21:44,382 : INFO : ball_device.bd_plunger : State: idle
2023-07-12 22:21:44,389 : INFO : EventManager : Event: ======'init_phase_3'====== Args={}
2023-07-12 22:21:44,391 : INFO : EventManager : Event: ======'machine_var_mc_version'====== Args={'value': 'MPF-MC v0.56.1', 'prev_value': None, 'change': True}
2023-07-12 22:21:44,391 : INFO : EventManager : Event: ======'machine_var_mc_extended_version'====== Args={'value': 'MPF-MC v0.56.1 (config_version=5, BCP v1.1,                      Requires MPF API compatibility v0.56.0 or newer)', 'prev_value': None, 'change': True}
2023-07-12 22:21:44,393 : INFO : EventManager : Event: ======'init_phase_4'====== Args={}
2023-07-12 22:21:44,402 : INFO : BallController : Initial balls found: 4
2023-07-12 22:21:44,403 : INFO : EventManager : Event: ======'machine_var_audits_events_game_ended'====== Args={'value': 1, 'prev_value': None, 'change': True}
2023-07-12 22:21:44,404 : INFO : EventManager : Event: ======'machine_var_audits_events_game_started'====== Args={'value': 4, 'prev_value': None, 'change': True}
2023-07-12 22:21:44,404 : INFO : EventManager : Event: ======'machine_var_audits_player_score'====== Args={'value': {'average': 0.0, 'top': [0], 'total': 1}, 'prev_value': None, 'change': True}
2023-07-12 22:21:44,404 : INFO : EventManager : Event: ======'machine_var_audits_switches_s_drain_detect'====== Args={'value': 5, 'prev_value': None, 'change': True}
2023-07-12 22:21:44,404 : INFO : EventManager : Event: ======'machine_var_audits_switches_s_flipper_left'====== Args={'value': 3, 'prev_value': None, 'change': True}
2023-07-12 22:21:44,404 : INFO : EventManager : Event: ======'machine_var_audits_switches_s_flipper_right'====== Args={'value': 8, 'prev_value': None, 'change': True}
2023-07-12 22:21:44,405 : INFO : EventManager : Event: ======'machine_var_audits_switches_s_plunger_detect'====== Args={'value': 5, 'prev_value': None, 'change': True}
2023-07-12 22:21:44,405 : INFO : EventManager : Event: ======'machine_var_audits_switches_s_plunger_exit'====== Args={'value': 2, 'prev_value': None, 'change': True}
2023-07-12 22:21:44,405 : INFO : EventManager : Event: ======'machine_var_audits_switches_s_popbumper_1'====== Args={'value': 0, 'prev_value': None, 'change': True}
2023-07-12 22:21:44,405 : INFO : EventManager : Event: ======'machine_var_audits_switches_s_popbumper_2'====== Args={'value': 0, 'prev_value': None, 'change': True}
2023-07-12 22:21:44,405 : INFO : EventManager : Event: ======'machine_var_audits_switches_s_popbumper_3'====== Args={'value': 0, 'prev_value': None, 'change': True}
2023-07-12 22:21:44,405 : INFO : EventManager : Event: ======'machine_var_audits_switches_s_slingshot'====== Args={'value': 0, 'prev_value': None, 'change': True}
2023-07-12 22:21:44,405 : INFO : EventManager : Event: ======'machine_var_audits_switches_s_start_button'====== Args={'value': 0, 'prev_value': None, 'change': True}
2023-07-12 22:21:44,406 : INFO : EventManager : Event: ======'machine_var_audits_switches_s_trough_1'====== Args={'value': 4, 'prev_value': None, 'change': True}
2023-07-12 22:21:44,406 : INFO : EventManager : Event: ======'machine_var_audits_switches_s_trough_2'====== Args={'value': 0, 'prev_value': None, 'change': True}
2023-07-12 22:21:44,406 : INFO : EventManager : Event: ======'init_phase_5'====== Args={}
2023-07-12 22:21:44,416 : INFO : EventManager : Event: ======'init_done'====== Args={}
2023-07-12 22:21:44,417 : INFO : EventManager : Event: ======'machine_reset_phase_1'====== Args={}
2023-07-12 22:21:44,419 : INFO : EventManager : Event: ======'slide_welcome_slide_removed'====== Args={'_from_bcp': True}
2023-07-12 22:21:44,421 : INFO : EventManager : Event: ======'slide_welcome_slide_created'====== Args={'_from_bcp': True}
2023-07-12 22:21:44,421 : INFO : EventManager : Event: ======'machine_reset_phase_2'====== Args={}
2023-07-12 22:21:44,422 : INFO : EventManager : Event: ======'machine_reset_phase_3'====== Args={}
2023-07-12 22:21:44,422 : INFO : EventManager : Event: ======'reset_complete'====== Args={}
2023-07-12 22:21:44,422 : INFO : EventManager : Event: ======'slide_welcome_slide_active'====== Args={'_from_bcp': True}
2023-07-12 22:21:44,422 : INFO : EventManager : Event: ======'mode_attract_will_start'====== Args={}
2023-07-12 22:21:44,423 : INFO : EventManager : Event: ======'mode_attract_starting'====== Args={}
2023-07-12 22:21:44,423 : INFO : Mode.attract : Started. Priority: 10
2023-07-12 22:21:44,423 : INFO : EventManager : Event: ======'modes_active_modes_changed'====== Args={}
2023-07-12 22:21:44,423 : INFO : EventManager : Event: ======'mode_attract_started'====== Args={}
2023-07-12 22:21:44,423 : INFO : EventManager : Event: ======'collecting_balls_complete'====== Args={}
2023-07-12 22:21:44,440 : INFO : Machine : Starting the main run loop.
2023-07-12 22:21:49,308 : INFO : SwitchController : <<<<<<< 's_start_button' active >>>>>>>
2023-07-12 22:21:49,407 : INFO : SwitchController : <<<<<<< 's_start_button' inactive >>>>>>>
2023-07-12 22:21:49,407 : INFO : EventManager : Event: ======'request_to_start_game'====== Args={}
2023-07-12 22:21:49,407 : INFO : EventManager : Event: ======'game_start'====== Args={'buttons': [], 'hold_time': 0.10899999999674037}
2023-07-12 22:21:49,407 : INFO : EventManager : Event: ======'mode_game_will_start'====== Args={'buttons': [], 'hold_time': 0.10899999999674037}
2023-07-12 22:21:49,408 : INFO : EventManager : Event: ======'mode_game_starting'====== Args={'buttons': [], 'hold_time': 0.10899999999674037}
2023-07-12 22:21:49,408 : INFO : EventManager : Event: ======'mode_attract_will_stop'====== Args={}
2023-07-12 22:21:49,408 : INFO : EventManager : Event: ======'mode_attract_stopping'====== Args={}
2023-07-12 22:21:49,408 : INFO : Mode.attract : Stopped.
2023-07-12 22:21:49,408 : INFO : EventManager : Event: ======'modes_active_modes_changed'====== Args={}
2023-07-12 22:21:49,408 : INFO : EventManager : Event: ======'mode_attract_stopped'====== Args={}
2023-07-12 22:21:49,408 : INFO : EventManager : Event: ======'clear'====== Args={'key': 'attract'}
2023-07-12 22:21:49,408 : INFO : Mode.game : Started. Priority: 20
2023-07-12 22:21:49,408 : INFO : EventManager : Event: ======'modes_active_modes_changed'====== Args={}
2023-07-12 22:21:49,408 : INFO : EventManager : Event: ======'mode_game_started'====== Args={'buttons': [], 'hold_time': 0.10899999999674037}
2023-07-12 22:21:49,412 : INFO : EventManager : Event: ======'game_will_start'====== Args={}
2023-07-12 22:21:49,412 : INFO : EventManager : Event: ======'game_starting'====== Args={'game': <Mode.game>}
2023-07-12 22:21:49,412 : INFO : EventManager : Event: ======'player_add_request'====== Args={}
2023-07-12 22:21:49,412 : INFO : EventManager : Event: ======'player_will_add'====== Args={'number': 1}
2023-07-12 22:21:49,412 : INFO : EventManager : Event: ======'player_adding'====== Args={'player': <Player 1>, 'number': 1}
2023-07-12 22:21:49,412 : INFO : EventManager : Event: ======'player_added'====== Args={'player': <Player 1>, 'num': 1}
2023-07-12 22:21:49,412 : INFO : Mode.game : Player added successfully. Total players: 1
2023-07-12 22:21:49,412 : INFO : EventManager : Event: ======'player_index'====== Args={'value': 0, 'prev_value': 0, 'change': 0, 'player_num': 1}
2023-07-12 22:21:49,412 : INFO : EventManager : Event: ======'player_number'====== Args={'value': 1, 'prev_value': 1, 'change': 0, 'player_num': 1}
2023-07-12 22:21:49,413 : INFO : EventManager : Event: ======'player_score'====== Args={'value': 0, 'prev_value': 0, 'change': 0, 'player_num': 1}
2023-07-12 22:21:49,413 : INFO : EventManager : Event: ======'game_started'====== Args={}
2023-07-12 22:21:49,417 : INFO : EventManager : Event: ======'player_turn_will_start'====== Args={'player': <Player 1>, 'number': 1}
2023-07-12 22:21:49,417 : INFO : EventManager : Event: ======'player_turn_starting'====== Args={'player': <Player 1>, 'number': 1}
2023-07-12 22:21:49,417 : INFO : EventManager : Event: ======'player_ball'====== Args={'value': 1, 'prev_value': 0, 'change': 1, 'player_num': 1}
2023-07-12 22:21:49,420 : INFO : EventManager : Event: ======'player_turn_started'====== Args={'player': <Player 1>, 'number': 1}
2023-07-12 22:21:49,420 : INFO : EventManager : Event: ======'ball_will_start'====== Args={'player': 1, 'ball': 1, 'balls_remaining': 2, 'is_extra_ball': False}
2023-07-12 22:21:49,422 : INFO : EventManager : Event: ======'ball_starting'====== Args={'player': 1, 'ball': 1, 'balls_remaining': 2, 'is_extra_ball': False}
2023-07-12 22:21:49,422 : INFO : EventManager : Event: ======'balls_in_play'====== Args={'balls': 1}
2023-07-12 22:21:49,422 : INFO : EventManager : Event: ======'ball_started'====== Args={'player': 1, 'ball': 1, 'balls_remaining': 2, 'is_extra_ball': False}
2023-07-12 22:21:49,423 : INFO : EventManager : Event: ======'single_player_ball_started'====== Args={}
2023-07-12 22:21:49,423 : INFO : EventManager : Event: ======'ball_start_target'====== Args={'target': 'playfield'}
2023-07-12 22:21:49,423 : INFO : ball_device.bd_plunger : Setting up player-controlled eject. Balls: 1, Target: <playfield.playfield>, player_controlled_eject_event: s_flipper_right_active
2023-07-12 22:21:49,423 : INFO : EventManager : Event: ======'balldevice_balls_available'====== Args={}
2023-07-12 22:21:49,423 : INFO : ball_device.bd_trough : State: waiting_for_target_ready
2023-07-12 22:21:49,423 : INFO : EventManager : Event: ======'balldevice_bd_trough_ball_eject_attempt'====== Args={'balls': 1, 'target': <ball_device.bd_plunger>, 'source': <ball_device.bd_trough>, 'mechanical_eject': True, 'num_attempts': 0}
2023-07-12 22:21:49,423 : INFO : ball_device.bd_plunger : State: waiting_for_ball
2023-07-12 22:21:49,423 : INFO : ball_device.bd_trough : State: ejecting
2023-07-12 22:21:49,423 : INFO : ball_device.bd_trough : Ejecting ball to <ball_device.bd_plunger>
2023-07-12 22:21:49,424 : INFO : EventManager : Event: ======'balldevice_bd_trough_ejecting_ball'====== Args={'balls': 1, 'target': <ball_device.bd_plunger>, 'source': <ball_device.bd_trough>, 'mechanical_eject': True, 'num_attempts': 0}
2023-07-12 22:21:49,424 : INFO : ball_device.bd_trough : Wait for ball to leave device
2023-07-12 22:21:49,424 : INFO : coil.c_trough_eject : Enabling Driver for 1000ms (1.0 pulse_power)
2023-07-12 22:21:49,424 : INFO : SwitchController : <<<<<<< 's_trough_1' inactive >>>>>>>
2023-07-12 22:21:49,450 : INFO : ball_device.bd_trough : State: ball_left
2023-07-12 22:21:49,450 : INFO : ball_device.bd_trough : Ball left
2023-07-12 22:21:49,450 : INFO : ball_device.bd_trough : Wait for confirm with timeout 3.0
2023-07-12 22:21:49,541 : INFO : SwitchController : <<<<<<< 's_plunger_detect' active >>>>>>>
2023-07-12 22:21:49,541 : INFO : EventManager : Event: ======'machine_var_audits_switches_s_plunger_detect'====== Args={'value': 6, 'prev_value': 5, 'change': 1}
2023-07-12 22:21:50,039 : INFO : ball_device.bd_plunger : Received ball from <ball_device.bd_trough>
2023-07-12 22:21:50,039 : INFO : EventManager : Event: ======'balldevice_bd_plunger_ball_enter'====== Args={'new_balls': 1, 'unclaimed_balls': 0, 'new_available_balls': 0, 'device': <ball_device.bd_plunger>}
2023-07-12 22:21:50,039 : INFO : EventManager : Event: ======'balldevice_bd_plunger_ball_entered'====== Args={'new_balls': 0, 'device': <ball_device.bd_plunger>}
2023-07-12 22:21:50,039 : INFO : EventManager : Event: ======'balldevice_bd_plunger_ball_count_changed'====== Args={'balls': 1}
2023-07-12 22:21:50,039 : INFO : ball_device.bd_trough : Got eject confirm
2023-07-12 22:21:50,039 : INFO : ball_device.bd_trough : Eject successful
2023-07-12 22:21:50,039 : INFO : EventManager : Event: ======'balldevice_bd_trough_ball_eject_success'====== Args={'balls': 1, 'target': <ball_device.bd_plunger>}
2023-07-12 22:21:50,039 : INFO : ball_device.bd_plunger : State: waiting_for_target_ready
2023-07-12 22:21:50,040 : INFO : EventManager : Event: ======'balldevice_bd_plunger_ball_eject_attempt'====== Args={'balls': 1, 'target': <playfield.playfield>, 'source': <ball_device.bd_plunger>, 'mechanical_eject': True, 'num_attempts': 0}
2023-07-12 22:21:50,040 : INFO : EventManager : Event: ======'balldevice_bd_trough_ball_count_changed'====== Args={'balls': 2}
2023-07-12 22:21:50,040 : INFO : ball_device.bd_trough : State: idle
2023-07-12 22:21:50,040 : INFO : ball_device.bd_plunger : State: ejecting
2023-07-12 22:21:50,040 : INFO : ball_device.bd_plunger : Ejecting ball to <playfield.playfield>
2023-07-12 22:21:50,040 : INFO : EventManager : Event: ======'balldevice_bd_plunger_ejecting_ball'====== Args={'balls': 1, 'target': <playfield.playfield>, 'source': <ball_device.bd_plunger>, 'mechanical_eject': True, 'num_attempts': 0}
2023-07-12 22:21:50,040 : INFO : ball_device.bd_plunger : Wait for ball to leave device
2023-07-12 22:21:50,429 : INFO : coil.c_trough_eject : Disabling Driver
2023-07-12 22:21:55,360 : INFO : SwitchController : <<<<<<< 's_flipper_right' active >>>>>>>
2023-07-12 22:21:55,360 : INFO : EventManager : Event: ======'s_flipper_right_active'====== Args={}
2023-07-12 22:21:55,361 : INFO : EventManager : Event: ======'machine_var_audits_switches_s_flipper_right'====== Args={'value': 9, 'prev_value': 8, 'change': 1}
2023-07-12 22:21:55,425 : INFO : coil.c_plunger : Pulsing Driver for 20ms (1.0 pulse_power)
2023-07-12 22:21:55,425 : INFO : SwitchController : <<<<<<< 's_plunger_detect' inactive >>>>>>>
2023-07-12 22:21:55,427 : INFO : ball_device.bd_plunger : State: ball_left
2023-07-12 22:21:55,428 : INFO : ball_device.bd_plunger : Ball left
2023-07-12 22:21:55,428 : INFO : ball_device.bd_plunger : Wait for confirm with timeout 10.0
2023-07-12 22:21:55,485 : INFO : SwitchController : <<<<<<< 's_flipper_right' inactive >>>>>>>
2023-07-12 22:22:05,439 : INFO : ball_device.bd_plunger : State: failed_confirm
2023-07-12 22:22:05,439 : INFO : ball_device.bd_plunger : Got timeout (10.0s) before confirm from <playfield.playfield>
2023-07-12 22:22:05,547 : INFO : ball_device.bd_plunger : Confirming eject because target is playfield and ball did not return.
2023-07-12 22:22:05,547 : INFO : ball_device.bd_plunger : Eject successful
2023-07-12 22:22:05,547 : INFO : EventManager : Event: ======'balldevice_bd_plunger_ball_eject_success'====== Args={'balls': 1, 'target': <playfield.playfield>}
2023-07-12 22:22:05,547 : INFO : EventManager : Event: ======'balldevice_playfield_ball_enter'====== Args={'new_balls': 1, 'unclaimed_balls': 1, 'device': <playfield.playfield>}
2023-07-12 22:22:05,547 : INFO : EventManager : Event: ======'playfield_ball_count_change'====== Args={'balls': 1, 'change': 1}
2023-07-12 22:22:05,547 : INFO : EventManager : Event: ======'balldevice_bd_plunger_ball_count_changed'====== Args={'balls': 0}
2023-07-12 22:22:05,547 : INFO : ball_device.bd_plunger : State: idle
2023-07-12 22:22:11,331 : INFO : SwitchController : <<<<<<< 's_trough_1' active >>>>>>>
2023-07-12 22:22:11,331 : INFO : EventManager : Event: ======'machine_var_audits_switches_s_trough_1'====== Args={'value': 5, 'prev_value': 4, 'change': 1}
2023-07-12 22:22:11,844 : INFO : EventManager : Event: ======'balldevice_bd_trough_ball_count_changed'====== Args={'balls': 3}
2023-07-12 22:22:11,844 : INFO : ball_device.bd_trough : Received unexpected ball
2023-07-12 22:22:11,844 : INFO : EventManager : Event: ======'balldevice_captured_from_playfield'====== Args={'balls': 1}
2023-07-12 22:22:11,844 : INFO : EventManager : Event: ======'sw_playfield_active'====== Args={'balls': 1}
2023-07-12 22:22:11,844 : INFO : EventManager : Event: ======'playfield_ball_count_change'====== Args={'balls': 0, 'change': -1}
2023-07-12 22:22:11,844 : INFO : EventManager : Event: ======'balldevice_bd_trough_ball_enter'====== Args={'new_balls': 1, 'unclaimed_balls': 1, 'new_available_balls': 1, 'device': <ball_device.bd_trough>}
2023-07-12 22:22:11,844 : INFO : EventManager : Event: ======'ball_drain'====== Args={'device': <ball_device.bd_trough>, 'balls': 1}
2023-07-12 22:22:11,844 : INFO : EventManager : Event: ======'ball_will_end'====== Args={}
2023-07-12 22:22:11,844 : INFO : EventManager : Event: ======'balldevice_balls_available'====== Args={}
2023-07-12 22:22:11,845 : INFO : EventManager : Event: ======'balldevice_bd_trough_ball_entered'====== Args={'new_balls': 1, 'device': <ball_device.bd_trough>}
2023-07-12 22:22:11,845 : INFO : EventManager : Event: ======'ball_ending'====== Args={}
2023-07-12 22:22:11,845 : INFO : EventManager : Event: ======'ball_ended'====== Args={}
2023-07-12 22:22:11,845 : INFO : EventManager : Event: ======'player_turn_will_end'====== Args={'player': <Player 1>, 'number': 1}
2023-07-12 22:22:11,847 : INFO : EventManager : Event: ======'player_turn_ending'====== Args={'player': <Player 1>, 'number': 1}
2023-07-12 22:22:11,847 : INFO : EventManager : Event: ======'player_turn_ended'====== Args={'player': <Player 1>, 'number': 1}
2023-07-12 22:22:11,847 : INFO : EventManager : Event: ======'player_turn_will_start'====== Args={'player': <Player 1>, 'number': 1}
2023-07-12 22:22:11,847 : INFO : EventManager : Event: ======'player_turn_starting'====== Args={'player': <Player 1>, 'number': 1}
2023-07-12 22:22:11,847 : INFO : EventManager : Event: ======'player_ball'====== Args={'value': 2, 'prev_value': 1, 'change': 1, 'player_num': 1}
2023-07-12 22:22:11,847 : INFO : EventManager : Event: ======'player_turn_started'====== Args={'player': <Player 1>, 'number': 1}
2023-07-12 22:22:11,848 : INFO : EventManager : Event: ======'ball_will_start'====== Args={'player': 1, 'ball': 2, 'balls_remaining': 1, 'is_extra_ball': False}
2023-07-12 22:22:11,849 : INFO : EventManager : Event: ======'ball_starting'====== Args={'player': 1, 'ball': 2, 'balls_remaining': 1, 'is_extra_ball': False}
2023-07-12 22:22:11,849 : INFO : EventManager : Event: ======'balls_in_play'====== Args={'balls': 1}
2023-07-12 22:22:11,849 : INFO : EventManager : Event: ======'ball_started'====== Args={'player': 1, 'ball': 2, 'balls_remaining': 1, 'is_extra_ball': False}
2023-07-12 22:22:11,850 : INFO : EventManager : Event: ======'single_player_ball_started'====== Args={}
2023-07-12 22:22:11,850 : INFO : EventManager : Event: ======'ball_start_target'====== Args={'target': 'playfield'}
2023-07-12 22:22:11,850 : INFO : ball_device.bd_plunger : Setting up player-controlled eject. Balls: 1, Target: <playfield.playfield>, player_controlled_eject_event: s_flipper_right_active
2023-07-12 22:22:11,850 : INFO : EventManager : Event: ======'balldevice_balls_available'====== Args={}
2023-07-12 22:22:11,850 : INFO : ball_device.bd_trough : State: waiting_for_target_ready
2023-07-12 22:22:11,851 : INFO : EventManager : Event: ======'balldevice_bd_trough_ball_eject_attempt'====== Args={'balls': 1, 'target': <ball_device.bd_plunger>, 'source': <ball_device.bd_trough>, 'mechanical_eject': True, 'num_attempts': 0}
2023-07-12 22:22:11,851 : INFO : ball_device.bd_plunger : State: waiting_for_ball
2023-07-12 22:22:11,851 : INFO : ball_device.bd_trough : State: ejecting
2023-07-12 22:22:11,851 : INFO : ball_device.bd_trough : Ejecting ball to <ball_device.bd_plunger>
2023-07-12 22:22:11,851 : INFO : EventManager : Event: ======'balldevice_bd_trough_ejecting_ball'====== Args={'balls': 1, 'target': <ball_device.bd_plunger>, 'source': <ball_device.bd_trough>, 'mechanical_eject': True, 'num_attempts': 0}
2023-07-12 22:22:11,851 : INFO : ball_device.bd_trough : Wait for ball to leave device
2023-07-12 22:22:11,851 : INFO : coil.c_trough_eject : Enabling Driver for 1000ms (1.0 pulse_power)
2023-07-12 22:22:11,851 : INFO : SwitchController : <<<<<<< 's_trough_1' inactive >>>>>>>
2023-07-12 22:22:11,876 : INFO : ball_device.bd_trough : State: ball_left
2023-07-12 22:22:11,876 : INFO : ball_device.bd_trough : Ball left
2023-07-12 22:22:11,876 : INFO : ball_device.bd_trough : Wait for confirm with timeout 3.0
2023-07-12 22:22:11,953 : INFO : SwitchController : <<<<<<< 's_plunger_detect' active >>>>>>>
2023-07-12 22:22:11,953 : INFO : EventManager : Event: ======'machine_var_audits_switches_s_plunger_detect'====== Args={'value': 7, 'prev_value': 6, 'change': 1}
2023-07-12 22:22:12,478 : INFO : ball_device.bd_plunger : Received ball from <ball_device.bd_trough>
2023-07-12 22:22:12,478 : INFO : EventManager : Event: ======'balldevice_bd_plunger_ball_enter'====== Args={'new_balls': 1, 'unclaimed_balls': 0, 'new_available_balls': 0, 'device': <ball_device.bd_plunger>}
2023-07-12 22:22:12,478 : INFO : EventManager : Event: ======'balldevice_bd_plunger_ball_entered'====== Args={'new_balls': 0, 'device': <ball_device.bd_plunger>}
2023-07-12 22:22:12,478 : INFO : EventManager : Event: ======'balldevice_bd_plunger_ball_count_changed'====== Args={'balls': 1}
2023-07-12 22:22:12,478 : INFO : ball_device.bd_trough : Got eject confirm
2023-07-12 22:22:12,478 : INFO : ball_device.bd_trough : Eject successful
2023-07-12 22:22:12,478 : INFO : EventManager : Event: ======'balldevice_bd_trough_ball_eject_success'====== Args={'balls': 1, 'target': <ball_device.bd_plunger>}
2023-07-12 22:22:12,478 : INFO : ball_device.bd_plunger : State: waiting_for_target_ready
2023-07-12 22:22:12,479 : INFO : EventManager : Event: ======'balldevice_bd_plunger_ball_eject_attempt'====== Args={'balls': 1, 'target': <playfield.playfield>, 'source': <ball_device.bd_plunger>, 'mechanical_eject': True, 'num_attempts': 0}
2023-07-12 22:22:12,479 : INFO : EventManager : Event: ======'balldevice_bd_trough_ball_count_changed'====== Args={'balls': 2}
2023-07-12 22:22:12,479 : INFO : ball_device.bd_trough : State: idle
2023-07-12 22:22:12,479 : INFO : ball_device.bd_plunger : State: ejecting
2023-07-12 22:22:12,479 : INFO : ball_device.bd_plunger : Ejecting ball to <playfield.playfield>
2023-07-12 22:22:12,479 : INFO : EventManager : Event: ======'balldevice_bd_plunger_ejecting_ball'====== Args={'balls': 1, 'target': <playfield.playfield>, 'source': <ball_device.bd_plunger>, 'mechanical_eject': True, 'num_attempts': 0}
2023-07-12 22:22:12,479 : INFO : ball_device.bd_plunger : Wait for ball to leave device
2023-07-12 22:22:12,864 : INFO : coil.c_trough_eject : Disabling Driver
2023-07-12 22:22:14,680 : WARNING : SwitchController : Received duplicate switch state 0 for switch s_trough_1 from the platform interface. Log Code: Log-SwitchController-1 (https://docs.missionpinball.org/en/0.56/logs/Log-SwitchController-1.html)
2023-07-12 22:22:20,530 : INFO : SwitchController : <<<<<<< 's_trough_1' active >>>>>>>
2023-07-12 22:22:20,530 : INFO : EventManager : Event: ======'machine_var_audits_switches_s_trough_1'====== Args={'value': 6, 'prev_value': 5, 'change': 1}
2023-07-12 22:22:21,036 : INFO : EventManager : Event: ======'balldevice_bd_trough_ball_count_changed'====== Args={'balls': 3}
2023-07-12 22:22:21,036 : INFO : ball_device.bd_trough : Received unexpected ball
2023-07-12 22:22:21,036 : INFO : EventManager : Event: ======'balldevice_captured_from_playfield'====== Args={'balls': 1}
2023-07-12 22:22:21,036 : INFO : EventManager : Event: ======'sw_playfield_active'====== Args={'balls': 1}
2023-07-12 22:22:21,036 : INFO : EventManager : Event: ======'playfield_active'====== Args={}
2023-07-12 22:22:21,036 : INFO : EventManager : Event: ======'playfield_ball_count_change'====== Args={'balls': -1, 'change': -1}
2023-07-12 22:22:21,036 : INFO : EventManager : Event: ======'balldevice_playfield_ball_enter'====== Args={'new_balls': 1, 'unclaimed_balls': 1, 'device': <playfield.playfield>}
2023-07-12 22:22:21,036 : INFO : EventManager : Event: ======'playfield_ball_count_change'====== Args={'balls': 0, 'change': 1}
2023-07-12 22:22:21,036 : INFO : BallController : Found a new ball which was captured from playfield. Known balls: 5
2023-07-12 22:22:21,036 : INFO : EventManager : Event: ======'found_new_ball'====== Args={}
2023-07-12 22:22:21,036 : INFO : EventManager : Event: ======'balldevice_bd_trough_ball_enter'====== Args={'new_balls': 1, 'unclaimed_balls': 1, 'new_available_balls': 1, 'device': <ball_device.bd_trough>}
2023-07-12 22:22:21,037 : INFO : EventManager : Event: ======'ball_drain'====== Args={'device': <ball_device.bd_trough>, 'balls': 1}
2023-07-12 22:22:21,037 : INFO : EventManager : Event: ======'ball_will_end'====== Args={}
2023-07-12 22:22:21,037 : INFO : EventManager : Event: ======'balldevice_balls_available'====== Args={}
2023-07-12 22:22:21,037 : INFO : EventManager : Event: ======'balldevice_bd_trough_ball_entered'====== Args={'new_balls': 1, 'device': <ball_device.bd_trough>}
2023-07-12 22:22:21,037 : INFO : EventManager : Event: ======'ball_ending'====== Args={}
2023-07-12 22:22:21,037 : INFO : EventManager : Event: ======'ball_ended'====== Args={}
2023-07-12 22:22:21,038 : INFO : EventManager : Event: ======'player_turn_will_end'====== Args={'player': <Player 1>, 'number': 1}
2023-07-12 22:22:21,039 : INFO : EventManager : Event: ======'player_turn_ending'====== Args={'player': <Player 1>, 'number': 1}
2023-07-12 22:22:21,039 : INFO : EventManager : Event: ======'player_turn_ended'====== Args={'player': <Player 1>, 'number': 1}
2023-07-12 22:22:21,039 : INFO : EventManager : Event: ======'player_turn_will_start'====== Args={'player': <Player 1>, 'number': 1}
2023-07-12 22:22:21,039 : INFO : EventManager : Event: ======'player_turn_starting'====== Args={'player': <Player 1>, 'number': 1}
2023-07-12 22:22:21,039 : INFO : EventManager : Event: ======'player_ball'====== Args={'value': 3, 'prev_value': 2, 'change': 1, 'player_num': 1}
2023-07-12 22:22:21,040 : INFO : EventManager : Event: ======'player_turn_started'====== Args={'player': <Player 1>, 'number': 1}
2023-07-12 22:22:21,040 : INFO : EventManager : Event: ======'ball_will_start'====== Args={'player': 1, 'ball': 3, 'balls_remaining': 0, 'is_extra_ball': False}
2023-07-12 22:22:21,041 : INFO : BallController : Found 1 ball(s) on playfield.
2023-07-12 22:22:21,041 : WARNING : BallController : Playfields still contain balls. Waiting for those to drain.
2023-07-12 22:22:22,047 : INFO : BallController : Found 1 ball(s) on playfield.
2023-07-12 22:22:22,047 : WARNING : BallController : Playfields still contain balls. Waiting for those to drain.
2023-07-12 22:22:22,292 : INFO : SwitchController : <<<<<<< 's_trough_1' inactive >>>>>>>
2023-07-12 22:22:23,052 : INFO : BallController : Found 1 ball(s) on playfield.
2023-07-12 22:22:23,052 : WARNING : BallController : Playfields still contain balls. Waiting for those to drain.
2023-07-12 22:22:23,535 : INFO : Machine : Shutting down...
2023-07-12 22:22:23,535 : INFO : EventManager : Event: ======'shutdown'====== Args={}
2023-07-12 22:22:23,538 : INFO : EventManager : Event: ======'mode_game_will_stop'====== Args={}
2023-07-12 22:22:23,538 : INFO : EventManager : Event: ======'mode_game_stopping'====== Args={}
2023-07-12 22:22:23,539 : INFO : Mode.game : Stopped.
2023-07-12 22:22:23,539 : INFO : EventManager : Event: ======'modes_active_modes_changed'====== Args={}
2023-07-12 22:22:23,539 : INFO : EventManager : Event: ======'mode_game_stopped'====== Args={}
2023-07-12 22:22:23,539 : INFO : EventManager : Event: ======'clear'====== Args={'key': 'game'}
2023-07-12 22:22:23,540 : INFO : root : MPF run loop ended.
