2023-07-12 22:18:40,750 : INFO : root : Loading config.
2023-07-12 22:18:40,753 : INFO : YamlMultifileConfigLoader : Machine config file #1: config.yaml
2023-07-12 22:18:40,753 : INFO : ConfigProcessor : Loading config from cache: C:\Users\warzz\AppData\Local\Temp\c7ddc35c564c409ccec16ce42249e5f8.mpf_cache
2023-07-12 22:18:40,759 : WARNING : ConfigProcessor : Config file in cache changed: d:\MPF\springbreak\config\keyboard.yaml
2023-07-12 22:18:40,759 : INFO : ConfigProcessor : Loading config from file C:\Users\warzz\AppData\Local\Programs\Python\Python39\lib\site-packages\mpf\mpfconfig.yaml.
2023-07-12 22:18:40,813 : INFO : ConfigProcessor : Loading config: C:\Users\warzz\AppData\Local\Programs\Python\Python39\lib\site-packages\mpf\mpfconfig.yaml
2023-07-12 22:18:40,813 : INFO : ConfigProcessor : Loading config from file d:\MPF\springbreak\config\config.yaml.
2023-07-12 22:18:40,816 : INFO : ConfigProcessor : Loading config: d:\MPF\springbreak\config\config.yaml
2023-07-12 22:18:40,822 : INFO : ConfigProcessor : Loading config: d:\MPF\springbreak\config\coils.yaml
2023-07-12 22:18:40,826 : INFO : ConfigProcessor : Loading config: d:\MPF\springbreak\config\switches.yaml
2023-07-12 22:18:40,830 : INFO : ConfigProcessor : Loading config: d:\MPF\springbreak\config\devices.yaml
2023-07-12 22:18:40,832 : INFO : ConfigProcessor : Loading config: d:\MPF\springbreak\config\displays.yaml
2023-07-12 22:18:40,839 : INFO : ConfigProcessor : Loading config: d:\MPF\springbreak\config\keyboard.yaml
2023-07-12 22:18:40,841 : INFO : ConfigProcessor : Config file cache created: C:\Users\warzz\AppData\Local\Temp\c7ddc35c564c409ccec16ce42249e5f8.mpf_cache
2023-07-12 22:18:40,906 : INFO : ConfigProcessor : Loading config from cache: C:\Users\warzz\AppData\Local\Temp\b77c3901e90ec7d7cc601651512a0021.mpf_cache
2023-07-12 22:18:40,906 : INFO : ConfigProcessor : Loading config from cache: C:\Users\warzz\AppData\Local\Temp\a5b2fce8b210d64acc95275c2c9a2339.mpf_cache
2023-07-12 22:18:40,907 : INFO : Machine : Mission Pinball Framework Core Engine v0.56.0
2023-07-12 22:18:40,907 : INFO : Machine : Command line arguments: {'no_load_cache': False, 'create_config_cache': True, 'bcp': True, 'configfile': ['config.yaml'], 'force_assets_load': False, 'jsonlogging': False, 'logfile': 'logs\\2023-07-12-22-18-40-mpf-DESKTOP-VQ7DOMB.log', 'pause': False, 'production': False, 'text_ui': True, 'loglevel': 15, 'consoleloglevel': 20, 'force_platform': 'smart_virtual', 'syslog_address': None, 'mc_file_name': None, 'no_sound': False}
2023-07-12 22:18:40,907 : INFO : Machine : MPF path: C:\Users\warzz\AppData\Local\Programs\Python\Python39\lib\site-packages\mpf
2023-07-12 22:18:40,907 : INFO : Machine : Machine path: d:\MPF\springbreak
2023-07-12 22:18:40,907 : INFO : Machine : Platform: win32
2023-07-12 22:18:40,907 : INFO : Machine : Python executable location: C:\Users\warzz\AppData\Local\Programs\Python\Python39\python.exe
2023-07-12 22:18:40,907 : INFO : Machine : Python version: 3.9.13 (64-bit)
2023-07-12 22:18:40,909 : INFO : Machine : Initialise MPF.
2023-07-12 22:18:41,066 : INFO : EventManager : Event: ======'machine_var_credits_string'====== Args={'value': 'FREE PLAY', 'prev_value': None, 'change': True}
2023-07-12 22:18:41,108 : INFO : EventManager : Event: ======'machine_var_master_volume'====== Args={'value': 0.5, 'prev_value': None, 'change': True}
2023-07-12 22:18:41,108 : INFO : EventManager : Event: ======'machine_var_mpf_version'====== Args={'value': 'MPF v0.56.0', 'prev_value': None, 'change': True}
2023-07-12 22:18:41,108 : INFO : EventManager : Event: ======'machine_var_mpf_extended_version'====== Args={'value': 'MPF v0.56.0, Config version:5, Show version: 5, BCP version:1.1', 'prev_value': None, 'change': True}
2023-07-12 22:18:41,108 : INFO : EventManager : Event: ======'machine_var_python_version'====== Args={'value': '3.9.13', 'prev_value': None, 'change': True}
2023-07-12 22:18:41,116 : INFO : EventManager : Event: ======'machine_var_platform'====== Args={'value': 'Windows-10-10.0.19045-SP0', 'prev_value': None, 'change': True}
2023-07-12 22:18:41,116 : INFO : EventManager : Event: ======'machine_var_platform_system'====== Args={'value': 'Windows', 'prev_value': None, 'change': True}
2023-07-12 22:18:41,116 : INFO : EventManager : Event: ======'machine_var_platform_release'====== Args={'value': '10', 'prev_value': None, 'change': True}
2023-07-12 22:18:41,116 : INFO : EventManager : Event: ======'machine_var_platform_version'====== Args={'value': '10.0.19045', 'prev_value': None, 'change': True}
2023-07-12 22:18:41,116 : INFO : EventManager : Event: ======'machine_var_platform_machine'====== Args={'value': 'AMD64', 'prev_value': None, 'change': True}
2023-07-12 22:18:41,116 : INFO : EventManager : Event: ======'init_phase_1'====== Args={}
2023-07-12 22:18:41,128 : INFO : EventManager : Event: ======'init_phase_2'====== Args={}
2023-07-12 22:18:41,128 : INFO : SwitchController : Found active switch: ('0-0-26', <Platform.SmartVirtual>) <switch.s_trough_1>
2023-07-12 22:18:41,129 : INFO : EventManager : Event: ======'bcp_connection_attempt'====== Args={'name': 'local_display', 'host': 'localhost', 'port': 5050}
2023-07-12 22:18:41,130 : INFO : BCPClientSocket : Connecting BCP to 'local_display' at localhost:5050...
2023-07-12 22:18:43,182 : INFO : BCPClientSocket : Connected BCP to 'local_display' localhost:5050
2023-07-12 22:18:43,183 : INFO : EventManager : Event: ======'bcp_clients_connected'====== Args={}
2023-07-12 22:18:43,187 : INFO : ball_device.bd_drain : BCH: Initial count: 0
2023-07-12 22:18:43,188 : INFO : ball_device.bd_drain : State: idle
2023-07-12 22:18:43,188 : INFO : ball_device.bd_trough : BCH: Initial count: 3
2023-07-12 22:18:43,188 : INFO : ball_device.bd_trough : State: idle
2023-07-12 22:18:43,188 : INFO : ball_device.bd_plunger : BCH: Initial count: 0
2023-07-12 22:18:43,188 : INFO : ball_device.bd_plunger : State: idle
2023-07-12 22:18:43,200 : INFO : EventManager : Event: ======'init_phase_3'====== Args={}
2023-07-12 22:18:43,202 : INFO : EventManager : Event: ======'machine_var_mc_version'====== Args={'value': 'MPF-MC v0.56.1', 'prev_value': None, 'change': True}
2023-07-12 22:18:43,202 : INFO : EventManager : Event: ======'machine_var_mc_extended_version'====== Args={'value': 'MPF-MC v0.56.1 (config_version=5, BCP v1.1,                      Requires MPF API compatibility v0.56.0 or newer)', 'prev_value': None, 'change': True}
2023-07-12 22:18:43,203 : INFO : EventManager : Event: ======'init_phase_4'====== Args={}
2023-07-12 22:18:43,214 : INFO : BallController : Initial balls found: 3
2023-07-12 22:18:43,215 : INFO : EventManager : Event: ======'machine_var_audits_events_game_ended'====== Args={'value': 0, 'prev_value': None, 'change': True}
2023-07-12 22:18:43,216 : INFO : EventManager : Event: ======'machine_var_audits_events_game_started'====== Args={'value': 3, 'prev_value': None, 'change': True}
2023-07-12 22:18:43,216 : INFO : EventManager : Event: ======'machine_var_audits_player_score'====== Args={'value': {'average': 0, 'top': [], 'total': 0}, 'prev_value': None, 'change': True}
2023-07-12 22:18:43,216 : INFO : EventManager : Event: ======'machine_var_audits_switches_s_drain_detect'====== Args={'value': 0, 'prev_value': None, 'change': True}
2023-07-12 22:18:43,216 : INFO : EventManager : Event: ======'machine_var_audits_switches_s_flipper_left'====== Args={'value': 3, 'prev_value': None, 'change': True}
2023-07-12 22:18:43,216 : INFO : EventManager : Event: ======'machine_var_audits_switches_s_flipper_right'====== Args={'value': 5, 'prev_value': None, 'change': True}
2023-07-12 22:18:43,216 : INFO : EventManager : Event: ======'machine_var_audits_switches_s_plunger_detect'====== Args={'value': 2, 'prev_value': None, 'change': True}
2023-07-12 22:18:43,216 : INFO : EventManager : Event: ======'machine_var_audits_switches_s_plunger_exit'====== Args={'value': 0, 'prev_value': None, 'change': True}
2023-07-12 22:18:43,216 : INFO : EventManager : Event: ======'machine_var_audits_switches_s_popbumper_1'====== Args={'value': 0, 'prev_value': None, 'change': True}
2023-07-12 22:18:43,217 : INFO : EventManager : Event: ======'machine_var_audits_switches_s_popbumper_2'====== Args={'value': 0, 'prev_value': None, 'change': True}
2023-07-12 22:18:43,217 : INFO : EventManager : Event: ======'machine_var_audits_switches_s_popbumper_3'====== Args={'value': 0, 'prev_value': None, 'change': True}
2023-07-12 22:18:43,217 : INFO : EventManager : Event: ======'machine_var_audits_switches_s_slingshot'====== Args={'value': 0, 'prev_value': None, 'change': True}
2023-07-12 22:18:43,217 : INFO : EventManager : Event: ======'machine_var_audits_switches_s_start_button'====== Args={'value': 0, 'prev_value': None, 'change': True}
2023-07-12 22:18:43,217 : INFO : EventManager : Event: ======'machine_var_audits_switches_s_trough_1'====== Args={'value': 0, 'prev_value': None, 'change': True}
2023-07-12 22:18:43,217 : INFO : EventManager : Event: ======'machine_var_audits_switches_s_trough_2'====== Args={'value': 0, 'prev_value': None, 'change': True}
2023-07-12 22:18:43,218 : INFO : EventManager : Event: ======'init_phase_5'====== Args={}
2023-07-12 22:18:43,230 : INFO : EventManager : Event: ======'init_done'====== Args={}
2023-07-12 22:18:43,231 : INFO : EventManager : Event: ======'machine_reset_phase_1'====== Args={}
2023-07-12 22:18:43,240 : INFO : EventManager : Event: ======'slide_welcome_slide_removed'====== Args={'_from_bcp': True}
2023-07-12 22:18:43,243 : INFO : EventManager : Event: ======'slide_welcome_slide_created'====== Args={'_from_bcp': True}
2023-07-12 22:18:43,243 : INFO : EventManager : Event: ======'machine_reset_phase_2'====== Args={}
2023-07-12 22:18:43,244 : INFO : EventManager : Event: ======'machine_reset_phase_3'====== Args={}
2023-07-12 22:18:43,244 : INFO : EventManager : Event: ======'slide_welcome_slide_active'====== Args={'_from_bcp': True}
2023-07-12 22:18:43,244 : INFO : EventManager : Event: ======'reset_complete'====== Args={}
2023-07-12 22:18:43,244 : INFO : EventManager : Event: ======'mode_attract_will_start'====== Args={}
2023-07-12 22:18:43,245 : INFO : EventManager : Event: ======'mode_attract_starting'====== Args={}
2023-07-12 22:18:43,245 : INFO : Mode.attract : Started. Priority: 10
2023-07-12 22:18:43,245 : INFO : EventManager : Event: ======'modes_active_modes_changed'====== Args={}
2023-07-12 22:18:43,245 : INFO : EventManager : Event: ======'mode_attract_started'====== Args={}
2023-07-12 22:18:43,245 : INFO : EventManager : Event: ======'collecting_balls_complete'====== Args={}
2023-07-12 22:18:43,260 : INFO : Machine : Starting the main run loop.
2023-07-12 22:18:45,681 : INFO : SwitchController : <<<<<<< 's_start_button' active >>>>>>>
2023-07-12 22:18:45,793 : INFO : SwitchController : <<<<<<< 's_start_button' inactive >>>>>>>
2023-07-12 22:18:45,793 : INFO : EventManager : Event: ======'request_to_start_game'====== Args={}
2023-07-12 22:18:45,793 : INFO : EventManager : Event: ======'game_start'====== Args={'buttons': [], 'hold_time': 0.10899999999674037}
2023-07-12 22:18:45,794 : INFO : EventManager : Event: ======'mode_game_will_start'====== Args={'buttons': [], 'hold_time': 0.10899999999674037}
2023-07-12 22:18:45,794 : INFO : EventManager : Event: ======'mode_game_starting'====== Args={'buttons': [], 'hold_time': 0.10899999999674037}
2023-07-12 22:18:45,794 : INFO : EventManager : Event: ======'mode_attract_will_stop'====== Args={}
2023-07-12 22:18:45,794 : INFO : EventManager : Event: ======'mode_attract_stopping'====== Args={}
2023-07-12 22:18:45,794 : INFO : Mode.attract : Stopped.
2023-07-12 22:18:45,794 : INFO : EventManager : Event: ======'modes_active_modes_changed'====== Args={}
2023-07-12 22:18:45,794 : INFO : EventManager : Event: ======'mode_attract_stopped'====== Args={}
2023-07-12 22:18:45,794 : INFO : EventManager : Event: ======'clear'====== Args={'key': 'attract'}
2023-07-12 22:18:45,795 : INFO : Mode.game : Started. Priority: 20
2023-07-12 22:18:45,795 : INFO : EventManager : Event: ======'modes_active_modes_changed'====== Args={}
2023-07-12 22:18:45,795 : INFO : EventManager : Event: ======'mode_game_started'====== Args={'buttons': [], 'hold_time': 0.10899999999674037}
2023-07-12 22:18:45,798 : INFO : EventManager : Event: ======'game_will_start'====== Args={}
2023-07-12 22:18:45,798 : INFO : EventManager : Event: ======'game_starting'====== Args={'game': <Mode.game>}
2023-07-12 22:18:45,798 : INFO : EventManager : Event: ======'player_add_request'====== Args={}
2023-07-12 22:18:45,798 : INFO : EventManager : Event: ======'player_will_add'====== Args={'number': 1}
2023-07-12 22:18:45,799 : INFO : EventManager : Event: ======'player_adding'====== Args={'player': <Player 1>, 'number': 1}
2023-07-12 22:18:45,799 : INFO : EventManager : Event: ======'player_added'====== Args={'player': <Player 1>, 'num': 1}
2023-07-12 22:18:45,799 : INFO : Mode.game : Player added successfully. Total players: 1
2023-07-12 22:18:45,799 : INFO : EventManager : Event: ======'player_index'====== Args={'value': 0, 'prev_value': 0, 'change': 0, 'player_num': 1}
2023-07-12 22:18:45,799 : INFO : EventManager : Event: ======'player_number'====== Args={'value': 1, 'prev_value': 1, 'change': 0, 'player_num': 1}
2023-07-12 22:18:45,799 : INFO : EventManager : Event: ======'player_score'====== Args={'value': 0, 'prev_value': 0, 'change': 0, 'player_num': 1}
2023-07-12 22:18:45,799 : INFO : EventManager : Event: ======'game_started'====== Args={}
2023-07-12 22:18:45,803 : INFO : EventManager : Event: ======'player_turn_will_start'====== Args={'player': <Player 1>, 'number': 1}
2023-07-12 22:18:45,803 : INFO : EventManager : Event: ======'player_turn_starting'====== Args={'player': <Player 1>, 'number': 1}
2023-07-12 22:18:45,803 : INFO : EventManager : Event: ======'player_ball'====== Args={'value': 1, 'prev_value': 0, 'change': 1, 'player_num': 1}
2023-07-12 22:18:45,807 : INFO : EventManager : Event: ======'player_turn_started'====== Args={'player': <Player 1>, 'number': 1}
2023-07-12 22:18:45,808 : INFO : EventManager : Event: ======'ball_will_start'====== Args={'player': 1, 'ball': 1, 'balls_remaining': 2, 'is_extra_ball': False}
2023-07-12 22:18:45,809 : INFO : EventManager : Event: ======'ball_starting'====== Args={'player': 1, 'ball': 1, 'balls_remaining': 2, 'is_extra_ball': False}
2023-07-12 22:18:45,809 : INFO : EventManager : Event: ======'balls_in_play'====== Args={'balls': 1}
2023-07-12 22:18:45,809 : INFO : EventManager : Event: ======'ball_started'====== Args={'player': 1, 'ball': 1, 'balls_remaining': 2, 'is_extra_ball': False}
2023-07-12 22:18:45,810 : INFO : EventManager : Event: ======'single_player_ball_started'====== Args={}
2023-07-12 22:18:45,810 : INFO : EventManager : Event: ======'ball_start_target'====== Args={'target': 'playfield'}
2023-07-12 22:18:45,810 : INFO : ball_device.bd_plunger : Setting up player-controlled eject. Balls: 1, Target: <playfield.playfield>, player_controlled_eject_event: s_flipper_right_active
2023-07-12 22:18:45,810 : INFO : EventManager : Event: ======'balldevice_balls_available'====== Args={}
2023-07-12 22:18:45,810 : INFO : ball_device.bd_trough : State: waiting_for_target_ready
2023-07-12 22:18:45,810 : INFO : EventManager : Event: ======'balldevice_bd_trough_ball_eject_attempt'====== Args={'balls': 1, 'target': <ball_device.bd_plunger>, 'source': <ball_device.bd_trough>, 'mechanical_eject': True, 'num_attempts': 0}
2023-07-12 22:18:45,810 : INFO : ball_device.bd_plunger : State: waiting_for_ball
2023-07-12 22:18:45,811 : INFO : ball_device.bd_trough : State: ejecting
2023-07-12 22:18:45,811 : INFO : ball_device.bd_trough : Ejecting ball to <ball_device.bd_plunger>
2023-07-12 22:18:45,811 : INFO : EventManager : Event: ======'balldevice_bd_trough_ejecting_ball'====== Args={'balls': 1, 'target': <ball_device.bd_plunger>, 'source': <ball_device.bd_trough>, 'mechanical_eject': True, 'num_attempts': 0}
2023-07-12 22:18:45,811 : INFO : ball_device.bd_trough : Wait for ball to leave device
2023-07-12 22:18:45,811 : INFO : coil.c_trough_eject : Enabling Driver for 1000ms (1.0 pulse_power)
2023-07-12 22:18:45,811 : INFO : SwitchController : <<<<<<< 's_trough_1' inactive >>>>>>>
2023-07-12 22:18:45,836 : INFO : ball_device.bd_trough : State: ball_left
2023-07-12 22:18:45,836 : INFO : ball_device.bd_trough : Ball left
2023-07-12 22:18:45,836 : INFO : ball_device.bd_trough : Wait for confirm with timeout 3.0
2023-07-12 22:18:45,930 : INFO : SwitchController : <<<<<<< 's_plunger_detect' active >>>>>>>
2023-07-12 22:18:45,930 : INFO : EventManager : Event: ======'machine_var_audits_switches_s_plunger_detect'====== Args={'value': 3, 'prev_value': 2, 'change': 1}
2023-07-12 22:18:46,441 : INFO : ball_device.bd_plunger : Received ball from <ball_device.bd_trough>
2023-07-12 22:18:46,441 : INFO : EventManager : Event: ======'balldevice_bd_plunger_ball_enter'====== Args={'new_balls': 1, 'unclaimed_balls': 0, 'new_available_balls': 0, 'device': <ball_device.bd_plunger>}
2023-07-12 22:18:46,441 : INFO : EventManager : Event: ======'balldevice_bd_plunger_ball_entered'====== Args={'new_balls': 0, 'device': <ball_device.bd_plunger>}
2023-07-12 22:18:46,441 : INFO : EventManager : Event: ======'balldevice_bd_plunger_ball_count_changed'====== Args={'balls': 1}
2023-07-12 22:18:46,441 : INFO : ball_device.bd_trough : Got eject confirm
2023-07-12 22:18:46,441 : INFO : ball_device.bd_trough : Eject successful
2023-07-12 22:18:46,441 : INFO : EventManager : Event: ======'balldevice_bd_trough_ball_eject_success'====== Args={'balls': 1, 'target': <ball_device.bd_plunger>}
2023-07-12 22:18:46,442 : INFO : ball_device.bd_plunger : State: waiting_for_target_ready
2023-07-12 22:18:46,442 : INFO : EventManager : Event: ======'balldevice_bd_plunger_ball_eject_attempt'====== Args={'balls': 1, 'target': <playfield.playfield>, 'source': <ball_device.bd_plunger>, 'mechanical_eject': True, 'num_attempts': 0}
2023-07-12 22:18:46,442 : INFO : EventManager : Event: ======'balldevice_bd_trough_ball_count_changed'====== Args={'balls': 2}
2023-07-12 22:18:46,442 : INFO : ball_device.bd_trough : State: idle
2023-07-12 22:18:46,442 : INFO : ball_device.bd_plunger : State: ejecting
2023-07-12 22:18:46,442 : INFO : ball_device.bd_plunger : Ejecting ball to <playfield.playfield>
2023-07-12 22:18:46,442 : INFO : EventManager : Event: ======'balldevice_bd_plunger_ejecting_ball'====== Args={'balls': 1, 'target': <playfield.playfield>, 'source': <ball_device.bd_plunger>, 'mechanical_eject': True, 'num_attempts': 0}
2023-07-12 22:18:46,442 : INFO : ball_device.bd_plunger : Wait for ball to leave device
2023-07-12 22:18:46,827 : INFO : coil.c_trough_eject : Disabling Driver
2023-07-12 22:18:49,064 : INFO : SwitchController : <<<<<<< 's_flipper_right' active >>>>>>>
2023-07-12 22:18:49,064 : INFO : EventManager : Event: ======'s_flipper_right_active'====== Args={}
2023-07-12 22:18:49,065 : INFO : EventManager : Event: ======'machine_var_audits_switches_s_flipper_right'====== Args={'value': 6, 'prev_value': 5, 'change': 1}
2023-07-12 22:18:49,131 : INFO : coil.c_plunger : Pulsing Driver for 20ms (1.0 pulse_power)
2023-07-12 22:18:49,131 : INFO : SwitchController : <<<<<<< 's_plunger_detect' inactive >>>>>>>
2023-07-12 22:18:49,134 : INFO : ball_device.bd_plunger : State: ball_left
2023-07-12 22:18:49,134 : INFO : ball_device.bd_plunger : Ball left
2023-07-12 22:18:49,134 : INFO : ball_device.bd_plunger : Wait for confirm with timeout 10.0
2023-07-12 22:18:49,187 : INFO : SwitchController : <<<<<<< 's_flipper_right' inactive >>>>>>>
2023-07-12 22:18:50,458 : INFO : SwitchController : <<<<<<< 's_plunger_exit' active >>>>>>>
2023-07-12 22:18:50,458 : INFO : EventManager : Event: ======'sw_playfield_active'====== Args={}
2023-07-12 22:18:50,458 : INFO : EventManager : Event: ======'machine_var_audits_switches_s_plunger_exit'====== Args={'value': 1, 'prev_value': 0, 'change': 1}
2023-07-12 22:18:50,459 : INFO : EventManager : Event: ======'playfield_active'====== Args={}
2023-07-12 22:18:50,461 : INFO : ball_device.bd_plunger : Got eject confirm
2023-07-12 22:18:50,461 : INFO : ball_device.bd_plunger : Eject successful
2023-07-12 22:18:50,461 : INFO : EventManager : Event: ======'balldevice_bd_plunger_ball_eject_success'====== Args={'balls': 1, 'target': <playfield.playfield>}
2023-07-12 22:18:50,462 : INFO : EventManager : Event: ======'balldevice_playfield_ball_enter'====== Args={'new_balls': 1, 'unclaimed_balls': 1, 'device': <playfield.playfield>}
2023-07-12 22:18:50,462 : INFO : EventManager : Event: ======'playfield_ball_count_change'====== Args={'balls': 1, 'change': 1}
2023-07-12 22:18:50,462 : INFO : EventManager : Event: ======'balldevice_bd_plunger_ball_count_changed'====== Args={'balls': 0}
2023-07-12 22:18:50,462 : INFO : ball_device.bd_plunger : State: idle
2023-07-12 22:18:50,556 : INFO : SwitchController : <<<<<<< 's_plunger_exit' inactive >>>>>>>
2023-07-12 22:18:53,411 : INFO : SwitchController : <<<<<<< 's_drain_detect' active >>>>>>>
2023-07-12 22:18:53,411 : INFO : EventManager : Event: ======'machine_var_audits_switches_s_drain_detect'====== Args={'value': 1, 'prev_value': 0, 'change': 1}
2023-07-12 22:18:53,498 : INFO : SwitchController : <<<<<<< 's_drain_detect' inactive >>>>>>>
2023-07-12 22:18:56,145 : INFO : SwitchController : <<<<<<< 's_drain_detect' active >>>>>>>
2023-07-12 22:18:56,145 : INFO : EventManager : Event: ======'machine_var_audits_switches_s_drain_detect'====== Args={'value': 2, 'prev_value': 1, 'change': 1}
2023-07-12 22:18:56,664 : INFO : EventManager : Event: ======'balldevice_bd_drain_ball_count_changed'====== Args={'balls': 1}
2023-07-12 22:18:56,664 : INFO : ball_device.bd_drain : Received unexpected ball
2023-07-12 22:18:56,664 : INFO : EventManager : Event: ======'balldevice_captured_from_playfield'====== Args={'balls': 1}
2023-07-12 22:18:56,664 : INFO : EventManager : Event: ======'sw_playfield_active'====== Args={'balls': 1}
2023-07-12 22:18:56,664 : INFO : EventManager : Event: ======'playfield_ball_count_change'====== Args={'balls': 0, 'change': -1}
2023-07-12 22:18:56,664 : INFO : EventManager : Event: ======'balldevice_bd_drain_ball_enter'====== Args={'new_balls': 1, 'unclaimed_balls': 1, 'new_available_balls': 1, 'device': <ball_device.bd_drain>}
2023-07-12 22:18:56,664 : INFO : EventManager : Event: ======'ball_drain'====== Args={'device': <ball_device.bd_drain>, 'balls': 1}
2023-07-12 22:18:56,665 : INFO : EventManager : Event: ======'ball_will_end'====== Args={}
2023-07-12 22:18:56,665 : INFO : EventManager : Event: ======'balldevice_balls_available'====== Args={}
2023-07-12 22:18:56,665 : INFO : EventManager : Event: ======'balldevice_balls_available'====== Args={}
2023-07-12 22:18:56,665 : INFO : EventManager : Event: ======'balldevice_bd_drain_ball_entered'====== Args={'new_balls': 1, 'device': <ball_device.bd_drain>}
2023-07-12 22:18:56,665 : INFO : EventManager : Event: ======'ball_ending'====== Args={}
2023-07-12 22:18:56,665 : INFO : EventManager : Event: ======'ball_ended'====== Args={}
2023-07-12 22:18:56,666 : INFO : EventManager : Event: ======'player_turn_will_end'====== Args={'player': <Player 1>, 'number': 1}
2023-07-12 22:18:56,666 : INFO : ball_device.bd_drain : State: waiting_for_target_ready
2023-07-12 22:18:56,666 : INFO : EventManager : Event: ======'balldevice_bd_drain_ball_eject_attempt'====== Args={'balls': 1, 'target': <ball_device.bd_trough>, 'source': <ball_device.bd_drain>, 'mechanical_eject': False, 'num_attempts': 0}
2023-07-12 22:18:56,667 : INFO : ball_device.bd_drain : State: ejecting
2023-07-12 22:18:56,667 : INFO : ball_device.bd_drain : Ejecting ball to <ball_device.bd_trough>
2023-07-12 22:18:56,667 : INFO : EventManager : Event: ======'balldevice_bd_drain_ejecting_ball'====== Args={'balls': 1, 'target': <ball_device.bd_trough>, 'source': <ball_device.bd_drain>, 'mechanical_eject': False, 'num_attempts': 0}
2023-07-12 22:18:56,667 : INFO : EventManager : Event: ======'player_turn_ending'====== Args={'player': <Player 1>, 'number': 1}
2023-07-12 22:18:56,668 : INFO : EventManager : Event: ======'player_turn_ended'====== Args={'player': <Player 1>, 'number': 1}
2023-07-12 22:18:56,668 : INFO : EventManager : Event: ======'player_turn_will_start'====== Args={'player': <Player 1>, 'number': 1}
2023-07-12 22:18:56,668 : INFO : ball_device.bd_drain : Wait for ball to leave device
2023-07-12 22:18:56,668 : INFO : coil.c_drain_kicker : Pulsing Driver for 20ms (1.0 pulse_power)
2023-07-12 22:18:56,668 : INFO : SwitchController : <<<<<<< 's_drain_detect' inactive >>>>>>>
2023-07-12 22:18:56,671 : INFO : EventManager : Event: ======'player_turn_starting'====== Args={'player': <Player 1>, 'number': 1}
2023-07-12 22:18:56,671 : INFO : EventManager : Event: ======'player_ball'====== Args={'value': 2, 'prev_value': 1, 'change': 1, 'player_num': 1}
2023-07-12 22:18:56,671 : INFO : EventManager : Event: ======'player_turn_started'====== Args={'player': <Player 1>, 'number': 1}
2023-07-12 22:18:56,671 : INFO : EventManager : Event: ======'ball_will_start'====== Args={'player': 1, 'ball': 2, 'balls_remaining': 1, 'is_extra_ball': False}
2023-07-12 22:18:56,672 : INFO : ball_device.bd_drain : State: ball_left
2023-07-12 22:18:56,672 : INFO : ball_device.bd_drain : Ball left
2023-07-12 22:18:56,672 : INFO : ball_device.bd_drain : Wait for confirm with timeout 10.0
2023-07-12 22:18:56,673 : INFO : EventManager : Event: ======'ball_starting'====== Args={'player': 1, 'ball': 2, 'balls_remaining': 1, 'is_extra_ball': False}
2023-07-12 22:18:56,673 : INFO : EventManager : Event: ======'balls_in_play'====== Args={'balls': 1}
2023-07-12 22:18:56,673 : INFO : EventManager : Event: ======'ball_started'====== Args={'player': 1, 'ball': 2, 'balls_remaining': 1, 'is_extra_ball': False}
2023-07-12 22:18:56,674 : INFO : EventManager : Event: ======'single_player_ball_started'====== Args={}
2023-07-12 22:18:56,674 : INFO : EventManager : Event: ======'ball_start_target'====== Args={'target': 'playfield'}
2023-07-12 22:18:56,674 : INFO : ball_device.bd_plunger : Setting up player-controlled eject. Balls: 1, Target: <playfield.playfield>, player_controlled_eject_event: s_flipper_right_active
2023-07-12 22:18:56,674 : INFO : EventManager : Event: ======'balldevice_balls_available'====== Args={}
2023-07-12 22:18:56,674 : INFO : ball_device.bd_trough : State: waiting_for_target_ready
2023-07-12 22:18:56,675 : INFO : EventManager : Event: ======'balldevice_bd_trough_ball_eject_attempt'====== Args={'balls': 1, 'target': <ball_device.bd_plunger>, 'source': <ball_device.bd_trough>, 'mechanical_eject': True, 'num_attempts': 0}
2023-07-12 22:18:56,675 : INFO : ball_device.bd_plunger : State: waiting_for_ball
2023-07-12 22:18:56,675 : INFO : ball_device.bd_trough : State: ejecting
2023-07-12 22:18:56,675 : INFO : ball_device.bd_trough : Ejecting ball to <ball_device.bd_plunger>
2023-07-12 22:18:56,675 : INFO : EventManager : Event: ======'balldevice_bd_trough_ejecting_ball'====== Args={'balls': 1, 'target': <ball_device.bd_plunger>, 'source': <ball_device.bd_trough>, 'mechanical_eject': True, 'num_attempts': 0}
2023-07-12 22:18:56,675 : INFO : ball_device.bd_trough : Wait for ball to leave device
2023-07-12 22:18:56,695 : INFO : ball_device.bd_trough : State: ball_left
2023-07-12 22:18:56,695 : INFO : ball_device.bd_trough : Ball left
2023-07-12 22:18:56,695 : INFO : ball_device.bd_trough : Wait for confirm with timeout 3.0
2023-07-12 22:18:56,742 : INFO : coil.c_trough_eject : Enabling Driver for 1000ms (1.0 pulse_power)
2023-07-12 22:18:56,773 : INFO : SwitchController : <<<<<<< 's_trough_1' active >>>>>>>
2023-07-12 22:18:56,773 : INFO : EventManager : Event: ======'machine_var_audits_switches_s_trough_1'====== Args={'value': 1, 'prev_value': 0, 'change': 1}
2023-07-12 22:18:56,773 : INFO : SwitchController : <<<<<<< 's_trough_1' inactive >>>>>>>
2023-07-12 22:18:56,774 : INFO : ball_device.bd_trough : Received ball from <ball_device.bd_drain>
2023-07-12 22:18:56,774 : INFO : EventManager : Event: ======'balldevice_bd_trough_ball_enter'====== Args={'new_balls': 1, 'unclaimed_balls': 0, 'new_available_balls': 0, 'device': <ball_device.bd_trough>}
2023-07-12 22:18:56,775 : INFO : EventManager : Event: ======'ball_drain'====== Args={'device': <ball_device.bd_trough>, 'balls': 0}
2023-07-12 22:18:56,775 : INFO : EventManager : Event: ======'balldevice_bd_trough_ball_entered'====== Args={'new_balls': 0, 'device': <ball_device.bd_trough>}
2023-07-12 22:18:56,775 : INFO : EventManager : Event: ======'balldevice_bd_trough_ball_count_changed'====== Args={'balls': 3}
2023-07-12 22:18:56,775 : INFO : ball_device.bd_drain : Got eject confirm
2023-07-12 22:18:56,775 : INFO : ball_device.bd_drain : Eject successful
2023-07-12 22:18:56,775 : INFO : EventManager : Event: ======'balldevice_bd_drain_ball_eject_success'====== Args={'balls': 1, 'target': <ball_device.bd_trough>}
2023-07-12 22:18:56,775 : INFO : EventManager : Event: ======'balldevice_bd_drain_ball_count_changed'====== Args={'balls': 0}
2023-07-12 22:18:56,775 : INFO : ball_device.bd_drain : State: idle
2023-07-12 22:18:56,851 : INFO : SwitchController : <<<<<<< 's_plunger_detect' active >>>>>>>
2023-07-12 22:18:56,851 : INFO : EventManager : Event: ======'machine_var_audits_switches_s_plunger_detect'====== Args={'value': 4, 'prev_value': 3, 'change': 1}
2023-07-12 22:18:57,358 : INFO : ball_device.bd_plunger : Received ball from <ball_device.bd_trough>
2023-07-12 22:18:57,358 : INFO : EventManager : Event: ======'balldevice_bd_plunger_ball_enter'====== Args={'new_balls': 1, 'unclaimed_balls': 0, 'new_available_balls': 0, 'device': <ball_device.bd_plunger>}
2023-07-12 22:18:57,358 : INFO : EventManager : Event: ======'balldevice_bd_plunger_ball_entered'====== Args={'new_balls': 0, 'device': <ball_device.bd_plunger>}
2023-07-12 22:18:57,358 : INFO : EventManager : Event: ======'balldevice_bd_plunger_ball_count_changed'====== Args={'balls': 1}
2023-07-12 22:18:57,358 : INFO : ball_device.bd_trough : Got eject confirm
2023-07-12 22:18:57,358 : INFO : ball_device.bd_trough : Eject successful
2023-07-12 22:18:57,358 : INFO : EventManager : Event: ======'balldevice_bd_trough_ball_eject_success'====== Args={'balls': 1, 'target': <ball_device.bd_plunger>}
2023-07-12 22:18:57,359 : INFO : ball_device.bd_plunger : State: waiting_for_target_ready
2023-07-12 22:18:57,359 : INFO : EventManager : Event: ======'balldevice_bd_plunger_ball_eject_attempt'====== Args={'balls': 1, 'target': <playfield.playfield>, 'source': <ball_device.bd_plunger>, 'mechanical_eject': True, 'num_attempts': 0}
2023-07-12 22:18:57,359 : INFO : EventManager : Event: ======'balldevice_bd_trough_ball_count_changed'====== Args={'balls': 2}
2023-07-12 22:18:57,359 : INFO : ball_device.bd_trough : State: idle
2023-07-12 22:18:57,359 : INFO : ball_device.bd_plunger : State: ejecting
2023-07-12 22:18:57,359 : INFO : ball_device.bd_plunger : Ejecting ball to <playfield.playfield>
2023-07-12 22:18:57,359 : INFO : EventManager : Event: ======'balldevice_bd_plunger_ejecting_ball'====== Args={'balls': 1, 'target': <playfield.playfield>, 'source': <ball_device.bd_plunger>, 'mechanical_eject': True, 'num_attempts': 0}
2023-07-12 22:18:57,359 : INFO : ball_device.bd_plunger : Wait for ball to leave device
2023-07-12 22:18:57,398 : WARNING : SwitchController : Received duplicate switch state 0 for switch s_drain_detect from the platform interface. Log Code: Log-SwitchController-1 (https://docs.missionpinball.org/en/0.56/logs/Log-SwitchController-1.html)
2023-07-12 22:18:57,745 : INFO : coil.c_trough_eject : Disabling Driver
2023-07-12 22:19:08,146 : INFO : SwitchController : <<<<<<< 's_trough_1' active >>>>>>>
2023-07-12 22:19:08,146 : INFO : EventManager : Event: ======'machine_var_audits_switches_s_trough_1'====== Args={'value': 2, 'prev_value': 1, 'change': 1}
2023-07-12 22:19:08,657 : INFO : EventManager : Event: ======'balldevice_bd_trough_ball_count_changed'====== Args={'balls': 3}
2023-07-12 22:19:08,657 : INFO : ball_device.bd_trough : Received unexpected ball
2023-07-12 22:19:08,657 : INFO : EventManager : Event: ======'balldevice_captured_from_playfield'====== Args={'balls': 1}
2023-07-12 22:19:08,657 : INFO : EventManager : Event: ======'sw_playfield_active'====== Args={'balls': 1}
2023-07-12 22:19:08,657 : INFO : EventManager : Event: ======'playfield_active'====== Args={}
2023-07-12 22:19:08,657 : INFO : EventManager : Event: ======'playfield_ball_count_change'====== Args={'balls': -1, 'change': -1}
2023-07-12 22:19:08,657 : INFO : EventManager : Event: ======'balldevice_playfield_ball_enter'====== Args={'new_balls': 1, 'unclaimed_balls': 1, 'device': <playfield.playfield>}
2023-07-12 22:19:08,657 : INFO : EventManager : Event: ======'playfield_ball_count_change'====== Args={'balls': 0, 'change': 1}
2023-07-12 22:19:08,657 : INFO : BallController : Found a new ball which was captured from playfield. Known balls: 4
2023-07-12 22:19:08,657 : INFO : EventManager : Event: ======'found_new_ball'====== Args={}
2023-07-12 22:19:08,657 : INFO : EventManager : Event: ======'balldevice_bd_trough_ball_enter'====== Args={'new_balls': 1, 'unclaimed_balls': 1, 'new_available_balls': 1, 'device': <ball_device.bd_trough>}
2023-07-12 22:19:08,658 : INFO : EventManager : Event: ======'ball_drain'====== Args={'device': <ball_device.bd_trough>, 'balls': 1}
2023-07-12 22:19:08,658 : INFO : EventManager : Event: ======'ball_will_end'====== Args={}
2023-07-12 22:19:08,658 : INFO : EventManager : Event: ======'balldevice_balls_available'====== Args={}
2023-07-12 22:19:08,658 : INFO : EventManager : Event: ======'balldevice_bd_trough_ball_entered'====== Args={'new_balls': 1, 'device': <ball_device.bd_trough>}
2023-07-12 22:19:08,658 : INFO : EventManager : Event: ======'ball_ending'====== Args={}
2023-07-12 22:19:08,658 : INFO : EventManager : Event: ======'ball_ended'====== Args={}
2023-07-12 22:19:08,659 : INFO : EventManager : Event: ======'player_turn_will_end'====== Args={'player': <Player 1>, 'number': 1}
2023-07-12 22:19:08,660 : INFO : EventManager : Event: ======'player_turn_ending'====== Args={'player': <Player 1>, 'number': 1}
2023-07-12 22:19:08,660 : INFO : EventManager : Event: ======'player_turn_ended'====== Args={'player': <Player 1>, 'number': 1}
2023-07-12 22:19:08,660 : INFO : EventManager : Event: ======'player_turn_will_start'====== Args={'player': <Player 1>, 'number': 1}
2023-07-12 22:19:08,661 : INFO : EventManager : Event: ======'player_turn_starting'====== Args={'player': <Player 1>, 'number': 1}
2023-07-12 22:19:08,661 : INFO : EventManager : Event: ======'player_ball'====== Args={'value': 3, 'prev_value': 2, 'change': 1, 'player_num': 1}
2023-07-12 22:19:08,661 : INFO : EventManager : Event: ======'player_turn_started'====== Args={'player': <Player 1>, 'number': 1}
2023-07-12 22:19:08,662 : INFO : EventManager : Event: ======'ball_will_start'====== Args={'player': 1, 'ball': 3, 'balls_remaining': 0, 'is_extra_ball': False}
2023-07-12 22:19:08,663 : INFO : BallController : Found 1 ball(s) on playfield.
2023-07-12 22:19:08,663 : WARNING : BallController : Playfields still contain balls. Waiting for those to drain.
2023-07-12 22:19:09,510 : INFO : SwitchController : <<<<<<< 's_trough_1' inactive >>>>>>>
2023-07-12 22:19:09,678 : INFO : BallController : Found 1 ball(s) on playfield.
2023-07-12 22:19:09,678 : WARNING : BallController : Playfields still contain balls. Waiting for those to drain.
2023-07-12 22:19:10,683 : INFO : BallController : Found 1 ball(s) on playfield.
2023-07-12 22:19:10,683 : WARNING : BallController : Playfields still contain balls. Waiting for those to drain.
2023-07-12 22:19:11,692 : INFO : BallController : Found 1 ball(s) on playfield.
2023-07-12 22:19:11,692 : WARNING : BallController : Playfields still contain balls. Waiting for those to drain.
2023-07-12 22:19:12,200 : INFO : SwitchController : <<<<<<< 's_trough_1' active >>>>>>>
2023-07-12 22:19:12,200 : WARNING : ball_device.bd_trough : Device received balls but is already full!
2023-07-12 22:19:12,200 : INFO : EventManager : Event: ======'machine_var_audits_switches_s_trough_1'====== Args={'value': 3, 'prev_value': 2, 'change': 1}
2023-07-12 22:19:12,289 : INFO : SwitchController : <<<<<<< 's_trough_1' inactive >>>>>>>
2023-07-12 22:19:12,703 : INFO : BallController : Found 1 ball(s) on playfield.
2023-07-12 22:19:12,703 : WARNING : BallController : Playfields still contain balls. Waiting for those to drain.
2023-07-12 22:19:13,706 : INFO : BallController : Found 1 ball(s) on playfield.
2023-07-12 22:19:13,706 : WARNING : BallController : Playfields still contain balls. Waiting for those to drain.
2023-07-12 22:19:14,716 : INFO : BallController : Found 1 ball(s) on playfield.
2023-07-12 22:19:14,716 : WARNING : BallController : Playfields still contain balls. Waiting for those to drain.
2023-07-12 22:19:14,880 : INFO : SwitchController : <<<<<<< 's_flipper_right' active >>>>>>>
2023-07-12 22:19:14,880 : INFO : EventManager : Event: ======'s_flipper_right_active'====== Args={}
2023-07-12 22:19:14,880 : INFO : EventManager : Event: ======'machine_var_audits_switches_s_flipper_right'====== Args={'value': 7, 'prev_value': 6, 'change': 1}
2023-07-12 22:19:14,884 : INFO : coil.c_plunger : Pulsing Driver for 20ms (1.0 pulse_power)
2023-07-12 22:19:14,884 : INFO : SwitchController : <<<<<<< 's_plunger_detect' inactive >>>>>>>
2023-07-12 22:19:14,886 : INFO : ball_device.bd_plunger : State: ball_left
2023-07-12 22:19:14,886 : INFO : ball_device.bd_plunger : Ball left
2023-07-12 22:19:14,886 : INFO : ball_device.bd_plunger : Wait for confirm with timeout 10.0
2023-07-12 22:19:14,970 : INFO : SwitchController : <<<<<<< 's_flipper_right' inactive >>>>>>>
2023-07-12 22:19:15,736 : INFO : BallController : Found 1 ball(s) on playfield.
2023-07-12 22:19:15,736 : WARNING : BallController : Playfields still contain balls. Waiting for those to drain.
2023-07-12 22:19:16,733 : INFO : BallController : Found 1 ball(s) on playfield.
2023-07-12 22:19:16,733 : WARNING : BallController : Playfields still contain balls. Waiting for those to drain.
2023-07-12 22:19:16,754 : INFO : SwitchController : <<<<<<< 's_plunger_exit' active >>>>>>>
2023-07-12 22:19:16,754 : INFO : EventManager : Event: ======'sw_playfield_active'====== Args={}
2023-07-12 22:19:16,754 : INFO : EventManager : Event: ======'machine_var_audits_switches_s_plunger_exit'====== Args={'value': 2, 'prev_value': 1, 'change': 1}
2023-07-12 22:19:16,755 : INFO : EventManager : Event: ======'playfield_active'====== Args={}
2023-07-12 22:19:16,758 : INFO : ball_device.bd_plunger : Got eject confirm
2023-07-12 22:19:16,758 : INFO : ball_device.bd_plunger : Eject successful
2023-07-12 22:19:16,758 : INFO : EventManager : Event: ======'balldevice_bd_plunger_ball_eject_success'====== Args={'balls': 1, 'target': <playfield.playfield>}
2023-07-12 22:19:16,758 : INFO : EventManager : Event: ======'balldevice_playfield_ball_enter'====== Args={'new_balls': 1, 'unclaimed_balls': 1, 'device': <playfield.playfield>}
2023-07-12 22:19:16,758 : INFO : EventManager : Event: ======'playfield_ball_count_change'====== Args={'balls': 1, 'change': 1}
2023-07-12 22:19:16,758 : INFO : EventManager : Event: ======'balldevice_bd_plunger_ball_count_changed'====== Args={'balls': 0}
2023-07-12 22:19:16,758 : INFO : ball_device.bd_plunger : State: idle
2023-07-12 22:19:16,829 : INFO : SwitchController : <<<<<<< 's_plunger_exit' inactive >>>>>>>
2023-07-12 22:19:17,754 : INFO : BallController : Found 1 ball(s) on playfield.
2023-07-12 22:19:17,754 : WARNING : BallController : Playfields still contain balls. Waiting for those to drain.
2023-07-12 22:19:18,759 : INFO : BallController : Found 1 ball(s) on playfield.
2023-07-12 22:19:18,759 : WARNING : BallController : Playfields still contain balls. Waiting for those to drain.
2023-07-12 22:19:19,041 : INFO : SwitchController : <<<<<<< 's_drain_detect' active >>>>>>>
2023-07-12 22:19:19,041 : INFO : EventManager : Event: ======'machine_var_audits_switches_s_drain_detect'====== Args={'value': 3, 'prev_value': 2, 'change': 1}
2023-07-12 22:19:19,152 : INFO : SwitchController : <<<<<<< 's_drain_detect' inactive >>>>>>>
2023-07-12 22:19:19,766 : INFO : BallController : Found 1 ball(s) on playfield.
2023-07-12 22:19:19,766 : WARNING : BallController : Playfields still contain balls. Waiting for those to drain.
2023-07-12 22:19:20,772 : INFO : BallController : Found 1 ball(s) on playfield.
2023-07-12 22:19:20,772 : WARNING : BallController : Playfields still contain balls. Waiting for those to drain.
2023-07-12 22:19:21,160 : INFO : SwitchController : <<<<<<< 's_drain_detect' active >>>>>>>
2023-07-12 22:19:21,160 : INFO : EventManager : Event: ======'machine_var_audits_switches_s_drain_detect'====== Args={'value': 4, 'prev_value': 3, 'change': 1}
2023-07-12 22:19:21,672 : INFO : EventManager : Event: ======'balldevice_bd_drain_ball_count_changed'====== Args={'balls': 1}
2023-07-12 22:19:21,672 : INFO : ball_device.bd_drain : Received unexpected ball
2023-07-12 22:19:21,672 : INFO : EventManager : Event: ======'balldevice_captured_from_playfield'====== Args={'balls': 1}
2023-07-12 22:19:21,672 : INFO : EventManager : Event: ======'sw_playfield_active'====== Args={'balls': 1}
2023-07-12 22:19:21,672 : INFO : EventManager : Event: ======'playfield_ball_count_change'====== Args={'balls': 0, 'change': -1}
2023-07-12 22:19:21,672 : INFO : EventManager : Event: ======'balldevice_bd_drain_ball_enter'====== Args={'new_balls': 1, 'unclaimed_balls': 1, 'new_available_balls': 1, 'device': <ball_device.bd_drain>}
2023-07-12 22:19:21,672 : INFO : EventManager : Event: ======'ball_drain'====== Args={'device': <ball_device.bd_drain>, 'balls': 1}
2023-07-12 22:19:21,672 : INFO : EventManager : Event: ======'balldevice_balls_available'====== Args={}
2023-07-12 22:19:21,673 : INFO : EventManager : Event: ======'balldevice_balls_available'====== Args={}
2023-07-12 22:19:21,673 : INFO : EventManager : Event: ======'balldevice_bd_drain_ball_entered'====== Args={'new_balls': 1, 'device': <ball_device.bd_drain>}
2023-07-12 22:19:21,673 : INFO : ball_device.bd_drain : State: waiting_for_target_ready
2023-07-12 22:19:21,673 : INFO : EventManager : Event: ======'balldevice_bd_drain_ball_eject_attempt'====== Args={'balls': 1, 'target': <ball_device.bd_trough>, 'source': <ball_device.bd_drain>, 'mechanical_eject': False, 'num_attempts': 0}
2023-07-12 22:19:21,780 : INFO : EventManager : Event: ======'ball_starting'====== Args={'player': 1, 'ball': 3, 'balls_remaining': 0, 'is_extra_ball': False}
2023-07-12 22:19:21,780 : INFO : EventManager : Event: ======'balls_in_play'====== Args={'balls': 1}
2023-07-12 22:19:21,780 : INFO : EventManager : Event: ======'ball_started'====== Args={'player': 1, 'ball': 3, 'balls_remaining': 0, 'is_extra_ball': False}
2023-07-12 22:19:21,781 : INFO : EventManager : Event: ======'single_player_ball_started'====== Args={}
2023-07-12 22:19:21,781 : INFO : EventManager : Event: ======'ball_start_target'====== Args={'target': 'playfield'}
2023-07-12 22:19:21,781 : INFO : ball_device.bd_plunger : Setting up player-controlled eject. Balls: 1, Target: <playfield.playfield>, player_controlled_eject_event: s_flipper_right_active
2023-07-12 22:19:21,781 : INFO : EventManager : Event: ======'balldevice_balls_available'====== Args={}
2023-07-12 22:19:21,782 : INFO : ball_device.bd_trough : State: waiting_for_target_ready
2023-07-12 22:19:21,782 : INFO : EventManager : Event: ======'balldevice_bd_trough_ball_eject_attempt'====== Args={'balls': 1, 'target': <ball_device.bd_plunger>, 'source': <ball_device.bd_trough>, 'mechanical_eject': True, 'num_attempts': 0}
2023-07-12 22:19:21,782 : INFO : ball_device.bd_plunger : State: waiting_for_ball
2023-07-12 22:19:21,782 : INFO : ball_device.bd_trough : State: ejecting
2023-07-12 22:19:21,782 : INFO : ball_device.bd_trough : Ejecting ball to <ball_device.bd_plunger>
2023-07-12 22:19:21,782 : INFO : EventManager : Event: ======'balldevice_bd_trough_ejecting_ball'====== Args={'balls': 1, 'target': <ball_device.bd_plunger>, 'source': <ball_device.bd_trough>, 'mechanical_eject': True, 'num_attempts': 0}
2023-07-12 22:19:21,782 : INFO : ball_device.bd_trough : Wait for ball to leave device
2023-07-12 22:19:21,783 : INFO : coil.c_trough_eject : Enabling Driver for 1000ms (1.0 pulse_power)
2023-07-12 22:19:21,795 : INFO : ball_device.bd_trough : State: ball_left
2023-07-12 22:19:21,795 : INFO : ball_device.bd_trough : Ball left
2023-07-12 22:19:21,795 : INFO : ball_device.bd_trough : Wait for confirm with timeout 3.0
2023-07-12 22:19:21,889 : INFO : SwitchController : <<<<<<< 's_plunger_detect' active >>>>>>>
2023-07-12 22:19:21,889 : INFO : EventManager : Event: ======'machine_var_audits_switches_s_plunger_detect'====== Args={'value': 5, 'prev_value': 4, 'change': 1}
2023-07-12 22:19:22,398 : INFO : ball_device.bd_plunger : Received ball from <ball_device.bd_trough>
2023-07-12 22:19:22,398 : INFO : EventManager : Event: ======'balldevice_bd_plunger_ball_enter'====== Args={'new_balls': 1, 'unclaimed_balls': 0, 'new_available_balls': 0, 'device': <ball_device.bd_plunger>}
2023-07-12 22:19:22,398 : INFO : EventManager : Event: ======'balldevice_bd_plunger_ball_entered'====== Args={'new_balls': 0, 'device': <ball_device.bd_plunger>}
2023-07-12 22:19:22,398 : INFO : EventManager : Event: ======'balldevice_bd_plunger_ball_count_changed'====== Args={'balls': 1}
2023-07-12 22:19:22,398 : INFO : ball_device.bd_trough : Got eject confirm
2023-07-12 22:19:22,398 : INFO : ball_device.bd_trough : Eject successful
2023-07-12 22:19:22,398 : INFO : EventManager : Event: ======'balldevice_bd_trough_ball_eject_success'====== Args={'balls': 1, 'target': <ball_device.bd_plunger>}
2023-07-12 22:19:22,398 : INFO : ball_device.bd_plunger : State: waiting_for_target_ready
2023-07-12 22:19:22,399 : INFO : EventManager : Event: ======'balldevice_bd_plunger_ball_eject_attempt'====== Args={'balls': 1, 'target': <playfield.playfield>, 'source': <ball_device.bd_plunger>, 'mechanical_eject': True, 'num_attempts': 0}
2023-07-12 22:19:22,399 : INFO : EventManager : Event: ======'balldevice_bd_trough_ball_count_changed'====== Args={'balls': 2}
2023-07-12 22:19:22,399 : INFO : ball_device.bd_trough : State: idle
2023-07-12 22:19:22,399 : INFO : ball_device.bd_drain : State: ejecting
2023-07-12 22:19:22,399 : INFO : ball_device.bd_drain : Ejecting ball to <ball_device.bd_trough>
2023-07-12 22:19:22,399 : INFO : EventManager : Event: ======'balldevice_bd_drain_ejecting_ball'====== Args={'balls': 1, 'target': <ball_device.bd_trough>, 'source': <ball_device.bd_drain>, 'mechanical_eject': False, 'num_attempts': 0}
2023-07-12 22:19:22,399 : INFO : ball_device.bd_plunger : State: ejecting
2023-07-12 22:19:22,399 : INFO : ball_device.bd_plunger : Ejecting ball to <playfield.playfield>
2023-07-12 22:19:22,399 : INFO : EventManager : Event: ======'balldevice_bd_plunger_ejecting_ball'====== Args={'balls': 1, 'target': <playfield.playfield>, 'source': <ball_device.bd_plunger>, 'mechanical_eject': True, 'num_attempts': 0}
2023-07-12 22:19:22,399 : INFO : ball_device.bd_plunger : Wait for ball to leave device
2023-07-12 22:19:22,400 : INFO : ball_device.bd_drain : Wait for ball to leave device
2023-07-12 22:19:22,400 : INFO : coil.c_drain_kicker : Pulsing Driver for 20ms (1.0 pulse_power)
2023-07-12 22:19:22,400 : INFO : SwitchController : <<<<<<< 's_drain_detect' inactive >>>>>>>
2023-07-12 22:19:22,403 : INFO : ball_device.bd_drain : State: ball_left
2023-07-12 22:19:22,403 : INFO : ball_device.bd_drain : Ball left
2023-07-12 22:19:22,403 : INFO : ball_device.bd_drain : Wait for confirm with timeout 10.0
2023-07-12 22:19:22,413 : WARNING : SwitchController : Received duplicate switch state 0 for switch s_drain_detect from the platform interface. Log Code: Log-SwitchController-1 (https://docs.missionpinball.org/en/0.56/logs/Log-SwitchController-1.html)
2023-07-12 22:19:22,488 : INFO : SwitchController : <<<<<<< 's_trough_1' active >>>>>>>
2023-07-12 22:19:22,488 : INFO : EventManager : Event: ======'machine_var_audits_switches_s_trough_1'====== Args={'value': 4, 'prev_value': 3, 'change': 1}
2023-07-12 22:19:22,489 : WARNING : SwitchController : Received duplicate switch state 1 for switch s_trough_1 from the platform interface. Log Code: Log-SwitchController-1 (https://docs.missionpinball.org/en/0.56/logs/Log-SwitchController-1.html)
2023-07-12 22:19:22,802 : INFO : coil.c_trough_eject : Disabling Driver
2023-07-12 22:19:23,004 : INFO : EventManager : Event: ======'balldevice_bd_trough_ball_count_changed'====== Args={'balls': 3}
2023-07-12 22:19:23,004 : INFO : ball_device.bd_trough : Received ball from <ball_device.bd_drain>
2023-07-12 22:19:23,004 : INFO : EventManager : Event: ======'balldevice_bd_trough_ball_enter'====== Args={'new_balls': 1, 'unclaimed_balls': 0, 'new_available_balls': 0, 'device': <ball_device.bd_trough>}
2023-07-12 22:19:23,004 : INFO : EventManager : Event: ======'ball_drain'====== Args={'device': <ball_device.bd_trough>, 'balls': 0}
2023-07-12 22:19:23,004 : INFO : EventManager : Event: ======'balldevice_bd_trough_ball_entered'====== Args={'new_balls': 0, 'device': <ball_device.bd_trough>}
2023-07-12 22:19:23,004 : INFO : ball_device.bd_drain : Got eject confirm
2023-07-12 22:19:23,004 : INFO : ball_device.bd_drain : Eject successful
2023-07-12 22:19:23,004 : INFO : EventManager : Event: ======'balldevice_bd_drain_ball_eject_success'====== Args={'balls': 1, 'target': <ball_device.bd_trough>}
2023-07-12 22:19:23,005 : INFO : EventManager : Event: ======'balldevice_bd_drain_ball_count_changed'====== Args={'balls': 0}
2023-07-12 22:19:23,005 : INFO : ball_device.bd_drain : State: idle
2023-07-12 22:19:25,768 : INFO : SwitchController : <<<<<<< 's_trough_1' inactive >>>>>>>
2023-07-12 22:19:27,235 : INFO : SwitchController : <<<<<<< 's_flipper_right' active >>>>>>>
2023-07-12 22:19:27,235 : INFO : EventManager : Event: ======'s_flipper_right_active'====== Args={}
2023-07-12 22:19:27,235 : INFO : EventManager : Event: ======'machine_var_audits_switches_s_flipper_right'====== Args={'value': 8, 'prev_value': 7, 'change': 1}
2023-07-12 22:19:27,299 : INFO : coil.c_plunger : Pulsing Driver for 20ms (1.0 pulse_power)
2023-07-12 22:19:27,299 : INFO : SwitchController : <<<<<<< 's_plunger_detect' inactive >>>>>>>
2023-07-12 22:19:27,302 : INFO : ball_device.bd_plunger : State: ball_left
2023-07-12 22:19:27,302 : INFO : ball_device.bd_plunger : Ball left
2023-07-12 22:19:27,302 : INFO : ball_device.bd_plunger : Wait for confirm with timeout 10.0
2023-07-12 22:19:27,334 : INFO : SwitchController : <<<<<<< 's_flipper_right' inactive >>>>>>>
2023-07-12 22:19:31,404 : INFO : SwitchController : <<<<<<< 's_drain_detect' active >>>>>>>
2023-07-12 22:19:31,404 : INFO : EventManager : Event: ======'machine_var_audits_switches_s_drain_detect'====== Args={'value': 5, 'prev_value': 4, 'change': 1}
2023-07-12 22:19:31,920 : INFO : EventManager : Event: ======'balldevice_bd_drain_ball_count_changed'====== Args={'balls': 1}
2023-07-12 22:19:31,920 : INFO : ball_device.bd_drain : Received unexpected ball
2023-07-12 22:19:31,920 : INFO : EventManager : Event: ======'balldevice_captured_from_playfield'====== Args={'balls': 1}
2023-07-12 22:19:31,920 : INFO : EventManager : Event: ======'sw_playfield_active'====== Args={'balls': 1}
2023-07-12 22:19:31,920 : INFO : EventManager : Event: ======'playfield_active'====== Args={}
2023-07-12 22:19:31,920 : INFO : EventManager : Event: ======'playfield_ball_count_change'====== Args={'balls': -1, 'change': -1}
2023-07-12 22:19:31,920 : INFO : EventManager : Event: ======'balldevice_bd_drain_ball_enter'====== Args={'new_balls': 1, 'unclaimed_balls': 1, 'new_available_balls': 1, 'device': <ball_device.bd_drain>}
2023-07-12 22:19:31,920 : INFO : EventManager : Event: ======'ball_drain'====== Args={'device': <ball_device.bd_drain>, 'balls': 1}
2023-07-12 22:19:31,920 : INFO : ball_device.bd_plunger : Got eject confirm
2023-07-12 22:19:31,920 : INFO : ball_device.bd_plunger : Eject successful
2023-07-12 22:19:31,921 : INFO : EventManager : Event: ======'balldevice_bd_plunger_ball_eject_success'====== Args={'balls': 1, 'target': <playfield.playfield>}
2023-07-12 22:19:31,921 : INFO : EventManager : Event: ======'balldevice_playfield_ball_enter'====== Args={'new_balls': 1, 'unclaimed_balls': 1, 'device': <playfield.playfield>}
2023-07-12 22:19:31,921 : INFO : EventManager : Event: ======'playfield_ball_count_change'====== Args={'balls': 0, 'change': 1}
2023-07-12 22:19:31,921 : INFO : EventManager : Event: ======'ball_will_end'====== Args={}
2023-07-12 22:19:31,921 : INFO : EventManager : Event: ======'balldevice_balls_available'====== Args={}
2023-07-12 22:19:31,921 : INFO : EventManager : Event: ======'balldevice_balls_available'====== Args={}
2023-07-12 22:19:31,921 : INFO : EventManager : Event: ======'balldevice_bd_drain_ball_entered'====== Args={'new_balls': 1, 'device': <ball_device.bd_drain>}
2023-07-12 22:19:31,921 : INFO : EventManager : Event: ======'balldevice_bd_plunger_ball_count_changed'====== Args={'balls': 0}
2023-07-12 22:19:31,921 : INFO : ball_device.bd_plunger : State: idle
2023-07-12 22:19:31,921 : INFO : EventManager : Event: ======'ball_ending'====== Args={}
2023-07-12 22:19:31,921 : INFO : EventManager : Event: ======'ball_ended'====== Args={}
2023-07-12 22:19:31,922 : INFO : EventManager : Event: ======'player_turn_will_end'====== Args={'player': <Player 1>, 'number': 1}
2023-07-12 22:19:31,922 : INFO : ball_device.bd_drain : State: waiting_for_target_ready
2023-07-12 22:19:31,922 : INFO : EventManager : Event: ======'balldevice_bd_drain_ball_eject_attempt'====== Args={'balls': 1, 'target': <ball_device.bd_trough>, 'source': <ball_device.bd_drain>, 'mechanical_eject': False, 'num_attempts': 0}
2023-07-12 22:19:31,924 : INFO : EventManager : Event: ======'player_turn_ending'====== Args={'player': <Player 1>, 'number': 1}
2023-07-12 22:19:31,924 : INFO : EventManager : Event: ======'player_turn_ended'====== Args={'player': <Player 1>, 'number': 1}
2023-07-12 22:19:31,924 : INFO : EventManager : Event: ======'game_will_end'====== Args={}
2023-07-12 22:19:31,924 : INFO : EventManager : Event: ======'game_ending'====== Args={}
2023-07-12 22:19:31,924 : INFO : EventManager : Event: ======'machine_var_player1_score'====== Args={'value': 0, 'prev_value': None, 'change': True}
2023-07-12 22:19:31,924 : INFO : EventManager : Event: ======'game_ended'====== Args={}
2023-07-12 22:19:31,925 : INFO : EventManager : Event: ======'mode_game_will_stop'====== Args={}
2023-07-12 22:19:31,925 : INFO : EventManager : Event: ======'mode_game_stopping'====== Args={}
2023-07-12 22:19:31,925 : INFO : EventManager : Event: ======'mode_attract_will_start'====== Args={}
2023-07-12 22:19:31,925 : INFO : EventManager : Event: ======'mode_attract_starting'====== Args={}
2023-07-12 22:19:31,925 : INFO : Mode.attract : Started. Priority: 10
2023-07-12 22:19:31,925 : INFO : EventManager : Event: ======'modes_active_modes_changed'====== Args={}
2023-07-12 22:19:31,925 : INFO : EventManager : Event: ======'mode_attract_started'====== Args={}
2023-07-12 22:19:31,925 : INFO : EventManager : Event: ======'collecting_balls_complete'====== Args={}
2023-07-12 22:19:31,938 : INFO : Mode.game : Stopped.
2023-07-12 22:19:31,938 : INFO : EventManager : Event: ======'modes_active_modes_changed'====== Args={}
2023-07-12 22:19:31,938 : INFO : EventManager : Event: ======'mode_game_stopped'====== Args={}
2023-07-12 22:19:31,938 : INFO : EventManager : Event: ======'clear'====== Args={'key': 'game'}
2023-07-12 22:19:34,004 : INFO : SwitchController : <<<<<<< 's_trough_1' active >>>>>>>
2023-07-12 22:19:34,004 : WARNING : ball_device.bd_trough : Device received balls but is already full!
2023-07-12 22:19:34,042 : INFO : SwitchController : <<<<<<< 's_drain_detect' inactive >>>>>>>
2023-07-12 22:19:38,427 : INFO : SwitchController : <<<<<<< 's_trough_1' inactive >>>>>>>
2023-07-12 22:19:39,722 : INFO : SwitchController : <<<<<<< 's_flipper_right' active >>>>>>>
2023-07-12 22:19:39,871 : INFO : SwitchController : <<<<<<< 's_flipper_right' inactive >>>>>>>
2023-07-12 22:19:41,414 : INFO : SwitchController : <<<<<<< 's_flipper_right' active >>>>>>>
2023-07-12 22:19:41,578 : INFO : SwitchController : <<<<<<< 's_flipper_right' inactive >>>>>>>
2023-07-12 22:19:48,490 : INFO : SwitchController : <<<<<<< 's_start_button' active >>>>>>>
2023-07-12 22:19:48,614 : INFO : SwitchController : <<<<<<< 's_start_button' inactive >>>>>>>
2023-07-12 22:19:48,614 : INFO : EventManager : Event: ======'request_to_start_game'====== Args={}
2023-07-12 22:19:48,614 : INFO : EventManager : Event: ======'collecting_balls_complete'====== Args={}
2023-07-12 22:19:48,614 : INFO : BallController : Known balls: 4
2023-07-12 22:19:48,614 : INFO : BallController : bd_drain contains 1 balls. Tags ['drain']
2023-07-12 22:19:48,614 : INFO : BallController : bd_trough contains 3 balls. Tags ['home', 'trough']
2023-07-12 22:19:48,614 : INFO : BallController : bd_plunger contains 0 balls. Tags []
2023-07-12 22:19:48,614 : INFO : BallController : playfield contains 0 balls. Tags ['default']
2023-07-12 22:19:48,614 : WARNING : BallController : BallController denies game start. Balls are not in their home positions.
2023-07-12 22:19:51,437 : INFO : SwitchController : <<<<<<< 's_start_button' active >>>>>>>
2023-07-12 22:19:52,717 : INFO : SwitchController : <<<<<<< 's_start_button' inactive >>>>>>>
2023-07-12 22:19:52,717 : INFO : EventManager : Event: ======'request_to_start_game'====== Args={}
2023-07-12 22:19:52,718 : INFO : EventManager : Event: ======'collecting_balls_complete'====== Args={}
2023-07-12 22:19:52,718 : INFO : BallController : Known balls: 4
2023-07-12 22:19:52,718 : INFO : BallController : bd_drain contains 1 balls. Tags ['drain']
2023-07-12 22:19:52,718 : INFO : BallController : bd_trough contains 3 balls. Tags ['home', 'trough']
2023-07-12 22:19:52,718 : INFO : BallController : bd_plunger contains 0 balls. Tags []
2023-07-12 22:19:52,718 : INFO : BallController : playfield contains 0 balls. Tags ['default']
2023-07-12 22:19:52,718 : WARNING : BallController : BallController denies game start. Balls are not in their home positions.
2023-07-12 22:19:53,801 : INFO : SwitchController : <<<<<<< 's_flipper_right' active >>>>>>>
2023-07-12 22:19:54,092 : INFO : SwitchController : <<<<<<< 's_flipper_right' inactive >>>>>>>
2023-07-12 22:19:55,107 : INFO : SwitchController : <<<<<<< 's_start_button' active >>>>>>>
2023-07-12 22:19:56,622 : INFO : SwitchController : <<<<<<< 's_start_button' inactive >>>>>>>
2023-07-12 22:19:56,622 : INFO : EventManager : Event: ======'request_to_start_game'====== Args={}
2023-07-12 22:19:56,623 : INFO : EventManager : Event: ======'collecting_balls_complete'====== Args={}
2023-07-12 22:19:56,623 : INFO : BallController : Known balls: 4
2023-07-12 22:19:56,623 : INFO : BallController : bd_drain contains 1 balls. Tags ['drain']
2023-07-12 22:19:56,623 : INFO : BallController : bd_trough contains 3 balls. Tags ['home', 'trough']
2023-07-12 22:19:56,623 : INFO : BallController : bd_plunger contains 0 balls. Tags []
2023-07-12 22:19:56,623 : INFO : BallController : playfield contains 0 balls. Tags ['default']
2023-07-12 22:19:56,623 : WARNING : BallController : BallController denies game start. Balls are not in their home positions.
2023-07-12 22:19:57,221 : INFO : SwitchController : <<<<<<< 's_start_button' active >>>>>>>
2023-07-12 22:19:57,334 : INFO : SwitchController : <<<<<<< 's_start_button' inactive >>>>>>>
2023-07-12 22:19:57,334 : INFO : EventManager : Event: ======'request_to_start_game'====== Args={}
2023-07-12 22:19:57,334 : INFO : EventManager : Event: ======'collecting_balls_complete'====== Args={}
2023-07-12 22:19:57,334 : INFO : BallController : Known balls: 4
2023-07-12 22:19:57,334 : INFO : BallController : bd_drain contains 1 balls. Tags ['drain']
2023-07-12 22:19:57,335 : INFO : BallController : bd_trough contains 3 balls. Tags ['home', 'trough']
2023-07-12 22:19:57,335 : INFO : BallController : bd_plunger contains 0 balls. Tags []
2023-07-12 22:19:57,335 : INFO : BallController : playfield contains 0 balls. Tags ['default']
2023-07-12 22:19:57,335 : WARNING : BallController : BallController denies game start. Balls are not in their home positions.
2023-07-12 22:19:57,524 : INFO : SwitchController : <<<<<<< 's_start_button' active >>>>>>>
2023-07-12 22:19:57,700 : INFO : SwitchController : <<<<<<< 's_start_button' inactive >>>>>>>
2023-07-12 22:19:57,700 : INFO : EventManager : Event: ======'request_to_start_game'====== Args={}
2023-07-12 22:19:57,700 : INFO : EventManager : Event: ======'collecting_balls_complete'====== Args={}
2023-07-12 22:19:57,701 : INFO : BallController : Known balls: 4
2023-07-12 22:19:57,701 : INFO : BallController : bd_drain contains 1 balls. Tags ['drain']
2023-07-12 22:19:57,701 : INFO : BallController : bd_trough contains 3 balls. Tags ['home', 'trough']
2023-07-12 22:19:57,701 : INFO : BallController : bd_plunger contains 0 balls. Tags []
2023-07-12 22:19:57,701 : INFO : BallController : playfield contains 0 balls. Tags ['default']
2023-07-12 22:19:57,701 : WARNING : BallController : BallController denies game start. Balls are not in their home positions.
2023-07-12 22:19:57,823 : INFO : SwitchController : <<<<<<< 's_start_button' active >>>>>>>
2023-07-12 22:19:57,986 : INFO : SwitchController : <<<<<<< 's_start_button' inactive >>>>>>>
2023-07-12 22:19:57,986 : INFO : EventManager : Event: ======'request_to_start_game'====== Args={}
2023-07-12 22:19:57,986 : INFO : EventManager : Event: ======'collecting_balls_complete'====== Args={}
2023-07-12 22:19:57,986 : INFO : BallController : Known balls: 4
2023-07-12 22:19:57,986 : INFO : BallController : bd_drain contains 1 balls. Tags ['drain']
2023-07-12 22:19:57,986 : INFO : BallController : bd_trough contains 3 balls. Tags ['home', 'trough']
2023-07-12 22:19:57,987 : INFO : BallController : bd_plunger contains 0 balls. Tags []
2023-07-12 22:19:57,987 : INFO : BallController : playfield contains 0 balls. Tags ['default']
2023-07-12 22:19:57,987 : WARNING : BallController : BallController denies game start. Balls are not in their home positions.
2023-07-12 22:19:58,109 : INFO : SwitchController : <<<<<<< 's_start_button' active >>>>>>>
2023-07-12 22:19:58,298 : INFO : SwitchController : <<<<<<< 's_start_button' inactive >>>>>>>
2023-07-12 22:19:58,298 : INFO : EventManager : Event: ======'request_to_start_game'====== Args={}
2023-07-12 22:19:58,298 : INFO : EventManager : Event: ======'collecting_balls_complete'====== Args={}
2023-07-12 22:19:58,298 : INFO : BallController : Known balls: 4
2023-07-12 22:19:58,299 : INFO : BallController : bd_drain contains 1 balls. Tags ['drain']
2023-07-12 22:19:58,299 : INFO : BallController : bd_trough contains 3 balls. Tags ['home', 'trough']
2023-07-12 22:19:58,299 : INFO : BallController : bd_plunger contains 0 balls. Tags []
2023-07-12 22:19:58,299 : INFO : BallController : playfield contains 0 balls. Tags ['default']
2023-07-12 22:19:58,299 : WARNING : BallController : BallController denies game start. Balls are not in their home positions.
2023-07-12 22:19:58,774 : INFO : SwitchController : <<<<<<< 's_drain_detect' active >>>>>>>
2023-07-12 22:20:01,361 : INFO : SwitchController : <<<<<<< 's_drain_detect' inactive >>>>>>>
2023-07-12 22:20:01,587 : INFO : SwitchController : <<<<<<< 's_drain_detect' active >>>>>>>
2023-07-12 22:20:02,373 : INFO : SwitchController : <<<<<<< 's_trough_1' active >>>>>>>
2023-07-12 22:20:02,373 : WARNING : ball_device.bd_trough : Device received balls but is already full!
2023-07-12 22:20:04,501 : INFO : SwitchController : <<<<<<< 's_start_button' active >>>>>>>
2023-07-12 22:20:04,625 : INFO : SwitchController : <<<<<<< 's_start_button' inactive >>>>>>>
2023-07-12 22:20:04,625 : INFO : EventManager : Event: ======'request_to_start_game'====== Args={}
2023-07-12 22:20:04,625 : INFO : EventManager : Event: ======'collecting_balls_complete'====== Args={}
2023-07-12 22:20:04,625 : INFO : BallController : Known balls: 4
2023-07-12 22:20:04,625 : INFO : BallController : bd_drain contains 1 balls. Tags ['drain']
2023-07-12 22:20:04,626 : INFO : BallController : bd_trough contains 3 balls. Tags ['home', 'trough']
2023-07-12 22:20:04,626 : INFO : BallController : bd_plunger contains 0 balls. Tags []
2023-07-12 22:20:04,626 : INFO : BallController : playfield contains 0 balls. Tags ['default']
2023-07-12 22:20:04,626 : WARNING : BallController : BallController denies game start. Balls are not in their home positions.
2023-07-12 22:20:05,153 : INFO : SwitchController : <<<<<<< 's_start_button' active >>>>>>>
2023-07-12 22:20:06,111 : INFO : SwitchController : <<<<<<< 's_start_button' inactive >>>>>>>
2023-07-12 22:20:06,111 : INFO : EventManager : Event: ======'request_to_start_game'====== Args={}
2023-07-12 22:20:06,111 : INFO : EventManager : Event: ======'collecting_balls_complete'====== Args={}
2023-07-12 22:20:06,112 : INFO : BallController : Known balls: 4
2023-07-12 22:20:06,112 : INFO : BallController : bd_drain contains 1 balls. Tags ['drain']
2023-07-12 22:20:06,112 : INFO : BallController : bd_trough contains 3 balls. Tags ['home', 'trough']
2023-07-12 22:20:06,112 : INFO : BallController : bd_plunger contains 0 balls. Tags []
2023-07-12 22:20:06,112 : INFO : BallController : playfield contains 0 balls. Tags ['default']
2023-07-12 22:20:06,112 : WARNING : BallController : BallController denies game start. Balls are not in their home positions.
2023-07-12 22:20:06,385 : INFO : SwitchController : <<<<<<< 's_flipper_right' active >>>>>>>
2023-07-12 22:20:06,509 : INFO : SwitchController : <<<<<<< 's_flipper_right' inactive >>>>>>>
2023-07-12 22:20:06,595 : INFO : SwitchController : <<<<<<< 's_flipper_right' active >>>>>>>
2023-07-12 22:20:06,694 : INFO : SwitchController : <<<<<<< 's_flipper_right' inactive >>>>>>>
2023-07-12 22:20:06,795 : INFO : SwitchController : <<<<<<< 's_flipper_right' active >>>>>>>
2023-07-12 22:20:06,909 : INFO : SwitchController : <<<<<<< 's_flipper_right' inactive >>>>>>>
2023-07-12 22:20:07,008 : INFO : SwitchController : <<<<<<< 's_flipper_right' active >>>>>>>
2023-07-12 22:20:07,095 : INFO : SwitchController : <<<<<<< 's_flipper_right' inactive >>>>>>>
2023-07-12 22:20:07,194 : INFO : SwitchController : <<<<<<< 's_flipper_right' active >>>>>>>
2023-07-12 22:20:07,294 : INFO : SwitchController : <<<<<<< 's_flipper_right' inactive >>>>>>>
2023-07-12 22:20:07,369 : INFO : SwitchController : <<<<<<< 's_flipper_right' active >>>>>>>
2023-07-12 22:20:07,519 : INFO : SwitchController : <<<<<<< 's_flipper_right' inactive >>>>>>>
2023-07-12 22:20:07,745 : INFO : SwitchController : <<<<<<< 's_start_button' active >>>>>>>
2023-07-12 22:20:08,686 : INFO : SwitchController : <<<<<<< 's_start_button' inactive >>>>>>>
2023-07-12 22:20:08,686 : INFO : EventManager : Event: ======'request_to_start_game'====== Args={}
2023-07-12 22:20:08,686 : INFO : EventManager : Event: ======'collecting_balls_complete'====== Args={}
2023-07-12 22:20:08,686 : INFO : BallController : Known balls: 4
2023-07-12 22:20:08,686 : INFO : BallController : bd_drain contains 1 balls. Tags ['drain']
2023-07-12 22:20:08,686 : INFO : BallController : bd_trough contains 3 balls. Tags ['home', 'trough']
2023-07-12 22:20:08,686 : INFO : BallController : bd_plunger contains 0 balls. Tags []
2023-07-12 22:20:08,687 : INFO : BallController : playfield contains 0 balls. Tags ['default']
2023-07-12 22:20:08,687 : WARNING : BallController : BallController denies game start. Balls are not in their home positions.
2023-07-12 22:20:08,850 : INFO : SwitchController : <<<<<<< 's_start_button' active >>>>>>>
2023-07-12 22:20:08,986 : INFO : SwitchController : <<<<<<< 's_start_button' inactive >>>>>>>
2023-07-12 22:20:08,986 : INFO : EventManager : Event: ======'request_to_start_game'====== Args={}
2023-07-12 22:20:08,986 : INFO : EventManager : Event: ======'collecting_balls_complete'====== Args={}
2023-07-12 22:20:08,986 : INFO : BallController : Known balls: 4
2023-07-12 22:20:08,987 : INFO : BallController : bd_drain contains 1 balls. Tags ['drain']
2023-07-12 22:20:08,987 : INFO : BallController : bd_trough contains 3 balls. Tags ['home', 'trough']
2023-07-12 22:20:08,987 : INFO : BallController : bd_plunger contains 0 balls. Tags []
2023-07-12 22:20:08,987 : INFO : BallController : playfield contains 0 balls. Tags ['default']
2023-07-12 22:20:08,987 : WARNING : BallController : BallController denies game start. Balls are not in their home positions.
2023-07-12 22:20:09,087 : INFO : SwitchController : <<<<<<< 's_start_button' active >>>>>>>
2023-07-12 22:20:09,223 : INFO : SwitchController : <<<<<<< 's_start_button' inactive >>>>>>>
2023-07-12 22:20:09,223 : INFO : EventManager : Event: ======'request_to_start_game'====== Args={}
2023-07-12 22:20:09,223 : INFO : EventManager : Event: ======'collecting_balls_complete'====== Args={}
2023-07-12 22:20:09,223 : INFO : BallController : Known balls: 4
2023-07-12 22:20:09,223 : INFO : BallController : bd_drain contains 1 balls. Tags ['drain']
2023-07-12 22:20:09,223 : INFO : BallController : bd_trough contains 3 balls. Tags ['home', 'trough']
2023-07-12 22:20:09,223 : INFO : BallController : bd_plunger contains 0 balls. Tags []
2023-07-12 22:20:09,224 : INFO : BallController : playfield contains 0 balls. Tags ['default']
2023-07-12 22:20:09,224 : WARNING : BallController : BallController denies game start. Balls are not in their home positions.
2023-07-12 22:20:09,336 : INFO : SwitchController : <<<<<<< 's_start_button' active >>>>>>>
2023-07-12 22:20:09,462 : INFO : SwitchController : <<<<<<< 's_start_button' inactive >>>>>>>
2023-07-12 22:20:09,462 : INFO : EventManager : Event: ======'request_to_start_game'====== Args={}
2023-07-12 22:20:09,463 : INFO : EventManager : Event: ======'collecting_balls_complete'====== Args={}
2023-07-12 22:20:09,463 : INFO : BallController : Known balls: 4
2023-07-12 22:20:09,463 : INFO : BallController : bd_drain contains 1 balls. Tags ['drain']
2023-07-12 22:20:09,463 : INFO : BallController : bd_trough contains 3 balls. Tags ['home', 'trough']
2023-07-12 22:20:09,463 : INFO : BallController : bd_plunger contains 0 balls. Tags []
2023-07-12 22:20:09,463 : INFO : BallController : playfield contains 0 balls. Tags ['default']
2023-07-12 22:20:09,463 : WARNING : BallController : BallController denies game start. Balls are not in their home positions.
2023-07-12 22:20:09,573 : INFO : SwitchController : <<<<<<< 's_start_button' active >>>>>>>
2023-07-12 22:20:09,686 : INFO : SwitchController : <<<<<<< 's_start_button' inactive >>>>>>>
2023-07-12 22:20:09,686 : INFO : EventManager : Event: ======'request_to_start_game'====== Args={}
2023-07-12 22:20:09,686 : INFO : EventManager : Event: ======'collecting_balls_complete'====== Args={}
2023-07-12 22:20:09,686 : INFO : BallController : Known balls: 4
2023-07-12 22:20:09,686 : INFO : BallController : bd_drain contains 1 balls. Tags ['drain']
2023-07-12 22:20:09,687 : INFO : BallController : bd_trough contains 3 balls. Tags ['home', 'trough']
2023-07-12 22:20:09,687 : INFO : BallController : bd_plunger contains 0 balls. Tags []
2023-07-12 22:20:09,687 : INFO : BallController : playfield contains 0 balls. Tags ['default']
2023-07-12 22:20:09,687 : WARNING : BallController : BallController denies game start. Balls are not in their home positions.
2023-07-12 22:20:09,811 : INFO : SwitchController : <<<<<<< 's_start_button' active >>>>>>>
2023-07-12 22:20:09,950 : INFO : SwitchController : <<<<<<< 's_start_button' inactive >>>>>>>
2023-07-12 22:20:09,950 : INFO : EventManager : Event: ======'request_to_start_game'====== Args={}
2023-07-12 22:20:09,951 : INFO : EventManager : Event: ======'collecting_balls_complete'====== Args={}
2023-07-12 22:20:09,951 : INFO : BallController : Known balls: 4
2023-07-12 22:20:09,951 : INFO : BallController : bd_drain contains 1 balls. Tags ['drain']
2023-07-12 22:20:09,951 : INFO : BallController : bd_trough contains 3 balls. Tags ['home', 'trough']
2023-07-12 22:20:09,951 : INFO : BallController : bd_plunger contains 0 balls. Tags []
2023-07-12 22:20:09,951 : INFO : BallController : playfield contains 0 balls. Tags ['default']
2023-07-12 22:20:09,951 : WARNING : BallController : BallController denies game start. Balls are not in their home positions.
2023-07-12 22:20:10,039 : INFO : SwitchController : <<<<<<< 's_start_button' active >>>>>>>
2023-07-12 22:20:10,175 : INFO : SwitchController : <<<<<<< 's_start_button' inactive >>>>>>>
2023-07-12 22:20:10,175 : INFO : EventManager : Event: ======'request_to_start_game'====== Args={}
2023-07-12 22:20:10,175 : INFO : EventManager : Event: ======'collecting_balls_complete'====== Args={}
2023-07-12 22:20:10,175 : INFO : BallController : Known balls: 4
2023-07-12 22:20:10,175 : INFO : BallController : bd_drain contains 1 balls. Tags ['drain']
2023-07-12 22:20:10,176 : INFO : BallController : bd_trough contains 3 balls. Tags ['home', 'trough']
2023-07-12 22:20:10,176 : INFO : BallController : bd_plunger contains 0 balls. Tags []
2023-07-12 22:20:10,176 : INFO : BallController : playfield contains 0 balls. Tags ['default']
2023-07-12 22:20:10,176 : WARNING : BallController : BallController denies game start. Balls are not in their home positions.
2023-07-12 22:20:10,288 : INFO : SwitchController : <<<<<<< 's_start_button' active >>>>>>>
2023-07-12 22:20:10,438 : INFO : SwitchController : <<<<<<< 's_start_button' inactive >>>>>>>
2023-07-12 22:20:10,438 : INFO : EventManager : Event: ======'request_to_start_game'====== Args={}
2023-07-12 22:20:10,439 : INFO : EventManager : Event: ======'collecting_balls_complete'====== Args={}
2023-07-12 22:20:10,439 : INFO : BallController : Known balls: 4
2023-07-12 22:20:10,439 : INFO : BallController : bd_drain contains 1 balls. Tags ['drain']
2023-07-12 22:20:10,439 : INFO : BallController : bd_trough contains 3 balls. Tags ['home', 'trough']
2023-07-12 22:20:10,439 : INFO : BallController : bd_plunger contains 0 balls. Tags []
2023-07-12 22:20:10,439 : INFO : BallController : playfield contains 0 balls. Tags ['default']
2023-07-12 22:20:10,439 : WARNING : BallController : BallController denies game start. Balls are not in their home positions.
2023-07-12 22:20:10,525 : INFO : SwitchController : <<<<<<< 's_start_button' active >>>>>>>
2023-07-12 22:20:10,713 : INFO : SwitchController : <<<<<<< 's_start_button' inactive >>>>>>>
2023-07-12 22:20:10,713 : INFO : EventManager : Event: ======'request_to_start_game'====== Args={}
2023-07-12 22:20:10,714 : INFO : EventManager : Event: ======'collecting_balls_complete'====== Args={}
2023-07-12 22:20:10,714 : INFO : BallController : Known balls: 4
2023-07-12 22:20:10,714 : INFO : BallController : bd_drain contains 1 balls. Tags ['drain']
2023-07-12 22:20:10,714 : INFO : BallController : bd_trough contains 3 balls. Tags ['home', 'trough']
2023-07-12 22:20:10,714 : INFO : BallController : bd_plunger contains 0 balls. Tags []
2023-07-12 22:20:10,714 : INFO : BallController : playfield contains 0 balls. Tags ['default']
2023-07-12 22:20:10,714 : WARNING : BallController : BallController denies game start. Balls are not in their home positions.
2023-07-12 22:20:10,850 : INFO : SwitchController : <<<<<<< 's_start_button' active >>>>>>>
2023-07-12 22:20:11,036 : INFO : SwitchController : <<<<<<< 's_start_button' inactive >>>>>>>
2023-07-12 22:20:11,036 : INFO : EventManager : Event: ======'request_to_start_game'====== Args={}
2023-07-12 22:20:11,036 : INFO : EventManager : Event: ======'collecting_balls_complete'====== Args={}
2023-07-12 22:20:11,036 : INFO : BallController : Known balls: 4
2023-07-12 22:20:11,036 : INFO : BallController : bd_drain contains 1 balls. Tags ['drain']
2023-07-12 22:20:11,036 : INFO : BallController : bd_trough contains 3 balls. Tags ['home', 'trough']
2023-07-12 22:20:11,036 : INFO : BallController : bd_plunger contains 0 balls. Tags []
2023-07-12 22:20:11,037 : INFO : BallController : playfield contains 0 balls. Tags ['default']
2023-07-12 22:20:11,037 : WARNING : BallController : BallController denies game start. Balls are not in their home positions.
2023-07-12 22:20:11,725 : INFO : SwitchController : <<<<<<< 's_start_button' active >>>>>>>
2023-07-12 22:20:12,262 : INFO : SwitchController : <<<<<<< 's_start_button' inactive >>>>>>>
2023-07-12 22:20:12,262 : INFO : EventManager : Event: ======'request_to_start_game'====== Args={}
2023-07-12 22:20:12,263 : INFO : EventManager : Event: ======'collecting_balls_complete'====== Args={}
2023-07-12 22:20:12,263 : INFO : BallController : Known balls: 4
2023-07-12 22:20:12,263 : INFO : BallController : bd_drain contains 1 balls. Tags ['drain']
2023-07-12 22:20:12,263 : INFO : BallController : bd_trough contains 3 balls. Tags ['home', 'trough']
2023-07-12 22:20:12,263 : INFO : BallController : bd_plunger contains 0 balls. Tags []
2023-07-12 22:20:12,263 : INFO : BallController : playfield contains 0 balls. Tags ['default']
2023-07-12 22:20:12,263 : WARNING : BallController : BallController denies game start. Balls are not in their home positions.
2023-07-12 22:20:12,552 : INFO : SwitchController : <<<<<<< 's_start_button' active >>>>>>>
2023-07-12 22:20:12,817 : INFO : SwitchController : <<<<<<< 's_start_button' inactive >>>>>>>
2023-07-12 22:20:12,817 : INFO : EventManager : Event: ======'request_to_start_game'====== Args={}
2023-07-12 22:20:12,818 : INFO : EventManager : Event: ======'collecting_balls_complete'====== Args={}
2023-07-12 22:20:12,818 : INFO : BallController : Known balls: 4
2023-07-12 22:20:12,818 : INFO : BallController : bd_drain contains 1 balls. Tags ['drain']
2023-07-12 22:20:12,818 : INFO : BallController : bd_trough contains 3 balls. Tags ['home', 'trough']
2023-07-12 22:20:12,818 : INFO : BallController : bd_plunger contains 0 balls. Tags []
2023-07-12 22:20:12,818 : INFO : BallController : playfield contains 0 balls. Tags ['default']
2023-07-12 22:20:12,818 : WARNING : BallController : BallController denies game start. Balls are not in their home positions.
2023-07-12 22:20:13,095 : INFO : SwitchController : <<<<<<< 's_start_button' active >>>>>>>
2023-07-12 22:20:13,383 : INFO : SwitchController : <<<<<<< 's_start_button' inactive >>>>>>>
2023-07-12 22:20:13,383 : INFO : EventManager : Event: ======'request_to_start_game'====== Args={}
2023-07-12 22:20:13,383 : INFO : EventManager : Event: ======'collecting_balls_complete'====== Args={}
2023-07-12 22:20:13,383 : INFO : BallController : Known balls: 4
2023-07-12 22:20:13,383 : INFO : BallController : bd_drain contains 1 balls. Tags ['drain']
2023-07-12 22:20:13,383 : INFO : BallController : bd_trough contains 3 balls. Tags ['home', 'trough']
2023-07-12 22:20:13,383 : INFO : BallController : bd_plunger contains 0 balls. Tags []
2023-07-12 22:20:13,383 : INFO : BallController : playfield contains 0 balls. Tags ['default']
2023-07-12 22:20:13,383 : WARNING : BallController : BallController denies game start. Balls are not in their home positions.
2023-07-12 22:20:13,698 : INFO : SwitchController : <<<<<<< 's_start_button' active >>>>>>>
2023-07-12 22:20:14,572 : INFO : SwitchController : <<<<<<< 's_start_button' inactive >>>>>>>
2023-07-12 22:20:14,572 : INFO : EventManager : Event: ======'request_to_start_game'====== Args={}
2023-07-12 22:20:14,572 : INFO : EventManager : Event: ======'collecting_balls_complete'====== Args={}
2023-07-12 22:20:14,572 : INFO : BallController : Known balls: 4
2023-07-12 22:20:14,572 : INFO : BallController : bd_drain contains 1 balls. Tags ['drain']
2023-07-12 22:20:14,573 : INFO : BallController : bd_trough contains 3 balls. Tags ['home', 'trough']
2023-07-12 22:20:14,573 : INFO : BallController : bd_plunger contains 0 balls. Tags []
2023-07-12 22:20:14,573 : INFO : BallController : playfield contains 0 balls. Tags ['default']
2023-07-12 22:20:14,573 : WARNING : BallController : BallController denies game start. Balls are not in their home positions.
2023-07-12 22:20:15,151 : INFO : SwitchController : <<<<<<< 's_start_button' active >>>>>>>
2023-07-12 22:20:16,282 : INFO : SwitchController : <<<<<<< 's_start_button' inactive >>>>>>>
2023-07-12 22:20:16,282 : INFO : EventManager : Event: ======'request_to_start_game'====== Args={}
2023-07-12 22:20:16,282 : INFO : EventManager : Event: ======'collecting_balls_complete'====== Args={}
2023-07-12 22:20:16,282 : INFO : BallController : Known balls: 4
2023-07-12 22:20:16,283 : INFO : BallController : bd_drain contains 1 balls. Tags ['drain']
2023-07-12 22:20:16,283 : INFO : BallController : bd_trough contains 3 balls. Tags ['home', 'trough']
2023-07-12 22:20:16,283 : INFO : BallController : bd_plunger contains 0 balls. Tags []
2023-07-12 22:20:16,283 : INFO : BallController : playfield contains 0 balls. Tags ['default']
2023-07-12 22:20:16,283 : WARNING : BallController : BallController denies game start. Balls are not in their home positions.
2023-07-12 22:20:16,684 : INFO : SwitchController : <<<<<<< 's_start_button' active >>>>>>>
2023-07-12 22:20:17,285 : INFO : SwitchController : <<<<<<< 's_start_button' inactive >>>>>>>
2023-07-12 22:20:17,285 : INFO : EventManager : Event: ======'request_to_start_game'====== Args={}
2023-07-12 22:20:17,285 : INFO : EventManager : Event: ======'collecting_balls_complete'====== Args={}
2023-07-12 22:20:17,285 : INFO : BallController : Known balls: 4
2023-07-12 22:20:17,286 : INFO : BallController : bd_drain contains 1 balls. Tags ['drain']
2023-07-12 22:20:17,286 : INFO : BallController : bd_trough contains 3 balls. Tags ['home', 'trough']
2023-07-12 22:20:17,286 : INFO : BallController : bd_plunger contains 0 balls. Tags []
2023-07-12 22:20:17,286 : INFO : BallController : playfield contains 0 balls. Tags ['default']
2023-07-12 22:20:17,286 : WARNING : BallController : BallController denies game start. Balls are not in their home positions.
2023-07-12 22:20:17,384 : INFO : SwitchController : <<<<<<< 's_drain_detect' inactive >>>>>>>
2023-07-12 22:20:17,384 : INFO : SwitchController : <<<<<<< 's_trough_1' inactive >>>>>>>
2023-07-12 22:20:18,567 : INFO : SwitchController : <<<<<<< 's_start_button' active >>>>>>>
2023-07-12 22:20:20,007 : INFO : SwitchController : <<<<<<< 's_start_button' inactive >>>>>>>
2023-07-12 22:20:20,007 : INFO : EventManager : Event: ======'request_to_start_game'====== Args={}
2023-07-12 22:20:20,007 : INFO : EventManager : Event: ======'collecting_balls_complete'====== Args={}
2023-07-12 22:20:20,008 : INFO : BallController : Known balls: 4
2023-07-12 22:20:20,008 : INFO : BallController : bd_drain contains 1 balls. Tags ['drain']
2023-07-12 22:20:20,008 : INFO : BallController : bd_trough contains 3 balls. Tags ['home', 'trough']
2023-07-12 22:20:20,008 : INFO : BallController : bd_plunger contains 0 balls. Tags []
2023-07-12 22:20:20,008 : INFO : BallController : playfield contains 0 balls. Tags ['default']
2023-07-12 22:20:20,008 : WARNING : BallController : BallController denies game start. Balls are not in their home positions.
2023-07-12 22:20:22,837 : INFO : Machine : Shutting down...
2023-07-12 22:20:22,837 : INFO : EventManager : Event: ======'shutdown'====== Args={}
2023-07-12 22:20:22,841 : INFO : root : MPF run loop ended.
