2023-07-12 22:23:23,006 : kivy : Factory: 189 symbols loaded
2023-07-12 22:23:23,134 : kivy : ImageLoaderFFPy: Using ffpyplayer 4.3.5
2023-07-12 22:23:23,134 : kivy : Image: Providers: img_tex, img_dds, img_sdl2, img_pil, img_ffpyplayer 
2023-07-12 22:23:23,176 : kivy : VideoGstplayer: Using Gstreamer 1.18.5.0
2023-07-12 22:23:23,176 : kivy : Video: Provider: gstplayer
2023-07-12 22:23:23,289 : kivy : Loading MPF-MC controller
2023-07-12 22:23:23,301 : YamlMultifileConfigLoader : Machine config file #1: config
2023-07-12 22:23:23,301 : ConfigProcessor : Config file in cache changed: d:\MPF\springbreak\config\config
2023-07-12 22:23:23,302 : ConfigProcessor : Loading config from file C:\Users\warzz\AppData\Local\Programs\Python\Python39\lib\site-packages\mpfmc\mcconfig.yaml.
2023-07-12 22:23:23,327 : ConfigProcessor : Loading config: C:\Users\warzz\AppData\Local\Programs\Python\Python39\lib\site-packages\mpfmc\mcconfig.yaml
2023-07-12 22:23:23,327 : ConfigProcessor : Loading config from file d:\MPF\springbreak\config\config.
2023-07-12 22:23:23,330 : ConfigProcessor : Loading config: d:\MPF\springbreak\config\config
2023-07-12 22:23:23,335 : ConfigProcessor : Loading config: d:\MPF\springbreak\config\coils.yaml
2023-07-12 22:23:23,338 : ConfigProcessor : Loading config: d:\MPF\springbreak\config\switches.yaml
2023-07-12 22:23:23,342 : ConfigProcessor : Loading config: d:\MPF\springbreak\config\devices.yaml
2023-07-12 22:23:23,344 : ConfigProcessor : Loading config: d:\MPF\springbreak\config\displays.yaml
2023-07-12 22:23:23,345 : ConfigProcessor : Loading config: d:\MPF\springbreak\config\keyboard.yaml
2023-07-12 22:23:23,346 : ConfigProcessor : Config file cache created: C:\Users\warzz\AppData\Local\Temp\8b6ed5c16b3b49897b43fba289efe3bb.mpf_cache
2023-07-12 22:23:23,347 : ConfigProcessor : Loading config from cache: C:\Users\warzz\AppData\Local\Temp\b77c3901e90ec7d7cc601651512a0021.mpf_cache
2023-07-12 22:23:23,347 : ConfigProcessor : Loading config from cache: C:\Users\warzz\AppData\Local\Temp\a5b2fce8b210d64acc95275c2c9a2339.mpf_cache
2023-07-12 22:23:23,348 : mpfmc : Mission Pinball Framework Media Controller v0.56.1
2023-07-12 22:23:23,348 : mpfmc : Mission Pinball Framework Game Engine v0.56.0
2023-07-12 22:23:23,348 : mpfmc : Machine path: d:\MPF\springbreak
2023-07-12 22:23:23,348 : mpfmc : Starting clock at 60.0Hz
2023-07-12 22:23:23,360 : kivy : Text: Provider: sdl2
2023-07-12 22:23:23,406 : kivy : Window: Provider: sdl2
2023-07-12 22:23:23,652 : kivy : GL: Using the "OpenGL" graphics system
2023-07-12 22:23:23,662 : kivy : GL: GLEW initialization succeeded
2023-07-12 22:23:23,663 : kivy : GL: Backend used <glew>
2023-07-12 22:23:23,663 : kivy : GL: OpenGL version <b'4.6.0 Compatibility Profile Context 23.3.1.230305'>
2023-07-12 22:23:23,663 : kivy : GL: OpenGL vendor <b'ATI Technologies Inc.'>
2023-07-12 22:23:23,663 : kivy : GL: OpenGL renderer <b'AMD Radeon RX 6700'>
2023-07-12 22:23:23,663 : kivy : GL: OpenGL parsed version: 4, 6
2023-07-12 22:23:23,663 : kivy : GL: Shading version <b'4.60'>
2023-07-12 22:23:23,663 : kivy : GL: Texture max size <16384>
2023-07-12 22:23:23,663 : kivy : GL: Texture max units <32>
2023-07-12 22:23:23,690 : kivy : Window: auto add sdl2 input provider
2023-07-12 22:23:23,690 : kivy : Window: virtual keyboard not allowed, single mode, not docked
2023-07-12 22:23:23,701 : SoundSystem : SoundSystem: Using default 'sound_system' settings
2023-07-12 22:23:23,892 : AudioInterface : Initialized
2023-07-12 22:23:23,892 : AudioInterface : Loaded SDL 2.0.20
2023-07-12 22:23:23,893 : AudioInterface : Loaded SDL_Mixer 2.0.4
2023-07-12 22:23:23,893 : AudioInterface : Loaded GStreamer 1.18.5.0
2023-07-12 22:23:23,893 : AudioInterface : Loaded GLib 2.62.6
2023-07-12 22:23:23,893 : AudioInterface : Settings requested - rate: 44100, channels: 1, buffer: 2048 samples
2023-07-12 22:23:23,893 : AudioInterface : Settings in use - rate: 44100, channels: 1, buffer: 2048 samples (4096 bytes @ 2 bytes per sample)
2023-07-12 22:23:23,893 : SoundSystem : No audio tracks are specified in your machine config file. a track named 'default' has been created.
2023-07-12 22:23:23,893 : SoundSystem : Setting master volume to 0.0
2023-07-12 22:23:23,893 : SoundSystem : master_volume in sound_system is deprecated and will be removed in the future.
2023-07-12 22:23:23,893 : AudioInterface : Enabling audio playback
2023-07-12 22:23:23,895 : kivy : Base: Start application main loop
2023-07-12 22:23:23,895 : EventManager : Event: ======'display_window_initialized'====== Args={}
2023-07-12 22:23:23,908 : mpfmc : Display: Setting 'window' as default display
2023-07-12 22:23:23,912 : EventManager : Event: ======'displays_initialized'====== Args={}
2023-07-12 22:23:23,913 : EventManager : Event: ======'slide_window_blank_created'====== Args={}
2023-07-12 22:23:23,913 : EventManager : Event: ======'display_window_ready'====== Args={}
2023-07-12 22:23:23,921 : EventManager : Event: ======'init_phase_1'====== Args={}
2023-07-12 22:23:23,924 : EventManager : Event: ======'mc_ready'====== Args={}
2023-07-12 22:23:23,924 : EventManager : Event: ======'init_phase_2'====== Args={}
2023-07-12 22:23:23,925 : EventManager : Event: ======'init_phase_3'====== Args={}
2023-07-12 22:23:23,925 : EventManager : Event: ======'init_phase_4'====== Args={}
2023-07-12 22:23:23,925 : EventManager : Event: ======'init_phase_5'====== Args={}
2023-07-12 22:23:23,925 : EventManager : Event: ======'init_done'====== Args={}
2023-07-12 22:23:23,925 : MPF-MC BCP Server : Starting up on localhost port 5050
2023-07-12 22:23:23,928 : MPF-MC BCP Server : Waiting for a connection...
2023-07-12 22:23:23,928 : mpfmc : SlidePlayer: Play called with settings={'slides': {welcome_slide-None-None: {'priority': None, 'target': None, 'background_color': [0.0, 0.0, 0.0, 1.0], 'show': True, 'force': False, 'expire': None, 'slide': None, 'tokens': {}, 'action': 'play', 'transition': None, 'transition_out': None}}}
2023-07-12 22:23:23,931 : kivy : GL: NPOT texture support is available
2023-07-12 22:23:23,932 : EventManager : Event: ======'slide_welcome_slide_created'====== Args={}
2023-07-12 22:23:23,933 : EventManager : Event: ======'slide_welcome_slide_active'====== Args={}
2023-07-12 22:23:23,935 : EventManager : Event: ======'client_disconnected'====== Args={'host': '127.0.0.1', 'port': 5050}
2023-07-12 22:23:25,209 : MPF-MC BCP Server : Received connection from: 127.0.0.1:56215
2023-07-12 22:23:25,213 : EventManager : Event: ======'client_connected'====== Args={'host': '127.0.0.1', 'port': 56215}
2023-07-12 22:23:25,238 : EventManager : Event: ======'machine_var_credits_string'====== Args={'value': 'FREE PLAY', 'prev_value': None, 'change': True}
2023-07-12 22:23:25,238 : EventManager : Event: ======'machine_var_master_volume'====== Args={'value': 0.5, 'prev_value': None, 'change': True}
2023-07-12 22:23:25,238 : EventManager : Event: ======'machine_var_player1_score'====== Args={'value': 0, 'prev_value': None, 'change': True}
2023-07-12 22:23:25,238 : EventManager : Event: ======'machine_var_mpf_version'====== Args={'value': 'MPF v0.56.0', 'prev_value': None, 'change': True}
2023-07-12 22:23:25,238 : EventManager : Event: ======'machine_var_mpf_extended_version'====== Args={'value': 'MPF v0.56.0, Config version:5, Show version: 5, BCP version:1.1', 'prev_value': None, 'change': True}
2023-07-12 22:23:25,238 : EventManager : Event: ======'machine_var_python_version'====== Args={'value': '3.9.13', 'prev_value': None, 'change': True}
2023-07-12 22:23:25,238 : EventManager : Event: ======'machine_var_platform'====== Args={'value': 'Windows-10-10.0.19045-SP0', 'prev_value': None, 'change': True}
2023-07-12 22:23:25,238 : EventManager : Event: ======'machine_var_platform_system'====== Args={'value': 'Windows', 'prev_value': None, 'change': True}
2023-07-12 22:23:25,238 : EventManager : Event: ======'machine_var_platform_release'====== Args={'value': '10', 'prev_value': None, 'change': True}
2023-07-12 22:23:25,238 : EventManager : Event: ======'machine_var_platform_version'====== Args={'value': '10.0.19045', 'prev_value': None, 'change': True}
2023-07-12 22:23:25,238 : EventManager : Event: ======'machine_var_platform_machine'====== Args={'value': 'AMD64', 'prev_value': None, 'change': True}
2023-07-12 22:23:25,238 : EventManager : Event: ======'machine_var_mc_version'====== Args={'value': 'MPF-MC v0.56.1', 'prev_value': None, 'change': True}
2023-07-12 22:23:25,238 : EventManager : Event: ======'machine_var_mc_extended_version'====== Args={'value': 'MPF-MC v0.56.1 (config_version=5, BCP v1.1,                      Requires MPF API compatibility v0.56.0 or newer)', 'prev_value': None, 'change': True}
2023-07-12 22:23:25,238 : SoundSystem : Setting master volume to 0.5
2023-07-12 22:23:25,243 : mpfmc : Stopping...
2023-07-12 22:23:25,244 : EventManager : Event: ======'shutdown'====== Args={}
2023-07-12 22:23:25,244 : AudioInterface : Disabling audio playback
2023-07-12 22:23:25,347 : mpfmc : Loop rate 74.37 Hz
2023-07-12 22:23:25,347 : kivy : Base: Leaving application in progress...
2023-07-12 22:23:25,359 : mpfmc : Stopping...
2023-07-12 22:23:25,359 : EventManager : Event: ======'shutdown'====== Args={}
2023-07-12 22:23:25,359 : mpfmc : Loop rate 74.47 Hz
2023-07-12 22:23:25,359 : kivy : MC run loop ended.
2023-07-12 22:23:25,359 : kivy : Stopping child threads... (2 remaining)
2023-07-12 22:23:26,214 : MPF-MC BCP Server : Stopping BCP sending thread
2023-07-12 22:23:26,264 : kivy : All child threads stopped.
