2023-07-16 23:42:42,470 : INFO : root : Loading config.
2023-07-16 23:42:42,473 : INFO : YamlMultifileConfigLoader : Machine config file #1: config.yaml
2023-07-16 23:42:42,474 : WARNING : ConfigProcessor : Config file in cache changed: D:\MPF\springbreak\config\config.yaml
2023-07-16 23:42:42,474 : INFO : ConfigProcessor : Loading config from file C:\Users\warzz\AppData\Local\Programs\Python\Python39\lib\site-packages\mpf\mpfconfig.yaml.
2023-07-16 23:42:42,529 : INFO : ConfigProcessor : Loading config: C:\Users\warzz\AppData\Local\Programs\Python\Python39\lib\site-packages\mpf\mpfconfig.yaml
2023-07-16 23:42:42,529 : INFO : ConfigProcessor : Loading config from file D:\MPF\springbreak\config\config.yaml.
2023-07-16 23:42:42,537 : INFO : ConfigProcessor : Loading config: D:\MPF\springbreak\config\config.yaml
2023-07-16 23:42:42,542 : INFO : ConfigProcessor : Loading config: D:\MPF\springbreak\config\coils.yaml
2023-07-16 23:42:42,546 : INFO : ConfigProcessor : Loading config: D:\MPF\springbreak\config\switches.yaml
2023-07-16 23:42:42,554 : INFO : ConfigProcessor : Loading config: D:\MPF\springbreak\config\devices.yaml
2023-07-16 23:42:42,557 : INFO : ConfigProcessor : Loading config: D:\MPF\springbreak\config\displays.yaml
2023-07-16 23:42:42,559 : INFO : ConfigProcessor : Loading config: D:\MPF\springbreak\config\keyboard.yaml
2023-07-16 23:42:42,560 : INFO : ConfigProcessor : Config file cache created: C:\Users\warzz\AppData\Local\Temp\999c2299d6c39d2b6f23a88f71ed49fc.mpf_cache
2023-07-16 23:42:42,623 : INFO : ConfigProcessor : Loading config from cache: C:\Users\warzz\AppData\Local\Temp\b77c3901e90ec7d7cc601651512a0021.mpf_cache
2023-07-16 23:42:42,623 : INFO : ConfigProcessor : Loading config from cache: C:\Users\warzz\AppData\Local\Temp\a5b2fce8b210d64acc95275c2c9a2339.mpf_cache
2023-07-16 23:42:42,624 : INFO : Machine : Mission Pinball Framework Core Engine v0.56.0
2023-07-16 23:42:42,624 : INFO : Machine : Command line arguments: {'no_load_cache': False, 'create_config_cache': True, 'bcp': True, 'configfile': ['config.yaml'], 'force_assets_load': False, 'jsonlogging': False, 'logfile': 'logs\\2023-07-16-23-42-42-mpf-DESKTOP-VQ7DOMB.log', 'pause': False, 'production': False, 'text_ui': True, 'loglevel': 15, 'consoleloglevel': 20, 'force_platform': 'smart_virtual', 'syslog_address': None, 'mc_file_name': None, 'no_sound': False}
2023-07-16 23:42:42,624 : INFO : Machine : MPF path: C:\Users\warzz\AppData\Local\Programs\Python\Python39\lib\site-packages\mpf
2023-07-16 23:42:42,624 : INFO : Machine : Machine path: D:\MPF\springbreak
2023-07-16 23:42:42,624 : INFO : Machine : Platform: win32
2023-07-16 23:42:42,624 : INFO : Machine : Python executable location: C:\Users\warzz\AppData\Local\Programs\Python\Python39\python.exe
2023-07-16 23:42:42,624 : INFO : Machine : Python version: 3.9.13 (64-bit)
2023-07-16 23:42:42,625 : INFO : Machine : Initialise MPF.
2023-07-16 23:42:42,781 : INFO : EventManager : Event: ======'machine_var_credits_string'====== Args={'value': 'FREE PLAY', 'prev_value': None, 'change': True}
2023-07-16 23:42:42,821 : INFO : EventManager : Event: ======'machine_var_master_volume'====== Args={'value': 0.5, 'prev_value': None, 'change': True}
2023-07-16 23:42:42,821 : INFO : EventManager : Event: ======'machine_var_player1_score'====== Args={'value': 0, 'prev_value': None, 'change': True}
2023-07-16 23:42:42,821 : INFO : EventManager : Event: ======'machine_var_mpf_version'====== Args={'value': 'MPF v0.56.0', 'prev_value': None, 'change': True}
2023-07-16 23:42:42,821 : INFO : EventManager : Event: ======'machine_var_mpf_extended_version'====== Args={'value': 'MPF v0.56.0, Config version:5, Show version: 5, BCP version:1.1', 'prev_value': None, 'change': True}
2023-07-16 23:42:42,821 : INFO : EventManager : Event: ======'machine_var_python_version'====== Args={'value': '3.9.13', 'prev_value': None, 'change': True}
2023-07-16 23:42:42,829 : INFO : EventManager : Event: ======'machine_var_platform'====== Args={'value': 'Windows-10-10.0.19045-SP0', 'prev_value': None, 'change': True}
2023-07-16 23:42:42,829 : INFO : EventManager : Event: ======'machine_var_platform_system'====== Args={'value': 'Windows', 'prev_value': None, 'change': True}
2023-07-16 23:42:42,829 : INFO : EventManager : Event: ======'machine_var_platform_release'====== Args={'value': '10', 'prev_value': None, 'change': True}
2023-07-16 23:42:42,829 : INFO : EventManager : Event: ======'machine_var_platform_version'====== Args={'value': '10.0.19045', 'prev_value': None, 'change': True}
2023-07-16 23:42:42,829 : INFO : EventManager : Event: ======'machine_var_platform_machine'====== Args={'value': 'AMD64', 'prev_value': None, 'change': True}
2023-07-16 23:42:42,830 : INFO : EventManager : Event: ======'init_phase_1'====== Args={}
2023-07-16 23:42:42,841 : INFO : EventManager : Event: ======'init_phase_2'====== Args={}
2023-07-16 23:42:42,842 : INFO : SwitchController : Found active switch: ('0-0-26', <Platform.SmartVirtual>) <switch.s_trough_1>
2023-07-16 23:42:42,843 : INFO : EventManager : Event: ======'bcp_connection_attempt'====== Args={'name': 'local_display', 'host': 'localhost', 'port': 5050}
2023-07-16 23:42:42,844 : INFO : BCPClientSocket : Connecting BCP to 'local_display' at localhost:5050...
2023-07-16 23:42:44,898 : INFO : BCPClientSocket : Connected BCP to 'local_display' localhost:5050
2023-07-16 23:42:44,899 : INFO : EventManager : Event: ======'bcp_clients_connected'====== Args={}
2023-07-16 23:42:44,903 : INFO : ball_device.bd_drain : BCH: Initial count: 0
2023-07-16 23:42:44,903 : INFO : ball_device.bd_drain : State: idle
2023-07-16 23:42:44,904 : INFO : ball_device.bd_trough : BCH: Initial count: 4
2023-07-16 23:42:44,904 : INFO : ball_device.bd_trough : State: idle
2023-07-16 23:42:44,904 : INFO : ball_device.bd_plunger : BCH: Initial count: 0
2023-07-16 23:42:44,904 : INFO : ball_device.bd_plunger : State: idle
2023-07-16 23:42:44,913 : INFO : EventManager : Event: ======'init_phase_3'====== Args={}
2023-07-16 23:42:44,915 : INFO : EventManager : Event: ======'init_phase_4'====== Args={}
2023-07-16 23:42:44,915 : INFO : BallController : Initial balls found: 4
2023-07-16 23:42:44,916 : INFO : EventManager : Event: ======'machine_var_audits_events_game_ended'====== Args={'value': 1, 'prev_value': None, 'change': True}
2023-07-16 23:42:44,916 : INFO : EventManager : Event: ======'machine_var_audits_events_game_started'====== Args={'value': 6, 'prev_value': None, 'change': True}
2023-07-16 23:42:44,916 : INFO : EventManager : Event: ======'machine_var_audits_player_score'====== Args={'value': {'average': 0.0, 'top': [0], 'total': 1}, 'prev_value': None, 'change': True}
2023-07-16 23:42:44,916 : INFO : EventManager : Event: ======'machine_var_audits_switches_s_drain_detect'====== Args={'value': 9, 'prev_value': None, 'change': True}
2023-07-16 23:42:44,916 : INFO : EventManager : Event: ======'machine_var_audits_switches_s_flipper_left'====== Args={'value': 3, 'prev_value': None, 'change': True}
2023-07-16 23:42:44,916 : INFO : EventManager : Event: ======'machine_var_audits_switches_s_flipper_right'====== Args={'value': 10, 'prev_value': None, 'change': True}
2023-07-16 23:42:44,916 : INFO : EventManager : Event: ======'machine_var_audits_switches_s_plunger_detect'====== Args={'value': 9, 'prev_value': None, 'change': True}
2023-07-16 23:42:44,917 : INFO : EventManager : Event: ======'machine_var_audits_switches_s_plunger_exit'====== Args={'value': 2, 'prev_value': None, 'change': True}
2023-07-16 23:42:44,917 : INFO : EventManager : Event: ======'machine_var_audits_switches_s_popbumper_1'====== Args={'value': 0, 'prev_value': None, 'change': True}
2023-07-16 23:42:44,917 : INFO : EventManager : Event: ======'machine_var_audits_switches_s_popbumper_2'====== Args={'value': 0, 'prev_value': None, 'change': True}
2023-07-16 23:42:44,917 : INFO : EventManager : Event: ======'machine_var_audits_switches_s_popbumper_3'====== Args={'value': 0, 'prev_value': None, 'change': True}
2023-07-16 23:42:44,917 : INFO : EventManager : Event: ======'machine_var_audits_switches_s_slingshot'====== Args={'value': 0, 'prev_value': None, 'change': True}
2023-07-16 23:42:44,917 : INFO : EventManager : Event: ======'machine_var_audits_switches_s_start_button'====== Args={'value': 0, 'prev_value': None, 'change': True}
2023-07-16 23:42:44,917 : INFO : EventManager : Event: ======'machine_var_audits_switches_s_trough_1'====== Args={'value': 7, 'prev_value': None, 'change': True}
2023-07-16 23:42:44,917 : INFO : EventManager : Event: ======'machine_var_audits_switches_s_trough_2'====== Args={'value': 0, 'prev_value': None, 'change': True}
2023-07-16 23:42:44,918 : INFO : EventManager : Event: ======'init_phase_5'====== Args={}
2023-07-16 23:42:44,936 : INFO : EventManager : Event: ======'init_done'====== Args={}
2023-07-16 23:42:44,937 : INFO : EventManager : Event: ======'machine_reset_phase_1'====== Args={}
2023-07-16 23:42:46,457 : INFO : EventManager : Event: ======'machine_var_mc_version'====== Args={'value': 'MPF-MC v0.56.1', 'prev_value': None, 'change': True}
2023-07-16 23:42:46,457 : INFO : EventManager : Event: ======'machine_var_mc_extended_version'====== Args={'value': 'MPF-MC v0.56.1 (config_version=5, BCP v1.1,                      Requires MPF API compatibility v0.56.0 or newer)', 'prev_value': None, 'change': True}
2023-07-16 23:42:46,460 : INFO : EventManager : Event: ======'slide_welcome_slide_removed'====== Args={'_from_bcp': True}
2023-07-16 23:42:46,460 : INFO : EventManager : Event: ======'slide_welcome_slide_created'====== Args={'_from_bcp': True}
2023-07-16 23:42:46,460 : INFO : EventManager : Event: ======'slide_welcome_slide_active'====== Args={'_from_bcp': True}
2023-07-16 23:42:46,461 : INFO : EventManager : Event: ======'machine_reset_phase_2'====== Args={}
2023-07-16 23:42:46,461 : INFO : EventManager : Event: ======'machine_reset_phase_3'====== Args={}
2023-07-16 23:42:46,461 : INFO : EventManager : Event: ======'reset_complete'====== Args={}
2023-07-16 23:42:46,461 : INFO : EventManager : Event: ======'mode_attract_will_start'====== Args={}
2023-07-16 23:42:46,462 : INFO : EventManager : Event: ======'mode_attract_starting'====== Args={}
2023-07-16 23:42:46,462 : INFO : Mode.attract : Started. Priority: 10
2023-07-16 23:42:46,462 : INFO : EventManager : Event: ======'modes_active_modes_changed'====== Args={}
2023-07-16 23:42:46,462 : INFO : EventManager : Event: ======'mode_attract_started'====== Args={}
2023-07-16 23:42:46,462 : INFO : EventManager : Event: ======'collecting_balls_complete'====== Args={}
2023-07-16 23:42:46,477 : INFO : Machine : Starting the main run loop.
2023-07-16 23:42:48,639 : INFO : SwitchController : <<<<<<< 's_start_button' active >>>>>>>
2023-07-16 23:42:48,736 : INFO : SwitchController : <<<<<<< 's_start_button' inactive >>>>>>>
2023-07-16 23:42:48,736 : INFO : EventManager : Event: ======'request_to_start_game'====== Args={}
2023-07-16 23:42:48,736 : INFO : EventManager : Event: ======'game_start'====== Args={'buttons': [], 'hold_time': 0.0940000000409782}
2023-07-16 23:42:48,737 : INFO : EventManager : Event: ======'mode_game_will_start'====== Args={'buttons': [], 'hold_time': 0.0940000000409782}
2023-07-16 23:42:48,737 : INFO : EventManager : Event: ======'mode_game_starting'====== Args={'buttons': [], 'hold_time': 0.0940000000409782}
2023-07-16 23:42:48,737 : INFO : EventManager : Event: ======'mode_attract_will_stop'====== Args={}
2023-07-16 23:42:48,737 : INFO : EventManager : Event: ======'mode_attract_stopping'====== Args={}
2023-07-16 23:42:48,737 : INFO : Mode.attract : Stopped.
2023-07-16 23:42:48,737 : INFO : EventManager : Event: ======'modes_active_modes_changed'====== Args={}
2023-07-16 23:42:48,737 : INFO : EventManager : Event: ======'mode_attract_stopped'====== Args={}
2023-07-16 23:42:48,737 : INFO : EventManager : Event: ======'clear'====== Args={'key': 'attract'}
2023-07-16 23:42:48,737 : INFO : Mode.game : Started. Priority: 20
2023-07-16 23:42:48,737 : INFO : EventManager : Event: ======'modes_active_modes_changed'====== Args={}
2023-07-16 23:42:48,737 : INFO : EventManager : Event: ======'mode_game_started'====== Args={'buttons': [], 'hold_time': 0.0940000000409782}
2023-07-16 23:42:48,741 : INFO : EventManager : Event: ======'game_will_start'====== Args={}
2023-07-16 23:42:48,741 : INFO : EventManager : Event: ======'game_starting'====== Args={'game': <Mode.game>}
2023-07-16 23:42:48,741 : INFO : EventManager : Event: ======'player_add_request'====== Args={}
2023-07-16 23:42:48,741 : INFO : EventManager : Event: ======'player_will_add'====== Args={'number': 1}
2023-07-16 23:42:48,741 : INFO : EventManager : Event: ======'player_adding'====== Args={'player': <Player 1>, 'number': 1}
2023-07-16 23:42:48,741 : INFO : EventManager : Event: ======'player_added'====== Args={'player': <Player 1>, 'num': 1}
2023-07-16 23:42:48,741 : INFO : Mode.game : Player added successfully. Total players: 1
2023-07-16 23:42:48,742 : INFO : EventManager : Event: ======'player_index'====== Args={'value': 0, 'prev_value': 0, 'change': 0, 'player_num': 1}
2023-07-16 23:42:48,742 : INFO : EventManager : Event: ======'player_number'====== Args={'value': 1, 'prev_value': 1, 'change': 0, 'player_num': 1}
2023-07-16 23:42:48,742 : INFO : EventManager : Event: ======'player_score'====== Args={'value': 0, 'prev_value': 0, 'change': 0, 'player_num': 1}
2023-07-16 23:42:48,742 : INFO : EventManager : Event: ======'game_started'====== Args={}
2023-07-16 23:42:48,746 : INFO : EventManager : Event: ======'player_turn_will_start'====== Args={'player': <Player 1>, 'number': 1}
2023-07-16 23:42:48,746 : INFO : EventManager : Event: ======'player_turn_starting'====== Args={'player': <Player 1>, 'number': 1}
2023-07-16 23:42:48,746 : INFO : EventManager : Event: ======'player_ball'====== Args={'value': 1, 'prev_value': 0, 'change': 1, 'player_num': 1}
2023-07-16 23:42:48,749 : INFO : EventManager : Event: ======'player_turn_started'====== Args={'player': <Player 1>, 'number': 1}
2023-07-16 23:42:48,750 : INFO : EventManager : Event: ======'ball_will_start'====== Args={'player': 1, 'ball': 1, 'balls_remaining': 2, 'is_extra_ball': False}
2023-07-16 23:42:48,751 : INFO : EventManager : Event: ======'ball_starting'====== Args={'player': 1, 'ball': 1, 'balls_remaining': 2, 'is_extra_ball': False}
2023-07-16 23:42:48,752 : INFO : EventManager : Event: ======'balls_in_play'====== Args={'balls': 1}
2023-07-16 23:42:48,752 : INFO : EventManager : Event: ======'ball_started'====== Args={'player': 1, 'ball': 1, 'balls_remaining': 2, 'is_extra_ball': False}
2023-07-16 23:42:48,753 : INFO : EventManager : Event: ======'single_player_ball_started'====== Args={}
2023-07-16 23:42:48,753 : INFO : EventManager : Event: ======'ball_start_target'====== Args={'target': 'playfield'}
2023-07-16 23:42:48,753 : INFO : ball_device.bd_plunger : Setting up player-controlled eject. Balls: 1, Target: <playfield.playfield>, player_controlled_eject_event: s_flipper_right_active
2023-07-16 23:42:48,753 : INFO : EventManager : Event: ======'balldevice_balls_available'====== Args={}
2023-07-16 23:42:48,753 : INFO : ball_device.bd_trough : State: waiting_for_target_ready
2023-07-16 23:42:48,753 : INFO : EventManager : Event: ======'balldevice_bd_trough_ball_eject_attempt'====== Args={'balls': 1, 'target': <ball_device.bd_plunger>, 'source': <ball_device.bd_trough>, 'mechanical_eject': True, 'num_attempts': 0}
2023-07-16 23:42:48,753 : INFO : ball_device.bd_plunger : State: waiting_for_ball
2023-07-16 23:42:48,754 : INFO : ball_device.bd_trough : State: ejecting
2023-07-16 23:42:48,754 : INFO : ball_device.bd_trough : Ejecting ball to <ball_device.bd_plunger>
2023-07-16 23:42:48,754 : INFO : EventManager : Event: ======'balldevice_bd_trough_ejecting_ball'====== Args={'balls': 1, 'target': <ball_device.bd_plunger>, 'source': <ball_device.bd_trough>, 'mechanical_eject': True, 'num_attempts': 0}
2023-07-16 23:42:48,754 : INFO : ball_device.bd_trough : Wait for ball to leave device
2023-07-16 23:42:48,754 : INFO : coil.c_trough_eject : Enabling Driver for 1000ms (1.0 pulse_power)
2023-07-16 23:42:48,755 : INFO : SwitchController : <<<<<<< 's_trough_1' inactive >>>>>>>
2023-07-16 23:42:48,782 : INFO : ball_device.bd_trough : State: ball_left
2023-07-16 23:42:48,782 : INFO : ball_device.bd_trough : Ball left
2023-07-16 23:42:48,782 : INFO : ball_device.bd_trough : Wait for confirm with timeout 3.0
2023-07-16 23:42:48,860 : INFO : SwitchController : <<<<<<< 's_plunger_detect' active >>>>>>>
2023-07-16 23:42:48,860 : INFO : EventManager : Event: ======'machine_var_audits_switches_s_plunger_detect'====== Args={'value': 10, 'prev_value': 9, 'change': 1}
2023-07-16 23:42:49,375 : INFO : ball_device.bd_plunger : Received ball from <ball_device.bd_trough>
2023-07-16 23:42:49,375 : INFO : EventManager : Event: ======'balldevice_bd_plunger_ball_enter'====== Args={'new_balls': 1, 'unclaimed_balls': 0, 'new_available_balls': 0, 'device': <ball_device.bd_plunger>}
2023-07-16 23:42:49,375 : INFO : EventManager : Event: ======'balldevice_bd_plunger_ball_entered'====== Args={'new_balls': 0, 'device': <ball_device.bd_plunger>}
2023-07-16 23:42:49,375 : INFO : EventManager : Event: ======'balldevice_bd_plunger_ball_count_changed'====== Args={'balls': 1}
2023-07-16 23:42:49,375 : INFO : ball_device.bd_trough : Got eject confirm
2023-07-16 23:42:49,375 : INFO : ball_device.bd_trough : Eject successful
2023-07-16 23:42:49,376 : INFO : EventManager : Event: ======'balldevice_bd_trough_ball_eject_success'====== Args={'balls': 1, 'target': <ball_device.bd_plunger>}
2023-07-16 23:42:49,376 : INFO : ball_device.bd_plunger : State: waiting_for_target_ready
2023-07-16 23:42:49,376 : INFO : EventManager : Event: ======'balldevice_bd_plunger_ball_eject_attempt'====== Args={'balls': 1, 'target': <playfield.playfield>, 'source': <ball_device.bd_plunger>, 'mechanical_eject': True, 'num_attempts': 0}
2023-07-16 23:42:49,376 : INFO : EventManager : Event: ======'balldevice_bd_trough_ball_count_changed'====== Args={'balls': 3}
2023-07-16 23:42:49,376 : INFO : ball_device.bd_trough : State: idle
2023-07-16 23:42:49,376 : INFO : ball_device.bd_plunger : State: ejecting
2023-07-16 23:42:49,376 : INFO : ball_device.bd_plunger : Ejecting ball to <playfield.playfield>
2023-07-16 23:42:49,376 : INFO : EventManager : Event: ======'balldevice_bd_plunger_ejecting_ball'====== Args={'balls': 1, 'target': <playfield.playfield>, 'source': <ball_device.bd_plunger>, 'mechanical_eject': True, 'num_attempts': 0}
2023-07-16 23:42:49,376 : INFO : ball_device.bd_plunger : Wait for ball to leave device
2023-07-16 23:42:49,760 : INFO : coil.c_trough_eject : Disabling Driver
2023-07-16 23:42:50,735 : INFO : SwitchController : <<<<<<< 's_flipper_right' active >>>>>>>
2023-07-16 23:42:50,735 : INFO : EventManager : Event: ======'s_flipper_right_active'====== Args={}
2023-07-16 23:42:50,735 : INFO : EventManager : Event: ======'machine_var_audits_switches_s_flipper_right'====== Args={'value': 11, 'prev_value': 10, 'change': 1}
2023-07-16 23:42:50,813 : INFO : coil.c_plunger : Pulsing Driver for 20ms (1.0 pulse_power)
2023-07-16 23:42:50,813 : INFO : SwitchController : <<<<<<< 's_plunger_detect' inactive >>>>>>>
2023-07-16 23:42:50,815 : INFO : ball_device.bd_plunger : State: ball_left
2023-07-16 23:42:50,816 : INFO : ball_device.bd_plunger : Ball left
2023-07-16 23:42:50,816 : INFO : ball_device.bd_plunger : Wait for confirm with timeout 10.0
2023-07-16 23:42:50,887 : INFO : SwitchController : <<<<<<< 's_flipper_right' inactive >>>>>>>
2023-07-16 23:43:00,818 : INFO : ball_device.bd_plunger : State: failed_confirm
2023-07-16 23:43:00,818 : INFO : ball_device.bd_plunger : Got timeout (10.0s) before confirm from <playfield.playfield>
2023-07-16 23:43:00,926 : INFO : ball_device.bd_plunger : Confirming eject because target is playfield and ball did not return.
2023-07-16 23:43:00,926 : INFO : ball_device.bd_plunger : Eject successful
2023-07-16 23:43:00,926 : INFO : EventManager : Event: ======'balldevice_bd_plunger_ball_eject_success'====== Args={'balls': 1, 'target': <playfield.playfield>}
2023-07-16 23:43:00,926 : INFO : EventManager : Event: ======'balldevice_playfield_ball_enter'====== Args={'new_balls': 1, 'unclaimed_balls': 1, 'device': <playfield.playfield>}
2023-07-16 23:43:00,926 : INFO : EventManager : Event: ======'playfield_ball_count_change'====== Args={'balls': 1, 'change': 1}
2023-07-16 23:43:00,926 : INFO : EventManager : Event: ======'balldevice_bd_plunger_ball_count_changed'====== Args={'balls': 0}
2023-07-16 23:43:00,926 : INFO : ball_device.bd_plunger : State: idle
2023-07-16 23:43:06,421 : INFO : SwitchController : <<<<<<< 's_drain_detect' active >>>>>>>
2023-07-16 23:43:06,421 : INFO : EventManager : Event: ======'machine_var_audits_switches_s_drain_detect'====== Args={'value': 10, 'prev_value': 9, 'change': 1}
2023-07-16 23:43:06,545 : INFO : SwitchController : <<<<<<< 's_drain_detect' inactive >>>>>>>
2023-07-16 23:43:07,538 : INFO : SwitchController : <<<<<<< 's_drain_detect' active >>>>>>>
2023-07-16 23:43:07,538 : INFO : EventManager : Event: ======'machine_var_audits_switches_s_drain_detect'====== Args={'value': 11, 'prev_value': 10, 'change': 1}
2023-07-16 23:43:08,040 : INFO : EventManager : Event: ======'balldevice_bd_drain_ball_count_changed'====== Args={'balls': 1}
2023-07-16 23:43:08,040 : INFO : ball_device.bd_drain : Received unexpected ball
2023-07-16 23:43:08,040 : INFO : EventManager : Event: ======'balldevice_captured_from_playfield'====== Args={'balls': 1}
2023-07-16 23:43:08,040 : INFO : EventManager : Event: ======'sw_playfield_active'====== Args={'balls': 1}
2023-07-16 23:43:08,040 : INFO : EventManager : Event: ======'playfield_ball_count_change'====== Args={'balls': 0, 'change': -1}
2023-07-16 23:43:08,041 : INFO : EventManager : Event: ======'balldevice_bd_drain_ball_enter'====== Args={'new_balls': 1, 'unclaimed_balls': 1, 'new_available_balls': 1, 'device': <ball_device.bd_drain>}
2023-07-16 23:43:08,041 : INFO : EventManager : Event: ======'ball_drain'====== Args={'device': <ball_device.bd_drain>, 'balls': 1}
2023-07-16 23:43:08,041 : INFO : EventManager : Event: ======'ball_will_end'====== Args={}
2023-07-16 23:43:08,041 : INFO : EventManager : Event: ======'balldevice_balls_available'====== Args={}
2023-07-16 23:43:08,041 : INFO : EventManager : Event: ======'balldevice_balls_available'====== Args={}
2023-07-16 23:43:08,041 : INFO : EventManager : Event: ======'balldevice_bd_drain_ball_entered'====== Args={'new_balls': 1, 'device': <ball_device.bd_drain>}
2023-07-16 23:43:08,041 : INFO : EventManager : Event: ======'ball_ending'====== Args={}
2023-07-16 23:43:08,041 : INFO : EventManager : Event: ======'ball_ended'====== Args={}
2023-07-16 23:43:08,042 : INFO : EventManager : Event: ======'player_turn_will_end'====== Args={'player': <Player 1>, 'number': 1}
2023-07-16 23:43:08,042 : INFO : ball_device.bd_drain : State: waiting_for_target_ready
2023-07-16 23:43:08,042 : INFO : EventManager : Event: ======'balldevice_bd_drain_ball_eject_attempt'====== Args={'balls': 1, 'target': <ball_device.bd_trough>, 'source': <ball_device.bd_drain>, 'mechanical_eject': False, 'num_attempts': 0}
2023-07-16 23:43:08,044 : INFO : ball_device.bd_drain : State: ejecting
2023-07-16 23:43:08,044 : INFO : ball_device.bd_drain : Ejecting ball to <ball_device.bd_trough>
2023-07-16 23:43:08,044 : INFO : EventManager : Event: ======'balldevice_bd_drain_ejecting_ball'====== Args={'balls': 1, 'target': <ball_device.bd_trough>, 'source': <ball_device.bd_drain>, 'mechanical_eject': False, 'num_attempts': 0}
2023-07-16 23:43:08,044 : INFO : EventManager : Event: ======'player_turn_ending'====== Args={'player': <Player 1>, 'number': 1}
2023-07-16 23:43:08,044 : INFO : EventManager : Event: ======'player_turn_ended'====== Args={'player': <Player 1>, 'number': 1}
2023-07-16 23:43:08,044 : INFO : EventManager : Event: ======'player_turn_will_start'====== Args={'player': <Player 1>, 'number': 1}
2023-07-16 23:43:08,044 : INFO : ball_device.bd_drain : Wait for ball to leave device
2023-07-16 23:43:08,045 : INFO : coil.c_drain_kicker : Pulsing Driver for 20ms (1.0 pulse_power)
2023-07-16 23:43:08,045 : INFO : SwitchController : <<<<<<< 's_drain_detect' inactive >>>>>>>
2023-07-16 23:43:08,047 : INFO : EventManager : Event: ======'player_turn_starting'====== Args={'player': <Player 1>, 'number': 1}
2023-07-16 23:43:08,048 : INFO : EventManager : Event: ======'player_ball'====== Args={'value': 2, 'prev_value': 1, 'change': 1, 'player_num': 1}
2023-07-16 23:43:08,048 : INFO : EventManager : Event: ======'player_turn_started'====== Args={'player': <Player 1>, 'number': 1}
2023-07-16 23:43:08,048 : INFO : EventManager : Event: ======'ball_will_start'====== Args={'player': 1, 'ball': 2, 'balls_remaining': 1, 'is_extra_ball': False}
2023-07-16 23:43:08,048 : INFO : ball_device.bd_drain : State: ball_left
2023-07-16 23:43:08,048 : INFO : ball_device.bd_drain : Ball left
2023-07-16 23:43:08,049 : INFO : ball_device.bd_drain : Wait for confirm with timeout 10.0
2023-07-16 23:43:08,050 : INFO : EventManager : Event: ======'ball_starting'====== Args={'player': 1, 'ball': 2, 'balls_remaining': 1, 'is_extra_ball': False}
2023-07-16 23:43:08,050 : INFO : EventManager : Event: ======'balls_in_play'====== Args={'balls': 1}
2023-07-16 23:43:08,050 : INFO : EventManager : Event: ======'ball_started'====== Args={'player': 1, 'ball': 2, 'balls_remaining': 1, 'is_extra_ball': False}
2023-07-16 23:43:08,051 : INFO : EventManager : Event: ======'single_player_ball_started'====== Args={}
2023-07-16 23:43:08,051 : INFO : EventManager : Event: ======'ball_start_target'====== Args={'target': 'playfield'}
2023-07-16 23:43:08,051 : INFO : ball_device.bd_plunger : Setting up player-controlled eject. Balls: 1, Target: <playfield.playfield>, player_controlled_eject_event: s_flipper_right_active
2023-07-16 23:43:08,051 : INFO : EventManager : Event: ======'balldevice_balls_available'====== Args={}
2023-07-16 23:43:08,052 : INFO : ball_device.bd_trough : State: waiting_for_target_ready
2023-07-16 23:43:08,052 : INFO : EventManager : Event: ======'balldevice_bd_trough_ball_eject_attempt'====== Args={'balls': 1, 'target': <ball_device.bd_plunger>, 'source': <ball_device.bd_trough>, 'mechanical_eject': True, 'num_attempts': 0}
2023-07-16 23:43:08,052 : INFO : ball_device.bd_plunger : State: waiting_for_ball
2023-07-16 23:43:08,052 : INFO : ball_device.bd_trough : State: ejecting
2023-07-16 23:43:08,052 : INFO : ball_device.bd_trough : Ejecting ball to <ball_device.bd_plunger>
2023-07-16 23:43:08,052 : INFO : EventManager : Event: ======'balldevice_bd_trough_ejecting_ball'====== Args={'balls': 1, 'target': <ball_device.bd_plunger>, 'source': <ball_device.bd_trough>, 'mechanical_eject': True, 'num_attempts': 0}
2023-07-16 23:43:08,052 : INFO : ball_device.bd_trough : Wait for ball to leave device
2023-07-16 23:43:08,071 : INFO : ball_device.bd_trough : State: ball_left
2023-07-16 23:43:08,071 : INFO : ball_device.bd_trough : Ball left
2023-07-16 23:43:08,071 : INFO : ball_device.bd_trough : Wait for confirm with timeout 3.0
2023-07-16 23:43:08,132 : INFO : coil.c_trough_eject : Enabling Driver for 1000ms (1.0 pulse_power)
2023-07-16 23:43:08,164 : INFO : SwitchController : <<<<<<< 's_trough_1' active >>>>>>>
2023-07-16 23:43:08,164 : INFO : EventManager : Event: ======'machine_var_audits_switches_s_trough_1'====== Args={'value': 8, 'prev_value': 7, 'change': 1}
2023-07-16 23:43:08,164 : INFO : SwitchController : <<<<<<< 's_trough_1' inactive >>>>>>>
2023-07-16 23:43:08,164 : INFO : ball_device.bd_trough : Received ball from <ball_device.bd_drain>
2023-07-16 23:43:08,164 : INFO : EventManager : Event: ======'balldevice_bd_trough_ball_enter'====== Args={'new_balls': 1, 'unclaimed_balls': 0, 'new_available_balls': 0, 'device': <ball_device.bd_trough>}
2023-07-16 23:43:08,166 : INFO : EventManager : Event: ======'ball_drain'====== Args={'device': <ball_device.bd_trough>, 'balls': 0}
2023-07-16 23:43:08,166 : INFO : EventManager : Event: ======'balldevice_bd_trough_ball_entered'====== Args={'new_balls': 0, 'device': <ball_device.bd_trough>}
2023-07-16 23:43:08,166 : INFO : EventManager : Event: ======'balldevice_bd_trough_ball_count_changed'====== Args={'balls': 4}
2023-07-16 23:43:08,166 : INFO : ball_device.bd_drain : Got eject confirm
2023-07-16 23:43:08,166 : INFO : ball_device.bd_drain : Eject successful
2023-07-16 23:43:08,166 : INFO : EventManager : Event: ======'balldevice_bd_drain_ball_eject_success'====== Args={'balls': 1, 'target': <ball_device.bd_trough>}
2023-07-16 23:43:08,166 : INFO : EventManager : Event: ======'balldevice_bd_drain_ball_count_changed'====== Args={'balls': 0}
2023-07-16 23:43:08,166 : INFO : ball_device.bd_drain : State: idle
2023-07-16 23:43:08,241 : INFO : SwitchController : <<<<<<< 's_plunger_detect' active >>>>>>>
2023-07-16 23:43:08,241 : INFO : EventManager : Event: ======'machine_var_audits_switches_s_plunger_detect'====== Args={'value': 11, 'prev_value': 10, 'change': 1}
2023-07-16 23:43:08,554 : WARNING : SwitchController : Received duplicate switch state 0 for switch s_drain_detect from the platform interface. Log Code: Log-SwitchController-1 (https://docs.missionpinball.org/en/0.56/logs/Log-SwitchController-1.html)
2023-07-16 23:43:08,738 : INFO : ball_device.bd_plunger : Received ball from <ball_device.bd_trough>
2023-07-16 23:43:08,738 : INFO : EventManager : Event: ======'balldevice_bd_plunger_ball_enter'====== Args={'new_balls': 1, 'unclaimed_balls': 0, 'new_available_balls': 0, 'device': <ball_device.bd_plunger>}
2023-07-16 23:43:08,738 : INFO : EventManager : Event: ======'balldevice_bd_plunger_ball_entered'====== Args={'new_balls': 0, 'device': <ball_device.bd_plunger>}
2023-07-16 23:43:08,738 : INFO : EventManager : Event: ======'balldevice_bd_plunger_ball_count_changed'====== Args={'balls': 1}
2023-07-16 23:43:08,738 : INFO : ball_device.bd_trough : Got eject confirm
2023-07-16 23:43:08,738 : INFO : ball_device.bd_trough : Eject successful
2023-07-16 23:43:08,738 : INFO : EventManager : Event: ======'balldevice_bd_trough_ball_eject_success'====== Args={'balls': 1, 'target': <ball_device.bd_plunger>}
2023-07-16 23:43:08,739 : INFO : ball_device.bd_plunger : State: waiting_for_target_ready
2023-07-16 23:43:08,739 : INFO : EventManager : Event: ======'balldevice_bd_plunger_ball_eject_attempt'====== Args={'balls': 1, 'target': <playfield.playfield>, 'source': <ball_device.bd_plunger>, 'mechanical_eject': True, 'num_attempts': 0}
2023-07-16 23:43:08,739 : INFO : EventManager : Event: ======'balldevice_bd_trough_ball_count_changed'====== Args={'balls': 3}
2023-07-16 23:43:08,739 : INFO : ball_device.bd_trough : State: idle
2023-07-16 23:43:08,739 : INFO : ball_device.bd_plunger : State: ejecting
2023-07-16 23:43:08,739 : INFO : ball_device.bd_plunger : Ejecting ball to <playfield.playfield>
2023-07-16 23:43:08,739 : INFO : EventManager : Event: ======'balldevice_bd_plunger_ejecting_ball'====== Args={'balls': 1, 'target': <playfield.playfield>, 'source': <ball_device.bd_plunger>, 'mechanical_eject': True, 'num_attempts': 0}
2023-07-16 23:43:08,739 : INFO : ball_device.bd_plunger : Wait for ball to leave device
2023-07-16 23:43:09,140 : INFO : coil.c_trough_eject : Disabling Driver
2023-07-16 23:43:11,376 : INFO : SwitchController : <<<<<<< 's_flipper_right' active >>>>>>>
2023-07-16 23:43:11,376 : INFO : EventManager : Event: ======'s_flipper_right_active'====== Args={}
2023-07-16 23:43:11,376 : INFO : EventManager : Event: ======'machine_var_audits_switches_s_flipper_right'====== Args={'value': 12, 'prev_value': 11, 'change': 1}
2023-07-16 23:43:11,445 : INFO : coil.c_plunger : Pulsing Driver for 20ms (1.0 pulse_power)
2023-07-16 23:43:11,445 : INFO : SwitchController : <<<<<<< 's_plunger_detect' inactive >>>>>>>
2023-07-16 23:43:11,448 : INFO : ball_device.bd_plunger : State: ball_left
2023-07-16 23:43:11,448 : INFO : ball_device.bd_plunger : Ball left
2023-07-16 23:43:11,448 : INFO : ball_device.bd_plunger : Wait for confirm with timeout 10.0
2023-07-16 23:43:11,527 : INFO : SwitchController : <<<<<<< 's_flipper_right' inactive >>>>>>>
2023-07-16 23:43:12,081 : INFO : SwitchController : <<<<<<< 's_plunger_exit' active >>>>>>>
2023-07-16 23:43:12,081 : INFO : EventManager : Event: ======'sw_playfield_active'====== Args={}
2023-07-16 23:43:12,081 : INFO : EventManager : Event: ======'machine_var_audits_switches_s_plunger_exit'====== Args={'value': 3, 'prev_value': 2, 'change': 1}
2023-07-16 23:43:12,082 : INFO : EventManager : Event: ======'playfield_active'====== Args={}
2023-07-16 23:43:12,085 : INFO : ball_device.bd_plunger : Got eject confirm
2023-07-16 23:43:12,085 : INFO : ball_device.bd_plunger : Eject successful
2023-07-16 23:43:12,085 : INFO : EventManager : Event: ======'balldevice_bd_plunger_ball_eject_success'====== Args={'balls': 1, 'target': <playfield.playfield>}
2023-07-16 23:43:12,085 : INFO : EventManager : Event: ======'balldevice_playfield_ball_enter'====== Args={'new_balls': 1, 'unclaimed_balls': 1, 'device': <playfield.playfield>}
2023-07-16 23:43:12,085 : INFO : EventManager : Event: ======'playfield_ball_count_change'====== Args={'balls': 1, 'change': 1}
2023-07-16 23:43:12,085 : INFO : EventManager : Event: ======'balldevice_bd_plunger_ball_count_changed'====== Args={'balls': 0}
2023-07-16 23:43:12,085 : INFO : ball_device.bd_plunger : State: idle
2023-07-16 23:43:12,218 : INFO : SwitchController : <<<<<<< 's_plunger_exit' inactive >>>>>>>
2023-07-16 23:43:13,986 : INFO : SwitchController : <<<<<<< 's_drain_detect' active >>>>>>>
2023-07-16 23:43:13,986 : INFO : EventManager : Event: ======'machine_var_audits_switches_s_drain_detect'====== Args={'value': 12, 'prev_value': 11, 'change': 1}
2023-07-16 23:43:14,496 : INFO : EventManager : Event: ======'balldevice_bd_drain_ball_count_changed'====== Args={'balls': 1}
2023-07-16 23:43:14,496 : INFO : ball_device.bd_drain : Received unexpected ball
2023-07-16 23:43:14,496 : INFO : EventManager : Event: ======'balldevice_captured_from_playfield'====== Args={'balls': 1}
2023-07-16 23:43:14,496 : INFO : EventManager : Event: ======'sw_playfield_active'====== Args={'balls': 1}
2023-07-16 23:43:14,496 : INFO : EventManager : Event: ======'playfield_ball_count_change'====== Args={'balls': 0, 'change': -1}
2023-07-16 23:43:14,496 : INFO : EventManager : Event: ======'balldevice_bd_drain_ball_enter'====== Args={'new_balls': 1, 'unclaimed_balls': 1, 'new_available_balls': 1, 'device': <ball_device.bd_drain>}
2023-07-16 23:43:14,496 : INFO : EventManager : Event: ======'ball_drain'====== Args={'device': <ball_device.bd_drain>, 'balls': 1}
2023-07-16 23:43:14,497 : INFO : EventManager : Event: ======'ball_will_end'====== Args={}
2023-07-16 23:43:14,497 : INFO : EventManager : Event: ======'balldevice_balls_available'====== Args={}
2023-07-16 23:43:14,497 : INFO : EventManager : Event: ======'balldevice_balls_available'====== Args={}
2023-07-16 23:43:14,497 : INFO : EventManager : Event: ======'balldevice_bd_drain_ball_entered'====== Args={'new_balls': 1, 'device': <ball_device.bd_drain>}
2023-07-16 23:43:14,497 : INFO : EventManager : Event: ======'ball_ending'====== Args={}
2023-07-16 23:43:14,497 : INFO : EventManager : Event: ======'ball_ended'====== Args={}
2023-07-16 23:43:14,498 : INFO : EventManager : Event: ======'player_turn_will_end'====== Args={'player': <Player 1>, 'number': 1}
2023-07-16 23:43:14,498 : INFO : ball_device.bd_drain : State: waiting_for_target_ready
2023-07-16 23:43:14,498 : INFO : EventManager : Event: ======'balldevice_bd_drain_ball_eject_attempt'====== Args={'balls': 1, 'target': <ball_device.bd_trough>, 'source': <ball_device.bd_drain>, 'mechanical_eject': False, 'num_attempts': 0}
2023-07-16 23:43:14,499 : INFO : ball_device.bd_drain : State: ejecting
2023-07-16 23:43:14,499 : INFO : ball_device.bd_drain : Ejecting ball to <ball_device.bd_trough>
2023-07-16 23:43:14,499 : INFO : EventManager : Event: ======'balldevice_bd_drain_ejecting_ball'====== Args={'balls': 1, 'target': <ball_device.bd_trough>, 'source': <ball_device.bd_drain>, 'mechanical_eject': False, 'num_attempts': 0}
2023-07-16 23:43:14,499 : INFO : EventManager : Event: ======'player_turn_ending'====== Args={'player': <Player 1>, 'number': 1}
2023-07-16 23:43:14,499 : INFO : EventManager : Event: ======'player_turn_ended'====== Args={'player': <Player 1>, 'number': 1}
2023-07-16 23:43:14,500 : INFO : EventManager : Event: ======'player_turn_will_start'====== Args={'player': <Player 1>, 'number': 1}
2023-07-16 23:43:14,500 : INFO : ball_device.bd_drain : Wait for ball to leave device
2023-07-16 23:43:14,500 : INFO : coil.c_drain_kicker : Pulsing Driver for 20ms (1.0 pulse_power)
2023-07-16 23:43:14,500 : INFO : SwitchController : <<<<<<< 's_drain_detect' inactive >>>>>>>
2023-07-16 23:43:14,502 : INFO : EventManager : Event: ======'player_turn_starting'====== Args={'player': <Player 1>, 'number': 1}
2023-07-16 23:43:14,502 : INFO : EventManager : Event: ======'player_ball'====== Args={'value': 3, 'prev_value': 2, 'change': 1, 'player_num': 1}
2023-07-16 23:43:14,503 : INFO : EventManager : Event: ======'player_turn_started'====== Args={'player': <Player 1>, 'number': 1}
2023-07-16 23:43:14,503 : INFO : EventManager : Event: ======'ball_will_start'====== Args={'player': 1, 'ball': 3, 'balls_remaining': 0, 'is_extra_ball': False}
2023-07-16 23:43:14,503 : INFO : ball_device.bd_drain : State: ball_left
2023-07-16 23:43:14,503 : INFO : ball_device.bd_drain : Ball left
2023-07-16 23:43:14,503 : INFO : ball_device.bd_drain : Wait for confirm with timeout 10.0
2023-07-16 23:43:14,505 : INFO : EventManager : Event: ======'ball_starting'====== Args={'player': 1, 'ball': 3, 'balls_remaining': 0, 'is_extra_ball': False}
2023-07-16 23:43:14,505 : INFO : EventManager : Event: ======'balls_in_play'====== Args={'balls': 1}
2023-07-16 23:43:14,505 : INFO : EventManager : Event: ======'ball_started'====== Args={'player': 1, 'ball': 3, 'balls_remaining': 0, 'is_extra_ball': False}
2023-07-16 23:43:14,505 : INFO : EventManager : Event: ======'single_player_ball_started'====== Args={}
2023-07-16 23:43:14,505 : INFO : EventManager : Event: ======'ball_start_target'====== Args={'target': 'playfield'}
2023-07-16 23:43:14,505 : INFO : ball_device.bd_plunger : Setting up player-controlled eject. Balls: 1, Target: <playfield.playfield>, player_controlled_eject_event: s_flipper_right_active
2023-07-16 23:43:14,506 : INFO : EventManager : Event: ======'balldevice_balls_available'====== Args={}
2023-07-16 23:43:14,506 : INFO : ball_device.bd_trough : State: waiting_for_target_ready
2023-07-16 23:43:14,506 : INFO : EventManager : Event: ======'balldevice_bd_trough_ball_eject_attempt'====== Args={'balls': 1, 'target': <ball_device.bd_plunger>, 'source': <ball_device.bd_trough>, 'mechanical_eject': True, 'num_attempts': 0}
2023-07-16 23:43:14,506 : INFO : ball_device.bd_plunger : State: waiting_for_ball
2023-07-16 23:43:14,506 : INFO : ball_device.bd_trough : State: ejecting
2023-07-16 23:43:14,506 : INFO : ball_device.bd_trough : Ejecting ball to <ball_device.bd_plunger>
2023-07-16 23:43:14,506 : INFO : EventManager : Event: ======'balldevice_bd_trough_ejecting_ball'====== Args={'balls': 1, 'target': <ball_device.bd_plunger>, 'source': <ball_device.bd_trough>, 'mechanical_eject': True, 'num_attempts': 0}
2023-07-16 23:43:14,507 : INFO : ball_device.bd_trough : Wait for ball to leave device
2023-07-16 23:43:14,528 : INFO : ball_device.bd_trough : State: ball_left
2023-07-16 23:43:14,528 : INFO : ball_device.bd_trough : Ball left
2023-07-16 23:43:14,528 : INFO : ball_device.bd_trough : Wait for confirm with timeout 3.0
2023-07-16 23:43:14,573 : INFO : coil.c_trough_eject : Enabling Driver for 1000ms (1.0 pulse_power)
2023-07-16 23:43:14,604 : INFO : SwitchController : <<<<<<< 's_trough_1' active >>>>>>>
2023-07-16 23:43:14,604 : INFO : EventManager : Event: ======'machine_var_audits_switches_s_trough_1'====== Args={'value': 9, 'prev_value': 8, 'change': 1}
2023-07-16 23:43:14,604 : INFO : SwitchController : <<<<<<< 's_trough_1' inactive >>>>>>>
2023-07-16 23:43:14,604 : INFO : ball_device.bd_trough : Received ball from <ball_device.bd_drain>
2023-07-16 23:43:14,605 : INFO : EventManager : Event: ======'balldevice_bd_trough_ball_enter'====== Args={'new_balls': 1, 'unclaimed_balls': 0, 'new_available_balls': 0, 'device': <ball_device.bd_trough>}
2023-07-16 23:43:14,606 : INFO : EventManager : Event: ======'ball_drain'====== Args={'device': <ball_device.bd_trough>, 'balls': 0}
2023-07-16 23:43:14,606 : INFO : EventManager : Event: ======'balldevice_bd_trough_ball_entered'====== Args={'new_balls': 0, 'device': <ball_device.bd_trough>}
2023-07-16 23:43:14,606 : INFO : EventManager : Event: ======'balldevice_bd_trough_ball_count_changed'====== Args={'balls': 4}
2023-07-16 23:43:14,606 : INFO : ball_device.bd_drain : Got eject confirm
2023-07-16 23:43:14,606 : INFO : ball_device.bd_drain : Eject successful
2023-07-16 23:43:14,606 : INFO : EventManager : Event: ======'balldevice_bd_drain_ball_eject_success'====== Args={'balls': 1, 'target': <ball_device.bd_trough>}
2023-07-16 23:43:14,606 : INFO : EventManager : Event: ======'balldevice_bd_drain_ball_count_changed'====== Args={'balls': 0}
2023-07-16 23:43:14,606 : INFO : ball_device.bd_drain : State: idle
2023-07-16 23:43:14,684 : INFO : SwitchController : <<<<<<< 's_plunger_detect' active >>>>>>>
2023-07-16 23:43:14,684 : INFO : EventManager : Event: ======'machine_var_audits_switches_s_plunger_detect'====== Args={'value': 12, 'prev_value': 11, 'change': 1}
2023-07-16 23:43:15,115 : WARNING : SwitchController : Received duplicate switch state 0 for switch s_drain_detect from the platform interface. Log Code: Log-SwitchController-1 (https://docs.missionpinball.org/en/0.56/logs/Log-SwitchController-1.html)
2023-07-16 23:43:15,193 : INFO : ball_device.bd_plunger : Received ball from <ball_device.bd_trough>
2023-07-16 23:43:15,193 : INFO : EventManager : Event: ======'balldevice_bd_plunger_ball_enter'====== Args={'new_balls': 1, 'unclaimed_balls': 0, 'new_available_balls': 0, 'device': <ball_device.bd_plunger>}
2023-07-16 23:43:15,193 : INFO : EventManager : Event: ======'balldevice_bd_plunger_ball_entered'====== Args={'new_balls': 0, 'device': <ball_device.bd_plunger>}
2023-07-16 23:43:15,193 : INFO : EventManager : Event: ======'balldevice_bd_plunger_ball_count_changed'====== Args={'balls': 1}
2023-07-16 23:43:15,193 : INFO : ball_device.bd_trough : Got eject confirm
2023-07-16 23:43:15,193 : INFO : ball_device.bd_trough : Eject successful
2023-07-16 23:43:15,193 : INFO : EventManager : Event: ======'balldevice_bd_trough_ball_eject_success'====== Args={'balls': 1, 'target': <ball_device.bd_plunger>}
2023-07-16 23:43:15,193 : INFO : ball_device.bd_plunger : State: waiting_for_target_ready
2023-07-16 23:43:15,193 : INFO : EventManager : Event: ======'balldevice_bd_plunger_ball_eject_attempt'====== Args={'balls': 1, 'target': <playfield.playfield>, 'source': <ball_device.bd_plunger>, 'mechanical_eject': True, 'num_attempts': 0}
2023-07-16 23:43:15,194 : INFO : EventManager : Event: ======'balldevice_bd_trough_ball_count_changed'====== Args={'balls': 3}
2023-07-16 23:43:15,194 : INFO : ball_device.bd_trough : State: idle
2023-07-16 23:43:15,194 : INFO : ball_device.bd_plunger : State: ejecting
2023-07-16 23:43:15,194 : INFO : ball_device.bd_plunger : Ejecting ball to <playfield.playfield>
2023-07-16 23:43:15,194 : INFO : EventManager : Event: ======'balldevice_bd_plunger_ejecting_ball'====== Args={'balls': 1, 'target': <playfield.playfield>, 'source': <ball_device.bd_plunger>, 'mechanical_eject': True, 'num_attempts': 0}
2023-07-16 23:43:15,194 : INFO : ball_device.bd_plunger : Wait for ball to leave device
2023-07-16 23:43:15,598 : INFO : coil.c_trough_eject : Disabling Driver
2023-07-16 23:43:16,459 : INFO : SwitchController : <<<<<<< 's_flipper_right' active >>>>>>>
2023-07-16 23:43:16,459 : INFO : EventManager : Event: ======'s_flipper_right_active'====== Args={}
2023-07-16 23:43:16,459 : INFO : EventManager : Event: ======'machine_var_audits_switches_s_flipper_right'====== Args={'value': 13, 'prev_value': 12, 'change': 1}
2023-07-16 23:43:16,516 : INFO : coil.c_plunger : Pulsing Driver for 20ms (1.0 pulse_power)
2023-07-16 23:43:16,516 : INFO : SwitchController : <<<<<<< 's_plunger_detect' inactive >>>>>>>
2023-07-16 23:43:16,519 : INFO : ball_device.bd_plunger : State: ball_left
2023-07-16 23:43:16,519 : INFO : ball_device.bd_plunger : Ball left
2023-07-16 23:43:16,519 : INFO : ball_device.bd_plunger : Wait for confirm with timeout 10.0
2023-07-16 23:43:16,607 : INFO : SwitchController : <<<<<<< 's_flipper_right' inactive >>>>>>>
2023-07-16 23:43:17,120 : INFO : SwitchController : <<<<<<< 's_plunger_exit' active >>>>>>>
2023-07-16 23:43:17,120 : INFO : EventManager : Event: ======'sw_playfield_active'====== Args={}
2023-07-16 23:43:17,120 : INFO : EventManager : Event: ======'machine_var_audits_switches_s_plunger_exit'====== Args={'value': 4, 'prev_value': 3, 'change': 1}
2023-07-16 23:43:17,121 : INFO : EventManager : Event: ======'playfield_active'====== Args={}
2023-07-16 23:43:17,124 : INFO : ball_device.bd_plunger : Got eject confirm
2023-07-16 23:43:17,124 : INFO : ball_device.bd_plunger : Eject successful
2023-07-16 23:43:17,124 : INFO : EventManager : Event: ======'balldevice_bd_plunger_ball_eject_success'====== Args={'balls': 1, 'target': <playfield.playfield>}
2023-07-16 23:43:17,124 : INFO : EventManager : Event: ======'balldevice_playfield_ball_enter'====== Args={'new_balls': 1, 'unclaimed_balls': 1, 'device': <playfield.playfield>}
2023-07-16 23:43:17,124 : INFO : EventManager : Event: ======'playfield_ball_count_change'====== Args={'balls': 1, 'change': 1}
2023-07-16 23:43:17,124 : INFO : EventManager : Event: ======'balldevice_bd_plunger_ball_count_changed'====== Args={'balls': 0}
2023-07-16 23:43:17,125 : INFO : ball_device.bd_plunger : State: idle
2023-07-16 23:43:17,944 : INFO : SwitchController : <<<<<<< 's_plunger_exit' inactive >>>>>>>
2023-07-16 23:43:18,895 : INFO : SwitchController : <<<<<<< 's_drain_detect' active >>>>>>>
2023-07-16 23:43:18,895 : INFO : EventManager : Event: ======'machine_var_audits_switches_s_drain_detect'====== Args={'value': 13, 'prev_value': 12, 'change': 1}
2023-07-16 23:43:19,405 : INFO : EventManager : Event: ======'balldevice_bd_drain_ball_count_changed'====== Args={'balls': 1}
2023-07-16 23:43:19,405 : INFO : ball_device.bd_drain : Received unexpected ball
2023-07-16 23:43:19,405 : INFO : EventManager : Event: ======'balldevice_captured_from_playfield'====== Args={'balls': 1}
2023-07-16 23:43:19,405 : INFO : EventManager : Event: ======'sw_playfield_active'====== Args={'balls': 1}
2023-07-16 23:43:19,405 : INFO : EventManager : Event: ======'playfield_ball_count_change'====== Args={'balls': 0, 'change': -1}
2023-07-16 23:43:19,406 : INFO : EventManager : Event: ======'balldevice_bd_drain_ball_enter'====== Args={'new_balls': 1, 'unclaimed_balls': 1, 'new_available_balls': 1, 'device': <ball_device.bd_drain>}
2023-07-16 23:43:19,406 : INFO : EventManager : Event: ======'ball_drain'====== Args={'device': <ball_device.bd_drain>, 'balls': 1}
2023-07-16 23:43:19,406 : INFO : EventManager : Event: ======'ball_will_end'====== Args={}
2023-07-16 23:43:19,406 : INFO : EventManager : Event: ======'balldevice_balls_available'====== Args={}
2023-07-16 23:43:19,406 : INFO : EventManager : Event: ======'balldevice_balls_available'====== Args={}
2023-07-16 23:43:19,406 : INFO : EventManager : Event: ======'balldevice_bd_drain_ball_entered'====== Args={'new_balls': 1, 'device': <ball_device.bd_drain>}
2023-07-16 23:43:19,407 : INFO : EventManager : Event: ======'ball_ending'====== Args={}
2023-07-16 23:43:19,407 : INFO : EventManager : Event: ======'ball_ended'====== Args={}
2023-07-16 23:43:19,408 : INFO : EventManager : Event: ======'player_turn_will_end'====== Args={'player': <Player 1>, 'number': 1}
2023-07-16 23:43:19,408 : INFO : ball_device.bd_drain : State: waiting_for_target_ready
2023-07-16 23:43:19,408 : INFO : EventManager : Event: ======'balldevice_bd_drain_ball_eject_attempt'====== Args={'balls': 1, 'target': <ball_device.bd_trough>, 'source': <ball_device.bd_drain>, 'mechanical_eject': False, 'num_attempts': 0}
2023-07-16 23:43:19,410 : INFO : ball_device.bd_drain : State: ejecting
2023-07-16 23:43:19,410 : INFO : ball_device.bd_drain : Ejecting ball to <ball_device.bd_trough>
2023-07-16 23:43:19,410 : INFO : EventManager : Event: ======'balldevice_bd_drain_ejecting_ball'====== Args={'balls': 1, 'target': <ball_device.bd_trough>, 'source': <ball_device.bd_drain>, 'mechanical_eject': False, 'num_attempts': 0}
2023-07-16 23:43:19,410 : INFO : EventManager : Event: ======'player_turn_ending'====== Args={'player': <Player 1>, 'number': 1}
2023-07-16 23:43:19,410 : INFO : EventManager : Event: ======'player_turn_ended'====== Args={'player': <Player 1>, 'number': 1}
2023-07-16 23:43:19,410 : INFO : EventManager : Event: ======'game_will_end'====== Args={}
2023-07-16 23:43:19,411 : INFO : ball_device.bd_drain : Wait for ball to leave device
2023-07-16 23:43:19,411 : INFO : coil.c_drain_kicker : Pulsing Driver for 20ms (1.0 pulse_power)
2023-07-16 23:43:19,411 : INFO : SwitchController : <<<<<<< 's_drain_detect' inactive >>>>>>>
2023-07-16 23:43:19,413 : INFO : EventManager : Event: ======'game_ending'====== Args={}
2023-07-16 23:43:19,413 : INFO : EventManager : Event: ======'game_ended'====== Args={}
2023-07-16 23:43:19,413 : INFO : EventManager : Event: ======'mode_game_will_stop'====== Args={}
2023-07-16 23:43:19,413 : INFO : EventManager : Event: ======'mode_game_stopping'====== Args={}
2023-07-16 23:43:19,413 : INFO : EventManager : Event: ======'mode_attract_will_start'====== Args={}
2023-07-16 23:43:19,414 : INFO : EventManager : Event: ======'mode_attract_starting'====== Args={}
2023-07-16 23:43:19,414 : INFO : Mode.attract : Started. Priority: 10
2023-07-16 23:43:19,414 : INFO : EventManager : Event: ======'modes_active_modes_changed'====== Args={}
2023-07-16 23:43:19,414 : INFO : EventManager : Event: ======'mode_attract_started'====== Args={}
2023-07-16 23:43:19,414 : INFO : EventManager : Event: ======'collecting_balls_complete'====== Args={}
2023-07-16 23:43:19,414 : INFO : ball_device.bd_drain : State: ball_left
2023-07-16 23:43:19,414 : INFO : ball_device.bd_drain : Ball left
2023-07-16 23:43:19,414 : INFO : ball_device.bd_drain : Wait for confirm with timeout 10.0
2023-07-16 23:43:19,415 : INFO : Mode.game : Stopped.
2023-07-16 23:43:19,415 : INFO : EventManager : Event: ======'modes_active_modes_changed'====== Args={}
2023-07-16 23:43:19,415 : INFO : EventManager : Event: ======'mode_game_stopped'====== Args={}
2023-07-16 23:43:19,415 : INFO : EventManager : Event: ======'clear'====== Args={'key': 'game'}
2023-07-16 23:43:19,515 : INFO : SwitchController : <<<<<<< 's_trough_1' active >>>>>>>
2023-07-16 23:43:20,027 : INFO : EventManager : Event: ======'balldevice_bd_trough_ball_count_changed'====== Args={'balls': 4}
2023-07-16 23:43:20,027 : INFO : ball_device.bd_trough : Received ball from <ball_device.bd_drain>
2023-07-16 23:43:20,027 : INFO : EventManager : Event: ======'balldevice_bd_trough_ball_enter'====== Args={'new_balls': 1, 'unclaimed_balls': 0, 'new_available_balls': 0, 'device': <ball_device.bd_trough>}
2023-07-16 23:43:20,027 : INFO : EventManager : Event: ======'ball_drain'====== Args={'device': <ball_device.bd_trough>, 'balls': 0}
2023-07-16 23:43:20,027 : INFO : EventManager : Event: ======'balldevice_bd_trough_ball_entered'====== Args={'new_balls': 0, 'device': <ball_device.bd_trough>}
2023-07-16 23:43:20,027 : INFO : ball_device.bd_drain : Got eject confirm
2023-07-16 23:43:20,028 : INFO : ball_device.bd_drain : Eject successful
2023-07-16 23:43:20,028 : INFO : EventManager : Event: ======'balldevice_bd_drain_ball_eject_success'====== Args={'balls': 1, 'target': <ball_device.bd_trough>}
2023-07-16 23:43:20,028 : INFO : EventManager : Event: ======'balldevice_bd_drain_ball_count_changed'====== Args={'balls': 0}
2023-07-16 23:43:20,028 : INFO : ball_device.bd_drain : State: idle
2023-07-16 23:43:20,119 : WARNING : SwitchController : Received duplicate switch state 0 for switch s_drain_detect from the platform interface. Log Code: Log-SwitchController-1 (https://docs.missionpinball.org/en/0.56/logs/Log-SwitchController-1.html)
2023-07-16 23:43:30,925 : INFO : SwitchController : <<<<<<< 's_start_button' active >>>>>>>
2023-07-16 23:43:31,012 : INFO : SwitchController : <<<<<<< 's_start_button' inactive >>>>>>>
2023-07-16 23:43:31,012 : INFO : EventManager : Event: ======'request_to_start_game'====== Args={}
2023-07-16 23:43:31,012 : INFO : EventManager : Event: ======'game_start'====== Args={'buttons': [], 'hold_time': 0.09299999999348074}
2023-07-16 23:43:31,012 : INFO : EventManager : Event: ======'mode_game_will_start'====== Args={'buttons': [], 'hold_time': 0.09299999999348074}
2023-07-16 23:43:31,013 : INFO : EventManager : Event: ======'mode_game_starting'====== Args={'buttons': [], 'hold_time': 0.09299999999348074}
2023-07-16 23:43:31,013 : INFO : EventManager : Event: ======'mode_attract_will_stop'====== Args={}
2023-07-16 23:43:31,013 : INFO : EventManager : Event: ======'mode_attract_stopping'====== Args={}
2023-07-16 23:43:31,013 : INFO : Mode.attract : Stopped.
2023-07-16 23:43:31,013 : INFO : EventManager : Event: ======'modes_active_modes_changed'====== Args={}
2023-07-16 23:43:31,013 : INFO : EventManager : Event: ======'mode_attract_stopped'====== Args={}
2023-07-16 23:43:31,013 : INFO : EventManager : Event: ======'clear'====== Args={'key': 'attract'}
2023-07-16 23:43:31,013 : INFO : Mode.game : Started. Priority: 20
2023-07-16 23:43:31,013 : INFO : EventManager : Event: ======'modes_active_modes_changed'====== Args={}
2023-07-16 23:43:31,013 : INFO : EventManager : Event: ======'mode_game_started'====== Args={'buttons': [], 'hold_time': 0.09299999999348074}
2023-07-16 23:43:31,017 : INFO : EventManager : Event: ======'game_will_start'====== Args={}
2023-07-16 23:43:31,017 : INFO : EventManager : Event: ======'game_starting'====== Args={'game': <Mode.game>}
2023-07-16 23:43:31,017 : INFO : EventManager : Event: ======'player_add_request'====== Args={}
2023-07-16 23:43:31,017 : INFO : EventManager : Event: ======'player_will_add'====== Args={'number': 1}
2023-07-16 23:43:31,017 : INFO : EventManager : Event: ======'player_adding'====== Args={'player': <Player 1>, 'number': 1}
2023-07-16 23:43:31,017 : INFO : EventManager : Event: ======'player_added'====== Args={'player': <Player 1>, 'num': 1}
2023-07-16 23:43:31,017 : INFO : Mode.game : Player added successfully. Total players: 1
2023-07-16 23:43:31,018 : INFO : EventManager : Event: ======'player_index'====== Args={'value': 0, 'prev_value': 0, 'change': 0, 'player_num': 1}
2023-07-16 23:43:31,018 : INFO : EventManager : Event: ======'player_number'====== Args={'value': 1, 'prev_value': 1, 'change': 0, 'player_num': 1}
2023-07-16 23:43:31,018 : INFO : EventManager : Event: ======'player_score'====== Args={'value': 0, 'prev_value': 0, 'change': 0, 'player_num': 1}
2023-07-16 23:43:31,018 : INFO : EventManager : Event: ======'game_started'====== Args={}
2023-07-16 23:43:31,020 : INFO : EventManager : Event: ======'player_turn_will_start'====== Args={'player': <Player 1>, 'number': 1}
2023-07-16 23:43:31,020 : INFO : EventManager : Event: ======'player_turn_starting'====== Args={'player': <Player 1>, 'number': 1}
2023-07-16 23:43:31,020 : INFO : EventManager : Event: ======'player_ball'====== Args={'value': 1, 'prev_value': 0, 'change': 1, 'player_num': 1}
2023-07-16 23:43:31,020 : INFO : EventManager : Event: ======'player_turn_started'====== Args={'player': <Player 1>, 'number': 1}
2023-07-16 23:43:31,022 : INFO : EventManager : Event: ======'ball_will_start'====== Args={'player': 1, 'ball': 1, 'balls_remaining': 2, 'is_extra_ball': False}
2023-07-16 23:43:31,024 : INFO : EventManager : Event: ======'ball_starting'====== Args={'player': 1, 'ball': 1, 'balls_remaining': 2, 'is_extra_ball': False}
2023-07-16 23:43:31,024 : INFO : EventManager : Event: ======'balls_in_play'====== Args={'balls': 1}
2023-07-16 23:43:31,024 : INFO : EventManager : Event: ======'ball_started'====== Args={'player': 1, 'ball': 1, 'balls_remaining': 2, 'is_extra_ball': False}
2023-07-16 23:43:31,024 : INFO : EventManager : Event: ======'single_player_ball_started'====== Args={}
2023-07-16 23:43:31,025 : INFO : EventManager : Event: ======'ball_start_target'====== Args={'target': 'playfield'}
2023-07-16 23:43:31,025 : INFO : ball_device.bd_plunger : Setting up player-controlled eject. Balls: 1, Target: <playfield.playfield>, player_controlled_eject_event: s_flipper_right_active
2023-07-16 23:43:31,025 : INFO : EventManager : Event: ======'balldevice_balls_available'====== Args={}
2023-07-16 23:43:31,025 : INFO : ball_device.bd_trough : State: waiting_for_target_ready
2023-07-16 23:43:31,025 : INFO : EventManager : Event: ======'balldevice_bd_trough_ball_eject_attempt'====== Args={'balls': 1, 'target': <ball_device.bd_plunger>, 'source': <ball_device.bd_trough>, 'mechanical_eject': True, 'num_attempts': 0}
2023-07-16 23:43:31,025 : INFO : ball_device.bd_plunger : State: waiting_for_ball
2023-07-16 23:43:31,026 : INFO : ball_device.bd_trough : State: ejecting
2023-07-16 23:43:31,026 : INFO : ball_device.bd_trough : Ejecting ball to <ball_device.bd_plunger>
2023-07-16 23:43:31,026 : INFO : EventManager : Event: ======'balldevice_bd_trough_ejecting_ball'====== Args={'balls': 1, 'target': <ball_device.bd_plunger>, 'source': <ball_device.bd_trough>, 'mechanical_eject': True, 'num_attempts': 0}
2023-07-16 23:43:31,026 : INFO : ball_device.bd_trough : Wait for ball to leave device
2023-07-16 23:43:31,026 : INFO : coil.c_trough_eject : Enabling Driver for 1000ms (1.0 pulse_power)
2023-07-16 23:43:31,027 : INFO : SwitchController : <<<<<<< 's_trough_1' inactive >>>>>>>
2023-07-16 23:43:31,040 : INFO : ball_device.bd_trough : State: ball_left
2023-07-16 23:43:31,040 : INFO : ball_device.bd_trough : Ball left
2023-07-16 23:43:31,040 : INFO : ball_device.bd_trough : Wait for confirm with timeout 3.0
2023-07-16 23:43:31,148 : INFO : SwitchController : <<<<<<< 's_plunger_detect' active >>>>>>>
2023-07-16 23:43:31,148 : INFO : EventManager : Event: ======'machine_var_audits_switches_s_plunger_detect'====== Args={'value': 13, 'prev_value': 12, 'change': 1}
2023-07-16 23:43:31,646 : INFO : ball_device.bd_plunger : Received ball from <ball_device.bd_trough>
2023-07-16 23:43:31,646 : INFO : EventManager : Event: ======'balldevice_bd_plunger_ball_enter'====== Args={'new_balls': 1, 'unclaimed_balls': 0, 'new_available_balls': 0, 'device': <ball_device.bd_plunger>}
2023-07-16 23:43:31,646 : INFO : EventManager : Event: ======'balldevice_bd_plunger_ball_entered'====== Args={'new_balls': 0, 'device': <ball_device.bd_plunger>}
2023-07-16 23:43:31,646 : INFO : EventManager : Event: ======'balldevice_bd_plunger_ball_count_changed'====== Args={'balls': 1}
2023-07-16 23:43:31,646 : INFO : ball_device.bd_trough : Got eject confirm
2023-07-16 23:43:31,646 : INFO : ball_device.bd_trough : Eject successful
2023-07-16 23:43:31,646 : INFO : EventManager : Event: ======'balldevice_bd_trough_ball_eject_success'====== Args={'balls': 1, 'target': <ball_device.bd_plunger>}
2023-07-16 23:43:31,646 : INFO : ball_device.bd_plunger : State: waiting_for_target_ready
2023-07-16 23:43:31,647 : INFO : EventManager : Event: ======'balldevice_bd_plunger_ball_eject_attempt'====== Args={'balls': 1, 'target': <playfield.playfield>, 'source': <ball_device.bd_plunger>, 'mechanical_eject': True, 'num_attempts': 0}
2023-07-16 23:43:31,647 : INFO : EventManager : Event: ======'balldevice_bd_trough_ball_count_changed'====== Args={'balls': 3}
2023-07-16 23:43:31,647 : INFO : ball_device.bd_trough : State: idle
2023-07-16 23:43:31,647 : INFO : ball_device.bd_plunger : State: ejecting
2023-07-16 23:43:31,647 : INFO : ball_device.bd_plunger : Ejecting ball to <playfield.playfield>
2023-07-16 23:43:31,647 : INFO : EventManager : Event: ======'balldevice_bd_plunger_ejecting_ball'====== Args={'balls': 1, 'target': <playfield.playfield>, 'source': <ball_device.bd_plunger>, 'mechanical_eject': True, 'num_attempts': 0}
2023-07-16 23:43:31,647 : INFO : ball_device.bd_plunger : Wait for ball to leave device
2023-07-16 23:43:32,034 : INFO : coil.c_trough_eject : Disabling Driver
2023-07-16 23:43:32,527 : INFO : SwitchController : <<<<<<< 's_flipper_right' active >>>>>>>
2023-07-16 23:43:32,527 : INFO : EventManager : Event: ======'s_flipper_right_active'====== Args={}
2023-07-16 23:43:32,527 : INFO : EventManager : Event: ======'machine_var_audits_switches_s_flipper_right'====== Args={'value': 14, 'prev_value': 13, 'change': 1}
2023-07-16 23:43:32,608 : INFO : coil.c_plunger : Pulsing Driver for 20ms (1.0 pulse_power)
2023-07-16 23:43:32,608 : INFO : SwitchController : <<<<<<< 's_plunger_detect' inactive >>>>>>>
2023-07-16 23:43:32,611 : INFO : ball_device.bd_plunger : State: ball_left
2023-07-16 23:43:32,611 : INFO : ball_device.bd_plunger : Ball left
2023-07-16 23:43:32,611 : INFO : ball_device.bd_plunger : Wait for confirm with timeout 10.0
2023-07-16 23:43:32,813 : INFO : SwitchController : <<<<<<< 's_flipper_right' inactive >>>>>>>
2023-07-16 23:43:33,573 : INFO : SwitchController : <<<<<<< 's_plunger_exit' active >>>>>>>
2023-07-16 23:43:33,573 : INFO : EventManager : Event: ======'sw_playfield_active'====== Args={}
2023-07-16 23:43:33,574 : INFO : EventManager : Event: ======'machine_var_audits_switches_s_plunger_exit'====== Args={'value': 5, 'prev_value': 4, 'change': 1}
2023-07-16 23:43:33,574 : INFO : EventManager : Event: ======'playfield_active'====== Args={}
2023-07-16 23:43:33,577 : INFO : ball_device.bd_plunger : Got eject confirm
2023-07-16 23:43:33,577 : INFO : ball_device.bd_plunger : Eject successful
2023-07-16 23:43:33,577 : INFO : EventManager : Event: ======'balldevice_bd_plunger_ball_eject_success'====== Args={'balls': 1, 'target': <playfield.playfield>}
2023-07-16 23:43:33,577 : INFO : EventManager : Event: ======'balldevice_playfield_ball_enter'====== Args={'new_balls': 1, 'unclaimed_balls': 1, 'device': <playfield.playfield>}
2023-07-16 23:43:33,577 : INFO : EventManager : Event: ======'playfield_ball_count_change'====== Args={'balls': 1, 'change': 1}
2023-07-16 23:43:33,577 : INFO : EventManager : Event: ======'balldevice_bd_plunger_ball_count_changed'====== Args={'balls': 0}
2023-07-16 23:43:33,577 : INFO : ball_device.bd_plunger : State: idle
2023-07-16 23:43:34,472 : INFO : SwitchController : <<<<<<< 's_plunger_exit' inactive >>>>>>>
2023-07-16 23:43:34,584 : INFO : SwitchController : <<<<<<< 's_drain_detect' active >>>>>>>
2023-07-16 23:43:34,584 : INFO : EventManager : Event: ======'machine_var_audits_switches_s_drain_detect'====== Args={'value': 14, 'prev_value': 13, 'change': 1}
2023-07-16 23:43:35,088 : INFO : EventManager : Event: ======'balldevice_bd_drain_ball_count_changed'====== Args={'balls': 1}
2023-07-16 23:43:35,088 : INFO : ball_device.bd_drain : Received unexpected ball
2023-07-16 23:43:35,088 : INFO : EventManager : Event: ======'balldevice_captured_from_playfield'====== Args={'balls': 1}
2023-07-16 23:43:35,088 : INFO : EventManager : Event: ======'sw_playfield_active'====== Args={'balls': 1}
2023-07-16 23:43:35,088 : INFO : EventManager : Event: ======'playfield_ball_count_change'====== Args={'balls': 0, 'change': -1}
2023-07-16 23:43:35,089 : INFO : EventManager : Event: ======'balldevice_bd_drain_ball_enter'====== Args={'new_balls': 1, 'unclaimed_balls': 1, 'new_available_balls': 1, 'device': <ball_device.bd_drain>}
2023-07-16 23:43:35,089 : INFO : EventManager : Event: ======'ball_drain'====== Args={'device': <ball_device.bd_drain>, 'balls': 1}
2023-07-16 23:43:35,089 : INFO : EventManager : Event: ======'ball_will_end'====== Args={}
2023-07-16 23:43:35,089 : INFO : EventManager : Event: ======'balldevice_balls_available'====== Args={}
2023-07-16 23:43:35,089 : INFO : EventManager : Event: ======'balldevice_balls_available'====== Args={}
2023-07-16 23:43:35,089 : INFO : EventManager : Event: ======'balldevice_bd_drain_ball_entered'====== Args={'new_balls': 1, 'device': <ball_device.bd_drain>}
2023-07-16 23:43:35,089 : INFO : EventManager : Event: ======'ball_ending'====== Args={}
2023-07-16 23:43:35,089 : INFO : EventManager : Event: ======'ball_ended'====== Args={}
2023-07-16 23:43:35,090 : INFO : EventManager : Event: ======'player_turn_will_end'====== Args={'player': <Player 1>, 'number': 1}
2023-07-16 23:43:35,090 : INFO : ball_device.bd_drain : State: waiting_for_target_ready
2023-07-16 23:43:35,090 : INFO : EventManager : Event: ======'balldevice_bd_drain_ball_eject_attempt'====== Args={'balls': 1, 'target': <ball_device.bd_trough>, 'source': <ball_device.bd_drain>, 'mechanical_eject': False, 'num_attempts': 0}
2023-07-16 23:43:35,092 : INFO : ball_device.bd_drain : State: ejecting
2023-07-16 23:43:35,092 : INFO : ball_device.bd_drain : Ejecting ball to <ball_device.bd_trough>
2023-07-16 23:43:35,092 : INFO : EventManager : Event: ======'balldevice_bd_drain_ejecting_ball'====== Args={'balls': 1, 'target': <ball_device.bd_trough>, 'source': <ball_device.bd_drain>, 'mechanical_eject': False, 'num_attempts': 0}
2023-07-16 23:43:35,092 : INFO : EventManager : Event: ======'player_turn_ending'====== Args={'player': <Player 1>, 'number': 1}
2023-07-16 23:43:35,092 : INFO : EventManager : Event: ======'player_turn_ended'====== Args={'player': <Player 1>, 'number': 1}
2023-07-16 23:43:35,092 : INFO : EventManager : Event: ======'player_turn_will_start'====== Args={'player': <Player 1>, 'number': 1}
2023-07-16 23:43:35,092 : INFO : ball_device.bd_drain : Wait for ball to leave device
2023-07-16 23:43:35,092 : INFO : coil.c_drain_kicker : Pulsing Driver for 20ms (1.0 pulse_power)
2023-07-16 23:43:35,092 : INFO : SwitchController : <<<<<<< 's_drain_detect' inactive >>>>>>>
2023-07-16 23:43:35,095 : INFO : EventManager : Event: ======'player_turn_starting'====== Args={'player': <Player 1>, 'number': 1}
2023-07-16 23:43:35,095 : INFO : EventManager : Event: ======'player_ball'====== Args={'value': 2, 'prev_value': 1, 'change': 1, 'player_num': 1}
2023-07-16 23:43:35,096 : INFO : EventManager : Event: ======'player_turn_started'====== Args={'player': <Player 1>, 'number': 1}
2023-07-16 23:43:35,096 : INFO : EventManager : Event: ======'ball_will_start'====== Args={'player': 1, 'ball': 2, 'balls_remaining': 1, 'is_extra_ball': False}
2023-07-16 23:43:35,096 : INFO : ball_device.bd_drain : State: ball_left
2023-07-16 23:43:35,096 : INFO : ball_device.bd_drain : Ball left
2023-07-16 23:43:35,096 : INFO : ball_device.bd_drain : Wait for confirm with timeout 10.0
2023-07-16 23:43:35,098 : INFO : EventManager : Event: ======'ball_starting'====== Args={'player': 1, 'ball': 2, 'balls_remaining': 1, 'is_extra_ball': False}
2023-07-16 23:43:35,098 : INFO : EventManager : Event: ======'balls_in_play'====== Args={'balls': 1}
2023-07-16 23:43:35,098 : INFO : EventManager : Event: ======'ball_started'====== Args={'player': 1, 'ball': 2, 'balls_remaining': 1, 'is_extra_ball': False}
2023-07-16 23:43:35,099 : INFO : EventManager : Event: ======'single_player_ball_started'====== Args={}
2023-07-16 23:43:35,099 : INFO : EventManager : Event: ======'ball_start_target'====== Args={'target': 'playfield'}
2023-07-16 23:43:35,099 : INFO : ball_device.bd_plunger : Setting up player-controlled eject. Balls: 1, Target: <playfield.playfield>, player_controlled_eject_event: s_flipper_right_active
2023-07-16 23:43:35,099 : INFO : EventManager : Event: ======'balldevice_balls_available'====== Args={}
2023-07-16 23:43:35,099 : INFO : ball_device.bd_trough : State: waiting_for_target_ready
2023-07-16 23:43:35,099 : INFO : EventManager : Event: ======'balldevice_bd_trough_ball_eject_attempt'====== Args={'balls': 1, 'target': <ball_device.bd_plunger>, 'source': <ball_device.bd_trough>, 'mechanical_eject': True, 'num_attempts': 0}
2023-07-16 23:43:35,099 : INFO : ball_device.bd_plunger : State: waiting_for_ball
2023-07-16 23:43:35,100 : INFO : ball_device.bd_trough : State: ejecting
2023-07-16 23:43:35,100 : INFO : ball_device.bd_trough : Ejecting ball to <ball_device.bd_plunger>
2023-07-16 23:43:35,100 : INFO : EventManager : Event: ======'balldevice_bd_trough_ejecting_ball'====== Args={'balls': 1, 'target': <ball_device.bd_plunger>, 'source': <ball_device.bd_trough>, 'mechanical_eject': True, 'num_attempts': 0}
2023-07-16 23:43:35,100 : INFO : ball_device.bd_trough : Wait for ball to leave device
2023-07-16 23:43:35,119 : INFO : ball_device.bd_trough : State: ball_left
2023-07-16 23:43:35,119 : INFO : ball_device.bd_trough : Ball left
2023-07-16 23:43:35,119 : INFO : ball_device.bd_trough : Wait for confirm with timeout 3.0
2023-07-16 23:43:35,180 : INFO : coil.c_trough_eject : Enabling Driver for 1000ms (1.0 pulse_power)
2023-07-16 23:43:35,211 : INFO : SwitchController : <<<<<<< 's_trough_1' active >>>>>>>
2023-07-16 23:43:35,211 : INFO : EventManager : Event: ======'machine_var_audits_switches_s_trough_1'====== Args={'value': 10, 'prev_value': 9, 'change': 1}
2023-07-16 23:43:35,211 : INFO : SwitchController : <<<<<<< 's_trough_1' inactive >>>>>>>
2023-07-16 23:43:35,211 : INFO : ball_device.bd_trough : Received ball from <ball_device.bd_drain>
2023-07-16 23:43:35,212 : INFO : EventManager : Event: ======'balldevice_bd_trough_ball_enter'====== Args={'new_balls': 1, 'unclaimed_balls': 0, 'new_available_balls': 0, 'device': <ball_device.bd_trough>}
2023-07-16 23:43:35,213 : INFO : EventManager : Event: ======'ball_drain'====== Args={'device': <ball_device.bd_trough>, 'balls': 0}
2023-07-16 23:43:35,213 : INFO : EventManager : Event: ======'balldevice_bd_trough_ball_entered'====== Args={'new_balls': 0, 'device': <ball_device.bd_trough>}
2023-07-16 23:43:35,213 : INFO : EventManager : Event: ======'balldevice_bd_trough_ball_count_changed'====== Args={'balls': 4}
2023-07-16 23:43:35,213 : INFO : ball_device.bd_drain : Got eject confirm
2023-07-16 23:43:35,213 : INFO : ball_device.bd_drain : Eject successful
2023-07-16 23:43:35,213 : INFO : EventManager : Event: ======'balldevice_bd_drain_ball_eject_success'====== Args={'balls': 1, 'target': <ball_device.bd_trough>}
2023-07-16 23:43:35,213 : INFO : EventManager : Event: ======'balldevice_bd_drain_ball_count_changed'====== Args={'balls': 0}
2023-07-16 23:43:35,213 : INFO : ball_device.bd_drain : State: idle
2023-07-16 23:43:35,273 : INFO : SwitchController : <<<<<<< 's_plunger_detect' active >>>>>>>
2023-07-16 23:43:35,273 : INFO : EventManager : Event: ======'machine_var_audits_switches_s_plunger_detect'====== Args={'value': 14, 'prev_value': 13, 'change': 1}
2023-07-16 23:43:35,524 : WARNING : SwitchController : Received duplicate switch state 0 for switch s_drain_detect from the platform interface. Log Code: Log-SwitchController-1 (https://docs.missionpinball.org/en/0.56/logs/Log-SwitchController-1.html)
2023-07-16 23:43:35,767 : INFO : ball_device.bd_plunger : Received ball from <ball_device.bd_trough>
2023-07-16 23:43:35,767 : INFO : EventManager : Event: ======'balldevice_bd_plunger_ball_enter'====== Args={'new_balls': 1, 'unclaimed_balls': 0, 'new_available_balls': 0, 'device': <ball_device.bd_plunger>}
2023-07-16 23:43:35,767 : INFO : EventManager : Event: ======'balldevice_bd_plunger_ball_entered'====== Args={'new_balls': 0, 'device': <ball_device.bd_plunger>}
2023-07-16 23:43:35,767 : INFO : EventManager : Event: ======'balldevice_bd_plunger_ball_count_changed'====== Args={'balls': 1}
2023-07-16 23:43:35,767 : INFO : ball_device.bd_trough : Got eject confirm
2023-07-16 23:43:35,767 : INFO : ball_device.bd_trough : Eject successful
2023-07-16 23:43:35,767 : INFO : EventManager : Event: ======'balldevice_bd_trough_ball_eject_success'====== Args={'balls': 1, 'target': <ball_device.bd_plunger>}
2023-07-16 23:43:35,767 : INFO : ball_device.bd_plunger : State: waiting_for_target_ready
2023-07-16 23:43:35,768 : INFO : EventManager : Event: ======'balldevice_bd_plunger_ball_eject_attempt'====== Args={'balls': 1, 'target': <playfield.playfield>, 'source': <ball_device.bd_plunger>, 'mechanical_eject': True, 'num_attempts': 0}
2023-07-16 23:43:35,768 : INFO : EventManager : Event: ======'balldevice_bd_trough_ball_count_changed'====== Args={'balls': 3}
2023-07-16 23:43:35,768 : INFO : ball_device.bd_trough : State: idle
2023-07-16 23:43:35,768 : INFO : ball_device.bd_plunger : State: ejecting
2023-07-16 23:43:35,768 : INFO : ball_device.bd_plunger : Ejecting ball to <playfield.playfield>
2023-07-16 23:43:35,768 : INFO : EventManager : Event: ======'balldevice_bd_plunger_ejecting_ball'====== Args={'balls': 1, 'target': <playfield.playfield>, 'source': <ball_device.bd_plunger>, 'mechanical_eject': True, 'num_attempts': 0}
2023-07-16 23:43:35,768 : INFO : ball_device.bd_plunger : Wait for ball to leave device
2023-07-16 23:43:36,187 : INFO : coil.c_trough_eject : Disabling Driver
2023-07-16 23:43:37,242 : INFO : SwitchController : <<<<<<< 's_flipper_right' active >>>>>>>
2023-07-16 23:43:37,242 : INFO : EventManager : Event: ======'s_flipper_right_active'====== Args={}
2023-07-16 23:43:37,243 : INFO : EventManager : Event: ======'machine_var_audits_switches_s_flipper_right'====== Args={'value': 15, 'prev_value': 14, 'change': 1}
2023-07-16 23:43:37,305 : INFO : coil.c_plunger : Pulsing Driver for 20ms (1.0 pulse_power)
2023-07-16 23:43:37,305 : INFO : SwitchController : <<<<<<< 's_plunger_detect' inactive >>>>>>>
2023-07-16 23:43:37,308 : INFO : ball_device.bd_plunger : State: ball_left
2023-07-16 23:43:37,308 : INFO : ball_device.bd_plunger : Ball left
2023-07-16 23:43:37,308 : INFO : ball_device.bd_plunger : Wait for confirm with timeout 10.0
2023-07-16 23:43:37,394 : INFO : SwitchController : <<<<<<< 's_flipper_right' inactive >>>>>>>
2023-07-16 23:43:38,015 : INFO : SwitchController : <<<<<<< 's_plunger_exit' active >>>>>>>
2023-07-16 23:43:38,015 : INFO : EventManager : Event: ======'sw_playfield_active'====== Args={}
2023-07-16 23:43:38,015 : INFO : EventManager : Event: ======'machine_var_audits_switches_s_plunger_exit'====== Args={'value': 6, 'prev_value': 5, 'change': 1}
2023-07-16 23:43:38,016 : INFO : EventManager : Event: ======'playfield_active'====== Args={}
2023-07-16 23:43:38,019 : INFO : ball_device.bd_plunger : Got eject confirm
2023-07-16 23:43:38,019 : INFO : ball_device.bd_plunger : Eject successful
2023-07-16 23:43:38,019 : INFO : EventManager : Event: ======'balldevice_bd_plunger_ball_eject_success'====== Args={'balls': 1, 'target': <playfield.playfield>}
2023-07-16 23:43:38,019 : INFO : EventManager : Event: ======'balldevice_playfield_ball_enter'====== Args={'new_balls': 1, 'unclaimed_balls': 1, 'device': <playfield.playfield>}
2023-07-16 23:43:38,019 : INFO : EventManager : Event: ======'playfield_ball_count_change'====== Args={'balls': 1, 'change': 1}
2023-07-16 23:43:38,020 : INFO : EventManager : Event: ======'balldevice_bd_plunger_ball_count_changed'====== Args={'balls': 0}
2023-07-16 23:43:38,020 : INFO : ball_device.bd_plunger : State: idle
2023-07-16 23:43:38,511 : INFO : SwitchController : <<<<<<< 's_plunger_exit' inactive >>>>>>>
2023-07-16 23:43:39,063 : INFO : SwitchController : <<<<<<< 's_drain_detect' active >>>>>>>
2023-07-16 23:43:39,063 : INFO : EventManager : Event: ======'machine_var_audits_switches_s_drain_detect'====== Args={'value': 15, 'prev_value': 14, 'change': 1}
2023-07-16 23:43:39,577 : INFO : EventManager : Event: ======'balldevice_bd_drain_ball_count_changed'====== Args={'balls': 1}
2023-07-16 23:43:39,577 : INFO : ball_device.bd_drain : Received unexpected ball
2023-07-16 23:43:39,577 : INFO : EventManager : Event: ======'balldevice_captured_from_playfield'====== Args={'balls': 1}
2023-07-16 23:43:39,577 : INFO : EventManager : Event: ======'sw_playfield_active'====== Args={'balls': 1}
2023-07-16 23:43:39,577 : INFO : EventManager : Event: ======'playfield_ball_count_change'====== Args={'balls': 0, 'change': -1}
2023-07-16 23:43:39,577 : INFO : EventManager : Event: ======'balldevice_bd_drain_ball_enter'====== Args={'new_balls': 1, 'unclaimed_balls': 1, 'new_available_balls': 1, 'device': <ball_device.bd_drain>}
2023-07-16 23:43:39,577 : INFO : EventManager : Event: ======'ball_drain'====== Args={'device': <ball_device.bd_drain>, 'balls': 1}
2023-07-16 23:43:39,578 : INFO : EventManager : Event: ======'ball_will_end'====== Args={}
2023-07-16 23:43:39,578 : INFO : EventManager : Event: ======'balldevice_balls_available'====== Args={}
2023-07-16 23:43:39,578 : INFO : EventManager : Event: ======'balldevice_balls_available'====== Args={}
2023-07-16 23:43:39,578 : INFO : EventManager : Event: ======'balldevice_bd_drain_ball_entered'====== Args={'new_balls': 1, 'device': <ball_device.bd_drain>}
2023-07-16 23:43:39,578 : INFO : EventManager : Event: ======'ball_ending'====== Args={}
2023-07-16 23:43:39,578 : INFO : EventManager : Event: ======'ball_ended'====== Args={}
2023-07-16 23:43:39,579 : INFO : EventManager : Event: ======'player_turn_will_end'====== Args={'player': <Player 1>, 'number': 1}
2023-07-16 23:43:39,579 : INFO : ball_device.bd_drain : State: waiting_for_target_ready
2023-07-16 23:43:39,579 : INFO : EventManager : Event: ======'balldevice_bd_drain_ball_eject_attempt'====== Args={'balls': 1, 'target': <ball_device.bd_trough>, 'source': <ball_device.bd_drain>, 'mechanical_eject': False, 'num_attempts': 0}
2023-07-16 23:43:39,580 : INFO : ball_device.bd_drain : State: ejecting
2023-07-16 23:43:39,580 : INFO : ball_device.bd_drain : Ejecting ball to <ball_device.bd_trough>
2023-07-16 23:43:39,580 : INFO : EventManager : Event: ======'balldevice_bd_drain_ejecting_ball'====== Args={'balls': 1, 'target': <ball_device.bd_trough>, 'source': <ball_device.bd_drain>, 'mechanical_eject': False, 'num_attempts': 0}
2023-07-16 23:43:39,581 : INFO : EventManager : Event: ======'player_turn_ending'====== Args={'player': <Player 1>, 'number': 1}
2023-07-16 23:43:39,581 : INFO : EventManager : Event: ======'player_turn_ended'====== Args={'player': <Player 1>, 'number': 1}
2023-07-16 23:43:39,581 : INFO : EventManager : Event: ======'player_turn_will_start'====== Args={'player': <Player 1>, 'number': 1}
2023-07-16 23:43:39,581 : INFO : ball_device.bd_drain : Wait for ball to leave device
2023-07-16 23:43:39,581 : INFO : coil.c_drain_kicker : Pulsing Driver for 20ms (1.0 pulse_power)
2023-07-16 23:43:39,581 : INFO : SwitchController : <<<<<<< 's_drain_detect' inactive >>>>>>>
2023-07-16 23:43:39,584 : INFO : EventManager : Event: ======'player_turn_starting'====== Args={'player': <Player 1>, 'number': 1}
2023-07-16 23:43:39,584 : INFO : EventManager : Event: ======'player_ball'====== Args={'value': 3, 'prev_value': 2, 'change': 1, 'player_num': 1}
2023-07-16 23:43:39,584 : INFO : EventManager : Event: ======'player_turn_started'====== Args={'player': <Player 1>, 'number': 1}
2023-07-16 23:43:39,584 : INFO : EventManager : Event: ======'ball_will_start'====== Args={'player': 1, 'ball': 3, 'balls_remaining': 0, 'is_extra_ball': False}
2023-07-16 23:43:39,585 : INFO : ball_device.bd_drain : State: ball_left
2023-07-16 23:43:39,585 : INFO : ball_device.bd_drain : Ball left
2023-07-16 23:43:39,585 : INFO : ball_device.bd_drain : Wait for confirm with timeout 10.0
2023-07-16 23:43:39,586 : INFO : EventManager : Event: ======'ball_starting'====== Args={'player': 1, 'ball': 3, 'balls_remaining': 0, 'is_extra_ball': False}
2023-07-16 23:43:39,586 : INFO : EventManager : Event: ======'balls_in_play'====== Args={'balls': 1}
2023-07-16 23:43:39,586 : INFO : EventManager : Event: ======'ball_started'====== Args={'player': 1, 'ball': 3, 'balls_remaining': 0, 'is_extra_ball': False}
2023-07-16 23:43:39,587 : INFO : EventManager : Event: ======'single_player_ball_started'====== Args={}
2023-07-16 23:43:39,587 : INFO : EventManager : Event: ======'ball_start_target'====== Args={'target': 'playfield'}
2023-07-16 23:43:39,587 : INFO : ball_device.bd_plunger : Setting up player-controlled eject. Balls: 1, Target: <playfield.playfield>, player_controlled_eject_event: s_flipper_right_active
2023-07-16 23:43:39,587 : INFO : EventManager : Event: ======'balldevice_balls_available'====== Args={}
2023-07-16 23:43:39,588 : INFO : ball_device.bd_trough : State: waiting_for_target_ready
2023-07-16 23:43:39,588 : INFO : EventManager : Event: ======'balldevice_bd_trough_ball_eject_attempt'====== Args={'balls': 1, 'target': <ball_device.bd_plunger>, 'source': <ball_device.bd_trough>, 'mechanical_eject': True, 'num_attempts': 0}
2023-07-16 23:43:39,588 : INFO : ball_device.bd_plunger : State: waiting_for_ball
2023-07-16 23:43:39,588 : INFO : ball_device.bd_trough : State: ejecting
2023-07-16 23:43:39,588 : INFO : ball_device.bd_trough : Ejecting ball to <ball_device.bd_plunger>
2023-07-16 23:43:39,588 : INFO : EventManager : Event: ======'balldevice_bd_trough_ejecting_ball'====== Args={'balls': 1, 'target': <ball_device.bd_plunger>, 'source': <ball_device.bd_trough>, 'mechanical_eject': True, 'num_attempts': 0}
2023-07-16 23:43:39,589 : INFO : ball_device.bd_trough : Wait for ball to leave device
2023-07-16 23:43:39,609 : INFO : ball_device.bd_trough : State: ball_left
2023-07-16 23:43:39,609 : INFO : ball_device.bd_trough : Ball left
2023-07-16 23:43:39,609 : INFO : ball_device.bd_trough : Wait for confirm with timeout 3.0
2023-07-16 23:43:39,655 : INFO : coil.c_trough_eject : Enabling Driver for 1000ms (1.0 pulse_power)
2023-07-16 23:43:39,688 : INFO : SwitchController : <<<<<<< 's_trough_1' active >>>>>>>
2023-07-16 23:43:39,689 : INFO : EventManager : Event: ======'machine_var_audits_switches_s_trough_1'====== Args={'value': 11, 'prev_value': 10, 'change': 1}
2023-07-16 23:43:39,689 : INFO : SwitchController : <<<<<<< 's_trough_1' inactive >>>>>>>
2023-07-16 23:43:39,689 : INFO : ball_device.bd_trough : Received ball from <ball_device.bd_drain>
2023-07-16 23:43:39,690 : INFO : EventManager : Event: ======'balldevice_bd_trough_ball_enter'====== Args={'new_balls': 1, 'unclaimed_balls': 0, 'new_available_balls': 0, 'device': <ball_device.bd_trough>}
2023-07-16 23:43:39,693 : INFO : EventManager : Event: ======'ball_drain'====== Args={'device': <ball_device.bd_trough>, 'balls': 0}
2023-07-16 23:43:39,693 : INFO : EventManager : Event: ======'balldevice_bd_trough_ball_entered'====== Args={'new_balls': 0, 'device': <ball_device.bd_trough>}
2023-07-16 23:43:39,693 : INFO : EventManager : Event: ======'balldevice_bd_trough_ball_count_changed'====== Args={'balls': 4}
2023-07-16 23:43:39,694 : INFO : ball_device.bd_drain : Got eject confirm
2023-07-16 23:43:39,694 : INFO : ball_device.bd_drain : Eject successful
2023-07-16 23:43:39,694 : INFO : EventManager : Event: ======'balldevice_bd_drain_ball_eject_success'====== Args={'balls': 1, 'target': <ball_device.bd_trough>}
2023-07-16 23:43:39,694 : INFO : EventManager : Event: ======'balldevice_bd_drain_ball_count_changed'====== Args={'balls': 0}
2023-07-16 23:43:39,694 : INFO : ball_device.bd_drain : State: idle
2023-07-16 23:43:39,778 : INFO : SwitchController : <<<<<<< 's_plunger_detect' active >>>>>>>
2023-07-16 23:43:39,778 : INFO : EventManager : Event: ======'machine_var_audits_switches_s_plunger_detect'====== Args={'value': 15, 'prev_value': 14, 'change': 1}
2023-07-16 23:43:39,991 : WARNING : SwitchController : Received duplicate switch state 0 for switch s_drain_detect from the platform interface. Log Code: Log-SwitchController-1 (https://docs.missionpinball.org/en/0.56/logs/Log-SwitchController-1.html)
2023-07-16 23:43:40,303 : INFO : ball_device.bd_plunger : Received ball from <ball_device.bd_trough>
2023-07-16 23:43:40,303 : INFO : EventManager : Event: ======'balldevice_bd_plunger_ball_enter'====== Args={'new_balls': 1, 'unclaimed_balls': 0, 'new_available_balls': 0, 'device': <ball_device.bd_plunger>}
2023-07-16 23:43:40,303 : INFO : EventManager : Event: ======'balldevice_bd_plunger_ball_entered'====== Args={'new_balls': 0, 'device': <ball_device.bd_plunger>}
2023-07-16 23:43:40,303 : INFO : EventManager : Event: ======'balldevice_bd_plunger_ball_count_changed'====== Args={'balls': 1}
2023-07-16 23:43:40,303 : INFO : ball_device.bd_trough : Got eject confirm
2023-07-16 23:43:40,303 : INFO : ball_device.bd_trough : Eject successful
2023-07-16 23:43:40,303 : INFO : EventManager : Event: ======'balldevice_bd_trough_ball_eject_success'====== Args={'balls': 1, 'target': <ball_device.bd_plunger>}
2023-07-16 23:43:40,303 : INFO : ball_device.bd_plunger : State: waiting_for_target_ready
2023-07-16 23:43:40,304 : INFO : EventManager : Event: ======'balldevice_bd_plunger_ball_eject_attempt'====== Args={'balls': 1, 'target': <playfield.playfield>, 'source': <ball_device.bd_plunger>, 'mechanical_eject': True, 'num_attempts': 0}
2023-07-16 23:43:40,304 : INFO : EventManager : Event: ======'balldevice_bd_trough_ball_count_changed'====== Args={'balls': 3}
2023-07-16 23:43:40,304 : INFO : ball_device.bd_trough : State: idle
2023-07-16 23:43:40,304 : INFO : ball_device.bd_plunger : State: ejecting
2023-07-16 23:43:40,304 : INFO : ball_device.bd_plunger : Ejecting ball to <playfield.playfield>
2023-07-16 23:43:40,304 : INFO : EventManager : Event: ======'balldevice_bd_plunger_ejecting_ball'====== Args={'balls': 1, 'target': <playfield.playfield>, 'source': <ball_device.bd_plunger>, 'mechanical_eject': True, 'num_attempts': 0}
2023-07-16 23:43:40,304 : INFO : ball_device.bd_plunger : Wait for ball to leave device
2023-07-16 23:43:40,675 : INFO : coil.c_trough_eject : Disabling Driver
2023-07-16 23:43:40,786 : INFO : SwitchController : <<<<<<< 's_flipper_right' active >>>>>>>
2023-07-16 23:43:40,786 : INFO : EventManager : Event: ======'s_flipper_right_active'====== Args={}
2023-07-16 23:43:40,787 : INFO : EventManager : Event: ======'machine_var_audits_switches_s_flipper_right'====== Args={'value': 16, 'prev_value': 15, 'change': 1}
2023-07-16 23:43:40,862 : INFO : coil.c_plunger : Pulsing Driver for 20ms (1.0 pulse_power)
2023-07-16 23:43:40,862 : INFO : SwitchController : <<<<<<< 's_plunger_detect' inactive >>>>>>>
2023-07-16 23:43:40,865 : INFO : ball_device.bd_plunger : State: ball_left
2023-07-16 23:43:40,865 : INFO : ball_device.bd_plunger : Ball left
2023-07-16 23:43:40,865 : INFO : ball_device.bd_plunger : Wait for confirm with timeout 10.0
2023-07-16 23:43:40,899 : INFO : SwitchController : <<<<<<< 's_flipper_right' inactive >>>>>>>
2023-07-16 23:43:42,147 : INFO : SwitchController : <<<<<<< 's_plunger_exit' active >>>>>>>
2023-07-16 23:43:42,147 : INFO : EventManager : Event: ======'sw_playfield_active'====== Args={}
2023-07-16 23:43:42,147 : INFO : EventManager : Event: ======'machine_var_audits_switches_s_plunger_exit'====== Args={'value': 7, 'prev_value': 6, 'change': 1}
2023-07-16 23:43:42,148 : INFO : EventManager : Event: ======'playfield_active'====== Args={}
2023-07-16 23:43:42,151 : INFO : ball_device.bd_plunger : Got eject confirm
2023-07-16 23:43:42,151 : INFO : ball_device.bd_plunger : Eject successful
2023-07-16 23:43:42,151 : INFO : EventManager : Event: ======'balldevice_bd_plunger_ball_eject_success'====== Args={'balls': 1, 'target': <playfield.playfield>}
2023-07-16 23:43:42,151 : INFO : EventManager : Event: ======'balldevice_playfield_ball_enter'====== Args={'new_balls': 1, 'unclaimed_balls': 1, 'device': <playfield.playfield>}
2023-07-16 23:43:42,151 : INFO : EventManager : Event: ======'playfield_ball_count_change'====== Args={'balls': 1, 'change': 1}
2023-07-16 23:43:42,151 : INFO : EventManager : Event: ======'balldevice_bd_plunger_ball_count_changed'====== Args={'balls': 0}
2023-07-16 23:43:42,151 : INFO : ball_device.bd_plunger : State: idle
2023-07-16 23:43:43,162 : INFO : SwitchController : <<<<<<< 's_plunger_exit' inactive >>>>>>>
2023-07-16 23:43:43,689 : INFO : SwitchController : <<<<<<< 's_drain_detect' active >>>>>>>
2023-07-16 23:43:43,689 : INFO : EventManager : Event: ======'machine_var_audits_switches_s_drain_detect'====== Args={'value': 16, 'prev_value': 15, 'change': 1}
2023-07-16 23:43:43,906 : INFO : SwitchController : <<<<<<< 's_drain_detect' inactive >>>>>>>
2023-07-16 23:43:44,862 : INFO : SwitchController : <<<<<<< 's_drain_detect' active >>>>>>>
2023-07-16 23:43:44,862 : INFO : EventManager : Event: ======'machine_var_audits_switches_s_drain_detect'====== Args={'value': 17, 'prev_value': 16, 'change': 1}
2023-07-16 23:43:45,377 : INFO : EventManager : Event: ======'balldevice_bd_drain_ball_count_changed'====== Args={'balls': 1}
2023-07-16 23:43:45,377 : INFO : ball_device.bd_drain : Received unexpected ball
2023-07-16 23:43:45,377 : INFO : EventManager : Event: ======'balldevice_captured_from_playfield'====== Args={'balls': 1}
2023-07-16 23:43:45,377 : INFO : EventManager : Event: ======'sw_playfield_active'====== Args={'balls': 1}
2023-07-16 23:43:45,377 : INFO : EventManager : Event: ======'playfield_ball_count_change'====== Args={'balls': 0, 'change': -1}
2023-07-16 23:43:45,377 : INFO : EventManager : Event: ======'balldevice_bd_drain_ball_enter'====== Args={'new_balls': 1, 'unclaimed_balls': 1, 'new_available_balls': 1, 'device': <ball_device.bd_drain>}
2023-07-16 23:43:45,377 : INFO : EventManager : Event: ======'ball_drain'====== Args={'device': <ball_device.bd_drain>, 'balls': 1}
2023-07-16 23:43:45,378 : INFO : EventManager : Event: ======'ball_will_end'====== Args={}
2023-07-16 23:43:45,378 : INFO : EventManager : Event: ======'balldevice_balls_available'====== Args={}
2023-07-16 23:43:45,378 : INFO : EventManager : Event: ======'balldevice_balls_available'====== Args={}
2023-07-16 23:43:45,378 : INFO : EventManager : Event: ======'balldevice_bd_drain_ball_entered'====== Args={'new_balls': 1, 'device': <ball_device.bd_drain>}
2023-07-16 23:43:45,378 : INFO : EventManager : Event: ======'ball_ending'====== Args={}
2023-07-16 23:43:45,378 : INFO : EventManager : Event: ======'ball_ended'====== Args={}
2023-07-16 23:43:45,379 : INFO : EventManager : Event: ======'player_turn_will_end'====== Args={'player': <Player 1>, 'number': 1}
2023-07-16 23:43:45,379 : INFO : ball_device.bd_drain : State: waiting_for_target_ready
2023-07-16 23:43:45,379 : INFO : EventManager : Event: ======'balldevice_bd_drain_ball_eject_attempt'====== Args={'balls': 1, 'target': <ball_device.bd_trough>, 'source': <ball_device.bd_drain>, 'mechanical_eject': False, 'num_attempts': 0}
2023-07-16 23:43:45,380 : INFO : ball_device.bd_drain : State: ejecting
2023-07-16 23:43:45,381 : INFO : ball_device.bd_drain : Ejecting ball to <ball_device.bd_trough>
2023-07-16 23:43:45,381 : INFO : EventManager : Event: ======'balldevice_bd_drain_ejecting_ball'====== Args={'balls': 1, 'target': <ball_device.bd_trough>, 'source': <ball_device.bd_drain>, 'mechanical_eject': False, 'num_attempts': 0}
2023-07-16 23:43:45,381 : INFO : EventManager : Event: ======'player_turn_ending'====== Args={'player': <Player 1>, 'number': 1}
2023-07-16 23:43:45,381 : INFO : EventManager : Event: ======'player_turn_ended'====== Args={'player': <Player 1>, 'number': 1}
2023-07-16 23:43:45,381 : INFO : EventManager : Event: ======'game_will_end'====== Args={}
2023-07-16 23:43:45,381 : INFO : ball_device.bd_drain : Wait for ball to leave device
2023-07-16 23:43:45,381 : INFO : coil.c_drain_kicker : Pulsing Driver for 20ms (1.0 pulse_power)
2023-07-16 23:43:45,381 : INFO : SwitchController : <<<<<<< 's_drain_detect' inactive >>>>>>>
2023-07-16 23:43:45,384 : INFO : EventManager : Event: ======'game_ending'====== Args={}
2023-07-16 23:43:45,384 : INFO : EventManager : Event: ======'game_ended'====== Args={}
2023-07-16 23:43:45,384 : INFO : EventManager : Event: ======'mode_game_will_stop'====== Args={}
2023-07-16 23:43:45,384 : INFO : EventManager : Event: ======'mode_game_stopping'====== Args={}
2023-07-16 23:43:45,384 : INFO : EventManager : Event: ======'mode_attract_will_start'====== Args={}
2023-07-16 23:43:45,385 : INFO : EventManager : Event: ======'mode_attract_starting'====== Args={}
2023-07-16 23:43:45,385 : INFO : Mode.attract : Started. Priority: 10
2023-07-16 23:43:45,385 : INFO : EventManager : Event: ======'modes_active_modes_changed'====== Args={}
2023-07-16 23:43:45,385 : INFO : EventManager : Event: ======'mode_attract_started'====== Args={}
2023-07-16 23:43:45,385 : INFO : EventManager : Event: ======'collecting_balls_complete'====== Args={}
2023-07-16 23:43:45,385 : INFO : ball_device.bd_drain : State: ball_left
2023-07-16 23:43:45,385 : INFO : ball_device.bd_drain : Ball left
2023-07-16 23:43:45,385 : INFO : ball_device.bd_drain : Wait for confirm with timeout 10.0
2023-07-16 23:43:45,385 : INFO : Mode.game : Stopped.
2023-07-16 23:43:45,385 : INFO : EventManager : Event: ======'modes_active_modes_changed'====== Args={}
2023-07-16 23:43:45,385 : INFO : EventManager : Event: ======'mode_game_stopped'====== Args={}
2023-07-16 23:43:45,385 : INFO : EventManager : Event: ======'clear'====== Args={'key': 'game'}
2023-07-16 23:43:45,484 : INFO : SwitchController : <<<<<<< 's_trough_1' active >>>>>>>
2023-07-16 23:43:45,692 : WARNING : SwitchController : Received duplicate switch state 0 for switch s_drain_detect from the platform interface. Log Code: Log-SwitchController-1 (https://docs.missionpinball.org/en/0.56/logs/Log-SwitchController-1.html)
2023-07-16 23:43:45,995 : INFO : EventManager : Event: ======'balldevice_bd_trough_ball_count_changed'====== Args={'balls': 4}
2023-07-16 23:43:45,995 : INFO : ball_device.bd_trough : Received ball from <ball_device.bd_drain>
2023-07-16 23:43:45,995 : INFO : EventManager : Event: ======'balldevice_bd_trough_ball_enter'====== Args={'new_balls': 1, 'unclaimed_balls': 0, 'new_available_balls': 0, 'device': <ball_device.bd_trough>}
2023-07-16 23:43:45,995 : INFO : EventManager : Event: ======'ball_drain'====== Args={'device': <ball_device.bd_trough>, 'balls': 0}
2023-07-16 23:43:45,995 : INFO : EventManager : Event: ======'balldevice_bd_trough_ball_entered'====== Args={'new_balls': 0, 'device': <ball_device.bd_trough>}
2023-07-16 23:43:45,995 : INFO : ball_device.bd_drain : Got eject confirm
2023-07-16 23:43:45,995 : INFO : ball_device.bd_drain : Eject successful
2023-07-16 23:43:45,995 : INFO : EventManager : Event: ======'balldevice_bd_drain_ball_eject_success'====== Args={'balls': 1, 'target': <ball_device.bd_trough>}
2023-07-16 23:43:45,996 : INFO : EventManager : Event: ======'balldevice_bd_drain_ball_count_changed'====== Args={'balls': 0}
2023-07-16 23:43:45,996 : INFO : ball_device.bd_drain : State: idle
2023-07-16 23:43:52,047 : INFO : SwitchController : <<<<<<< 's_flipper_right' active >>>>>>>
2023-07-16 23:43:52,200 : INFO : SwitchController : <<<<<<< 's_flipper_right' inactive >>>>>>>
2023-07-16 23:43:52,567 : INFO : SwitchController : <<<<<<< 's_flipper_right' active >>>>>>>
2023-07-16 23:43:52,681 : INFO : SwitchController : <<<<<<< 's_flipper_right' inactive >>>>>>>
2023-07-16 23:43:52,964 : INFO : SwitchController : <<<<<<< 's_flipper_right' active >>>>>>>
2023-07-16 23:43:53,052 : INFO : SwitchController : <<<<<<< 's_flipper_right' inactive >>>>>>>
2023-07-16 23:43:53,202 : INFO : SwitchController : <<<<<<< 's_flipper_right' active >>>>>>>
2023-07-16 23:43:53,302 : INFO : SwitchController : <<<<<<< 's_flipper_right' inactive >>>>>>>
2023-07-16 23:43:53,427 : INFO : SwitchController : <<<<<<< 's_flipper_right' active >>>>>>>
2023-07-16 23:43:53,553 : INFO : SwitchController : <<<<<<< 's_flipper_right' inactive >>>>>>>
2023-07-16 23:43:53,691 : INFO : SwitchController : <<<<<<< 's_flipper_right' active >>>>>>>
2023-07-16 23:43:53,816 : INFO : SwitchController : <<<<<<< 's_flipper_right' inactive >>>>>>>
2023-07-16 23:43:54,219 : INFO : SwitchController : <<<<<<< 's_flipper_left' active >>>>>>>
2023-07-16 23:43:54,332 : INFO : SwitchController : <<<<<<< 's_flipper_left' inactive >>>>>>>
2023-07-16 23:43:54,495 : INFO : SwitchController : <<<<<<< 's_flipper_left' active >>>>>>>
2023-07-16 23:43:54,607 : INFO : SwitchController : <<<<<<< 's_flipper_left' inactive >>>>>>>
2023-07-16 23:43:54,744 : INFO : SwitchController : <<<<<<< 's_flipper_left' active >>>>>>>
2023-07-16 23:43:54,844 : INFO : SwitchController : <<<<<<< 's_flipper_left' inactive >>>>>>>
2023-07-16 23:43:54,967 : INFO : SwitchController : <<<<<<< 's_flipper_right' active >>>>>>>
2023-07-16 23:43:55,132 : INFO : SwitchController : <<<<<<< 's_flipper_right' inactive >>>>>>>
2023-07-16 23:43:55,257 : INFO : SwitchController : <<<<<<< 's_flipper_right' active >>>>>>>
2023-07-16 23:43:55,359 : INFO : SwitchController : <<<<<<< 's_flipper_right' inactive >>>>>>>
2023-07-16 23:43:55,497 : INFO : SwitchController : <<<<<<< 's_flipper_right' active >>>>>>>
2023-07-16 23:43:55,622 : INFO : SwitchController : <<<<<<< 's_flipper_right' inactive >>>>>>>
2023-07-16 23:43:55,660 : INFO : SwitchController : <<<<<<< 's_flipper_left' active >>>>>>>
2023-07-16 23:43:55,823 : INFO : SwitchController : <<<<<<< 's_flipper_left' inactive >>>>>>>
2023-07-16 23:43:55,923 : INFO : SwitchController : <<<<<<< 's_flipper_left' active >>>>>>>
2023-07-16 23:43:56,050 : INFO : SwitchController : <<<<<<< 's_flipper_left' inactive >>>>>>>
2023-07-16 23:43:56,188 : INFO : SwitchController : <<<<<<< 's_flipper_right' active >>>>>>>
2023-07-16 23:43:56,325 : INFO : SwitchController : <<<<<<< 's_flipper_right' inactive >>>>>>>
2023-07-16 23:43:56,449 : INFO : SwitchController : <<<<<<< 's_flipper_right' active >>>>>>>
2023-07-16 23:43:56,563 : INFO : SwitchController : <<<<<<< 's_flipper_right' inactive >>>>>>>
2023-07-16 23:43:59,690 : INFO : Machine : Shutting down...
2023-07-16 23:43:59,690 : INFO : EventManager : Event: ======'shutdown'====== Args={}
2023-07-16 23:43:59,693 : INFO : root : MPF run loop ended.
