2023-07-12 22:14:36,964 : INFO : root : Loading config.
2023-07-12 22:14:36,967 : INFO : YamlMultifileConfigLoader : Machine config file #1: config.yaml
2023-07-12 22:14:36,968 : INFO : ConfigProcessor : Loading config from cache: C:\Users\warzz\AppData\Local\Temp\c7ddc35c564c409ccec16ce42249e5f8.mpf_cache
2023-07-12 22:14:36,969 : WARNING : ConfigProcessor : Config file in cache changed: d:\MPF\springbreak\config\devices.yaml
2023-07-12 22:14:36,969 : INFO : ConfigProcessor : Loading config from file C:\Users\warzz\AppData\Local\Programs\Python\Python39\lib\site-packages\mpf\mpfconfig.yaml.
2023-07-12 22:14:37,022 : INFO : ConfigProcessor : Loading config: C:\Users\warzz\AppData\Local\Programs\Python\Python39\lib\site-packages\mpf\mpfconfig.yaml
2023-07-12 22:14:37,023 : INFO : ConfigProcessor : Loading config from file d:\MPF\springbreak\config\config.yaml.
2023-07-12 22:14:37,026 : INFO : ConfigProcessor : Loading config: d:\MPF\springbreak\config\config.yaml
2023-07-12 22:14:37,031 : INFO : ConfigProcessor : Loading config: d:\MPF\springbreak\config\coils.yaml
2023-07-12 22:14:37,035 : INFO : ConfigProcessor : Loading config: d:\MPF\springbreak\config\switches.yaml
2023-07-12 22:14:37,043 : INFO : ConfigProcessor : Loading config: d:\MPF\springbreak\config\devices.yaml
2023-07-12 22:14:37,045 : INFO : ConfigProcessor : Loading config: d:\MPF\springbreak\config\displays.yaml
2023-07-12 22:14:37,046 : INFO : ConfigProcessor : Loading config: d:\MPF\springbreak\config\keyboard.yaml
2023-07-12 22:14:37,047 : INFO : ConfigProcessor : Config file cache created: C:\Users\warzz\AppData\Local\Temp\c7ddc35c564c409ccec16ce42249e5f8.mpf_cache
2023-07-12 22:14:37,111 : INFO : ConfigProcessor : Loading config from cache: C:\Users\warzz\AppData\Local\Temp\b77c3901e90ec7d7cc601651512a0021.mpf_cache
2023-07-12 22:14:37,112 : INFO : ConfigProcessor : Loading config from cache: C:\Users\warzz\AppData\Local\Temp\a5b2fce8b210d64acc95275c2c9a2339.mpf_cache
2023-07-12 22:14:37,112 : INFO : Machine : Mission Pinball Framework Core Engine v0.56.0
2023-07-12 22:14:37,112 : INFO : Machine : Command line arguments: {'no_load_cache': False, 'create_config_cache': True, 'bcp': True, 'configfile': ['config.yaml'], 'force_assets_load': False, 'jsonlogging': False, 'logfile': 'logs\\2023-07-12-22-14-36-mpf-DESKTOP-VQ7DOMB.log', 'pause': False, 'production': False, 'text_ui': True, 'loglevel': 15, 'consoleloglevel': 20, 'force_platform': 'smart_virtual', 'syslog_address': None, 'mc_file_name': None, 'no_sound': False}
2023-07-12 22:14:37,112 : INFO : Machine : MPF path: C:\Users\warzz\AppData\Local\Programs\Python\Python39\lib\site-packages\mpf
2023-07-12 22:14:37,112 : INFO : Machine : Machine path: d:\MPF\springbreak
2023-07-12 22:14:37,112 : INFO : Machine : Platform: win32
2023-07-12 22:14:37,112 : INFO : Machine : Python executable location: C:\Users\warzz\AppData\Local\Programs\Python\Python39\python.exe
2023-07-12 22:14:37,113 : INFO : Machine : Python version: 3.9.13 (64-bit)
2023-07-12 22:14:37,114 : INFO : Machine : Initialise MPF.
2023-07-12 22:14:37,265 : INFO : EventManager : Event: ======'machine_var_credits_string'====== Args={'value': 'FREE PLAY', 'prev_value': None, 'change': True}
2023-07-12 22:14:37,306 : INFO : EventManager : Event: ======'machine_var_master_volume'====== Args={'value': 0.5, 'prev_value': None, 'change': True}
2023-07-12 22:14:37,306 : INFO : EventManager : Event: ======'machine_var_mpf_version'====== Args={'value': 'MPF v0.56.0', 'prev_value': None, 'change': True}
2023-07-12 22:14:37,306 : INFO : EventManager : Event: ======'machine_var_mpf_extended_version'====== Args={'value': 'MPF v0.56.0, Config version:5, Show version: 5, BCP version:1.1', 'prev_value': None, 'change': True}
2023-07-12 22:14:37,306 : INFO : EventManager : Event: ======'machine_var_python_version'====== Args={'value': '3.9.13', 'prev_value': None, 'change': True}
2023-07-12 22:14:37,314 : INFO : EventManager : Event: ======'machine_var_platform'====== Args={'value': 'Windows-10-10.0.19045-SP0', 'prev_value': None, 'change': True}
2023-07-12 22:14:37,314 : INFO : EventManager : Event: ======'machine_var_platform_system'====== Args={'value': 'Windows', 'prev_value': None, 'change': True}
2023-07-12 22:14:37,315 : INFO : EventManager : Event: ======'machine_var_platform_release'====== Args={'value': '10', 'prev_value': None, 'change': True}
2023-07-12 22:14:37,315 : INFO : EventManager : Event: ======'machine_var_platform_version'====== Args={'value': '10.0.19045', 'prev_value': None, 'change': True}
2023-07-12 22:14:37,315 : INFO : EventManager : Event: ======'machine_var_platform_machine'====== Args={'value': 'AMD64', 'prev_value': None, 'change': True}
2023-07-12 22:14:37,315 : INFO : EventManager : Event: ======'init_phase_1'====== Args={}
2023-07-12 22:14:37,327 : INFO : EventManager : Event: ======'init_phase_2'====== Args={}
2023-07-12 22:14:37,327 : INFO : SwitchController : Found active switch: ('0-0-26', <Platform.SmartVirtual>) <switch.s_trough_1>
2023-07-12 22:14:37,329 : INFO : EventManager : Event: ======'bcp_connection_attempt'====== Args={'name': 'local_display', 'host': 'localhost', 'port': 5050}
2023-07-12 22:14:37,330 : INFO : BCPClientSocket : Connecting BCP to 'local_display' at localhost:5050...
2023-07-12 22:14:39,386 : INFO : BCPClientSocket : Connected BCP to 'local_display' localhost:5050
2023-07-12 22:14:39,386 : INFO : EventManager : Event: ======'bcp_clients_connected'====== Args={}
2023-07-12 22:14:39,391 : INFO : ball_device.bd_drain : BCH: Initial count: 0
2023-07-12 22:14:39,391 : INFO : ball_device.bd_drain : State: idle
2023-07-12 22:14:39,391 : INFO : ball_device.bd_trough : BCH: Initial count: 3
2023-07-12 22:14:39,391 : INFO : ball_device.bd_trough : State: idle
2023-07-12 22:14:39,391 : INFO : ball_device.bd_plunger : BCH: Initial count: 0
2023-07-12 22:14:39,392 : INFO : ball_device.bd_plunger : State: idle
2023-07-12 22:14:39,401 : INFO : EventManager : Event: ======'init_phase_3'====== Args={}
2023-07-12 22:14:39,403 : INFO : EventManager : Event: ======'machine_var_mc_version'====== Args={'value': 'MPF-MC v0.56.1', 'prev_value': None, 'change': True}
2023-07-12 22:14:39,403 : INFO : EventManager : Event: ======'machine_var_mc_extended_version'====== Args={'value': 'MPF-MC v0.56.1 (config_version=5, BCP v1.1,                      Requires MPF API compatibility v0.56.0 or newer)', 'prev_value': None, 'change': True}
2023-07-12 22:14:39,404 : INFO : EventManager : Event: ======'init_phase_4'====== Args={}
2023-07-12 22:14:39,414 : INFO : BallController : Initial balls found: 3
2023-07-12 22:14:39,415 : INFO : EventManager : Event: ======'machine_var_audits_events_game_ended'====== Args={'value': 0, 'prev_value': None, 'change': True}
2023-07-12 22:14:39,415 : INFO : EventManager : Event: ======'machine_var_audits_events_game_started'====== Args={'value': 1, 'prev_value': None, 'change': True}
2023-07-12 22:14:39,415 : INFO : EventManager : Event: ======'machine_var_audits_player_score'====== Args={'value': {'average': 0, 'top': [], 'total': 0}, 'prev_value': None, 'change': True}
2023-07-12 22:14:39,416 : INFO : EventManager : Event: ======'machine_var_audits_switches_s_drain_detect'====== Args={'value': 0, 'prev_value': None, 'change': True}
2023-07-12 22:14:39,416 : INFO : EventManager : Event: ======'machine_var_audits_switches_s_flipper_left'====== Args={'value': 0, 'prev_value': None, 'change': True}
2023-07-12 22:14:39,416 : INFO : EventManager : Event: ======'machine_var_audits_switches_s_flipper_right'====== Args={'value': 0, 'prev_value': None, 'change': True}
2023-07-12 22:14:39,416 : INFO : EventManager : Event: ======'machine_var_audits_switches_s_plunger_detect'====== Args={'value': 1, 'prev_value': None, 'change': True}
2023-07-12 22:14:39,416 : INFO : EventManager : Event: ======'machine_var_audits_switches_s_plunger_exit'====== Args={'value': 0, 'prev_value': None, 'change': True}
2023-07-12 22:14:39,416 : INFO : EventManager : Event: ======'machine_var_audits_switches_s_popbumper_1'====== Args={'value': 0, 'prev_value': None, 'change': True}
2023-07-12 22:14:39,416 : INFO : EventManager : Event: ======'machine_var_audits_switches_s_popbumper_2'====== Args={'value': 0, 'prev_value': None, 'change': True}
2023-07-12 22:14:39,416 : INFO : EventManager : Event: ======'machine_var_audits_switches_s_popbumper_3'====== Args={'value': 0, 'prev_value': None, 'change': True}
2023-07-12 22:14:39,417 : INFO : EventManager : Event: ======'machine_var_audits_switches_s_slingshot'====== Args={'value': 0, 'prev_value': None, 'change': True}
2023-07-12 22:14:39,417 : INFO : EventManager : Event: ======'machine_var_audits_switches_s_start_button'====== Args={'value': 0, 'prev_value': None, 'change': True}
2023-07-12 22:14:39,417 : INFO : EventManager : Event: ======'machine_var_audits_switches_s_trough_1'====== Args={'value': 0, 'prev_value': None, 'change': True}
2023-07-12 22:14:39,417 : INFO : EventManager : Event: ======'machine_var_audits_switches_s_trough_2'====== Args={'value': 0, 'prev_value': None, 'change': True}
2023-07-12 22:14:39,417 : INFO : EventManager : Event: ======'init_phase_5'====== Args={}
2023-07-12 22:14:39,429 : INFO : EventManager : Event: ======'init_done'====== Args={}
2023-07-12 22:14:39,429 : INFO : EventManager : Event: ======'machine_reset_phase_1'====== Args={}
2023-07-12 22:14:39,435 : INFO : EventManager : Event: ======'slide_welcome_slide_removed'====== Args={'_from_bcp': True}
2023-07-12 22:14:39,438 : INFO : EventManager : Event: ======'slide_welcome_slide_created'====== Args={'_from_bcp': True}
2023-07-12 22:14:39,440 : INFO : EventManager : Event: ======'machine_reset_phase_2'====== Args={}
2023-07-12 22:14:39,440 : INFO : EventManager : Event: ======'machine_reset_phase_3'====== Args={}
2023-07-12 22:14:39,440 : INFO : EventManager : Event: ======'reset_complete'====== Args={}
2023-07-12 22:14:39,440 : INFO : EventManager : Event: ======'slide_welcome_slide_active'====== Args={'_from_bcp': True}
2023-07-12 22:14:39,440 : INFO : EventManager : Event: ======'mode_attract_will_start'====== Args={}
2023-07-12 22:14:39,441 : INFO : EventManager : Event: ======'mode_attract_starting'====== Args={}
2023-07-12 22:14:39,441 : INFO : Mode.attract : Started. Priority: 10
2023-07-12 22:14:39,441 : INFO : EventManager : Event: ======'modes_active_modes_changed'====== Args={}
2023-07-12 22:14:39,441 : INFO : EventManager : Event: ======'mode_attract_started'====== Args={}
2023-07-12 22:14:39,441 : INFO : EventManager : Event: ======'collecting_balls_complete'====== Args={}
2023-07-12 22:14:39,457 : INFO : Machine : Starting the main run loop.
2023-07-12 22:14:43,189 : INFO : SwitchController : <<<<<<< 's_start_button' active >>>>>>>
2023-07-12 22:14:43,289 : INFO : SwitchController : <<<<<<< 's_start_button' inactive >>>>>>>
2023-07-12 22:14:43,289 : INFO : EventManager : Event: ======'request_to_start_game'====== Args={}
2023-07-12 22:14:43,289 : INFO : EventManager : Event: ======'game_start'====== Args={'buttons': [], 'hold_time': 0.09399999998277053}
2023-07-12 22:14:43,290 : INFO : EventManager : Event: ======'mode_game_will_start'====== Args={'buttons': [], 'hold_time': 0.09399999998277053}
2023-07-12 22:14:43,290 : INFO : EventManager : Event: ======'mode_game_starting'====== Args={'buttons': [], 'hold_time': 0.09399999998277053}
2023-07-12 22:14:43,290 : INFO : EventManager : Event: ======'mode_attract_will_stop'====== Args={}
2023-07-12 22:14:43,290 : INFO : EventManager : Event: ======'mode_attract_stopping'====== Args={}
2023-07-12 22:14:43,290 : INFO : Mode.attract : Stopped.
2023-07-12 22:14:43,290 : INFO : EventManager : Event: ======'modes_active_modes_changed'====== Args={}
2023-07-12 22:14:43,290 : INFO : EventManager : Event: ======'mode_attract_stopped'====== Args={}
2023-07-12 22:14:43,290 : INFO : EventManager : Event: ======'clear'====== Args={'key': 'attract'}
2023-07-12 22:14:43,291 : INFO : Mode.game : Started. Priority: 20
2023-07-12 22:14:43,291 : INFO : EventManager : Event: ======'modes_active_modes_changed'====== Args={}
2023-07-12 22:14:43,291 : INFO : EventManager : Event: ======'mode_game_started'====== Args={'buttons': [], 'hold_time': 0.09399999998277053}
2023-07-12 22:14:43,294 : INFO : EventManager : Event: ======'game_will_start'====== Args={}
2023-07-12 22:14:43,294 : INFO : EventManager : Event: ======'game_starting'====== Args={'game': <Mode.game>}
2023-07-12 22:14:43,295 : INFO : EventManager : Event: ======'player_add_request'====== Args={}
2023-07-12 22:14:43,295 : INFO : EventManager : Event: ======'player_will_add'====== Args={'number': 1}
2023-07-12 22:14:43,295 : INFO : EventManager : Event: ======'player_adding'====== Args={'player': <Player 1>, 'number': 1}
2023-07-12 22:14:43,295 : INFO : EventManager : Event: ======'player_added'====== Args={'player': <Player 1>, 'num': 1}
2023-07-12 22:14:43,295 : INFO : Mode.game : Player added successfully. Total players: 1
2023-07-12 22:14:43,295 : INFO : EventManager : Event: ======'player_index'====== Args={'value': 0, 'prev_value': 0, 'change': 0, 'player_num': 1}
2023-07-12 22:14:43,295 : INFO : EventManager : Event: ======'player_number'====== Args={'value': 1, 'prev_value': 1, 'change': 0, 'player_num': 1}
2023-07-12 22:14:43,295 : INFO : EventManager : Event: ======'player_score'====== Args={'value': 0, 'prev_value': 0, 'change': 0, 'player_num': 1}
2023-07-12 22:14:43,296 : INFO : EventManager : Event: ======'game_started'====== Args={}
2023-07-12 22:14:43,302 : INFO : EventManager : Event: ======'player_turn_will_start'====== Args={'player': <Player 1>, 'number': 1}
2023-07-12 22:14:43,303 : INFO : EventManager : Event: ======'player_turn_starting'====== Args={'player': <Player 1>, 'number': 1}
2023-07-12 22:14:43,303 : INFO : EventManager : Event: ======'player_ball'====== Args={'value': 1, 'prev_value': 0, 'change': 1, 'player_num': 1}
2023-07-12 22:14:43,303 : INFO : EventManager : Event: ======'player_turn_started'====== Args={'player': <Player 1>, 'number': 1}
2023-07-12 22:14:43,303 : INFO : EventManager : Event: ======'ball_will_start'====== Args={'player': 1, 'ball': 1, 'balls_remaining': 2, 'is_extra_ball': False}
2023-07-12 22:14:43,305 : INFO : EventManager : Event: ======'ball_starting'====== Args={'player': 1, 'ball': 1, 'balls_remaining': 2, 'is_extra_ball': False}
2023-07-12 22:14:43,305 : INFO : EventManager : Event: ======'balls_in_play'====== Args={'balls': 1}
2023-07-12 22:14:43,305 : INFO : EventManager : Event: ======'ball_started'====== Args={'player': 1, 'ball': 1, 'balls_remaining': 2, 'is_extra_ball': False}
2023-07-12 22:14:43,306 : INFO : EventManager : Event: ======'single_player_ball_started'====== Args={}
2023-07-12 22:14:43,306 : INFO : EventManager : Event: ======'ball_start_target'====== Args={'target': 'playfield'}
2023-07-12 22:14:43,306 : INFO : ball_device.bd_plunger : Setting up player-controlled eject. Balls: 1, Target: <playfield.playfield>, player_controlled_eject_event: s_flipper_right
2023-07-12 22:14:43,306 : INFO : EventManager : Event: ======'balldevice_balls_available'====== Args={}
2023-07-12 22:14:43,306 : INFO : ball_device.bd_trough : State: waiting_for_target_ready
2023-07-12 22:14:43,306 : INFO : EventManager : Event: ======'balldevice_bd_trough_ball_eject_attempt'====== Args={'balls': 1, 'target': <ball_device.bd_plunger>, 'source': <ball_device.bd_trough>, 'mechanical_eject': True, 'num_attempts': 0}
2023-07-12 22:14:43,306 : INFO : ball_device.bd_plunger : State: waiting_for_ball
2023-07-12 22:14:43,307 : INFO : ball_device.bd_trough : State: ejecting
2023-07-12 22:14:43,307 : INFO : ball_device.bd_trough : Ejecting ball to <ball_device.bd_plunger>
2023-07-12 22:14:43,307 : INFO : EventManager : Event: ======'balldevice_bd_trough_ejecting_ball'====== Args={'balls': 1, 'target': <ball_device.bd_plunger>, 'source': <ball_device.bd_trough>, 'mechanical_eject': True, 'num_attempts': 0}
2023-07-12 22:14:43,307 : INFO : ball_device.bd_trough : Wait for ball to leave device
2023-07-12 22:14:43,307 : INFO : coil.c_trough_eject : Enabling Driver for 1000ms (1.0 pulse_power)
2023-07-12 22:14:43,307 : INFO : SwitchController : <<<<<<< 's_trough_1' inactive >>>>>>>
2023-07-12 22:14:43,331 : INFO : ball_device.bd_trough : State: ball_left
2023-07-12 22:14:43,331 : INFO : ball_device.bd_trough : Ball left
2023-07-12 22:14:43,331 : INFO : ball_device.bd_trough : Wait for confirm with timeout 3.0
2023-07-12 22:14:43,408 : INFO : SwitchController : <<<<<<< 's_plunger_detect' active >>>>>>>
2023-07-12 22:14:43,408 : INFO : EventManager : Event: ======'machine_var_audits_switches_s_plunger_detect'====== Args={'value': 2, 'prev_value': 1, 'change': 1}
2023-07-12 22:14:43,919 : INFO : ball_device.bd_plunger : Received ball from <ball_device.bd_trough>
2023-07-12 22:14:43,919 : INFO : EventManager : Event: ======'balldevice_bd_plunger_ball_enter'====== Args={'new_balls': 1, 'unclaimed_balls': 0, 'new_available_balls': 0, 'device': <ball_device.bd_plunger>}
2023-07-12 22:14:43,919 : INFO : EventManager : Event: ======'balldevice_bd_plunger_ball_entered'====== Args={'new_balls': 0, 'device': <ball_device.bd_plunger>}
2023-07-12 22:14:43,919 : INFO : EventManager : Event: ======'balldevice_bd_plunger_ball_count_changed'====== Args={'balls': 1}
2023-07-12 22:14:43,919 : INFO : ball_device.bd_trough : Got eject confirm
2023-07-12 22:14:43,919 : INFO : ball_device.bd_trough : Eject successful
2023-07-12 22:14:43,920 : INFO : EventManager : Event: ======'balldevice_bd_trough_ball_eject_success'====== Args={'balls': 1, 'target': <ball_device.bd_plunger>}
2023-07-12 22:14:43,920 : INFO : ball_device.bd_plunger : State: waiting_for_target_ready
2023-07-12 22:14:43,920 : INFO : EventManager : Event: ======'balldevice_bd_plunger_ball_eject_attempt'====== Args={'balls': 1, 'target': <playfield.playfield>, 'source': <ball_device.bd_plunger>, 'mechanical_eject': True, 'num_attempts': 0}
2023-07-12 22:14:43,920 : INFO : EventManager : Event: ======'balldevice_bd_trough_ball_count_changed'====== Args={'balls': 2}
2023-07-12 22:14:43,920 : INFO : ball_device.bd_trough : State: idle
2023-07-12 22:14:43,920 : INFO : ball_device.bd_plunger : State: ejecting
2023-07-12 22:14:43,920 : INFO : ball_device.bd_plunger : Ejecting ball to <playfield.playfield>
2023-07-12 22:14:43,920 : INFO : EventManager : Event: ======'balldevice_bd_plunger_ejecting_ball'====== Args={'balls': 1, 'target': <playfield.playfield>, 'source': <ball_device.bd_plunger>, 'mechanical_eject': True, 'num_attempts': 0}
2023-07-12 22:14:43,920 : INFO : ball_device.bd_plunger : Wait for ball to leave device
2023-07-12 22:14:43,921 : ERROR : asyncio : Exception in callback Util.raise_exceptions(<Task finishe...ht_active"?')>) at C:\Users\warzz\AppData\Local\Programs\Python\Python39\lib\site-packages\mpf\core\utility_functions.py:759
handle: <Handle Util.raise_exceptions(<Task finishe...ht_active"?')>) at C:\Users\warzz\AppData\Local\Programs\Python\Python39\lib\site-packages\mpf\core\utility_functions.py:759>
Traceback (most recent call last):
  File "C:\Users\warzz\AppData\Local\Programs\Python\Python39\lib\asyncio\events.py", line 80, in _run
    self._context.run(self._callback, *self._args)
  File "C:\Users\warzz\AppData\Local\Programs\Python\Python39\lib\site-packages\mpf\core\utility_functions.py", line 767, in raise_exceptions
    future.result()
  File "C:\Users\warzz\AppData\Local\Programs\Python\Python39\lib\site-packages\mpf\devices\ball_device\outgoing_balls_handler.py", line 119, in _run
    if not await self._ejecting(eject_request):
  File "C:\Users\warzz\AppData\Local\Programs\Python\Python39\lib\site-packages\mpf\devices\ball_device\outgoing_balls_handler.py", line 276, in _ejecting
    result = await self._eject_ball(eject_request, eject_try)
  File "C:\Users\warzz\AppData\Local\Programs\Python\Python39\lib\site-packages\mpf\devices\ball_device\outgoing_balls_handler.py", line 392, in _eject_ball
    trigger = self.machine.events.wait_for_event(
  File "C:\Users\warzz\AppData\Local\Programs\Python\Python39\lib\site-packages\mpf\core\events.py", line 398, in wait_for_event
    return self.wait_for_any_event([event_name])
  File "C:\Users\warzz\AppData\Local\Programs\Python\Python39\lib\site-packages\mpf\core\events.py", line 405, in wait_for_any_event
    keys.append(self.add_handler(event_name, partial(self._wait_handler,
  File "C:\Users\warzz\AppData\Local\Programs\Python\Python39\lib\site-packages\mpf\core\events.py", line 168, in add_handler
    self.raise_config_error('Switch name "{name}" name used as event handler for {handler}. '
  File "C:\Users\warzz\AppData\Local\Programs\Python\Python39\lib\site-packages\mpf\core\logging.py", line 174, in raise_config_error
    raise ConfigFileError(msg, error_no, self.log.name if self.log else "", context, self._url_base) \
mpf.exceptions.config_file_error.ConfigFileError: Config File Error in EventManager: Switch name "s_flipper_right" name used as event handler for functools.partial(<bound method EventManager._wait_handler of <mpf.core.events.EventManager object at 0x00000257F13829A0>>, _future=<Future pending>, _keys=[], event='s_flipper_right'). Did you mean "s_flipper_right_active"? Error Code: CFE-EventManager-1 (https://docs.missionpinball.org/en/0.56/logs/CFE-EventManager-1.html)
2023-07-12 22:14:43,944 : INFO : Machine : Shutting down...
2023-07-12 22:14:43,946 : INFO : EventManager : Event: ======'shutdown'====== Args={}
2023-07-12 22:14:43,947 : INFO : EventManager : Event: ======'mode_game_will_stop'====== Args={}
2023-07-12 22:14:43,947 : INFO : EventManager : Event: ======'mode_game_stopping'====== Args={}
2023-07-12 22:14:43,948 : INFO : Mode.game : Stopped.
2023-07-12 22:14:43,948 : INFO : EventManager : Event: ======'modes_active_modes_changed'====== Args={}
2023-07-12 22:14:43,949 : INFO : EventManager : Event: ======'mode_game_stopped'====== Args={}
2023-07-12 22:14:43,949 : INFO : EventManager : Event: ======'clear'====== Args={'key': 'game'}
2023-07-12 22:14:43,950 : ERROR : root : Config File Error in EventManager: Switch name "s_flipper_right" name used as event handler for functools.partial(<bound method EventManager._wait_handler of <mpf.core.events.EventManager object at 0x00000257F13829A0>>, _future=<Future pending>, _keys=[], event='s_flipper_right'). Did you mean "s_flipper_right_active"? Error Code: CFE-EventManager-1 (https://docs.missionpinball.org/en/0.56/logs/CFE-EventManager-1.html)
Traceback (most recent call last):
  File "C:\Users\warzz\AppData\Local\Programs\Python\Python39\lib\site-packages\mpf\commands\game.py", line 239, in __init__
    self.machine.run()
  File "C:\Users\warzz\AppData\Local\Programs\Python\Python39\lib\site-packages\mpf\core\machine.py", line 693, in run
    self._run_loop()
  File "C:\Users\warzz\AppData\Local\Programs\Python\Python39\lib\site-packages\mpf\core\machine.py", line 793, in _run_loop
    self._crash_shutdown()
  File "C:\Users\warzz\AppData\Local\Programs\Python\Python39\lib\site-packages\mpf\core\machine.py", line 738, in _crash_shutdown
    self._do_stop()
  File "C:\Users\warzz\AppData\Local\Programs\Python\Python39\lib\site-packages\mpf\core\machine.py", line 729, in _do_stop
    self.shutdown()
  File "C:\Users\warzz\AppData\Local\Programs\Python\Python39\lib\site-packages\mpf\core\machine.py", line 758, in shutdown
    self.device_manager.stop_devices()
  File "C:\Users\warzz\AppData\Local\Programs\Python\Python39\lib\site-packages\mpf\core\device_manager.py", line 100, in stop_devices
    device.stop_device()
  File "C:\Users\warzz\AppData\Local\Programs\Python\Python39\lib\site-packages\mpf\devices\ball_device\ball_device.py", line 112, in stop_device
    self.outgoing_balls_handler.stop()
  File "C:\Users\warzz\AppData\Local\Programs\Python\Python39\lib\site-packages\mpf\devices\ball_device\ball_device_state_handler.py", line 29, in stop
    self.machine.clock.loop.run_until_complete(self._task)
  File "C:\Users\warzz\AppData\Local\Programs\Python\Python39\lib\asyncio\base_events.py", line 647, in run_until_complete
    return future.result()
  File "C:\Users\warzz\AppData\Local\Programs\Python\Python39\lib\asyncio\events.py", line 80, in _run
    self._context.run(self._callback, *self._args)
  File "C:\Users\warzz\AppData\Local\Programs\Python\Python39\lib\site-packages\mpf\core\utility_functions.py", line 767, in raise_exceptions
    future.result()
  File "C:\Users\warzz\AppData\Local\Programs\Python\Python39\lib\site-packages\mpf\devices\ball_device\outgoing_balls_handler.py", line 119, in _run
    if not await self._ejecting(eject_request):
  File "C:\Users\warzz\AppData\Local\Programs\Python\Python39\lib\site-packages\mpf\devices\ball_device\outgoing_balls_handler.py", line 276, in _ejecting
    result = await self._eject_ball(eject_request, eject_try)
  File "C:\Users\warzz\AppData\Local\Programs\Python\Python39\lib\site-packages\mpf\devices\ball_device\outgoing_balls_handler.py", line 392, in _eject_ball
    trigger = self.machine.events.wait_for_event(
  File "C:\Users\warzz\AppData\Local\Programs\Python\Python39\lib\site-packages\mpf\core\events.py", line 398, in wait_for_event
    return self.wait_for_any_event([event_name])
  File "C:\Users\warzz\AppData\Local\Programs\Python\Python39\lib\site-packages\mpf\core\events.py", line 405, in wait_for_any_event
    keys.append(self.add_handler(event_name, partial(self._wait_handler,
  File "C:\Users\warzz\AppData\Local\Programs\Python\Python39\lib\site-packages\mpf\core\events.py", line 168, in add_handler
    self.raise_config_error('Switch name "{name}" name used as event handler for {handler}. '
  File "C:\Users\warzz\AppData\Local\Programs\Python\Python39\lib\site-packages\mpf\core\logging.py", line 174, in raise_config_error
    raise ConfigFileError(msg, error_no, self.log.name if self.log else "", context, self._url_base) \
mpf.exceptions.config_file_error.ConfigFileError: Config File Error in EventManager: Switch name "s_flipper_right" name used as event handler for functools.partial(<bound method EventManager._wait_handler of <mpf.core.events.EventManager object at 0x00000257F13829A0>>, _future=<Future pending>, _keys=[], event='s_flipper_right'). Did you mean "s_flipper_right_active"? Error Code: CFE-EventManager-1 (https://docs.missionpinball.org/en/0.56/logs/CFE-EventManager-1.html)
