2023-07-16 23:46:35,076 : INFO : root : Loading config.
2023-07-16 23:46:35,078 : INFO : YamlMultifileConfigLoader : Machine config file #1: config.yaml
2023-07-16 23:46:35,079 : WARNING : ConfigProcessor : Config file in cache changed: D:\MPF\springbreak\config\config.yaml
2023-07-16 23:46:35,079 : INFO : ConfigProcessor : Loading config from file C:\Users\warzz\AppData\Local\Programs\Python\Python39\lib\site-packages\mpf\mpfconfig.yaml.
2023-07-16 23:46:35,139 : INFO : ConfigProcessor : Loading config: C:\Users\warzz\AppData\Local\Programs\Python\Python39\lib\site-packages\mpf\mpfconfig.yaml
2023-07-16 23:46:35,139 : INFO : ConfigProcessor : Loading config from file D:\MPF\springbreak\config\config.yaml.
2023-07-16 23:46:35,147 : INFO : ConfigProcessor : Loading config: D:\MPF\springbreak\config\config.yaml
2023-07-16 23:46:35,152 : INFO : ConfigProcessor : Loading config: D:\MPF\springbreak\config\coils.yaml
2023-07-16 23:46:35,156 : INFO : ConfigProcessor : Loading config: D:\MPF\springbreak\config\switches.yaml
2023-07-16 23:46:35,161 : INFO : ConfigProcessor : Loading config: D:\MPF\springbreak\config\devices.yaml
2023-07-16 23:46:35,163 : INFO : ConfigProcessor : Loading config: D:\MPF\springbreak\config\displays.yaml
2023-07-16 23:46:35,165 : INFO : ConfigProcessor : Loading config: D:\MPF\springbreak\config\keyboard.yaml
2023-07-16 23:46:35,166 : INFO : ConfigProcessor : Config file cache created: C:\Users\warzz\AppData\Local\Temp\999c2299d6c39d2b6f23a88f71ed49fc.mpf_cache
2023-07-16 23:46:35,233 : INFO : ConfigProcessor : Loading config from cache: C:\Users\warzz\AppData\Local\Temp\b77c3901e90ec7d7cc601651512a0021.mpf_cache
2023-07-16 23:46:35,234 : INFO : ConfigProcessor : Loading config from cache: C:\Users\warzz\AppData\Local\Temp\a5b2fce8b210d64acc95275c2c9a2339.mpf_cache
2023-07-16 23:46:35,234 : INFO : ConfigProcessor : Loading config from file D:\MPF\springbreak\modes\base\config\base.yaml.
2023-07-16 23:46:35,240 : INFO : ConfigProcessor : Loading config: D:\MPF\springbreak\modes\base\config\base.yaml
2023-07-16 23:46:35,240 : INFO : ConfigProcessor : Config file cache created: C:\Users\warzz\AppData\Local\Temp\f8d84beef5f99d10c74fd589715eb307.mpf_cache
2023-07-16 23:46:35,241 : INFO : Machine : Mission Pinball Framework Core Engine v0.56.0
2023-07-16 23:46:35,241 : INFO : Machine : Command line arguments: {'no_load_cache': False, 'create_config_cache': True, 'bcp': True, 'configfile': ['config.yaml'], 'force_assets_load': False, 'jsonlogging': False, 'logfile': 'logs\\2023-07-16-23-46-35-mpf-DESKTOP-VQ7DOMB.log', 'pause': False, 'production': False, 'text_ui': True, 'loglevel': 15, 'consoleloglevel': 20, 'force_platform': 'smart_virtual', 'syslog_address': None, 'mc_file_name': None, 'no_sound': False}
2023-07-16 23:46:35,241 : INFO : Machine : MPF path: C:\Users\warzz\AppData\Local\Programs\Python\Python39\lib\site-packages\mpf
2023-07-16 23:46:35,241 : INFO : Machine : Machine path: D:\MPF\springbreak
2023-07-16 23:46:35,241 : INFO : Machine : Platform: win32
2023-07-16 23:46:35,241 : INFO : Machine : Python executable location: C:\Users\warzz\AppData\Local\Programs\Python\Python39\python.exe
2023-07-16 23:46:35,241 : INFO : Machine : Python version: 3.9.13 (64-bit)
2023-07-16 23:46:35,242 : INFO : Machine : Initialise MPF.
2023-07-16 23:46:35,396 : INFO : EventManager : Event: ======'machine_var_credits_string'====== Args={'value': 'FREE PLAY', 'prev_value': None, 'change': True}
2023-07-16 23:46:35,440 : INFO : EventManager : Event: ======'machine_var_master_volume'====== Args={'value': 0.5, 'prev_value': None, 'change': True}
2023-07-16 23:46:35,440 : INFO : EventManager : Event: ======'machine_var_player1_score'====== Args={'value': 0, 'prev_value': None, 'change': True}
2023-07-16 23:46:35,440 : INFO : EventManager : Event: ======'machine_var_mpf_version'====== Args={'value': 'MPF v0.56.0', 'prev_value': None, 'change': True}
2023-07-16 23:46:35,440 : INFO : EventManager : Event: ======'machine_var_mpf_extended_version'====== Args={'value': 'MPF v0.56.0, Config version:5, Show version: 5, BCP version:1.1', 'prev_value': None, 'change': True}
2023-07-16 23:46:35,440 : INFO : EventManager : Event: ======'machine_var_python_version'====== Args={'value': '3.9.13', 'prev_value': None, 'change': True}
2023-07-16 23:46:35,448 : INFO : EventManager : Event: ======'machine_var_platform'====== Args={'value': 'Windows-10-10.0.19045-SP0', 'prev_value': None, 'change': True}
2023-07-16 23:46:35,448 : INFO : EventManager : Event: ======'machine_var_platform_system'====== Args={'value': 'Windows', 'prev_value': None, 'change': True}
2023-07-16 23:46:35,448 : INFO : EventManager : Event: ======'machine_var_platform_release'====== Args={'value': '10', 'prev_value': None, 'change': True}
2023-07-16 23:46:35,448 : INFO : EventManager : Event: ======'machine_var_platform_version'====== Args={'value': '10.0.19045', 'prev_value': None, 'change': True}
2023-07-16 23:46:35,449 : INFO : EventManager : Event: ======'machine_var_platform_machine'====== Args={'value': 'AMD64', 'prev_value': None, 'change': True}
2023-07-16 23:46:35,449 : INFO : EventManager : Event: ======'init_phase_1'====== Args={}
2023-07-16 23:46:35,461 : INFO : EventManager : Event: ======'init_phase_2'====== Args={}
2023-07-16 23:46:35,462 : INFO : SwitchController : Found active switch: ('0-0-26', <Platform.SmartVirtual>) <switch.s_trough_1>
2023-07-16 23:46:35,463 : INFO : EventManager : Event: ======'bcp_connection_attempt'====== Args={'name': 'local_display', 'host': 'localhost', 'port': 5050}
2023-07-16 23:46:35,464 : INFO : BCPClientSocket : Connecting BCP to 'local_display' at localhost:5050...
2023-07-16 23:46:37,509 : INFO : BCPClientSocket : Connected BCP to 'local_display' localhost:5050
2023-07-16 23:46:37,510 : INFO : EventManager : Event: ======'bcp_clients_connected'====== Args={}
2023-07-16 23:46:37,514 : INFO : ball_device.bd_drain : BCH: Initial count: 0
2023-07-16 23:46:37,515 : INFO : ball_device.bd_drain : State: idle
2023-07-16 23:46:37,515 : INFO : ball_device.bd_trough : BCH: Initial count: 4
2023-07-16 23:46:37,515 : INFO : ball_device.bd_trough : State: idle
2023-07-16 23:46:37,515 : INFO : ball_device.bd_plunger : BCH: Initial count: 0
2023-07-16 23:46:37,515 : INFO : ball_device.bd_plunger : State: idle
2023-07-16 23:46:37,528 : INFO : EventManager : Event: ======'init_phase_3'====== Args={}
2023-07-16 23:46:37,530 : INFO : EventManager : Event: ======'machine_var_mc_version'====== Args={'value': 'MPF-MC v0.56.1', 'prev_value': None, 'change': True}
2023-07-16 23:46:37,530 : INFO : EventManager : Event: ======'machine_var_mc_extended_version'====== Args={'value': 'MPF-MC v0.56.1 (config_version=5, BCP v1.1,                      Requires MPF API compatibility v0.56.0 or newer)', 'prev_value': None, 'change': True}
2023-07-16 23:46:37,532 : INFO : EventManager : Event: ======'init_phase_4'====== Args={}
2023-07-16 23:46:37,543 : INFO : BallController : Initial balls found: 4
2023-07-16 23:46:37,543 : INFO : EventManager : Event: ======'machine_var_audits_events_game_ended'====== Args={'value': 4, 'prev_value': None, 'change': True}
2023-07-16 23:46:37,544 : INFO : EventManager : Event: ======'machine_var_audits_events_game_started'====== Args={'value': 9, 'prev_value': None, 'change': True}
2023-07-16 23:46:37,544 : INFO : EventManager : Event: ======'machine_var_audits_player_score'====== Args={'value': {'average': 0.0, 'top': [0, 0, 0, 0], 'total': 4}, 'prev_value': None, 'change': True}
2023-07-16 23:46:37,544 : INFO : EventManager : Event: ======'machine_var_audits_switches_s_drain_detect'====== Args={'value': 20, 'prev_value': None, 'change': True}
2023-07-16 23:46:37,544 : INFO : EventManager : Event: ======'machine_var_audits_switches_s_flipper_left'====== Args={'value': 3, 'prev_value': None, 'change': True}
2023-07-16 23:46:37,545 : INFO : EventManager : Event: ======'machine_var_audits_switches_s_flipper_right'====== Args={'value': 19, 'prev_value': None, 'change': True}
2023-07-16 23:46:37,545 : INFO : EventManager : Event: ======'machine_var_audits_switches_s_plunger_detect'====== Args={'value': 18, 'prev_value': None, 'change': True}
2023-07-16 23:46:37,545 : INFO : EventManager : Event: ======'machine_var_audits_switches_s_plunger_exit'====== Args={'value': 10, 'prev_value': None, 'change': True}
2023-07-16 23:46:37,545 : INFO : EventManager : Event: ======'machine_var_audits_switches_s_popbumper_1'====== Args={'value': 0, 'prev_value': None, 'change': True}
2023-07-16 23:46:37,545 : INFO : EventManager : Event: ======'machine_var_audits_switches_s_popbumper_2'====== Args={'value': 0, 'prev_value': None, 'change': True}
2023-07-16 23:46:37,545 : INFO : EventManager : Event: ======'machine_var_audits_switches_s_popbumper_3'====== Args={'value': 0, 'prev_value': None, 'change': True}
2023-07-16 23:46:37,545 : INFO : EventManager : Event: ======'machine_var_audits_switches_s_slingshot'====== Args={'value': 0, 'prev_value': None, 'change': True}
2023-07-16 23:46:37,546 : INFO : EventManager : Event: ======'machine_var_audits_switches_s_start_button'====== Args={'value': 0, 'prev_value': None, 'change': True}
2023-07-16 23:46:37,546 : INFO : EventManager : Event: ======'machine_var_audits_switches_s_trough_1'====== Args={'value': 13, 'prev_value': None, 'change': True}
2023-07-16 23:46:37,546 : INFO : EventManager : Event: ======'machine_var_audits_switches_s_trough_2'====== Args={'value': 0, 'prev_value': None, 'change': True}
2023-07-16 23:46:37,546 : INFO : EventManager : Event: ======'init_phase_5'====== Args={}
2023-07-16 23:46:37,556 : INFO : EventManager : Event: ======'init_done'====== Args={}
2023-07-16 23:46:37,557 : INFO : EventManager : Event: ======'machine_reset_phase_1'====== Args={}
2023-07-16 23:46:37,558 : INFO : EventManager : Event: ======'slide_welcome_slide_removed'====== Args={'_from_bcp': True}
2023-07-16 23:46:37,560 : INFO : EventManager : Event: ======'slide_welcome_slide_created'====== Args={'_from_bcp': True}
2023-07-16 23:46:37,561 : INFO : EventManager : Event: ======'machine_reset_phase_2'====== Args={}
2023-07-16 23:46:37,561 : INFO : EventManager : Event: ======'machine_reset_phase_3'====== Args={}
2023-07-16 23:46:37,561 : INFO : EventManager : Event: ======'reset_complete'====== Args={}
2023-07-16 23:46:37,561 : INFO : EventManager : Event: ======'mode_attract_will_start'====== Args={}
2023-07-16 23:46:37,562 : INFO : EventManager : Event: ======'mode_attract_starting'====== Args={}
2023-07-16 23:46:37,562 : INFO : Mode.attract : Started. Priority: 10
2023-07-16 23:46:37,562 : INFO : EventManager : Event: ======'modes_active_modes_changed'====== Args={}
2023-07-16 23:46:37,562 : INFO : EventManager : Event: ======'mode_attract_started'====== Args={}
2023-07-16 23:46:37,562 : INFO : EventManager : Event: ======'collecting_balls_complete'====== Args={}
2023-07-16 23:46:37,579 : INFO : EventManager : Event: ======'slide_welcome_slide_active'====== Args={'_from_bcp': True}
2023-07-16 23:46:37,579 : INFO : Machine : Starting the main run loop.
2023-07-16 23:46:40,007 : INFO : SwitchController : <<<<<<< 's_flipper_right' active >>>>>>>
2023-07-16 23:46:40,146 : INFO : SwitchController : <<<<<<< 's_flipper_right' inactive >>>>>>>
2023-07-16 23:46:42,232 : INFO : SwitchController : <<<<<<< 's_start_button' active >>>>>>>
2023-07-16 23:46:42,346 : INFO : SwitchController : <<<<<<< 's_start_button' inactive >>>>>>>
2023-07-16 23:46:42,347 : INFO : EventManager : Event: ======'request_to_start_game'====== Args={}
2023-07-16 23:46:42,347 : INFO : EventManager : Event: ======'game_start'====== Args={'buttons': [], 'hold_time': 0.10999999998603016}
2023-07-16 23:46:42,347 : INFO : EventManager : Event: ======'mode_game_will_start'====== Args={'buttons': [], 'hold_time': 0.10999999998603016}
2023-07-16 23:46:42,347 : INFO : EventManager : Event: ======'mode_game_starting'====== Args={'buttons': [], 'hold_time': 0.10999999998603016}
2023-07-16 23:46:42,347 : INFO : EventManager : Event: ======'mode_attract_will_stop'====== Args={}
2023-07-16 23:46:42,348 : INFO : EventManager : Event: ======'mode_attract_stopping'====== Args={}
2023-07-16 23:46:42,348 : INFO : Mode.attract : Stopped.
2023-07-16 23:46:42,348 : INFO : EventManager : Event: ======'modes_active_modes_changed'====== Args={}
2023-07-16 23:46:42,348 : INFO : EventManager : Event: ======'mode_attract_stopped'====== Args={}
2023-07-16 23:46:42,348 : INFO : EventManager : Event: ======'clear'====== Args={'key': 'attract'}
2023-07-16 23:46:42,348 : INFO : Mode.game : Started. Priority: 20
2023-07-16 23:46:42,348 : INFO : EventManager : Event: ======'modes_active_modes_changed'====== Args={}
2023-07-16 23:46:42,348 : INFO : EventManager : Event: ======'mode_game_started'====== Args={'buttons': [], 'hold_time': 0.10999999998603016}
2023-07-16 23:46:42,352 : INFO : EventManager : Event: ======'game_will_start'====== Args={}
2023-07-16 23:46:42,352 : INFO : EventManager : Event: ======'game_starting'====== Args={'game': <Mode.game>}
2023-07-16 23:46:42,353 : INFO : EventManager : Event: ======'player_add_request'====== Args={}
2023-07-16 23:46:42,353 : INFO : EventManager : Event: ======'player_will_add'====== Args={'number': 1}
2023-07-16 23:46:42,353 : INFO : EventManager : Event: ======'player_adding'====== Args={'player': <Player 1>, 'number': 1}
2023-07-16 23:46:42,353 : INFO : EventManager : Event: ======'player_added'====== Args={'player': <Player 1>, 'num': 1}
2023-07-16 23:46:42,353 : INFO : Mode.game : Player added successfully. Total players: 1
2023-07-16 23:46:42,353 : INFO : EventManager : Event: ======'player_index'====== Args={'value': 0, 'prev_value': 0, 'change': 0, 'player_num': 1}
2023-07-16 23:46:42,353 : INFO : EventManager : Event: ======'player_number'====== Args={'value': 1, 'prev_value': 1, 'change': 0, 'player_num': 1}
2023-07-16 23:46:42,353 : INFO : EventManager : Event: ======'player_score'====== Args={'value': 0, 'prev_value': 0, 'change': 0, 'player_num': 1}
2023-07-16 23:46:42,354 : INFO : EventManager : Event: ======'game_started'====== Args={}
2023-07-16 23:46:42,357 : INFO : EventManager : Event: ======'player_turn_will_start'====== Args={'player': <Player 1>, 'number': 1}
2023-07-16 23:46:42,357 : INFO : EventManager : Event: ======'player_turn_starting'====== Args={'player': <Player 1>, 'number': 1}
2023-07-16 23:46:42,358 : INFO : EventManager : Event: ======'player_ball'====== Args={'value': 1, 'prev_value': 0, 'change': 1, 'player_num': 1}
2023-07-16 23:46:42,358 : INFO : EventManager : Event: ======'player_turn_started'====== Args={'player': <Player 1>, 'number': 1}
2023-07-16 23:46:42,358 : INFO : EventManager : Event: ======'ball_will_start'====== Args={'player': 1, 'ball': 1, 'balls_remaining': 2, 'is_extra_ball': False}
2023-07-16 23:46:42,359 : INFO : EventManager : Event: ======'ball_starting'====== Args={'player': 1, 'ball': 1, 'balls_remaining': 2, 'is_extra_ball': False}
2023-07-16 23:46:42,360 : INFO : EventManager : Event: ======'balls_in_play'====== Args={'balls': 1}
2023-07-16 23:46:42,360 : INFO : EventManager : Event: ======'ball_started'====== Args={'player': 1, 'ball': 1, 'balls_remaining': 2, 'is_extra_ball': False}
2023-07-16 23:46:42,360 : INFO : EventManager : Event: ======'mode_base_will_start'====== Args={'player': 1, 'ball': 1, 'balls_remaining': 2, 'is_extra_ball': False}
2023-07-16 23:46:42,364 : INFO : EventManager : Event: ======'mode_base_starting'====== Args={'player': 1, 'ball': 1, 'balls_remaining': 2, 'is_extra_ball': False}
2023-07-16 23:46:42,365 : INFO : Mode.base : Started. Priority: 100
2023-07-16 23:46:42,365 : INFO : EventManager : Event: ======'modes_active_modes_changed'====== Args={}
2023-07-16 23:46:42,365 : INFO : EventManager : Event: ======'mode_base_started'====== Args={'player': 1, 'ball': 1, 'balls_remaining': 2, 'is_extra_ball': False}
2023-07-16 23:46:42,365 : INFO : EventManager : Event: ======'single_player_ball_started'====== Args={}
2023-07-16 23:46:42,378 : INFO : EventManager : Event: ======'ball_start_target'====== Args={'target': 'playfield'}
2023-07-16 23:46:42,378 : INFO : ball_device.bd_plunger : Setting up player-controlled eject. Balls: 1, Target: <playfield.playfield>, player_controlled_eject_event: s_flipper_right_active
2023-07-16 23:46:42,379 : INFO : EventManager : Event: ======'balldevice_balls_available'====== Args={}
2023-07-16 23:46:42,379 : INFO : ball_device.bd_trough : State: waiting_for_target_ready
2023-07-16 23:46:42,379 : INFO : EventManager : Event: ======'balldevice_bd_trough_ball_eject_attempt'====== Args={'balls': 1, 'target': <ball_device.bd_plunger>, 'source': <ball_device.bd_trough>, 'mechanical_eject': True, 'num_attempts': 0}
2023-07-16 23:46:42,379 : INFO : ball_device.bd_plunger : State: waiting_for_ball
2023-07-16 23:46:42,379 : INFO : ball_device.bd_trough : State: ejecting
2023-07-16 23:46:42,379 : INFO : ball_device.bd_trough : Ejecting ball to <ball_device.bd_plunger>
2023-07-16 23:46:42,379 : INFO : EventManager : Event: ======'balldevice_bd_trough_ejecting_ball'====== Args={'balls': 1, 'target': <ball_device.bd_plunger>, 'source': <ball_device.bd_trough>, 'mechanical_eject': True, 'num_attempts': 0}
2023-07-16 23:46:42,380 : INFO : ball_device.bd_trough : Wait for ball to leave device
2023-07-16 23:46:42,380 : INFO : coil.c_trough_eject : Enabling Driver for 1000ms (1.0 pulse_power)
2023-07-16 23:46:42,380 : INFO : SwitchController : <<<<<<< 's_trough_1' inactive >>>>>>>
2023-07-16 23:46:42,394 : INFO : ball_device.bd_trough : State: ball_left
2023-07-16 23:46:42,394 : INFO : ball_device.bd_trough : Ball left
2023-07-16 23:46:42,394 : INFO : ball_device.bd_trough : Wait for confirm with timeout 3.0
2023-07-16 23:46:42,486 : INFO : SwitchController : <<<<<<< 's_plunger_detect' active >>>>>>>
2023-07-16 23:46:42,486 : INFO : EventManager : Event: ======'machine_var_audits_switches_s_plunger_detect'====== Args={'value': 19, 'prev_value': 18, 'change': 1}
2023-07-16 23:46:42,996 : INFO : ball_device.bd_plunger : Received ball from <ball_device.bd_trough>
2023-07-16 23:46:42,996 : INFO : EventManager : Event: ======'balldevice_bd_plunger_ball_enter'====== Args={'new_balls': 1, 'unclaimed_balls': 0, 'new_available_balls': 0, 'device': <ball_device.bd_plunger>}
2023-07-16 23:46:42,996 : INFO : EventManager : Event: ======'balldevice_bd_plunger_ball_entered'====== Args={'new_balls': 0, 'device': <ball_device.bd_plunger>}
2023-07-16 23:46:42,996 : INFO : EventManager : Event: ======'balldevice_bd_plunger_ball_count_changed'====== Args={'balls': 1}
2023-07-16 23:46:42,996 : INFO : ball_device.bd_trough : Got eject confirm
2023-07-16 23:46:42,996 : INFO : ball_device.bd_trough : Eject successful
2023-07-16 23:46:42,996 : INFO : EventManager : Event: ======'balldevice_bd_trough_ball_eject_success'====== Args={'balls': 1, 'target': <ball_device.bd_plunger>}
2023-07-16 23:46:42,996 : INFO : ball_device.bd_plunger : State: waiting_for_target_ready
2023-07-16 23:46:42,997 : INFO : EventManager : Event: ======'balldevice_bd_plunger_ball_eject_attempt'====== Args={'balls': 1, 'target': <playfield.playfield>, 'source': <ball_device.bd_plunger>, 'mechanical_eject': True, 'num_attempts': 0}
2023-07-16 23:46:42,997 : INFO : EventManager : Event: ======'balldevice_bd_trough_ball_count_changed'====== Args={'balls': 3}
2023-07-16 23:46:42,997 : INFO : ball_device.bd_trough : State: idle
2023-07-16 23:46:42,997 : INFO : ball_device.bd_plunger : State: ejecting
2023-07-16 23:46:42,997 : INFO : ball_device.bd_plunger : Ejecting ball to <playfield.playfield>
2023-07-16 23:46:42,997 : INFO : EventManager : Event: ======'balldevice_bd_plunger_ejecting_ball'====== Args={'balls': 1, 'target': <playfield.playfield>, 'source': <ball_device.bd_plunger>, 'mechanical_eject': True, 'num_attempts': 0}
2023-07-16 23:46:42,997 : INFO : ball_device.bd_plunger : Wait for ball to leave device
2023-07-16 23:46:43,385 : INFO : coil.c_trough_eject : Disabling Driver
2023-07-16 23:46:49,536 : INFO : SwitchController : <<<<<<< 's_flipper_right' active >>>>>>>
2023-07-16 23:46:49,536 : INFO : EventManager : Event: ======'s_flipper_right_active'====== Args={}
2023-07-16 23:46:49,537 : INFO : EventManager : Event: ======'machine_var_audits_switches_s_flipper_right'====== Args={'value': 20, 'prev_value': 19, 'change': 1}
2023-07-16 23:46:49,604 : INFO : coil.c_plunger : Pulsing Driver for 20ms (1.0 pulse_power)
2023-07-16 23:46:49,604 : INFO : SwitchController : <<<<<<< 's_plunger_detect' inactive >>>>>>>
2023-07-16 23:46:49,607 : INFO : ball_device.bd_plunger : State: ball_left
2023-07-16 23:46:49,607 : INFO : ball_device.bd_plunger : Ball left
2023-07-16 23:46:49,607 : INFO : ball_device.bd_plunger : Wait for confirm with timeout 10.0
2023-07-16 23:46:49,649 : INFO : SwitchController : <<<<<<< 's_flipper_right' inactive >>>>>>>
2023-07-16 23:46:50,466 : INFO : SwitchController : <<<<<<< 's_plunger_exit' active >>>>>>>
2023-07-16 23:46:50,466 : INFO : EventManager : Event: ======'sw_playfield_active'====== Args={}
2023-07-16 23:46:50,466 : INFO : EventManager : Event: ======'machine_var_audits_switches_s_plunger_exit'====== Args={'value': 11, 'prev_value': 10, 'change': 1}
2023-07-16 23:46:50,467 : INFO : EventManager : Event: ======'playfield_active'====== Args={}
2023-07-16 23:46:50,470 : INFO : ball_device.bd_plunger : Got eject confirm
2023-07-16 23:46:50,470 : INFO : ball_device.bd_plunger : Eject successful
2023-07-16 23:46:50,470 : INFO : EventManager : Event: ======'balldevice_bd_plunger_ball_eject_success'====== Args={'balls': 1, 'target': <playfield.playfield>}
2023-07-16 23:46:50,470 : INFO : EventManager : Event: ======'balldevice_playfield_ball_enter'====== Args={'new_balls': 1, 'unclaimed_balls': 1, 'device': <playfield.playfield>}
2023-07-16 23:46:50,470 : INFO : EventManager : Event: ======'playfield_ball_count_change'====== Args={'balls': 1, 'change': 1}
2023-07-16 23:46:50,470 : INFO : EventManager : Event: ======'balldevice_bd_plunger_ball_count_changed'====== Args={'balls': 0}
2023-07-16 23:46:50,470 : INFO : ball_device.bd_plunger : State: idle
2023-07-16 23:46:50,577 : INFO : SwitchController : <<<<<<< 's_plunger_exit' inactive >>>>>>>
2023-07-16 23:46:51,005 : INFO : SwitchController : <<<<<<< 's_drain_detect' active >>>>>>>
2023-07-16 23:46:51,005 : INFO : EventManager : Event: ======'machine_var_audits_switches_s_drain_detect'====== Args={'value': 21, 'prev_value': 20, 'change': 1}
2023-07-16 23:46:51,508 : INFO : EventManager : Event: ======'balldevice_bd_drain_ball_count_changed'====== Args={'balls': 1}
2023-07-16 23:46:51,508 : INFO : ball_device.bd_drain : Received unexpected ball
2023-07-16 23:46:51,508 : INFO : EventManager : Event: ======'balldevice_captured_from_playfield'====== Args={'balls': 1}
2023-07-16 23:46:51,508 : INFO : EventManager : Event: ======'sw_playfield_active'====== Args={'balls': 1}
2023-07-16 23:46:51,508 : INFO : EventManager : Event: ======'playfield_ball_count_change'====== Args={'balls': 0, 'change': -1}
2023-07-16 23:46:51,508 : INFO : EventManager : Event: ======'balldevice_bd_drain_ball_enter'====== Args={'new_balls': 1, 'unclaimed_balls': 1, 'new_available_balls': 1, 'device': <ball_device.bd_drain>}
2023-07-16 23:46:51,508 : INFO : EventManager : Event: ======'ball_drain'====== Args={'device': <ball_device.bd_drain>, 'balls': 1}
2023-07-16 23:46:51,509 : INFO : EventManager : Event: ======'ball_will_end'====== Args={}
2023-07-16 23:46:51,509 : INFO : EventManager : Event: ======'balldevice_balls_available'====== Args={}
2023-07-16 23:46:51,509 : INFO : EventManager : Event: ======'balldevice_balls_available'====== Args={}
2023-07-16 23:46:51,509 : INFO : EventManager : Event: ======'balldevice_bd_drain_ball_entered'====== Args={'new_balls': 1, 'device': <ball_device.bd_drain>}
2023-07-16 23:46:51,509 : INFO : EventManager : Event: ======'ball_ending'====== Args={}
2023-07-16 23:46:51,509 : INFO : EventManager : Event: ======'mode_base_will_stop'====== Args={}
2023-07-16 23:46:51,509 : INFO : EventManager : Event: ======'mode_base_stopping'====== Args={}
2023-07-16 23:46:51,509 : INFO : Mode.base : Stopped.
2023-07-16 23:46:51,509 : INFO : EventManager : Event: ======'modes_active_modes_changed'====== Args={}
2023-07-16 23:46:51,510 : INFO : EventManager : Event: ======'mode_base_stopped'====== Args={}
2023-07-16 23:46:51,510 : INFO : EventManager : Event: ======'clear'====== Args={'key': 'base'}
2023-07-16 23:46:51,522 : INFO : EventManager : Event: ======'ball_ended'====== Args={}
2023-07-16 23:46:51,522 : INFO : ball_device.bd_drain : State: waiting_for_target_ready
2023-07-16 23:46:51,522 : INFO : EventManager : Event: ======'balldevice_bd_drain_ball_eject_attempt'====== Args={'balls': 1, 'target': <ball_device.bd_trough>, 'source': <ball_device.bd_drain>, 'mechanical_eject': False, 'num_attempts': 0}
2023-07-16 23:46:51,523 : INFO : ball_device.bd_drain : State: ejecting
2023-07-16 23:46:51,523 : INFO : ball_device.bd_drain : Ejecting ball to <ball_device.bd_trough>
2023-07-16 23:46:51,523 : INFO : EventManager : Event: ======'balldevice_bd_drain_ejecting_ball'====== Args={'balls': 1, 'target': <ball_device.bd_trough>, 'source': <ball_device.bd_drain>, 'mechanical_eject': False, 'num_attempts': 0}
2023-07-16 23:46:51,523 : INFO : EventManager : Event: ======'player_turn_will_end'====== Args={'player': <Player 1>, 'number': 1}
2023-07-16 23:46:51,524 : INFO : EventManager : Event: ======'player_turn_ending'====== Args={'player': <Player 1>, 'number': 1}
2023-07-16 23:46:51,524 : INFO : EventManager : Event: ======'player_turn_ended'====== Args={'player': <Player 1>, 'number': 1}
2023-07-16 23:46:51,525 : INFO : ball_device.bd_drain : Wait for ball to leave device
2023-07-16 23:46:51,525 : INFO : coil.c_drain_kicker : Pulsing Driver for 20ms (1.0 pulse_power)
2023-07-16 23:46:51,525 : INFO : SwitchController : <<<<<<< 's_drain_detect' inactive >>>>>>>
2023-07-16 23:46:51,527 : INFO : EventManager : Event: ======'player_turn_will_start'====== Args={'player': <Player 1>, 'number': 1}
2023-07-16 23:46:51,527 : INFO : EventManager : Event: ======'player_turn_starting'====== Args={'player': <Player 1>, 'number': 1}
2023-07-16 23:46:51,527 : INFO : EventManager : Event: ======'player_ball'====== Args={'value': 2, 'prev_value': 1, 'change': 1, 'player_num': 1}
2023-07-16 23:46:51,527 : INFO : EventManager : Event: ======'player_turn_started'====== Args={'player': <Player 1>, 'number': 1}
2023-07-16 23:46:51,527 : INFO : ball_device.bd_drain : State: ball_left
2023-07-16 23:46:51,527 : INFO : ball_device.bd_drain : Ball left
2023-07-16 23:46:51,527 : INFO : ball_device.bd_drain : Wait for confirm with timeout 10.0
2023-07-16 23:46:51,528 : INFO : EventManager : Event: ======'ball_will_start'====== Args={'player': 1, 'ball': 2, 'balls_remaining': 1, 'is_extra_ball': False}
2023-07-16 23:46:51,529 : INFO : EventManager : Event: ======'ball_starting'====== Args={'player': 1, 'ball': 2, 'balls_remaining': 1, 'is_extra_ball': False}
2023-07-16 23:46:51,529 : INFO : EventManager : Event: ======'balls_in_play'====== Args={'balls': 1}
2023-07-16 23:46:51,529 : INFO : EventManager : Event: ======'ball_started'====== Args={'player': 1, 'ball': 2, 'balls_remaining': 1, 'is_extra_ball': False}
2023-07-16 23:46:51,529 : INFO : EventManager : Event: ======'mode_base_will_start'====== Args={'player': 1, 'ball': 2, 'balls_remaining': 1, 'is_extra_ball': False}
2023-07-16 23:46:51,530 : INFO : EventManager : Event: ======'mode_base_starting'====== Args={'player': 1, 'ball': 2, 'balls_remaining': 1, 'is_extra_ball': False}
2023-07-16 23:46:51,530 : INFO : Mode.base : Started. Priority: 100
2023-07-16 23:46:51,530 : INFO : EventManager : Event: ======'modes_active_modes_changed'====== Args={}
2023-07-16 23:46:51,530 : INFO : EventManager : Event: ======'mode_base_started'====== Args={'player': 1, 'ball': 2, 'balls_remaining': 1, 'is_extra_ball': False}
2023-07-16 23:46:51,530 : INFO : EventManager : Event: ======'single_player_ball_started'====== Args={}
2023-07-16 23:46:51,543 : INFO : EventManager : Event: ======'ball_start_target'====== Args={'target': 'playfield'}
2023-07-16 23:46:51,543 : INFO : ball_device.bd_plunger : Setting up player-controlled eject. Balls: 1, Target: <playfield.playfield>, player_controlled_eject_event: s_flipper_right_active
2023-07-16 23:46:51,544 : INFO : EventManager : Event: ======'balldevice_balls_available'====== Args={}
2023-07-16 23:46:51,544 : INFO : ball_device.bd_trough : State: waiting_for_target_ready
2023-07-16 23:46:51,544 : INFO : EventManager : Event: ======'balldevice_bd_trough_ball_eject_attempt'====== Args={'balls': 1, 'target': <ball_device.bd_plunger>, 'source': <ball_device.bd_trough>, 'mechanical_eject': True, 'num_attempts': 0}
2023-07-16 23:46:51,544 : INFO : ball_device.bd_plunger : State: waiting_for_ball
2023-07-16 23:46:51,544 : INFO : ball_device.bd_trough : State: ejecting
2023-07-16 23:46:51,544 : INFO : ball_device.bd_trough : Ejecting ball to <ball_device.bd_plunger>
2023-07-16 23:46:51,544 : INFO : EventManager : Event: ======'balldevice_bd_trough_ejecting_ball'====== Args={'balls': 1, 'target': <ball_device.bd_plunger>, 'source': <ball_device.bd_trough>, 'mechanical_eject': True, 'num_attempts': 0}
2023-07-16 23:46:51,545 : INFO : ball_device.bd_trough : Wait for ball to leave device
2023-07-16 23:46:51,571 : INFO : ball_device.bd_trough : State: ball_left
2023-07-16 23:46:51,571 : INFO : ball_device.bd_trough : Ball left
2023-07-16 23:46:51,571 : INFO : ball_device.bd_trough : Wait for confirm with timeout 3.0
2023-07-16 23:46:51,602 : INFO : coil.c_trough_eject : Enabling Driver for 1000ms (1.0 pulse_power)
2023-07-16 23:46:51,633 : INFO : SwitchController : <<<<<<< 's_trough_1' active >>>>>>>
2023-07-16 23:46:51,633 : INFO : EventManager : Event: ======'machine_var_audits_switches_s_trough_1'====== Args={'value': 14, 'prev_value': 13, 'change': 1}
2023-07-16 23:46:51,633 : INFO : SwitchController : <<<<<<< 's_trough_1' inactive >>>>>>>
2023-07-16 23:46:51,634 : INFO : ball_device.bd_trough : Received ball from <ball_device.bd_drain>
2023-07-16 23:46:51,634 : INFO : EventManager : Event: ======'balldevice_bd_trough_ball_enter'====== Args={'new_balls': 1, 'unclaimed_balls': 0, 'new_available_balls': 0, 'device': <ball_device.bd_trough>}
2023-07-16 23:46:51,635 : INFO : EventManager : Event: ======'ball_drain'====== Args={'device': <ball_device.bd_trough>, 'balls': 0}
2023-07-16 23:46:51,635 : INFO : EventManager : Event: ======'balldevice_bd_trough_ball_entered'====== Args={'new_balls': 0, 'device': <ball_device.bd_trough>}
2023-07-16 23:46:51,635 : INFO : EventManager : Event: ======'balldevice_bd_trough_ball_count_changed'====== Args={'balls': 4}
2023-07-16 23:46:51,635 : INFO : ball_device.bd_drain : Got eject confirm
2023-07-16 23:46:51,635 : INFO : ball_device.bd_drain : Eject successful
2023-07-16 23:46:51,635 : INFO : EventManager : Event: ======'balldevice_bd_drain_ball_eject_success'====== Args={'balls': 1, 'target': <ball_device.bd_trough>}
2023-07-16 23:46:51,636 : INFO : EventManager : Event: ======'balldevice_bd_drain_ball_count_changed'====== Args={'balls': 0}
2023-07-16 23:46:51,636 : INFO : ball_device.bd_drain : State: idle
2023-07-16 23:46:51,694 : INFO : SwitchController : <<<<<<< 's_plunger_detect' active >>>>>>>
2023-07-16 23:46:51,694 : INFO : EventManager : Event: ======'machine_var_audits_switches_s_plunger_detect'====== Args={'value': 20, 'prev_value': 19, 'change': 1}
2023-07-16 23:46:52,203 : WARNING : SwitchController : Received duplicate switch state 0 for switch s_drain_detect from the platform interface. Log Code: Log-SwitchController-1 (https://docs.missionpinball.org/en/0.56/logs/Log-SwitchController-1.html)
2023-07-16 23:46:52,203 : INFO : ball_device.bd_plunger : Received ball from <ball_device.bd_trough>
2023-07-16 23:46:52,203 : INFO : EventManager : Event: ======'balldevice_bd_plunger_ball_enter'====== Args={'new_balls': 1, 'unclaimed_balls': 0, 'new_available_balls': 0, 'device': <ball_device.bd_plunger>}
2023-07-16 23:46:52,204 : INFO : EventManager : Event: ======'balldevice_bd_plunger_ball_entered'====== Args={'new_balls': 0, 'device': <ball_device.bd_plunger>}
2023-07-16 23:46:52,204 : INFO : EventManager : Event: ======'balldevice_bd_plunger_ball_count_changed'====== Args={'balls': 1}
2023-07-16 23:46:52,204 : INFO : ball_device.bd_trough : Got eject confirm
2023-07-16 23:46:52,204 : INFO : ball_device.bd_trough : Eject successful
2023-07-16 23:46:52,204 : INFO : EventManager : Event: ======'balldevice_bd_trough_ball_eject_success'====== Args={'balls': 1, 'target': <ball_device.bd_plunger>}
2023-07-16 23:46:52,204 : INFO : ball_device.bd_plunger : State: waiting_for_target_ready
2023-07-16 23:46:52,204 : INFO : EventManager : Event: ======'balldevice_bd_plunger_ball_eject_attempt'====== Args={'balls': 1, 'target': <playfield.playfield>, 'source': <ball_device.bd_plunger>, 'mechanical_eject': True, 'num_attempts': 0}
2023-07-16 23:46:52,204 : INFO : EventManager : Event: ======'balldevice_bd_trough_ball_count_changed'====== Args={'balls': 3}
2023-07-16 23:46:52,204 : INFO : ball_device.bd_trough : State: idle
2023-07-16 23:46:52,204 : INFO : ball_device.bd_plunger : State: ejecting
2023-07-16 23:46:52,204 : INFO : ball_device.bd_plunger : Ejecting ball to <playfield.playfield>
2023-07-16 23:46:52,204 : INFO : EventManager : Event: ======'balldevice_bd_plunger_ejecting_ball'====== Args={'balls': 1, 'target': <playfield.playfield>, 'source': <ball_device.bd_plunger>, 'mechanical_eject': True, 'num_attempts': 0}
2023-07-16 23:46:52,205 : INFO : ball_device.bd_plunger : Wait for ball to leave device
2023-07-16 23:46:52,608 : INFO : coil.c_trough_eject : Disabling Driver
2023-07-16 23:46:52,819 : INFO : SwitchController : <<<<<<< 's_flipper_right' active >>>>>>>
2023-07-16 23:46:52,819 : INFO : EventManager : Event: ======'s_flipper_right_active'====== Args={}
2023-07-16 23:46:52,819 : INFO : EventManager : Event: ======'machine_var_audits_switches_s_flipper_right'====== Args={'value': 21, 'prev_value': 20, 'change': 1}
2023-07-16 23:46:52,885 : INFO : coil.c_plunger : Pulsing Driver for 20ms (1.0 pulse_power)
2023-07-16 23:46:52,885 : INFO : SwitchController : <<<<<<< 's_plunger_detect' inactive >>>>>>>
2023-07-16 23:46:52,888 : INFO : ball_device.bd_plunger : State: ball_left
2023-07-16 23:46:52,888 : INFO : ball_device.bd_plunger : Ball left
2023-07-16 23:46:52,888 : INFO : ball_device.bd_plunger : Wait for confirm with timeout 10.0
2023-07-16 23:46:52,905 : INFO : SwitchController : <<<<<<< 's_flipper_right' inactive >>>>>>>
2023-07-16 23:46:53,571 : INFO : SwitchController : <<<<<<< 's_plunger_exit' active >>>>>>>
2023-07-16 23:46:53,571 : INFO : EventManager : Event: ======'sw_playfield_active'====== Args={}
2023-07-16 23:46:53,571 : INFO : EventManager : Event: ======'machine_var_audits_switches_s_plunger_exit'====== Args={'value': 12, 'prev_value': 11, 'change': 1}
2023-07-16 23:46:53,572 : INFO : EventManager : Event: ======'playfield_active'====== Args={}
2023-07-16 23:46:53,574 : INFO : ball_device.bd_plunger : Got eject confirm
2023-07-16 23:46:53,575 : INFO : ball_device.bd_plunger : Eject successful
2023-07-16 23:46:53,575 : INFO : EventManager : Event: ======'balldevice_bd_plunger_ball_eject_success'====== Args={'balls': 1, 'target': <playfield.playfield>}
2023-07-16 23:46:53,575 : INFO : EventManager : Event: ======'balldevice_playfield_ball_enter'====== Args={'new_balls': 1, 'unclaimed_balls': 1, 'device': <playfield.playfield>}
2023-07-16 23:46:53,575 : INFO : EventManager : Event: ======'playfield_ball_count_change'====== Args={'balls': 1, 'change': 1}
2023-07-16 23:46:53,575 : INFO : EventManager : Event: ======'balldevice_bd_plunger_ball_count_changed'====== Args={'balls': 0}
2023-07-16 23:46:53,575 : INFO : ball_device.bd_plunger : State: idle
2023-07-16 23:46:53,695 : INFO : SwitchController : <<<<<<< 's_plunger_exit' inactive >>>>>>>
2023-07-16 23:46:53,947 : INFO : SwitchController : <<<<<<< 's_drain_detect' active >>>>>>>
2023-07-16 23:46:53,947 : INFO : EventManager : Event: ======'machine_var_audits_switches_s_drain_detect'====== Args={'value': 22, 'prev_value': 21, 'change': 1}
2023-07-16 23:46:54,447 : INFO : EventManager : Event: ======'balldevice_bd_drain_ball_count_changed'====== Args={'balls': 1}
2023-07-16 23:46:54,447 : INFO : ball_device.bd_drain : Received unexpected ball
2023-07-16 23:46:54,447 : INFO : EventManager : Event: ======'balldevice_captured_from_playfield'====== Args={'balls': 1}
2023-07-16 23:46:54,447 : INFO : EventManager : Event: ======'sw_playfield_active'====== Args={'balls': 1}
2023-07-16 23:46:54,447 : INFO : EventManager : Event: ======'playfield_ball_count_change'====== Args={'balls': 0, 'change': -1}
2023-07-16 23:46:54,447 : INFO : EventManager : Event: ======'balldevice_bd_drain_ball_enter'====== Args={'new_balls': 1, 'unclaimed_balls': 1, 'new_available_balls': 1, 'device': <ball_device.bd_drain>}
2023-07-16 23:46:54,448 : INFO : EventManager : Event: ======'ball_drain'====== Args={'device': <ball_device.bd_drain>, 'balls': 1}
2023-07-16 23:46:54,448 : INFO : EventManager : Event: ======'ball_will_end'====== Args={}
2023-07-16 23:46:54,448 : INFO : EventManager : Event: ======'balldevice_balls_available'====== Args={}
2023-07-16 23:46:54,448 : INFO : EventManager : Event: ======'balldevice_balls_available'====== Args={}
2023-07-16 23:46:54,448 : INFO : EventManager : Event: ======'balldevice_bd_drain_ball_entered'====== Args={'new_balls': 1, 'device': <ball_device.bd_drain>}
2023-07-16 23:46:54,448 : INFO : EventManager : Event: ======'ball_ending'====== Args={}
2023-07-16 23:46:54,448 : INFO : EventManager : Event: ======'mode_base_will_stop'====== Args={}
2023-07-16 23:46:54,448 : INFO : EventManager : Event: ======'mode_base_stopping'====== Args={}
2023-07-16 23:46:54,449 : INFO : Mode.base : Stopped.
2023-07-16 23:46:54,449 : INFO : EventManager : Event: ======'modes_active_modes_changed'====== Args={}
2023-07-16 23:46:54,449 : INFO : EventManager : Event: ======'mode_base_stopped'====== Args={}
2023-07-16 23:46:54,449 : INFO : EventManager : Event: ======'clear'====== Args={'key': 'base'}
2023-07-16 23:46:54,461 : INFO : EventManager : Event: ======'ball_ended'====== Args={}
2023-07-16 23:46:54,462 : INFO : ball_device.bd_drain : State: waiting_for_target_ready
2023-07-16 23:46:54,462 : INFO : EventManager : Event: ======'balldevice_bd_drain_ball_eject_attempt'====== Args={'balls': 1, 'target': <ball_device.bd_trough>, 'source': <ball_device.bd_drain>, 'mechanical_eject': False, 'num_attempts': 0}
2023-07-16 23:46:54,462 : INFO : ball_device.bd_drain : State: ejecting
2023-07-16 23:46:54,462 : INFO : ball_device.bd_drain : Ejecting ball to <ball_device.bd_trough>
2023-07-16 23:46:54,462 : INFO : EventManager : Event: ======'balldevice_bd_drain_ejecting_ball'====== Args={'balls': 1, 'target': <ball_device.bd_trough>, 'source': <ball_device.bd_drain>, 'mechanical_eject': False, 'num_attempts': 0}
2023-07-16 23:46:54,462 : INFO : EventManager : Event: ======'player_turn_will_end'====== Args={'player': <Player 1>, 'number': 1}
2023-07-16 23:46:54,464 : INFO : EventManager : Event: ======'player_turn_ending'====== Args={'player': <Player 1>, 'number': 1}
2023-07-16 23:46:54,464 : INFO : EventManager : Event: ======'player_turn_ended'====== Args={'player': <Player 1>, 'number': 1}
2023-07-16 23:46:54,464 : INFO : ball_device.bd_drain : Wait for ball to leave device
2023-07-16 23:46:54,465 : INFO : coil.c_drain_kicker : Pulsing Driver for 20ms (1.0 pulse_power)
2023-07-16 23:46:54,465 : INFO : SwitchController : <<<<<<< 's_drain_detect' inactive >>>>>>>
2023-07-16 23:46:54,467 : INFO : EventManager : Event: ======'player_turn_will_start'====== Args={'player': <Player 1>, 'number': 1}
2023-07-16 23:46:54,467 : INFO : EventManager : Event: ======'player_turn_starting'====== Args={'player': <Player 1>, 'number': 1}
2023-07-16 23:46:54,467 : INFO : EventManager : Event: ======'player_ball'====== Args={'value': 3, 'prev_value': 2, 'change': 1, 'player_num': 1}
2023-07-16 23:46:54,467 : INFO : EventManager : Event: ======'player_turn_started'====== Args={'player': <Player 1>, 'number': 1}
2023-07-16 23:46:54,467 : INFO : ball_device.bd_drain : State: ball_left
2023-07-16 23:46:54,467 : INFO : ball_device.bd_drain : Ball left
2023-07-16 23:46:54,468 : INFO : ball_device.bd_drain : Wait for confirm with timeout 10.0
2023-07-16 23:46:54,468 : INFO : EventManager : Event: ======'ball_will_start'====== Args={'player': 1, 'ball': 3, 'balls_remaining': 0, 'is_extra_ball': False}
2023-07-16 23:46:54,469 : INFO : EventManager : Event: ======'ball_starting'====== Args={'player': 1, 'ball': 3, 'balls_remaining': 0, 'is_extra_ball': False}
2023-07-16 23:46:54,469 : INFO : EventManager : Event: ======'balls_in_play'====== Args={'balls': 1}
2023-07-16 23:46:54,470 : INFO : EventManager : Event: ======'ball_started'====== Args={'player': 1, 'ball': 3, 'balls_remaining': 0, 'is_extra_ball': False}
2023-07-16 23:46:54,470 : INFO : EventManager : Event: ======'mode_base_will_start'====== Args={'player': 1, 'ball': 3, 'balls_remaining': 0, 'is_extra_ball': False}
2023-07-16 23:46:54,470 : INFO : EventManager : Event: ======'mode_base_starting'====== Args={'player': 1, 'ball': 3, 'balls_remaining': 0, 'is_extra_ball': False}
2023-07-16 23:46:54,470 : INFO : Mode.base : Started. Priority: 100
2023-07-16 23:46:54,471 : INFO : EventManager : Event: ======'modes_active_modes_changed'====== Args={}
2023-07-16 23:46:54,471 : INFO : EventManager : Event: ======'mode_base_started'====== Args={'player': 1, 'ball': 3, 'balls_remaining': 0, 'is_extra_ball': False}
2023-07-16 23:46:54,471 : INFO : EventManager : Event: ======'single_player_ball_started'====== Args={}
2023-07-16 23:46:54,483 : INFO : EventManager : Event: ======'ball_start_target'====== Args={'target': 'playfield'}
2023-07-16 23:46:54,483 : INFO : ball_device.bd_plunger : Setting up player-controlled eject. Balls: 1, Target: <playfield.playfield>, player_controlled_eject_event: s_flipper_right_active
2023-07-16 23:46:54,483 : INFO : EventManager : Event: ======'balldevice_balls_available'====== Args={}
2023-07-16 23:46:54,484 : INFO : ball_device.bd_trough : State: waiting_for_target_ready
2023-07-16 23:46:54,484 : INFO : EventManager : Event: ======'balldevice_bd_trough_ball_eject_attempt'====== Args={'balls': 1, 'target': <ball_device.bd_plunger>, 'source': <ball_device.bd_trough>, 'mechanical_eject': True, 'num_attempts': 0}
2023-07-16 23:46:54,484 : INFO : ball_device.bd_plunger : State: waiting_for_ball
2023-07-16 23:46:54,484 : INFO : ball_device.bd_trough : State: ejecting
2023-07-16 23:46:54,484 : INFO : ball_device.bd_trough : Ejecting ball to <ball_device.bd_plunger>
2023-07-16 23:46:54,484 : INFO : EventManager : Event: ======'balldevice_bd_trough_ejecting_ball'====== Args={'balls': 1, 'target': <ball_device.bd_plunger>, 'source': <ball_device.bd_trough>, 'mechanical_eject': True, 'num_attempts': 0}
2023-07-16 23:46:54,484 : INFO : ball_device.bd_trough : Wait for ball to leave device
2023-07-16 23:46:54,510 : INFO : ball_device.bd_trough : State: ball_left
2023-07-16 23:46:54,510 : INFO : ball_device.bd_trough : Ball left
2023-07-16 23:46:54,510 : INFO : ball_device.bd_trough : Wait for confirm with timeout 3.0
2023-07-16 23:46:54,540 : INFO : coil.c_trough_eject : Enabling Driver for 1000ms (1.0 pulse_power)
2023-07-16 23:46:54,587 : INFO : SwitchController : <<<<<<< 's_trough_1' active >>>>>>>
2023-07-16 23:46:54,587 : INFO : EventManager : Event: ======'machine_var_audits_switches_s_trough_1'====== Args={'value': 15, 'prev_value': 14, 'change': 1}
2023-07-16 23:46:54,587 : INFO : SwitchController : <<<<<<< 's_trough_1' inactive >>>>>>>
2023-07-16 23:46:54,587 : INFO : ball_device.bd_trough : Received ball from <ball_device.bd_drain>
2023-07-16 23:46:54,587 : INFO : EventManager : Event: ======'balldevice_bd_trough_ball_enter'====== Args={'new_balls': 1, 'unclaimed_balls': 0, 'new_available_balls': 0, 'device': <ball_device.bd_trough>}
2023-07-16 23:46:54,589 : INFO : EventManager : Event: ======'ball_drain'====== Args={'device': <ball_device.bd_trough>, 'balls': 0}
2023-07-16 23:46:54,589 : INFO : EventManager : Event: ======'balldevice_bd_trough_ball_entered'====== Args={'new_balls': 0, 'device': <ball_device.bd_trough>}
2023-07-16 23:46:54,589 : INFO : EventManager : Event: ======'balldevice_bd_trough_ball_count_changed'====== Args={'balls': 4}
2023-07-16 23:46:54,589 : INFO : ball_device.bd_drain : Got eject confirm
2023-07-16 23:46:54,589 : INFO : ball_device.bd_drain : Eject successful
2023-07-16 23:46:54,589 : INFO : EventManager : Event: ======'balldevice_bd_drain_ball_eject_success'====== Args={'balls': 1, 'target': <ball_device.bd_trough>}
2023-07-16 23:46:54,589 : INFO : EventManager : Event: ======'balldevice_bd_drain_ball_count_changed'====== Args={'balls': 0}
2023-07-16 23:46:54,589 : INFO : ball_device.bd_drain : State: idle
2023-07-16 23:46:54,633 : INFO : SwitchController : <<<<<<< 's_plunger_detect' active >>>>>>>
2023-07-16 23:46:54,633 : INFO : EventManager : Event: ======'machine_var_audits_switches_s_plunger_detect'====== Args={'value': 21, 'prev_value': 20, 'change': 1}
2023-07-16 23:46:55,140 : INFO : ball_device.bd_plunger : Received ball from <ball_device.bd_trough>
2023-07-16 23:46:55,140 : INFO : EventManager : Event: ======'balldevice_bd_plunger_ball_enter'====== Args={'new_balls': 1, 'unclaimed_balls': 0, 'new_available_balls': 0, 'device': <ball_device.bd_plunger>}
2023-07-16 23:46:55,140 : INFO : EventManager : Event: ======'balldevice_bd_plunger_ball_entered'====== Args={'new_balls': 0, 'device': <ball_device.bd_plunger>}
2023-07-16 23:46:55,140 : INFO : EventManager : Event: ======'balldevice_bd_plunger_ball_count_changed'====== Args={'balls': 1}
2023-07-16 23:46:55,140 : INFO : ball_device.bd_trough : Got eject confirm
2023-07-16 23:46:55,140 : INFO : ball_device.bd_trough : Eject successful
2023-07-16 23:46:55,140 : INFO : EventManager : Event: ======'balldevice_bd_trough_ball_eject_success'====== Args={'balls': 1, 'target': <ball_device.bd_plunger>}
2023-07-16 23:46:55,141 : INFO : ball_device.bd_plunger : State: waiting_for_target_ready
2023-07-16 23:46:55,141 : INFO : EventManager : Event: ======'balldevice_bd_plunger_ball_eject_attempt'====== Args={'balls': 1, 'target': <playfield.playfield>, 'source': <ball_device.bd_plunger>, 'mechanical_eject': True, 'num_attempts': 0}
2023-07-16 23:46:55,141 : INFO : EventManager : Event: ======'balldevice_bd_trough_ball_count_changed'====== Args={'balls': 3}
2023-07-16 23:46:55,141 : INFO : ball_device.bd_trough : State: idle
2023-07-16 23:46:55,141 : INFO : ball_device.bd_plunger : State: ejecting
2023-07-16 23:46:55,141 : INFO : ball_device.bd_plunger : Ejecting ball to <playfield.playfield>
2023-07-16 23:46:55,141 : INFO : EventManager : Event: ======'balldevice_bd_plunger_ejecting_ball'====== Args={'balls': 1, 'target': <playfield.playfield>, 'source': <ball_device.bd_plunger>, 'mechanical_eject': True, 'num_attempts': 0}
2023-07-16 23:46:55,141 : INFO : ball_device.bd_plunger : Wait for ball to leave device
2023-07-16 23:46:55,512 : WARNING : SwitchController : Received duplicate switch state 0 for switch s_drain_detect from the platform interface. Log Code: Log-SwitchController-1 (https://docs.missionpinball.org/en/0.56/logs/Log-SwitchController-1.html)
2023-07-16 23:46:55,544 : INFO : coil.c_trough_eject : Disabling Driver
2023-07-16 23:46:55,888 : INFO : SwitchController : <<<<<<< 's_flipper_right' active >>>>>>>
2023-07-16 23:46:55,889 : INFO : EventManager : Event: ======'s_flipper_right_active'====== Args={}
2023-07-16 23:46:55,889 : INFO : EventManager : Event: ======'machine_var_audits_switches_s_flipper_right'====== Args={'value': 22, 'prev_value': 21, 'change': 1}
2023-07-16 23:46:55,961 : INFO : coil.c_plunger : Pulsing Driver for 20ms (1.0 pulse_power)
2023-07-16 23:46:55,961 : INFO : SwitchController : <<<<<<< 's_plunger_detect' inactive >>>>>>>
2023-07-16 23:46:55,963 : INFO : ball_device.bd_plunger : State: ball_left
2023-07-16 23:46:55,963 : INFO : ball_device.bd_plunger : Ball left
2023-07-16 23:46:55,963 : INFO : ball_device.bd_plunger : Wait for confirm with timeout 10.0
2023-07-16 23:46:56,013 : INFO : SwitchController : <<<<<<< 's_flipper_right' inactive >>>>>>>
2023-07-16 23:46:56,734 : INFO : SwitchController : <<<<<<< 's_drain_detect' active >>>>>>>
2023-07-16 23:46:56,734 : INFO : EventManager : Event: ======'machine_var_audits_switches_s_drain_detect'====== Args={'value': 23, 'prev_value': 22, 'change': 1}
2023-07-16 23:46:57,243 : INFO : EventManager : Event: ======'balldevice_bd_drain_ball_count_changed'====== Args={'balls': 1}
2023-07-16 23:46:57,243 : INFO : ball_device.bd_drain : Received unexpected ball
2023-07-16 23:46:57,243 : INFO : EventManager : Event: ======'balldevice_captured_from_playfield'====== Args={'balls': 1}
2023-07-16 23:46:57,243 : INFO : EventManager : Event: ======'sw_playfield_active'====== Args={'balls': 1}
2023-07-16 23:46:57,243 : INFO : EventManager : Event: ======'playfield_active'====== Args={}
2023-07-16 23:46:57,243 : INFO : EventManager : Event: ======'playfield_ball_count_change'====== Args={'balls': -1, 'change': -1}
2023-07-16 23:46:57,243 : INFO : EventManager : Event: ======'balldevice_bd_drain_ball_enter'====== Args={'new_balls': 1, 'unclaimed_balls': 1, 'new_available_balls': 1, 'device': <ball_device.bd_drain>}
2023-07-16 23:46:57,243 : INFO : EventManager : Event: ======'ball_drain'====== Args={'device': <ball_device.bd_drain>, 'balls': 1}
2023-07-16 23:46:57,244 : INFO : ball_device.bd_plunger : Got eject confirm
2023-07-16 23:46:57,244 : INFO : ball_device.bd_plunger : Eject successful
2023-07-16 23:46:57,244 : INFO : EventManager : Event: ======'balldevice_bd_plunger_ball_eject_success'====== Args={'balls': 1, 'target': <playfield.playfield>}
2023-07-16 23:46:57,244 : INFO : EventManager : Event: ======'balldevice_playfield_ball_enter'====== Args={'new_balls': 1, 'unclaimed_balls': 1, 'device': <playfield.playfield>}
2023-07-16 23:46:57,244 : INFO : EventManager : Event: ======'playfield_ball_count_change'====== Args={'balls': 0, 'change': 1}
2023-07-16 23:46:57,244 : INFO : EventManager : Event: ======'ball_will_end'====== Args={}
2023-07-16 23:46:57,244 : INFO : EventManager : Event: ======'balldevice_balls_available'====== Args={}
2023-07-16 23:46:57,244 : INFO : EventManager : Event: ======'balldevice_balls_available'====== Args={}
2023-07-16 23:46:57,244 : INFO : EventManager : Event: ======'balldevice_bd_drain_ball_entered'====== Args={'new_balls': 1, 'device': <ball_device.bd_drain>}
2023-07-16 23:46:57,244 : INFO : EventManager : Event: ======'balldevice_bd_plunger_ball_count_changed'====== Args={'balls': 0}
2023-07-16 23:46:57,244 : INFO : ball_device.bd_plunger : State: idle
2023-07-16 23:46:57,244 : INFO : EventManager : Event: ======'ball_ending'====== Args={}
2023-07-16 23:46:57,245 : INFO : EventManager : Event: ======'mode_base_will_stop'====== Args={}
2023-07-16 23:46:57,245 : INFO : EventManager : Event: ======'mode_base_stopping'====== Args={}
2023-07-16 23:46:57,245 : INFO : Mode.base : Stopped.
2023-07-16 23:46:57,245 : INFO : EventManager : Event: ======'modes_active_modes_changed'====== Args={}
2023-07-16 23:46:57,245 : INFO : EventManager : Event: ======'mode_base_stopped'====== Args={}
2023-07-16 23:46:57,245 : INFO : EventManager : Event: ======'clear'====== Args={'key': 'base'}
2023-07-16 23:46:57,258 : INFO : EventManager : Event: ======'ball_ended'====== Args={}
2023-07-16 23:46:57,258 : INFO : ball_device.bd_drain : State: waiting_for_target_ready
2023-07-16 23:46:57,258 : INFO : EventManager : Event: ======'balldevice_bd_drain_ball_eject_attempt'====== Args={'balls': 1, 'target': <ball_device.bd_trough>, 'source': <ball_device.bd_drain>, 'mechanical_eject': False, 'num_attempts': 0}
2023-07-16 23:46:57,258 : INFO : ball_device.bd_drain : State: ejecting
2023-07-16 23:46:57,258 : INFO : ball_device.bd_drain : Ejecting ball to <ball_device.bd_trough>
2023-07-16 23:46:57,259 : INFO : EventManager : Event: ======'balldevice_bd_drain_ejecting_ball'====== Args={'balls': 1, 'target': <ball_device.bd_trough>, 'source': <ball_device.bd_drain>, 'mechanical_eject': False, 'num_attempts': 0}
2023-07-16 23:46:57,259 : INFO : EventManager : Event: ======'player_turn_will_end'====== Args={'player': <Player 1>, 'number': 1}
2023-07-16 23:46:57,260 : INFO : EventManager : Event: ======'player_turn_ending'====== Args={'player': <Player 1>, 'number': 1}
2023-07-16 23:46:57,260 : INFO : EventManager : Event: ======'player_turn_ended'====== Args={'player': <Player 1>, 'number': 1}
2023-07-16 23:46:57,260 : INFO : ball_device.bd_drain : Wait for ball to leave device
2023-07-16 23:46:57,260 : INFO : coil.c_drain_kicker : Pulsing Driver for 20ms (1.0 pulse_power)
2023-07-16 23:46:57,261 : INFO : SwitchController : <<<<<<< 's_drain_detect' inactive >>>>>>>
2023-07-16 23:46:57,262 : INFO : EventManager : Event: ======'game_will_end'====== Args={}
2023-07-16 23:46:57,263 : INFO : EventManager : Event: ======'game_ending'====== Args={}
2023-07-16 23:46:57,263 : INFO : ball_device.bd_drain : State: ball_left
2023-07-16 23:46:57,263 : INFO : ball_device.bd_drain : Ball left
2023-07-16 23:46:57,263 : INFO : ball_device.bd_drain : Wait for confirm with timeout 10.0
2023-07-16 23:46:57,263 : INFO : EventManager : Event: ======'game_ended'====== Args={}
2023-07-16 23:46:57,263 : INFO : EventManager : Event: ======'mode_game_will_stop'====== Args={}
2023-07-16 23:46:57,263 : INFO : EventManager : Event: ======'mode_game_stopping'====== Args={}
2023-07-16 23:46:57,263 : INFO : EventManager : Event: ======'mode_attract_will_start'====== Args={}
2023-07-16 23:46:57,264 : INFO : EventManager : Event: ======'mode_attract_starting'====== Args={}
2023-07-16 23:46:57,264 : INFO : Mode.attract : Started. Priority: 10
2023-07-16 23:46:57,264 : INFO : EventManager : Event: ======'modes_active_modes_changed'====== Args={}
2023-07-16 23:46:57,264 : INFO : EventManager : Event: ======'mode_attract_started'====== Args={}
2023-07-16 23:46:57,264 : INFO : EventManager : Event: ======'collecting_balls_complete'====== Args={}
2023-07-16 23:46:57,264 : INFO : Mode.game : Stopped.
2023-07-16 23:46:57,264 : INFO : EventManager : Event: ======'modes_active_modes_changed'====== Args={}
2023-07-16 23:46:57,264 : INFO : EventManager : Event: ======'mode_game_stopped'====== Args={}
2023-07-16 23:46:57,264 : INFO : EventManager : Event: ======'clear'====== Args={'key': 'game'}
2023-07-16 23:46:57,366 : INFO : SwitchController : <<<<<<< 's_trough_1' active >>>>>>>
2023-07-16 23:46:57,879 : INFO : EventManager : Event: ======'balldevice_bd_trough_ball_count_changed'====== Args={'balls': 4}
2023-07-16 23:46:57,879 : INFO : ball_device.bd_trough : Received ball from <ball_device.bd_drain>
2023-07-16 23:46:57,879 : INFO : EventManager : Event: ======'balldevice_bd_trough_ball_enter'====== Args={'new_balls': 1, 'unclaimed_balls': 0, 'new_available_balls': 0, 'device': <ball_device.bd_trough>}
2023-07-16 23:46:57,879 : INFO : EventManager : Event: ======'ball_drain'====== Args={'device': <ball_device.bd_trough>, 'balls': 0}
2023-07-16 23:46:57,879 : INFO : EventManager : Event: ======'balldevice_bd_trough_ball_entered'====== Args={'new_balls': 0, 'device': <ball_device.bd_trough>}
2023-07-16 23:46:57,879 : INFO : ball_device.bd_drain : Got eject confirm
2023-07-16 23:46:57,879 : INFO : ball_device.bd_drain : Eject successful
2023-07-16 23:46:57,880 : INFO : EventManager : Event: ======'balldevice_bd_drain_ball_eject_success'====== Args={'balls': 1, 'target': <ball_device.bd_trough>}
2023-07-16 23:46:57,880 : INFO : EventManager : Event: ======'balldevice_bd_drain_ball_count_changed'====== Args={'balls': 0}
2023-07-16 23:46:57,880 : INFO : ball_device.bd_drain : State: idle
2023-07-16 23:46:58,310 : WARNING : SwitchController : Received duplicate switch state 0 for switch s_drain_detect from the platform interface. Log Code: Log-SwitchController-1 (https://docs.missionpinball.org/en/0.56/logs/Log-SwitchController-1.html)
2023-07-16 23:47:04,310 : INFO : Machine : Shutting down...
2023-07-16 23:47:04,310 : INFO : EventManager : Event: ======'shutdown'====== Args={}
2023-07-16 23:47:04,313 : INFO : root : MPF run loop ended.
