2023-07-16 23:42:42,683 : kivy : Factory: 189 symbols loaded
2023-07-16 23:42:42,821 : kivy : ImageLoaderFFPy: Using ffpyplayer 4.3.5
2023-07-16 23:42:42,821 : kivy : Image: Providers: img_tex, img_dds, img_sdl2, img_pil, img_ffpyplayer 
2023-07-16 23:42:42,858 : kivy : VideoGstplayer: Using Gstreamer 1.18.5.0
2023-07-16 23:42:42,858 : kivy : Video: Provider: gstplayer
2023-07-16 23:42:42,977 : kivy : Loading MPF-MC controller
2023-07-16 23:42:42,989 : YamlMultifileConfigLoader : Machine config file #1: config
2023-07-16 23:42:42,990 : ConfigProcessor : Config file in cache changed: D:\MPF\springbreak\config\config
2023-07-16 23:42:42,990 : ConfigProcessor : Loading config from file C:\Users\warzz\AppData\Local\Programs\Python\Python39\lib\site-packages\mpfmc\mcconfig.yaml.
2023-07-16 23:42:43,015 : ConfigProcessor : Loading config: C:\Users\warzz\AppData\Local\Programs\Python\Python39\lib\site-packages\mpfmc\mcconfig.yaml
2023-07-16 23:42:43,015 : ConfigProcessor : Loading config from file D:\MPF\springbreak\config\config.
2023-07-16 23:42:43,018 : ConfigProcessor : Loading config: D:\MPF\springbreak\config\config
2023-07-16 23:42:43,023 : ConfigProcessor : Loading config: D:\MPF\springbreak\config\coils.yaml
2023-07-16 23:42:43,027 : ConfigProcessor : Loading config: D:\MPF\springbreak\config\switches.yaml
2023-07-16 23:42:43,030 : ConfigProcessor : Loading config: D:\MPF\springbreak\config\devices.yaml
2023-07-16 23:42:43,032 : ConfigProcessor : Loading config: D:\MPF\springbreak\config\displays.yaml
2023-07-16 23:42:43,034 : ConfigProcessor : Loading config: D:\MPF\springbreak\config\keyboard.yaml
2023-07-16 23:42:43,035 : ConfigProcessor : Config file cache created: C:\Users\warzz\AppData\Local\Temp\3d05ce95a1a77007a3c947d41ed1ffc7.mpf_cache
2023-07-16 23:42:43,036 : ConfigProcessor : Loading config from cache: C:\Users\warzz\AppData\Local\Temp\b77c3901e90ec7d7cc601651512a0021.mpf_cache
2023-07-16 23:42:43,036 : ConfigProcessor : Loading config from cache: C:\Users\warzz\AppData\Local\Temp\a5b2fce8b210d64acc95275c2c9a2339.mpf_cache
2023-07-16 23:42:43,037 : mpfmc : Mission Pinball Framework Media Controller v0.56.1
2023-07-16 23:42:43,037 : mpfmc : Mission Pinball Framework Game Engine v0.56.0
2023-07-16 23:42:43,037 : mpfmc : Machine path: D:\MPF\springbreak
2023-07-16 23:42:43,037 : mpfmc : Starting clock at 60.0Hz
2023-07-16 23:42:43,049 : kivy : Text: Provider: sdl2
2023-07-16 23:42:43,092 : kivy : Window: Provider: sdl2
2023-07-16 23:42:43,299 : kivy : GL: Using the "OpenGL" graphics system
2023-07-16 23:42:43,308 : kivy : GL: GLEW initialization succeeded
2023-07-16 23:42:43,308 : kivy : GL: Backend used <glew>
2023-07-16 23:42:43,309 : kivy : GL: OpenGL version <b'4.6.0 Compatibility Profile Context 23.3.1.230305'>
2023-07-16 23:42:43,309 : kivy : GL: OpenGL vendor <b'ATI Technologies Inc.'>
2023-07-16 23:42:43,309 : kivy : GL: OpenGL renderer <b'AMD Radeon RX 6700'>
2023-07-16 23:42:43,309 : kivy : GL: OpenGL parsed version: 4, 6
2023-07-16 23:42:43,309 : kivy : GL: Shading version <b'4.60'>
2023-07-16 23:42:43,309 : kivy : GL: Texture max size <16384>
2023-07-16 23:42:43,309 : kivy : GL: Texture max units <32>
2023-07-16 23:42:43,330 : kivy : Window: auto add sdl2 input provider
2023-07-16 23:42:43,331 : kivy : Window: virtual keyboard not allowed, single mode, not docked
2023-07-16 23:42:43,340 : SoundSystem : SoundSystem: Using default 'sound_system' settings
2023-07-16 23:42:43,527 : AudioInterface : Initialized
2023-07-16 23:42:43,527 : AudioInterface : Loaded SDL 2.0.20
2023-07-16 23:42:43,527 : AudioInterface : Loaded SDL_Mixer 2.0.4
2023-07-16 23:42:43,527 : AudioInterface : Loaded GStreamer 1.18.5.0
2023-07-16 23:42:43,527 : AudioInterface : Loaded GLib 2.62.6
2023-07-16 23:42:43,527 : AudioInterface : Settings requested - rate: 44100, channels: 1, buffer: 2048 samples
2023-07-16 23:42:43,527 : AudioInterface : Settings in use - rate: 44100, channels: 1, buffer: 2048 samples (4096 bytes @ 2 bytes per sample)
2023-07-16 23:42:43,527 : SoundSystem : No audio tracks are specified in your machine config file. a track named 'default' has been created.
2023-07-16 23:42:43,527 : SoundSystem : Setting master volume to 0.0
2023-07-16 23:42:43,527 : SoundSystem : master_volume in sound_system is deprecated and will be removed in the future.
2023-07-16 23:42:43,527 : AudioInterface : Enabling audio playback
2023-07-16 23:42:43,529 : kivy : Base: Start application main loop
2023-07-16 23:42:43,529 : EventManager : Event: ======'display_window_initialized'====== Args={}
2023-07-16 23:42:43,542 : mpfmc : Display: Setting 'window' as default display
2023-07-16 23:42:43,546 : EventManager : Event: ======'displays_initialized'====== Args={}
2023-07-16 23:42:43,547 : EventManager : Event: ======'slide_window_blank_created'====== Args={}
2023-07-16 23:42:43,547 : EventManager : Event: ======'display_window_ready'====== Args={}
2023-07-16 23:42:43,556 : EventManager : Event: ======'init_phase_1'====== Args={}
2023-07-16 23:42:43,558 : EventManager : Event: ======'mc_ready'====== Args={}
2023-07-16 23:42:43,558 : EventManager : Event: ======'init_phase_2'====== Args={}
2023-07-16 23:42:43,559 : EventManager : Event: ======'init_phase_3'====== Args={}
2023-07-16 23:42:43,560 : EventManager : Event: ======'init_phase_4'====== Args={}
2023-07-16 23:42:43,560 : EventManager : Event: ======'init_phase_5'====== Args={}
2023-07-16 23:42:43,560 : EventManager : Event: ======'init_done'====== Args={}
2023-07-16 23:42:43,560 : MPF-MC BCP Server : Starting up on localhost port 5050
2023-07-16 23:42:43,563 : MPF-MC BCP Server : Waiting for a connection...
2023-07-16 23:42:43,563 : mpfmc : SlidePlayer: Play called with settings={'slides': {welcome_slide-None-None: {'priority': None, 'target': None, 'background_color': [0.0, 0.0, 0.0, 1.0], 'show': True, 'force': False, 'expire': None, 'slide': None, 'tokens': {}, 'action': 'play', 'transition': None, 'transition_out': None}}}
2023-07-16 23:42:43,566 : kivy : GL: NPOT texture support is available
2023-07-16 23:42:43,567 : EventManager : Event: ======'slide_welcome_slide_created'====== Args={}
2023-07-16 23:42:43,569 : EventManager : Event: ======'slide_welcome_slide_active'====== Args={}
2023-07-16 23:42:43,570 : EventManager : Event: ======'client_disconnected'====== Args={'host': '127.0.0.1', 'port': 5050}
2023-07-16 23:42:44,898 : MPF-MC BCP Server : Received connection from: 127.0.0.1:53818
2023-07-16 23:42:46,454 : EventManager : Event: ======'client_connected'====== Args={'host': '127.0.0.1', 'port': 53818}
2023-07-16 23:42:46,454 : EventManager : Event: ======'slides_play'====== Args={'settings': {'welcome_slide': {'target': None, 'background_color': [0.0, 0.0, 0.0, 1.0], 'priority': None, 'show': True, 'force': False, 'expire': None, 'slide': None, 'tokens': {}, 'action': 'play'}}, 'context': '_global', 'calling_context': 'init_done', 'priority': 0}
2023-07-16 23:42:46,454 : EventManager : Event: ======'mc_reset_phase_1'====== Args={}
2023-07-16 23:42:46,454 : mpfmc : SlidePlayer: Play called with settings={'welcome_slide': {'target': None, 'background_color': [0.0, 0.0, 0.0, 1.0], 'priority': None, 'show': True, 'force': False, 'expire': None, 'slide': None, 'tokens': {}, 'action': 'play'}}
2023-07-16 23:42:46,454 : EventManager : Event: ======'slide_welcome_slide_removed'====== Args={}
2023-07-16 23:42:46,456 : EventManager : Event: ======'slide_welcome_slide_created'====== Args={}
2023-07-16 23:42:46,456 : EventManager : Event: ======'mc_reset_phase_2'====== Args={}
2023-07-16 23:42:46,456 : EventManager : Event: ======'mc_reset_phase_3'====== Args={}
2023-07-16 23:42:46,456 : EventManager : Event: ======'mc_reset_complete'====== Args={}
2023-07-16 23:42:46,457 : EventManager : Event: ======'slide_welcome_slide_active'====== Args={}
2023-07-16 23:42:46,467 : EventManager : Event: ======'machine_var_credits_string'====== Args={'value': 'FREE PLAY', 'prev_value': None, 'change': True}
2023-07-16 23:42:46,467 : EventManager : Event: ======'machine_var_master_volume'====== Args={'value': 0.5, 'prev_value': None, 'change': True}
2023-07-16 23:42:46,467 : EventManager : Event: ======'machine_var_player1_score'====== Args={'value': 0, 'prev_value': None, 'change': True}
2023-07-16 23:42:46,467 : EventManager : Event: ======'machine_var_mpf_version'====== Args={'value': 'MPF v0.56.0', 'prev_value': None, 'change': True}
2023-07-16 23:42:46,467 : EventManager : Event: ======'machine_var_mpf_extended_version'====== Args={'value': 'MPF v0.56.0, Config version:5, Show version: 5, BCP version:1.1', 'prev_value': None, 'change': True}
2023-07-16 23:42:46,467 : EventManager : Event: ======'machine_var_python_version'====== Args={'value': '3.9.13', 'prev_value': None, 'change': True}
2023-07-16 23:42:46,467 : EventManager : Event: ======'machine_var_platform'====== Args={'value': 'Windows-10-10.0.19045-SP0', 'prev_value': None, 'change': True}
2023-07-16 23:42:46,467 : EventManager : Event: ======'machine_var_platform_system'====== Args={'value': 'Windows', 'prev_value': None, 'change': True}
2023-07-16 23:42:46,467 : EventManager : Event: ======'machine_var_platform_release'====== Args={'value': '10', 'prev_value': None, 'change': True}
2023-07-16 23:42:46,467 : EventManager : Event: ======'machine_var_platform_version'====== Args={'value': '10.0.19045', 'prev_value': None, 'change': True}
2023-07-16 23:42:46,467 : EventManager : Event: ======'machine_var_platform_machine'====== Args={'value': 'AMD64', 'prev_value': None, 'change': True}
2023-07-16 23:42:46,468 : EventManager : Event: ======'machine_var_audits_events_game_ended'====== Args={'value': 1, 'prev_value': None, 'change': True}
2023-07-16 23:42:46,468 : EventManager : Event: ======'machine_var_audits_events_game_started'====== Args={'value': 6, 'prev_value': None, 'change': True}
2023-07-16 23:42:46,468 : EventManager : Event: ======'machine_var_audits_player_score'====== Args={'value': {'average': 0.0, 'top': [0], 'total': 1}, 'prev_value': None, 'change': True}
2023-07-16 23:42:46,468 : EventManager : Event: ======'machine_var_audits_switches_s_drain_detect'====== Args={'value': 9, 'prev_value': None, 'change': True}
2023-07-16 23:42:46,468 : EventManager : Event: ======'machine_var_audits_switches_s_flipper_left'====== Args={'value': 3, 'prev_value': None, 'change': True}
2023-07-16 23:42:46,468 : EventManager : Event: ======'machine_var_audits_switches_s_flipper_right'====== Args={'value': 10, 'prev_value': None, 'change': True}
2023-07-16 23:42:46,468 : EventManager : Event: ======'machine_var_audits_switches_s_plunger_detect'====== Args={'value': 9, 'prev_value': None, 'change': True}
2023-07-16 23:42:46,468 : EventManager : Event: ======'machine_var_audits_switches_s_plunger_exit'====== Args={'value': 2, 'prev_value': None, 'change': True}
2023-07-16 23:42:46,468 : EventManager : Event: ======'machine_var_audits_switches_s_popbumper_1'====== Args={'value': 0, 'prev_value': None, 'change': True}
2023-07-16 23:42:46,468 : EventManager : Event: ======'machine_var_audits_switches_s_popbumper_2'====== Args={'value': 0, 'prev_value': None, 'change': True}
2023-07-16 23:42:46,468 : EventManager : Event: ======'machine_var_audits_switches_s_popbumper_3'====== Args={'value': 0, 'prev_value': None, 'change': True}
2023-07-16 23:42:46,468 : EventManager : Event: ======'machine_var_audits_switches_s_slingshot'====== Args={'value': 0, 'prev_value': None, 'change': True}
2023-07-16 23:42:46,468 : EventManager : Event: ======'machine_var_audits_switches_s_start_button'====== Args={'value': 0, 'prev_value': None, 'change': True}
2023-07-16 23:42:46,468 : EventManager : Event: ======'machine_var_audits_switches_s_trough_1'====== Args={'value': 7, 'prev_value': None, 'change': True}
2023-07-16 23:42:46,468 : EventManager : Event: ======'machine_var_audits_switches_s_trough_2'====== Args={'value': 0, 'prev_value': None, 'change': True}
2023-07-16 23:42:46,468 : EventManager : Event: ======'machine_var_mc_version'====== Args={'value': 'MPF-MC v0.56.1', 'prev_value': None, 'change': True}
2023-07-16 23:42:46,469 : EventManager : Event: ======'machine_var_mc_extended_version'====== Args={'value': 'MPF-MC v0.56.1 (config_version=5, BCP v1.1,                      Requires MPF API compatibility v0.56.0 or newer)', 'prev_value': None, 'change': True}
2023-07-16 23:42:46,469 : SoundSystem : Setting master volume to 0.5
2023-07-16 23:42:48,748 : EventManager : Event: ======'game_started'====== Args={}
2023-07-16 23:42:48,748 : EventManager : Event: ======'player_added'====== Args={'player': <Player 1>, 'num': 1}
2023-07-16 23:42:48,748 : EventManager : Event: ======'player_index'====== Args={'value': 0, 'prev_value': 0, 'change': 0, 'player_num': 1}
2023-07-16 23:42:48,748 : EventManager : Event: ======'player_number'====== Args={'value': 1, 'prev_value': 1, 'change': 0, 'player_num': 1}
2023-07-16 23:42:48,748 : EventManager : Event: ======'player_score'====== Args={'value': 0, 'prev_value': 0, 'change': 0, 'player_num': 1}
2023-07-16 23:42:48,748 : EventManager : Event: ======'player_ball'====== Args={'value': 1, 'prev_value': 0, 'change': 1, 'player_num': 1}
2023-07-16 23:42:48,760 : EventManager : Event: ======'player_turn_start'====== Args={'number': 1, 'player': <Player 1>}
2023-07-16 23:42:48,872 : EventManager : Event: ======'machine_var_audits_switches_s_plunger_detect'====== Args={'value': 10, 'prev_value': 9, 'change': 1}
2023-07-16 23:42:50,747 : EventManager : Event: ======'machine_var_audits_switches_s_flipper_right'====== Args={'value': 11, 'prev_value': 10, 'change': 1}
2023-07-16 23:43:06,433 : EventManager : Event: ======'machine_var_audits_switches_s_drain_detect'====== Args={'value': 10, 'prev_value': 9, 'change': 1}
2023-07-16 23:43:07,550 : EventManager : Event: ======'machine_var_audits_switches_s_drain_detect'====== Args={'value': 11, 'prev_value': 10, 'change': 1}
2023-07-16 23:43:08,054 : EventManager : Event: ======'player_ball'====== Args={'value': 2, 'prev_value': 1, 'change': 1, 'player_num': 1}
2023-07-16 23:43:08,166 : EventManager : Event: ======'machine_var_audits_switches_s_trough_1'====== Args={'value': 8, 'prev_value': 7, 'change': 1}
2023-07-16 23:43:08,254 : EventManager : Event: ======'machine_var_audits_switches_s_plunger_detect'====== Args={'value': 11, 'prev_value': 10, 'change': 1}
2023-07-16 23:43:11,388 : EventManager : Event: ======'machine_var_audits_switches_s_flipper_right'====== Args={'value': 12, 'prev_value': 11, 'change': 1}
2023-07-16 23:43:12,093 : EventManager : Event: ======'machine_var_audits_switches_s_plunger_exit'====== Args={'value': 3, 'prev_value': 2, 'change': 1}
2023-07-16 23:43:13,998 : EventManager : Event: ======'machine_var_audits_switches_s_drain_detect'====== Args={'value': 12, 'prev_value': 11, 'change': 1}
2023-07-16 23:43:14,513 : EventManager : Event: ======'player_ball'====== Args={'value': 3, 'prev_value': 2, 'change': 1, 'player_num': 1}
2023-07-16 23:43:14,613 : EventManager : Event: ======'machine_var_audits_switches_s_trough_1'====== Args={'value': 9, 'prev_value': 8, 'change': 1}
2023-07-16 23:43:14,689 : EventManager : Event: ======'machine_var_audits_switches_s_plunger_detect'====== Args={'value': 12, 'prev_value': 11, 'change': 1}
2023-07-16 23:43:16,470 : EventManager : Event: ======'machine_var_audits_switches_s_flipper_right'====== Args={'value': 13, 'prev_value': 12, 'change': 1}
2023-07-16 23:43:17,132 : EventManager : Event: ======'machine_var_audits_switches_s_plunger_exit'====== Args={'value': 4, 'prev_value': 3, 'change': 1}
2023-07-16 23:43:18,908 : EventManager : Event: ======'machine_var_audits_switches_s_drain_detect'====== Args={'value': 13, 'prev_value': 12, 'change': 1}
2023-07-16 23:43:19,424 : EventManager : Event: ======'game_ended'====== Args={}
2023-07-16 23:43:31,025 : EventManager : Event: ======'game_started'====== Args={}
2023-07-16 23:43:31,025 : EventManager : Event: ======'player_added'====== Args={'player': <Player 1>, 'num': 1}
2023-07-16 23:43:31,025 : EventManager : Event: ======'player_index'====== Args={'value': 0, 'prev_value': 0, 'change': 0, 'player_num': 1}
2023-07-16 23:43:31,025 : EventManager : Event: ======'player_number'====== Args={'value': 1, 'prev_value': 1, 'change': 0, 'player_num': 1}
2023-07-16 23:43:31,025 : EventManager : Event: ======'player_score'====== Args={'value': 0, 'prev_value': 0, 'change': 0, 'player_num': 1}
2023-07-16 23:43:31,025 : EventManager : Event: ======'player_ball'====== Args={'value': 1, 'prev_value': 0, 'change': 1, 'player_num': 1}
2023-07-16 23:43:31,025 : EventManager : Event: ======'player_turn_start'====== Args={'number': 1, 'player': <Player 1>}
2023-07-16 23:43:31,151 : EventManager : Event: ======'machine_var_audits_switches_s_plunger_detect'====== Args={'value': 13, 'prev_value': 12, 'change': 1}
2023-07-16 23:43:32,539 : EventManager : Event: ======'machine_var_audits_switches_s_flipper_right'====== Args={'value': 14, 'prev_value': 13, 'change': 1}
2023-07-16 23:43:33,585 : EventManager : Event: ======'machine_var_audits_switches_s_plunger_exit'====== Args={'value': 5, 'prev_value': 4, 'change': 1}
2023-07-16 23:43:34,596 : EventManager : Event: ======'machine_var_audits_switches_s_drain_detect'====== Args={'value': 14, 'prev_value': 13, 'change': 1}
2023-07-16 23:43:35,100 : EventManager : Event: ======'player_ball'====== Args={'value': 2, 'prev_value': 1, 'change': 1, 'player_num': 1}
2023-07-16 23:43:35,224 : EventManager : Event: ======'machine_var_audits_switches_s_trough_1'====== Args={'value': 10, 'prev_value': 9, 'change': 1}
2023-07-16 23:43:35,274 : EventManager : Event: ======'machine_var_audits_switches_s_plunger_detect'====== Args={'value': 14, 'prev_value': 13, 'change': 1}
2023-07-16 23:43:37,255 : EventManager : Event: ======'machine_var_audits_switches_s_flipper_right'====== Args={'value': 15, 'prev_value': 14, 'change': 1}
2023-07-16 23:43:38,027 : EventManager : Event: ======'machine_var_audits_switches_s_plunger_exit'====== Args={'value': 6, 'prev_value': 5, 'change': 1}
2023-07-16 23:43:39,075 : EventManager : Event: ======'machine_var_audits_switches_s_drain_detect'====== Args={'value': 15, 'prev_value': 14, 'change': 1}
2023-07-16 23:43:39,591 : EventManager : Event: ======'player_ball'====== Args={'value': 3, 'prev_value': 2, 'change': 1, 'player_num': 1}
2023-07-16 23:43:39,691 : EventManager : Event: ======'machine_var_audits_switches_s_trough_1'====== Args={'value': 11, 'prev_value': 10, 'change': 1}
2023-07-16 23:43:39,791 : EventManager : Event: ======'machine_var_audits_switches_s_plunger_detect'====== Args={'value': 15, 'prev_value': 14, 'change': 1}
2023-07-16 23:43:40,799 : EventManager : Event: ======'machine_var_audits_switches_s_flipper_right'====== Args={'value': 16, 'prev_value': 15, 'change': 1}
2023-07-16 23:43:42,159 : EventManager : Event: ======'machine_var_audits_switches_s_plunger_exit'====== Args={'value': 7, 'prev_value': 6, 'change': 1}
2023-07-16 23:43:43,701 : EventManager : Event: ======'machine_var_audits_switches_s_drain_detect'====== Args={'value': 16, 'prev_value': 15, 'change': 1}
2023-07-16 23:43:44,874 : EventManager : Event: ======'machine_var_audits_switches_s_drain_detect'====== Args={'value': 17, 'prev_value': 16, 'change': 1}
2023-07-16 23:43:45,389 : EventManager : Event: ======'game_ended'====== Args={}
2023-07-16 23:43:59,239 : kivy : Base: Leaving application in progress...
2023-07-16 23:43:59,239 : mpfmc : Stopping...
2023-07-16 23:43:59,239 : EventManager : Event: ======'shutdown'====== Args={}
2023-07-16 23:43:59,239 : AudioInterface : Disabling audio playback
2023-07-16 23:43:59,375 : mpfmc : Loop rate 77.29 Hz
2023-07-16 23:43:59,375 : kivy : MC run loop ended.
2023-07-16 23:43:59,375 : kivy : Stopping child threads... (3 remaining)
2023-07-16 23:43:59,686 : mpfmc : Stopping...
2023-07-16 23:43:59,686 : EventManager : Event: ======'shutdown'====== Args={}
2023-07-16 23:43:59,686 : mpfmc : Loop rate 76.97 Hz
2023-07-16 23:43:59,694 : MPF-MC BCP Server : Stopping BCP sending thread
2023-07-16 23:43:59,777 : kivy : All child threads stopped.
