2023-07-12 22:24:41,542 : INFO : root : Loading config.
2023-07-12 22:24:41,546 : INFO : YamlMultifileConfigLoader : Machine config file #1: config.yaml
2023-07-12 22:24:41,546 : INFO : ConfigProcessor : Loading config from cache: C:\Users\warzz\AppData\Local\Temp\c7ddc35c564c409ccec16ce42249e5f8.mpf_cache
2023-07-12 22:24:41,552 : WARNING : ConfigProcessor : Config file in cache changed: d:\MPF\springbreak\config\devices.yaml
2023-07-12 22:24:41,552 : INFO : ConfigProcessor : Loading config from file C:\Users\warzz\AppData\Local\Programs\Python\Python39\lib\site-packages\mpf\mpfconfig.yaml.
2023-07-12 22:24:41,605 : INFO : ConfigProcessor : Loading config: C:\Users\warzz\AppData\Local\Programs\Python\Python39\lib\site-packages\mpf\mpfconfig.yaml
2023-07-12 22:24:41,606 : INFO : ConfigProcessor : Loading config from file d:\MPF\springbreak\config\config.yaml.
2023-07-12 22:24:41,608 : INFO : ConfigProcessor : Loading config: d:\MPF\springbreak\config\config.yaml
2023-07-12 22:24:41,614 : INFO : ConfigProcessor : Loading config: d:\MPF\springbreak\config\coils.yaml
2023-07-12 22:24:41,618 : INFO : ConfigProcessor : Loading config: d:\MPF\springbreak\config\switches.yaml
2023-07-12 22:24:41,626 : INFO : ConfigProcessor : Loading config: d:\MPF\springbreak\config\devices.yaml
2023-07-12 22:24:41,628 : INFO : ConfigProcessor : Loading config: d:\MPF\springbreak\config\displays.yaml
2023-07-12 22:24:41,630 : INFO : ConfigProcessor : Loading config: d:\MPF\springbreak\config\keyboard.yaml
2023-07-12 22:24:41,632 : INFO : ConfigProcessor : Config file cache created: C:\Users\warzz\AppData\Local\Temp\c7ddc35c564c409ccec16ce42249e5f8.mpf_cache
2023-07-12 22:24:41,700 : INFO : ConfigProcessor : Loading config from cache: C:\Users\warzz\AppData\Local\Temp\b77c3901e90ec7d7cc601651512a0021.mpf_cache
2023-07-12 22:24:41,701 : INFO : ConfigProcessor : Loading config from cache: C:\Users\warzz\AppData\Local\Temp\a5b2fce8b210d64acc95275c2c9a2339.mpf_cache
2023-07-12 22:24:41,701 : INFO : Machine : Mission Pinball Framework Core Engine v0.56.0
2023-07-12 22:24:41,701 : INFO : Machine : Command line arguments: {'no_load_cache': False, 'create_config_cache': True, 'bcp': True, 'configfile': ['config.yaml'], 'force_assets_load': False, 'jsonlogging': False, 'logfile': 'logs\\2023-07-12-22-24-41-mpf-DESKTOP-VQ7DOMB.log', 'pause': False, 'production': False, 'text_ui': True, 'loglevel': 15, 'consoleloglevel': 20, 'force_platform': 'smart_virtual', 'syslog_address': None, 'mc_file_name': None, 'no_sound': False}
2023-07-12 22:24:41,701 : INFO : Machine : MPF path: C:\Users\warzz\AppData\Local\Programs\Python\Python39\lib\site-packages\mpf
2023-07-12 22:24:41,701 : INFO : Machine : Machine path: d:\MPF\springbreak
2023-07-12 22:24:41,702 : INFO : Machine : Platform: win32
2023-07-12 22:24:41,702 : INFO : Machine : Python executable location: C:\Users\warzz\AppData\Local\Programs\Python\Python39\python.exe
2023-07-12 22:24:41,702 : INFO : Machine : Python version: 3.9.13 (64-bit)
2023-07-12 22:24:41,703 : INFO : Machine : Initialise MPF.
2023-07-12 22:24:41,858 : INFO : EventManager : Event: ======'machine_var_credits_string'====== Args={'value': 'FREE PLAY', 'prev_value': None, 'change': True}
2023-07-12 22:24:41,902 : INFO : EventManager : Event: ======'machine_var_master_volume'====== Args={'value': 0.5, 'prev_value': None, 'change': True}
2023-07-12 22:24:41,902 : INFO : EventManager : Event: ======'machine_var_player1_score'====== Args={'value': 0, 'prev_value': None, 'change': True}
2023-07-12 22:24:41,902 : INFO : EventManager : Event: ======'machine_var_mpf_version'====== Args={'value': 'MPF v0.56.0', 'prev_value': None, 'change': True}
2023-07-12 22:24:41,903 : INFO : EventManager : Event: ======'machine_var_mpf_extended_version'====== Args={'value': 'MPF v0.56.0, Config version:5, Show version: 5, BCP version:1.1', 'prev_value': None, 'change': True}
2023-07-12 22:24:41,903 : INFO : EventManager : Event: ======'machine_var_python_version'====== Args={'value': '3.9.13', 'prev_value': None, 'change': True}
2023-07-12 22:24:41,911 : INFO : EventManager : Event: ======'machine_var_platform'====== Args={'value': 'Windows-10-10.0.19045-SP0', 'prev_value': None, 'change': True}
2023-07-12 22:24:41,911 : INFO : EventManager : Event: ======'machine_var_platform_system'====== Args={'value': 'Windows', 'prev_value': None, 'change': True}
2023-07-12 22:24:41,911 : INFO : EventManager : Event: ======'machine_var_platform_release'====== Args={'value': '10', 'prev_value': None, 'change': True}
2023-07-12 22:24:41,911 : INFO : EventManager : Event: ======'machine_var_platform_version'====== Args={'value': '10.0.19045', 'prev_value': None, 'change': True}
2023-07-12 22:24:41,911 : INFO : EventManager : Event: ======'machine_var_platform_machine'====== Args={'value': 'AMD64', 'prev_value': None, 'change': True}
2023-07-12 22:24:41,911 : INFO : EventManager : Event: ======'init_phase_1'====== Args={}
2023-07-12 22:24:41,923 : INFO : EventManager : Event: ======'init_phase_2'====== Args={}
2023-07-12 22:24:41,923 : INFO : SwitchController : Found active switch: ('0-0-27', <Platform.SmartVirtual>) <switch.s_drain_detect>
2023-07-12 22:24:41,923 : INFO : SwitchController : Found active switch: ('0-0-26', <Platform.SmartVirtual>) <switch.s_trough_1>
2023-07-12 22:24:41,925 : INFO : EventManager : Event: ======'bcp_connection_attempt'====== Args={'name': 'local_display', 'host': 'localhost', 'port': 5050}
2023-07-12 22:24:41,926 : INFO : BCPClientSocket : Connecting BCP to 'local_display' at localhost:5050...
2023-07-12 22:24:43,975 : INFO : BCPClientSocket : Connected BCP to 'local_display' localhost:5050
2023-07-12 22:24:43,976 : INFO : EventManager : Event: ======'bcp_clients_connected'====== Args={}
2023-07-12 22:24:43,981 : INFO : ball_device.bd_drain : BCH: Initial count: 1
2023-07-12 22:24:43,981 : INFO : ball_device.bd_drain : State: idle
2023-07-12 22:24:43,981 : INFO : ball_device.bd_trough : BCH: Initial count: 3
2023-07-12 22:24:43,981 : INFO : ball_device.bd_trough : State: idle
2023-07-12 22:24:43,981 : INFO : ball_device.bd_plunger : BCH: Initial count: 0
2023-07-12 22:24:43,982 : INFO : ball_device.bd_plunger : State: idle
2023-07-12 22:24:43,990 : INFO : EventManager : Event: ======'init_phase_3'====== Args={}
2023-07-12 22:24:43,992 : INFO : EventManager : Event: ======'machine_var_mc_version'====== Args={'value': 'MPF-MC v0.56.1', 'prev_value': None, 'change': True}
2023-07-12 22:24:43,992 : INFO : EventManager : Event: ======'machine_var_mc_extended_version'====== Args={'value': 'MPF-MC v0.56.1 (config_version=5, BCP v1.1,                      Requires MPF API compatibility v0.56.0 or newer)', 'prev_value': None, 'change': True}
2023-07-12 22:24:43,993 : INFO : EventManager : Event: ======'init_phase_4'====== Args={}
2023-07-12 22:24:44,003 : INFO : BallController : Initial balls found: 4
2023-07-12 22:24:44,004 : INFO : EventManager : Event: ======'machine_var_audits_events_game_ended'====== Args={'value': 1, 'prev_value': None, 'change': True}
2023-07-12 22:24:44,004 : INFO : EventManager : Event: ======'machine_var_audits_events_game_started'====== Args={'value': 5, 'prev_value': None, 'change': True}
2023-07-12 22:24:44,004 : INFO : EventManager : Event: ======'machine_var_audits_player_score'====== Args={'value': {'average': 0.0, 'top': [0], 'total': 1}, 'prev_value': None, 'change': True}
2023-07-12 22:24:44,004 : INFO : EventManager : Event: ======'machine_var_audits_switches_s_drain_detect'====== Args={'value': 5, 'prev_value': None, 'change': True}
2023-07-12 22:24:44,004 : INFO : EventManager : Event: ======'machine_var_audits_switches_s_flipper_left'====== Args={'value': 3, 'prev_value': None, 'change': True}
2023-07-12 22:24:44,004 : INFO : EventManager : Event: ======'machine_var_audits_switches_s_flipper_right'====== Args={'value': 9, 'prev_value': None, 'change': True}
2023-07-12 22:24:44,004 : INFO : EventManager : Event: ======'machine_var_audits_switches_s_plunger_detect'====== Args={'value': 7, 'prev_value': None, 'change': True}
2023-07-12 22:24:44,004 : INFO : EventManager : Event: ======'machine_var_audits_switches_s_plunger_exit'====== Args={'value': 2, 'prev_value': None, 'change': True}
2023-07-12 22:24:44,004 : INFO : EventManager : Event: ======'machine_var_audits_switches_s_popbumper_1'====== Args={'value': 0, 'prev_value': None, 'change': True}
2023-07-12 22:24:44,004 : INFO : EventManager : Event: ======'machine_var_audits_switches_s_popbumper_2'====== Args={'value': 0, 'prev_value': None, 'change': True}
2023-07-12 22:24:44,004 : INFO : EventManager : Event: ======'machine_var_audits_switches_s_popbumper_3'====== Args={'value': 0, 'prev_value': None, 'change': True}
2023-07-12 22:24:44,004 : INFO : EventManager : Event: ======'machine_var_audits_switches_s_slingshot'====== Args={'value': 0, 'prev_value': None, 'change': True}
2023-07-12 22:24:44,005 : INFO : EventManager : Event: ======'machine_var_audits_switches_s_start_button'====== Args={'value': 0, 'prev_value': None, 'change': True}
2023-07-12 22:24:44,005 : INFO : EventManager : Event: ======'machine_var_audits_switches_s_trough_1'====== Args={'value': 6, 'prev_value': None, 'change': True}
2023-07-12 22:24:44,005 : INFO : EventManager : Event: ======'machine_var_audits_switches_s_trough_2'====== Args={'value': 0, 'prev_value': None, 'change': True}
2023-07-12 22:24:44,006 : INFO : EventManager : Event: ======'init_phase_5'====== Args={}
2023-07-12 22:24:44,016 : INFO : EventManager : Event: ======'init_done'====== Args={}
2023-07-12 22:24:44,016 : INFO : EventManager : Event: ======'machine_reset_phase_1'====== Args={}
2023-07-12 22:24:44,024 : INFO : EventManager : Event: ======'slide_welcome_slide_removed'====== Args={'_from_bcp': True}
2023-07-12 22:24:44,025 : INFO : EventManager : Event: ======'slide_welcome_slide_created'====== Args={'_from_bcp': True}
2023-07-12 22:24:44,026 : INFO : EventManager : Event: ======'slide_welcome_slide_active'====== Args={'_from_bcp': True}
2023-07-12 22:24:44,026 : INFO : EventManager : Event: ======'machine_reset_phase_2'====== Args={}
2023-07-12 22:24:44,027 : INFO : EventManager : Event: ======'machine_reset_phase_3'====== Args={}
2023-07-12 22:24:44,027 : INFO : EventManager : Event: ======'reset_complete'====== Args={}
2023-07-12 22:24:44,027 : INFO : EventManager : Event: ======'mode_attract_will_start'====== Args={}
2023-07-12 22:24:44,027 : INFO : EventManager : Event: ======'mode_attract_starting'====== Args={}
2023-07-12 22:24:44,027 : INFO : Mode.attract : Started. Priority: 10
2023-07-12 22:24:44,027 : INFO : EventManager : Event: ======'modes_active_modes_changed'====== Args={}
2023-07-12 22:24:44,027 : INFO : EventManager : Event: ======'mode_attract_started'====== Args={}
2023-07-12 22:24:44,028 : INFO : EventManager : Event: ======'collecting_balls_complete'====== Args={}
2023-07-12 22:24:44,044 : INFO : Machine : Starting the main run loop.
2023-07-12 22:24:47,010 : INFO : SwitchController : <<<<<<< 's_start_button' active >>>>>>>
2023-07-12 22:24:47,111 : INFO : SwitchController : <<<<<<< 's_start_button' inactive >>>>>>>
2023-07-12 22:24:47,111 : INFO : EventManager : Event: ======'request_to_start_game'====== Args={}
2023-07-12 22:24:47,112 : INFO : EventManager : Event: ======'game_start'====== Args={'buttons': [], 'hold_time': 0.10899999999674037}
2023-07-12 22:24:47,112 : INFO : EventManager : Event: ======'mode_game_will_start'====== Args={'buttons': [], 'hold_time': 0.10899999999674037}
2023-07-12 22:24:47,112 : INFO : EventManager : Event: ======'mode_game_starting'====== Args={'buttons': [], 'hold_time': 0.10899999999674037}
2023-07-12 22:24:47,112 : INFO : EventManager : Event: ======'mode_attract_will_stop'====== Args={}
2023-07-12 22:24:47,112 : INFO : EventManager : Event: ======'mode_attract_stopping'====== Args={}
2023-07-12 22:24:47,112 : INFO : Mode.attract : Stopped.
2023-07-12 22:24:47,112 : INFO : EventManager : Event: ======'modes_active_modes_changed'====== Args={}
2023-07-12 22:24:47,112 : INFO : EventManager : Event: ======'mode_attract_stopped'====== Args={}
2023-07-12 22:24:47,112 : INFO : EventManager : Event: ======'clear'====== Args={'key': 'attract'}
2023-07-12 22:24:47,112 : INFO : Mode.game : Started. Priority: 20
2023-07-12 22:24:47,112 : INFO : EventManager : Event: ======'modes_active_modes_changed'====== Args={}
2023-07-12 22:24:47,112 : INFO : EventManager : Event: ======'mode_game_started'====== Args={'buttons': [], 'hold_time': 0.10899999999674037}
2023-07-12 22:24:47,116 : INFO : EventManager : Event: ======'game_will_start'====== Args={}
2023-07-12 22:24:47,116 : INFO : EventManager : Event: ======'game_starting'====== Args={'game': <Mode.game>}
2023-07-12 22:24:47,116 : INFO : EventManager : Event: ======'player_add_request'====== Args={}
2023-07-12 22:24:47,116 : INFO : EventManager : Event: ======'player_will_add'====== Args={'number': 1}
2023-07-12 22:24:47,116 : INFO : EventManager : Event: ======'player_adding'====== Args={'player': <Player 1>, 'number': 1}
2023-07-12 22:24:47,116 : INFO : EventManager : Event: ======'player_added'====== Args={'player': <Player 1>, 'num': 1}
2023-07-12 22:24:47,116 : INFO : Mode.game : Player added successfully. Total players: 1
2023-07-12 22:24:47,116 : INFO : EventManager : Event: ======'player_index'====== Args={'value': 0, 'prev_value': 0, 'change': 0, 'player_num': 1}
2023-07-12 22:24:47,117 : INFO : EventManager : Event: ======'player_number'====== Args={'value': 1, 'prev_value': 1, 'change': 0, 'player_num': 1}
2023-07-12 22:24:47,117 : INFO : EventManager : Event: ======'player_score'====== Args={'value': 0, 'prev_value': 0, 'change': 0, 'player_num': 1}
2023-07-12 22:24:47,117 : INFO : EventManager : Event: ======'game_started'====== Args={}
2023-07-12 22:24:47,121 : INFO : EventManager : Event: ======'player_turn_will_start'====== Args={'player': <Player 1>, 'number': 1}
2023-07-12 22:24:47,121 : INFO : EventManager : Event: ======'player_turn_starting'====== Args={'player': <Player 1>, 'number': 1}
2023-07-12 22:24:47,121 : INFO : EventManager : Event: ======'player_ball'====== Args={'value': 1, 'prev_value': 0, 'change': 1, 'player_num': 1}
2023-07-12 22:24:47,124 : INFO : EventManager : Event: ======'player_turn_started'====== Args={'player': <Player 1>, 'number': 1}
2023-07-12 22:24:47,125 : INFO : EventManager : Event: ======'ball_will_start'====== Args={'player': 1, 'ball': 1, 'balls_remaining': 2, 'is_extra_ball': False}
2023-07-12 22:24:47,126 : INFO : EventManager : Event: ======'ball_starting'====== Args={'player': 1, 'ball': 1, 'balls_remaining': 2, 'is_extra_ball': False}
2023-07-12 22:24:47,127 : INFO : EventManager : Event: ======'balls_in_play'====== Args={'balls': 1}
2023-07-12 22:24:47,127 : INFO : EventManager : Event: ======'ball_started'====== Args={'player': 1, 'ball': 1, 'balls_remaining': 2, 'is_extra_ball': False}
2023-07-12 22:24:47,127 : INFO : EventManager : Event: ======'single_player_ball_started'====== Args={}
2023-07-12 22:24:47,128 : INFO : EventManager : Event: ======'ball_start_target'====== Args={'target': 'playfield'}
2023-07-12 22:24:47,128 : INFO : ball_device.bd_plunger : Setting up player-controlled eject. Balls: 1, Target: <playfield.playfield>, player_controlled_eject_event: s_flipper_right_active
2023-07-12 22:24:47,128 : INFO : EventManager : Event: ======'balldevice_balls_available'====== Args={}
2023-07-12 22:24:47,129 : INFO : ball_device.bd_trough : State: waiting_for_target_ready
2023-07-12 22:24:47,129 : INFO : EventManager : Event: ======'balldevice_bd_trough_ball_eject_attempt'====== Args={'balls': 1, 'target': <ball_device.bd_plunger>, 'source': <ball_device.bd_trough>, 'mechanical_eject': True, 'num_attempts': 0}
2023-07-12 22:24:47,129 : INFO : ball_device.bd_plunger : State: waiting_for_ball
2023-07-12 22:24:47,129 : INFO : ball_device.bd_trough : State: ejecting
2023-07-12 22:24:47,129 : INFO : ball_device.bd_trough : Ejecting ball to <ball_device.bd_plunger>
2023-07-12 22:24:47,129 : INFO : EventManager : Event: ======'balldevice_bd_trough_ejecting_ball'====== Args={'balls': 1, 'target': <ball_device.bd_plunger>, 'source': <ball_device.bd_trough>, 'mechanical_eject': True, 'num_attempts': 0}
2023-07-12 22:24:47,129 : INFO : ball_device.bd_trough : Wait for ball to leave device
2023-07-12 22:24:47,129 : INFO : coil.c_trough_eject : Enabling Driver for 1000ms (1.0 pulse_power)
2023-07-12 22:24:47,130 : INFO : SwitchController : <<<<<<< 's_trough_1' inactive >>>>>>>
2023-07-12 22:24:47,146 : INFO : ball_device.bd_trough : State: ball_left
2023-07-12 22:24:47,146 : INFO : ball_device.bd_trough : Ball left
2023-07-12 22:24:47,146 : INFO : ball_device.bd_trough : Wait for confirm with timeout 3.0
2023-07-12 22:24:47,240 : INFO : SwitchController : <<<<<<< 's_plunger_detect' active >>>>>>>
2023-07-12 22:24:47,240 : INFO : EventManager : Event: ======'machine_var_audits_switches_s_plunger_detect'====== Args={'value': 8, 'prev_value': 7, 'change': 1}
2023-07-12 22:24:47,760 : INFO : ball_device.bd_plunger : Received ball from <ball_device.bd_trough>
2023-07-12 22:24:47,760 : INFO : EventManager : Event: ======'balldevice_bd_plunger_ball_enter'====== Args={'new_balls': 1, 'unclaimed_balls': 0, 'new_available_balls': 0, 'device': <ball_device.bd_plunger>}
2023-07-12 22:24:47,761 : INFO : EventManager : Event: ======'balldevice_bd_plunger_ball_entered'====== Args={'new_balls': 0, 'device': <ball_device.bd_plunger>}
2023-07-12 22:24:47,761 : INFO : EventManager : Event: ======'balldevice_bd_plunger_ball_count_changed'====== Args={'balls': 1}
2023-07-12 22:24:47,761 : INFO : ball_device.bd_trough : Got eject confirm
2023-07-12 22:24:47,761 : INFO : ball_device.bd_trough : Eject successful
2023-07-12 22:24:47,761 : INFO : EventManager : Event: ======'balldevice_bd_trough_ball_eject_success'====== Args={'balls': 1, 'target': <ball_device.bd_plunger>}
2023-07-12 22:24:47,761 : INFO : ball_device.bd_plunger : State: waiting_for_target_ready
2023-07-12 22:24:47,761 : INFO : EventManager : Event: ======'balldevice_bd_plunger_ball_eject_attempt'====== Args={'balls': 1, 'target': <playfield.playfield>, 'source': <ball_device.bd_plunger>, 'mechanical_eject': True, 'num_attempts': 0}
2023-07-12 22:24:47,761 : INFO : EventManager : Event: ======'balldevice_bd_trough_ball_count_changed'====== Args={'balls': 2}
2023-07-12 22:24:47,761 : INFO : ball_device.bd_trough : State: idle
2023-07-12 22:24:47,761 : INFO : ball_device.bd_plunger : State: ejecting
2023-07-12 22:24:47,761 : INFO : ball_device.bd_plunger : Ejecting ball to <playfield.playfield>
2023-07-12 22:24:47,761 : INFO : EventManager : Event: ======'balldevice_bd_plunger_ejecting_ball'====== Args={'balls': 1, 'target': <playfield.playfield>, 'source': <ball_device.bd_plunger>, 'mechanical_eject': True, 'num_attempts': 0}
2023-07-12 22:24:47,762 : INFO : ball_device.bd_plunger : Wait for ball to leave device
2023-07-12 22:24:48,144 : INFO : coil.c_trough_eject : Disabling Driver
2023-07-12 22:24:52,828 : INFO : SwitchController : <<<<<<< 's_flipper_right' active >>>>>>>
2023-07-12 22:24:52,828 : INFO : EventManager : Event: ======'s_flipper_right_active'====== Args={}
2023-07-12 22:24:52,829 : INFO : EventManager : Event: ======'machine_var_audits_switches_s_flipper_right'====== Args={'value': 10, 'prev_value': 9, 'change': 1}
2023-07-12 22:24:52,896 : INFO : coil.c_plunger : Pulsing Driver for 20ms (1.0 pulse_power)
2023-07-12 22:24:52,896 : INFO : SwitchController : <<<<<<< 's_plunger_detect' inactive >>>>>>>
2023-07-12 22:24:52,898 : INFO : ball_device.bd_plunger : State: ball_left
2023-07-12 22:24:52,898 : INFO : ball_device.bd_plunger : Ball left
2023-07-12 22:24:52,898 : INFO : ball_device.bd_plunger : Wait for confirm with timeout 10.0
2023-07-12 22:24:52,915 : INFO : SwitchController : <<<<<<< 's_flipper_right' inactive >>>>>>>
2023-07-12 22:24:59,645 : WARNING : SwitchController : Received duplicate switch state 1 for switch s_drain_detect from the platform interface. Log Code: Log-SwitchController-1 (https://docs.missionpinball.org/en/0.56/logs/Log-SwitchController-1.html)
2023-07-12 22:25:00,620 : INFO : SwitchController : <<<<<<< 's_drain_detect' inactive >>>>>>>
2023-07-12 22:25:01,631 : INFO : SwitchController : <<<<<<< 's_drain_detect' active >>>>>>>
2023-07-12 22:25:01,631 : INFO : EventManager : Event: ======'machine_var_audits_switches_s_drain_detect'====== Args={'value': 6, 'prev_value': 5, 'change': 1}
2023-07-12 22:25:01,782 : INFO : SwitchController : <<<<<<< 's_drain_detect' inactive >>>>>>>
2023-07-12 22:25:02,219 : INFO : SwitchController : <<<<<<< 's_drain_detect' active >>>>>>>
2023-07-12 22:25:02,219 : INFO : EventManager : Event: ======'machine_var_audits_switches_s_drain_detect'====== Args={'value': 7, 'prev_value': 6, 'change': 1}
2023-07-12 22:25:02,896 : INFO : ball_device.bd_plunger : State: failed_confirm
2023-07-12 22:25:02,896 : INFO : ball_device.bd_plunger : Got timeout (10.0s) before confirm from <playfield.playfield>
2023-07-12 22:25:03,004 : INFO : ball_device.bd_plunger : Confirming eject because target is playfield and ball did not return.
2023-07-12 22:25:03,004 : INFO : ball_device.bd_plunger : Eject successful
2023-07-12 22:25:03,004 : INFO : EventManager : Event: ======'balldevice_bd_plunger_ball_eject_success'====== Args={'balls': 1, 'target': <playfield.playfield>}
2023-07-12 22:25:03,004 : INFO : EventManager : Event: ======'balldevice_playfield_ball_enter'====== Args={'new_balls': 1, 'unclaimed_balls': 1, 'device': <playfield.playfield>}
2023-07-12 22:25:03,004 : INFO : EventManager : Event: ======'playfield_ball_count_change'====== Args={'balls': 1, 'change': 1}
2023-07-12 22:25:03,004 : INFO : EventManager : Event: ======'balldevice_bd_plunger_ball_count_changed'====== Args={'balls': 0}
2023-07-12 22:25:03,004 : INFO : ball_device.bd_plunger : State: idle
2023-07-12 22:25:07,116 : INFO : SwitchController : <<<<<<< 's_drain_detect' inactive >>>>>>>
2023-07-12 22:25:08,786 : INFO : SwitchController : <<<<<<< 's_drain_detect' active >>>>>>>
2023-07-12 22:25:08,786 : INFO : EventManager : Event: ======'machine_var_audits_switches_s_drain_detect'====== Args={'value': 8, 'prev_value': 7, 'change': 1}
2023-07-12 22:25:14,875 : INFO : SwitchController : <<<<<<< 's_drain_detect' inactive >>>>>>>
2023-07-12 22:25:15,000 : INFO : SwitchController : <<<<<<< 's_trough_1' active >>>>>>>
2023-07-12 22:25:15,000 : INFO : EventManager : Event: ======'machine_var_audits_switches_s_trough_1'====== Args={'value': 7, 'prev_value': 6, 'change': 1}
2023-07-12 22:25:15,523 : INFO : EventManager : Event: ======'balldevice_bd_trough_ball_count_changed'====== Args={'balls': 3}
2023-07-12 22:25:15,523 : INFO : ball_device.bd_trough : Received unexpected ball
2023-07-12 22:25:15,523 : INFO : EventManager : Event: ======'balldevice_captured_from_playfield'====== Args={'balls': 1}
2023-07-12 22:25:15,523 : INFO : EventManager : Event: ======'sw_playfield_active'====== Args={'balls': 1}
2023-07-12 22:25:15,523 : INFO : EventManager : Event: ======'playfield_ball_count_change'====== Args={'balls': 0, 'change': -1}
2023-07-12 22:25:15,523 : INFO : EventManager : Event: ======'balldevice_bd_trough_ball_enter'====== Args={'new_balls': 1, 'unclaimed_balls': 1, 'new_available_balls': 1, 'device': <ball_device.bd_trough>}
2023-07-12 22:25:15,524 : INFO : EventManager : Event: ======'ball_drain'====== Args={'device': <ball_device.bd_trough>, 'balls': 1}
2023-07-12 22:25:15,524 : INFO : EventManager : Event: ======'ball_will_end'====== Args={}
2023-07-12 22:25:15,524 : INFO : EventManager : Event: ======'balldevice_balls_available'====== Args={}
2023-07-12 22:25:15,524 : INFO : EventManager : Event: ======'balldevice_bd_trough_ball_entered'====== Args={'new_balls': 1, 'device': <ball_device.bd_trough>}
2023-07-12 22:25:15,524 : INFO : EventManager : Event: ======'ball_ending'====== Args={}
2023-07-12 22:25:15,524 : INFO : EventManager : Event: ======'ball_ended'====== Args={}
2023-07-12 22:25:15,525 : INFO : EventManager : Event: ======'player_turn_will_end'====== Args={'player': <Player 1>, 'number': 1}
2023-07-12 22:25:15,526 : INFO : EventManager : Event: ======'player_turn_ending'====== Args={'player': <Player 1>, 'number': 1}
2023-07-12 22:25:15,526 : INFO : EventManager : Event: ======'player_turn_ended'====== Args={'player': <Player 1>, 'number': 1}
2023-07-12 22:25:15,526 : INFO : EventManager : Event: ======'player_turn_will_start'====== Args={'player': <Player 1>, 'number': 1}
2023-07-12 22:25:15,526 : INFO : EventManager : Event: ======'player_turn_starting'====== Args={'player': <Player 1>, 'number': 1}
2023-07-12 22:25:15,527 : INFO : EventManager : Event: ======'player_ball'====== Args={'value': 2, 'prev_value': 1, 'change': 1, 'player_num': 1}
2023-07-12 22:25:15,527 : INFO : EventManager : Event: ======'player_turn_started'====== Args={'player': <Player 1>, 'number': 1}
2023-07-12 22:25:15,527 : INFO : EventManager : Event: ======'ball_will_start'====== Args={'player': 1, 'ball': 2, 'balls_remaining': 1, 'is_extra_ball': False}
2023-07-12 22:25:15,529 : INFO : EventManager : Event: ======'ball_starting'====== Args={'player': 1, 'ball': 2, 'balls_remaining': 1, 'is_extra_ball': False}
2023-07-12 22:25:15,529 : INFO : EventManager : Event: ======'balls_in_play'====== Args={'balls': 1}
2023-07-12 22:25:15,529 : INFO : EventManager : Event: ======'ball_started'====== Args={'player': 1, 'ball': 2, 'balls_remaining': 1, 'is_extra_ball': False}
2023-07-12 22:25:15,530 : INFO : EventManager : Event: ======'single_player_ball_started'====== Args={}
2023-07-12 22:25:15,530 : INFO : EventManager : Event: ======'ball_start_target'====== Args={'target': 'playfield'}
2023-07-12 22:25:15,530 : INFO : ball_device.bd_plunger : Setting up player-controlled eject. Balls: 1, Target: <playfield.playfield>, player_controlled_eject_event: s_flipper_right_active
2023-07-12 22:25:15,530 : INFO : EventManager : Event: ======'balldevice_balls_available'====== Args={}
2023-07-12 22:25:15,530 : INFO : ball_device.bd_trough : State: waiting_for_target_ready
2023-07-12 22:25:15,530 : INFO : EventManager : Event: ======'balldevice_bd_trough_ball_eject_attempt'====== Args={'balls': 1, 'target': <ball_device.bd_plunger>, 'source': <ball_device.bd_trough>, 'mechanical_eject': True, 'num_attempts': 0}
2023-07-12 22:25:15,530 : INFO : ball_device.bd_plunger : State: waiting_for_ball
2023-07-12 22:25:15,531 : INFO : ball_device.bd_trough : State: ejecting
2023-07-12 22:25:15,531 : INFO : ball_device.bd_trough : Ejecting ball to <ball_device.bd_plunger>
2023-07-12 22:25:15,531 : INFO : EventManager : Event: ======'balldevice_bd_trough_ejecting_ball'====== Args={'balls': 1, 'target': <ball_device.bd_plunger>, 'source': <ball_device.bd_trough>, 'mechanical_eject': True, 'num_attempts': 0}
2023-07-12 22:25:15,531 : INFO : ball_device.bd_trough : Wait for ball to leave device
2023-07-12 22:25:15,531 : INFO : coil.c_trough_eject : Enabling Driver for 1000ms (1.0 pulse_power)
2023-07-12 22:25:15,531 : INFO : SwitchController : <<<<<<< 's_trough_1' inactive >>>>>>>
2023-07-12 22:25:15,555 : INFO : ball_device.bd_trough : State: ball_left
2023-07-12 22:25:15,555 : INFO : ball_device.bd_trough : Ball left
2023-07-12 22:25:15,555 : INFO : ball_device.bd_trough : Wait for confirm with timeout 3.0
2023-07-12 22:25:15,647 : INFO : SwitchController : <<<<<<< 's_plunger_detect' active >>>>>>>
2023-07-12 22:25:15,647 : INFO : EventManager : Event: ======'machine_var_audits_switches_s_plunger_detect'====== Args={'value': 9, 'prev_value': 8, 'change': 1}
2023-07-12 22:25:16,160 : INFO : ball_device.bd_plunger : Received ball from <ball_device.bd_trough>
2023-07-12 22:25:16,160 : INFO : EventManager : Event: ======'balldevice_bd_plunger_ball_enter'====== Args={'new_balls': 1, 'unclaimed_balls': 0, 'new_available_balls': 0, 'device': <ball_device.bd_plunger>}
2023-07-12 22:25:16,160 : INFO : EventManager : Event: ======'balldevice_bd_plunger_ball_entered'====== Args={'new_balls': 0, 'device': <ball_device.bd_plunger>}
2023-07-12 22:25:16,160 : INFO : EventManager : Event: ======'balldevice_bd_plunger_ball_count_changed'====== Args={'balls': 1}
2023-07-12 22:25:16,160 : INFO : ball_device.bd_trough : Got eject confirm
2023-07-12 22:25:16,160 : INFO : ball_device.bd_trough : Eject successful
2023-07-12 22:25:16,160 : INFO : EventManager : Event: ======'balldevice_bd_trough_ball_eject_success'====== Args={'balls': 1, 'target': <ball_device.bd_plunger>}
2023-07-12 22:25:16,161 : INFO : ball_device.bd_plunger : State: waiting_for_target_ready
2023-07-12 22:25:16,161 : INFO : EventManager : Event: ======'balldevice_bd_plunger_ball_eject_attempt'====== Args={'balls': 1, 'target': <playfield.playfield>, 'source': <ball_device.bd_plunger>, 'mechanical_eject': True, 'num_attempts': 0}
2023-07-12 22:25:16,161 : INFO : EventManager : Event: ======'balldevice_bd_trough_ball_count_changed'====== Args={'balls': 2}
2023-07-12 22:25:16,161 : INFO : ball_device.bd_trough : State: idle
2023-07-12 22:25:16,161 : INFO : ball_device.bd_plunger : State: ejecting
2023-07-12 22:25:16,161 : INFO : ball_device.bd_plunger : Ejecting ball to <playfield.playfield>
2023-07-12 22:25:16,161 : INFO : EventManager : Event: ======'balldevice_bd_plunger_ejecting_ball'====== Args={'balls': 1, 'target': <playfield.playfield>, 'source': <ball_device.bd_plunger>, 'mechanical_eject': True, 'num_attempts': 0}
2023-07-12 22:25:16,161 : INFO : ball_device.bd_plunger : Wait for ball to leave device
2023-07-12 22:25:16,492 : WARNING : SwitchController : Received duplicate switch state 0 for switch s_trough_1 from the platform interface. Log Code: Log-SwitchController-1 (https://docs.missionpinball.org/en/0.56/logs/Log-SwitchController-1.html)
2023-07-12 22:25:16,549 : INFO : coil.c_trough_eject : Disabling Driver
2023-07-12 22:25:18,041 : INFO : SwitchController : <<<<<<< 's_drain_detect' active >>>>>>>
2023-07-12 22:25:18,041 : INFO : EventManager : Event: ======'machine_var_audits_switches_s_drain_detect'====== Args={'value': 9, 'prev_value': 8, 'change': 1}
2023-07-12 22:25:20,610 : INFO : SwitchController : <<<<<<< 's_drain_detect' inactive >>>>>>>
2023-07-12 22:25:23,802 : INFO : Machine : Shutting down...
2023-07-12 22:25:23,802 : INFO : EventManager : Event: ======'shutdown'====== Args={}
2023-07-12 22:25:23,805 : INFO : EventManager : Event: ======'mode_game_will_stop'====== Args={}
2023-07-12 22:25:23,806 : INFO : EventManager : Event: ======'mode_game_stopping'====== Args={}
2023-07-12 22:25:23,806 : INFO : Mode.game : Stopped.
2023-07-12 22:25:23,806 : INFO : EventManager : Event: ======'modes_active_modes_changed'====== Args={}
2023-07-12 22:25:23,806 : INFO : EventManager : Event: ======'mode_game_stopped'====== Args={}
2023-07-12 22:25:23,806 : INFO : EventManager : Event: ======'clear'====== Args={'key': 'game'}
2023-07-12 22:25:23,808 : INFO : root : MPF run loop ended.
