2023-07-12 22:12:08,576 : INFO : root : Loading config.
2023-07-12 22:12:08,583 : INFO : YamlMultifileConfigLoader : Machine config file #1: config.yaml
2023-07-12 22:12:08,584 : WARNING : ConfigProcessor : Config file in cache changed: d:\MPF\springbreak\config\config.yaml
2023-07-12 22:12:08,584 : INFO : ConfigProcessor : Loading config from file C:\Users\warzz\AppData\Local\Programs\Python\Python39\lib\site-packages\mpf\mpfconfig.yaml.
2023-07-12 22:12:08,641 : INFO : ConfigProcessor : Loading config: C:\Users\warzz\AppData\Local\Programs\Python\Python39\lib\site-packages\mpf\mpfconfig.yaml
2023-07-12 22:12:08,642 : INFO : ConfigProcessor : Loading config from file d:\MPF\springbreak\config\config.yaml.
2023-07-12 22:12:08,649 : INFO : ConfigProcessor : Loading config: d:\MPF\springbreak\config\config.yaml
2023-07-12 22:12:08,658 : INFO : ConfigProcessor : Loading config: d:\MPF\springbreak\config\coils.yaml
2023-07-12 22:12:08,666 : INFO : ConfigProcessor : Loading config: d:\MPF\springbreak\config\switches.yaml
2023-07-12 22:12:08,675 : INFO : ConfigProcessor : Loading config: d:\MPF\springbreak\config\devices.yaml
2023-07-12 22:12:08,677 : INFO : ConfigProcessor : Loading config: d:\MPF\springbreak\config\displays.yaml
2023-07-12 22:12:08,682 : INFO : ConfigProcessor : Loading config: d:\MPF\springbreak\config\keyboard.yaml
2023-07-12 22:12:08,683 : INFO : ConfigProcessor : Config file cache created: C:\Users\warzz\AppData\Local\Temp\c7ddc35c564c409ccec16ce42249e5f8.mpf_cache
2023-07-12 22:12:08,757 : INFO : ConfigProcessor : Loading config from cache: C:\Users\warzz\AppData\Local\Temp\b77c3901e90ec7d7cc601651512a0021.mpf_cache
2023-07-12 22:12:08,762 : INFO : ConfigProcessor : Loading config from cache: C:\Users\warzz\AppData\Local\Temp\a5b2fce8b210d64acc95275c2c9a2339.mpf_cache
2023-07-12 22:12:08,766 : INFO : Machine : Mission Pinball Framework Core Engine v0.56.0
2023-07-12 22:12:08,766 : INFO : Machine : Command line arguments: {'no_load_cache': False, 'create_config_cache': True, 'bcp': True, 'configfile': ['config.yaml'], 'force_assets_load': False, 'jsonlogging': False, 'logfile': 'logs\\2023-07-12-22-12-08-mpf-DESKTOP-VQ7DOMB.log', 'pause': False, 'production': False, 'text_ui': True, 'loglevel': 15, 'consoleloglevel': 20, 'force_platform': 'smart_virtual', 'syslog_address': None, 'mc_file_name': None, 'no_sound': False}
2023-07-12 22:12:08,766 : INFO : Machine : MPF path: C:\Users\warzz\AppData\Local\Programs\Python\Python39\lib\site-packages\mpf
2023-07-12 22:12:08,766 : INFO : Machine : Machine path: d:\MPF\springbreak
2023-07-12 22:12:08,767 : INFO : Machine : Platform: win32
2023-07-12 22:12:08,767 : INFO : Machine : Python executable location: C:\Users\warzz\AppData\Local\Programs\Python\Python39\python.exe
2023-07-12 22:12:08,767 : INFO : Machine : Python version: 3.9.13 (64-bit)
2023-07-12 22:12:08,768 : INFO : Machine : Initialise MPF.
2023-07-12 22:12:08,986 : INFO : EventManager : Event: ======'machine_var_credits_string'====== Args={'value': 'FREE PLAY', 'prev_value': None, 'change': True}
2023-07-12 22:12:09,033 : INFO : EventManager : Event: ======'machine_var_master_volume'====== Args={'value': 0.5, 'prev_value': None, 'change': True}
2023-07-12 22:12:09,033 : INFO : EventManager : Event: ======'machine_var_mpf_version'====== Args={'value': 'MPF v0.56.0', 'prev_value': None, 'change': True}
2023-07-12 22:12:09,033 : INFO : EventManager : Event: ======'machine_var_mpf_extended_version'====== Args={'value': 'MPF v0.56.0, Config version:5, Show version: 5, BCP version:1.1', 'prev_value': None, 'change': True}
2023-07-12 22:12:09,033 : INFO : EventManager : Event: ======'machine_var_python_version'====== Args={'value': '3.9.13', 'prev_value': None, 'change': True}
2023-07-12 22:12:09,042 : INFO : EventManager : Event: ======'machine_var_platform'====== Args={'value': 'Windows-10-10.0.19045-SP0', 'prev_value': None, 'change': True}
2023-07-12 22:12:09,042 : INFO : EventManager : Event: ======'machine_var_platform_system'====== Args={'value': 'Windows', 'prev_value': None, 'change': True}
2023-07-12 22:12:09,042 : INFO : EventManager : Event: ======'machine_var_platform_release'====== Args={'value': '10', 'prev_value': None, 'change': True}
2023-07-12 22:12:09,042 : INFO : EventManager : Event: ======'machine_var_platform_version'====== Args={'value': '10.0.19045', 'prev_value': None, 'change': True}
2023-07-12 22:12:09,042 : INFO : EventManager : Event: ======'machine_var_platform_machine'====== Args={'value': 'AMD64', 'prev_value': None, 'change': True}
2023-07-12 22:12:09,042 : INFO : EventManager : Event: ======'init_phase_1'====== Args={}
2023-07-12 22:12:09,055 : INFO : EventManager : Event: ======'init_phase_2'====== Args={}
2023-07-12 22:12:09,056 : INFO : SwitchController : Found active switch: ('0-0-26', <Platform.SmartVirtual>) <switch.s_trough_1>
2023-07-12 22:12:09,057 : INFO : EventManager : Event: ======'bcp_connection_attempt'====== Args={'name': 'local_display', 'host': 'localhost', 'port': 5050}
2023-07-12 22:12:09,058 : INFO : BCPClientSocket : Connecting BCP to 'local_display' at localhost:5050...
2023-07-12 22:12:12,631 : INFO : BCPClientSocket : Connected BCP to 'local_display' localhost:5050
2023-07-12 22:12:12,631 : INFO : EventManager : Event: ======'bcp_clients_connected'====== Args={}
2023-07-12 22:12:12,637 : INFO : ball_device.bd_drain : BCH: Initial count: 0
2023-07-12 22:12:12,638 : INFO : EventManager : Event: ======'machine_var_mc_version'====== Args={'value': 'MPF-MC v0.56.1', 'prev_value': None, 'change': True}
2023-07-12 22:12:12,638 : INFO : EventManager : Event: ======'machine_var_mc_extended_version'====== Args={'value': 'MPF-MC v0.56.1 (config_version=5, BCP v1.1,                      Requires MPF API compatibility v0.56.0 or newer)', 'prev_value': None, 'change': True}
2023-07-12 22:12:12,639 : INFO : ball_device.bd_drain : State: idle
2023-07-12 22:12:12,649 : INFO : ball_device.bd_trough : BCH: Initial count: 3
2023-07-12 22:12:12,649 : INFO : ball_device.bd_trough : State: idle
2023-07-12 22:12:12,650 : INFO : ball_device.bd_plunger : BCH: Initial count: 0
2023-07-12 22:12:12,650 : INFO : ball_device.bd_plunger : State: idle
2023-07-12 22:12:12,655 : INFO : EventManager : Event: ======'init_phase_3'====== Args={}
2023-07-12 22:12:12,657 : INFO : EventManager : Event: ======'init_phase_4'====== Args={}
2023-07-12 22:12:12,657 : INFO : BallController : Initial balls found: 3
2023-07-12 22:12:12,658 : INFO : EventManager : Event: ======'machine_var_audits_switches_s_flipper_left'====== Args={'value': 0, 'prev_value': None, 'change': True}
2023-07-12 22:12:12,658 : INFO : EventManager : Event: ======'machine_var_audits_switches_s_flipper_right'====== Args={'value': 0, 'prev_value': None, 'change': True}
2023-07-12 22:12:12,658 : INFO : EventManager : Event: ======'machine_var_audits_switches_s_start_button'====== Args={'value': 0, 'prev_value': None, 'change': True}
2023-07-12 22:12:12,658 : INFO : EventManager : Event: ======'machine_var_audits_switches_s_popbumper_1'====== Args={'value': 0, 'prev_value': None, 'change': True}
2023-07-12 22:12:12,658 : INFO : EventManager : Event: ======'machine_var_audits_switches_s_popbumper_2'====== Args={'value': 0, 'prev_value': None, 'change': True}
2023-07-12 22:12:12,658 : INFO : EventManager : Event: ======'machine_var_audits_switches_s_popbumper_3'====== Args={'value': 0, 'prev_value': None, 'change': True}
2023-07-12 22:12:12,659 : INFO : EventManager : Event: ======'machine_var_audits_switches_s_slingshot'====== Args={'value': 0, 'prev_value': None, 'change': True}
2023-07-12 22:12:12,659 : INFO : EventManager : Event: ======'machine_var_audits_switches_s_drain_detect'====== Args={'value': 0, 'prev_value': None, 'change': True}
2023-07-12 22:12:12,659 : INFO : EventManager : Event: ======'machine_var_audits_switches_s_trough_1'====== Args={'value': 0, 'prev_value': None, 'change': True}
2023-07-12 22:12:12,659 : INFO : EventManager : Event: ======'machine_var_audits_switches_s_trough_2'====== Args={'value': 0, 'prev_value': None, 'change': True}
2023-07-12 22:12:12,659 : INFO : EventManager : Event: ======'machine_var_audits_switches_s_plunger_detect'====== Args={'value': 0, 'prev_value': None, 'change': True}
2023-07-12 22:12:12,659 : INFO : EventManager : Event: ======'machine_var_audits_switches_s_plunger_exit'====== Args={'value': 0, 'prev_value': None, 'change': True}
2023-07-12 22:12:12,659 : INFO : EventManager : Event: ======'machine_var_audits_events_game_started'====== Args={'value': 0, 'prev_value': None, 'change': True}
2023-07-12 22:12:12,659 : INFO : EventManager : Event: ======'machine_var_audits_events_game_ended'====== Args={'value': 0, 'prev_value': None, 'change': True}
2023-07-12 22:12:12,659 : INFO : EventManager : Event: ======'machine_var_audits_player_score'====== Args={'value': {'top': [], 'average': 0, 'total': 0}, 'prev_value': None, 'change': True}
2023-07-12 22:12:12,660 : INFO : EventManager : Event: ======'init_phase_5'====== Args={}
2023-07-12 22:12:12,672 : INFO : EventManager : Event: ======'init_done'====== Args={}
2023-07-12 22:12:12,672 : INFO : EventManager : Event: ======'machine_reset_phase_1'====== Args={}
2023-07-12 22:12:12,673 : INFO : EventManager : Event: ======'slide_welcome_slide_removed'====== Args={'_from_bcp': True}
2023-07-12 22:12:12,675 : INFO : EventManager : Event: ======'slide_welcome_slide_created'====== Args={'_from_bcp': True}
2023-07-12 22:12:12,676 : INFO : EventManager : Event: ======'machine_reset_phase_2'====== Args={}
2023-07-12 22:12:12,676 : INFO : EventManager : Event: ======'machine_reset_phase_3'====== Args={}
2023-07-12 22:12:12,676 : INFO : EventManager : Event: ======'reset_complete'====== Args={}
2023-07-12 22:12:12,676 : INFO : EventManager : Event: ======'mode_attract_will_start'====== Args={}
2023-07-12 22:12:12,676 : INFO : EventManager : Event: ======'mode_attract_starting'====== Args={}
2023-07-12 22:12:12,677 : INFO : Mode.attract : Started. Priority: 10
2023-07-12 22:12:12,677 : INFO : EventManager : Event: ======'modes_active_modes_changed'====== Args={}
2023-07-12 22:12:12,677 : INFO : EventManager : Event: ======'mode_attract_started'====== Args={}
2023-07-12 22:12:12,677 : INFO : EventManager : Event: ======'collecting_balls_complete'====== Args={}
2023-07-12 22:12:12,692 : INFO : EventManager : Event: ======'slide_welcome_slide_active'====== Args={'_from_bcp': True}
2023-07-12 22:12:12,692 : INFO : Machine : Starting the main run loop.
2023-07-12 22:12:21,570 : INFO : SwitchController : <<<<<<< 's_start_button' active >>>>>>>
2023-07-12 22:12:21,641 : INFO : SwitchController : <<<<<<< 's_start_button' inactive >>>>>>>
2023-07-12 22:12:21,641 : INFO : EventManager : Event: ======'request_to_start_game'====== Args={}
2023-07-12 22:12:21,641 : INFO : EventManager : Event: ======'game_start'====== Args={'buttons': [], 'hold_time': 0.0779999999795109}
2023-07-12 22:12:21,641 : INFO : EventManager : Event: ======'mode_game_will_start'====== Args={'buttons': [], 'hold_time': 0.0779999999795109}
2023-07-12 22:12:21,642 : INFO : EventManager : Event: ======'mode_game_starting'====== Args={'buttons': [], 'hold_time': 0.0779999999795109}
2023-07-12 22:12:21,642 : INFO : EventManager : Event: ======'mode_attract_will_stop'====== Args={}
2023-07-12 22:12:21,642 : INFO : EventManager : Event: ======'mode_attract_stopping'====== Args={}
2023-07-12 22:12:21,642 : INFO : Mode.attract : Stopped.
2023-07-12 22:12:21,642 : INFO : EventManager : Event: ======'modes_active_modes_changed'====== Args={}
2023-07-12 22:12:21,642 : INFO : EventManager : Event: ======'mode_attract_stopped'====== Args={}
2023-07-12 22:12:21,642 : INFO : EventManager : Event: ======'clear'====== Args={'key': 'attract'}
2023-07-12 22:12:21,642 : INFO : Mode.game : Started. Priority: 20
2023-07-12 22:12:21,642 : INFO : EventManager : Event: ======'modes_active_modes_changed'====== Args={}
2023-07-12 22:12:21,642 : INFO : EventManager : Event: ======'mode_game_started'====== Args={'buttons': [], 'hold_time': 0.0779999999795109}
2023-07-12 22:12:21,646 : INFO : EventManager : Event: ======'game_will_start'====== Args={}
2023-07-12 22:12:21,646 : INFO : EventManager : Event: ======'game_starting'====== Args={'game': <Mode.game>}
2023-07-12 22:12:21,646 : INFO : EventManager : Event: ======'player_add_request'====== Args={}
2023-07-12 22:12:21,646 : INFO : EventManager : Event: ======'player_will_add'====== Args={'number': 1}
2023-07-12 22:12:21,646 : INFO : EventManager : Event: ======'player_adding'====== Args={'player': <Player 1>, 'number': 1}
2023-07-12 22:12:21,646 : INFO : EventManager : Event: ======'player_added'====== Args={'player': <Player 1>, 'num': 1}
2023-07-12 22:12:21,646 : INFO : Mode.game : Player added successfully. Total players: 1
2023-07-12 22:12:21,647 : INFO : EventManager : Event: ======'player_index'====== Args={'value': 0, 'prev_value': 0, 'change': 0, 'player_num': 1}
2023-07-12 22:12:21,647 : INFO : EventManager : Event: ======'player_number'====== Args={'value': 1, 'prev_value': 1, 'change': 0, 'player_num': 1}
2023-07-12 22:12:21,647 : INFO : EventManager : Event: ======'player_score'====== Args={'value': 0, 'prev_value': 0, 'change': 0, 'player_num': 1}
2023-07-12 22:12:21,647 : INFO : EventManager : Event: ======'game_started'====== Args={}
2023-07-12 22:12:21,652 : INFO : EventManager : Event: ======'player_turn_will_start'====== Args={'player': <Player 1>, 'number': 1}
2023-07-12 22:12:21,652 : INFO : EventManager : Event: ======'player_turn_starting'====== Args={'player': <Player 1>, 'number': 1}
2023-07-12 22:12:21,652 : INFO : EventManager : Event: ======'player_ball'====== Args={'value': 1, 'prev_value': 0, 'change': 1, 'player_num': 1}
2023-07-12 22:12:21,655 : INFO : EventManager : Event: ======'player_turn_started'====== Args={'player': <Player 1>, 'number': 1}
2023-07-12 22:12:21,655 : INFO : EventManager : Event: ======'ball_will_start'====== Args={'player': 1, 'ball': 1, 'balls_remaining': 2, 'is_extra_ball': False}
2023-07-12 22:12:21,657 : INFO : EventManager : Event: ======'ball_starting'====== Args={'player': 1, 'ball': 1, 'balls_remaining': 2, 'is_extra_ball': False}
2023-07-12 22:12:21,657 : INFO : EventManager : Event: ======'balls_in_play'====== Args={'balls': 1}
2023-07-12 22:12:21,657 : INFO : EventManager : Event: ======'ball_started'====== Args={'player': 1, 'ball': 1, 'balls_remaining': 2, 'is_extra_ball': False}
2023-07-12 22:12:21,658 : INFO : EventManager : Event: ======'single_player_ball_started'====== Args={}
2023-07-12 22:12:21,658 : INFO : EventManager : Event: ======'ball_start_target'====== Args={'target': 'playfield'}
2023-07-12 22:12:21,658 : INFO : ball_device.bd_plunger : Setting up player-controlled eject. Balls: 1, Target: <playfield.playfield>, player_controlled_eject_event: None
2023-07-12 22:12:21,658 : INFO : ball_device.bd_plunger : Adding 1 ball(s) to the eject_queue with target <playfield.playfield>.
2023-07-12 22:12:21,658 : INFO : EventManager : Event: ======'balldevice_balls_available'====== Args={}
2023-07-12 22:12:21,659 : INFO : ball_device.bd_trough : State: waiting_for_target_ready
2023-07-12 22:12:21,659 : INFO : EventManager : Event: ======'balldevice_bd_trough_ball_eject_attempt'====== Args={'balls': 1, 'target': <ball_device.bd_plunger>, 'source': <ball_device.bd_trough>, 'mechanical_eject': False, 'num_attempts': 0}
2023-07-12 22:12:21,659 : INFO : ball_device.bd_plunger : State: waiting_for_ball
2023-07-12 22:12:21,659 : INFO : ball_device.bd_trough : State: ejecting
2023-07-12 22:12:21,659 : INFO : ball_device.bd_trough : Ejecting ball to <ball_device.bd_plunger>
2023-07-12 22:12:21,659 : INFO : EventManager : Event: ======'balldevice_bd_trough_ejecting_ball'====== Args={'balls': 1, 'target': <ball_device.bd_plunger>, 'source': <ball_device.bd_trough>, 'mechanical_eject': False, 'num_attempts': 0}
2023-07-12 22:12:21,659 : INFO : ball_device.bd_trough : Wait for ball to leave device
2023-07-12 22:12:21,659 : INFO : coil.c_trough_eject : Enabling Driver for 1000ms (1.0 pulse_power)
2023-07-12 22:12:21,659 : INFO : SwitchController : <<<<<<< 's_trough_1' inactive >>>>>>>
2023-07-12 22:12:21,680 : INFO : ball_device.bd_trough : State: ball_left
2023-07-12 22:12:21,680 : INFO : ball_device.bd_trough : Ball left
2023-07-12 22:12:21,680 : INFO : ball_device.bd_trough : Wait for confirm with timeout 3.0
2023-07-12 22:12:21,772 : INFO : SwitchController : <<<<<<< 's_plunger_detect' active >>>>>>>
2023-07-12 22:12:21,772 : INFO : EventManager : Event: ======'machine_var_audits_switches_s_plunger_detect'====== Args={'value': 1, 'prev_value': 0, 'change': 1}
2023-07-12 22:12:22,269 : INFO : ball_device.bd_plunger : Received ball from <ball_device.bd_trough>
2023-07-12 22:12:22,269 : INFO : EventManager : Event: ======'balldevice_bd_plunger_ball_enter'====== Args={'new_balls': 1, 'unclaimed_balls': 0, 'new_available_balls': 0, 'device': <ball_device.bd_plunger>}
2023-07-12 22:12:22,269 : INFO : EventManager : Event: ======'balldevice_bd_plunger_ball_entered'====== Args={'new_balls': 0, 'device': <ball_device.bd_plunger>}
2023-07-12 22:12:22,269 : INFO : EventManager : Event: ======'balldevice_bd_plunger_ball_count_changed'====== Args={'balls': 1}
2023-07-12 22:12:22,269 : INFO : ball_device.bd_trough : Got eject confirm
2023-07-12 22:12:22,269 : INFO : ball_device.bd_trough : Eject successful
2023-07-12 22:12:22,269 : INFO : EventManager : Event: ======'balldevice_bd_trough_ball_eject_success'====== Args={'balls': 1, 'target': <ball_device.bd_plunger>}
2023-07-12 22:12:22,270 : INFO : ball_device.bd_plunger : State: waiting_for_target_ready
2023-07-12 22:12:22,270 : INFO : EventManager : Event: ======'balldevice_bd_plunger_ball_eject_attempt'====== Args={'balls': 1, 'target': <playfield.playfield>, 'source': <ball_device.bd_plunger>, 'mechanical_eject': False, 'num_attempts': 0}
2023-07-12 22:12:22,270 : INFO : EventManager : Event: ======'balldevice_bd_trough_ball_count_changed'====== Args={'balls': 2}
2023-07-12 22:12:22,270 : INFO : ball_device.bd_trough : State: idle
2023-07-12 22:12:22,270 : INFO : ball_device.bd_plunger : State: ejecting
2023-07-12 22:12:22,270 : INFO : ball_device.bd_plunger : Ejecting ball to <playfield.playfield>
2023-07-12 22:12:22,270 : INFO : EventManager : Event: ======'balldevice_bd_plunger_ejecting_ball'====== Args={'balls': 1, 'target': <playfield.playfield>, 'source': <ball_device.bd_plunger>, 'mechanical_eject': False, 'num_attempts': 0}
2023-07-12 22:12:22,270 : INFO : ball_device.bd_plunger : Wait for ball to leave device
2023-07-12 22:12:22,270 : INFO : coil.c_plunger : Pulsing Driver for 20ms (1.0 pulse_power)
2023-07-12 22:12:22,270 : INFO : SwitchController : <<<<<<< 's_plunger_detect' inactive >>>>>>>
2023-07-12 22:12:22,274 : INFO : ball_device.bd_plunger : State: ball_left
2023-07-12 22:12:22,274 : INFO : ball_device.bd_plunger : Ball left
2023-07-12 22:12:22,275 : INFO : ball_device.bd_plunger : Wait for confirm with timeout 10.0
2023-07-12 22:12:22,672 : INFO : coil.c_trough_eject : Disabling Driver
2023-07-12 22:12:32,280 : INFO : ball_device.bd_plunger : State: failed_confirm
2023-07-12 22:12:32,280 : INFO : ball_device.bd_plunger : Got timeout (10.0s) before confirm from <playfield.playfield>
2023-07-12 22:12:32,388 : INFO : ball_device.bd_plunger : Confirming eject because target is playfield and ball did not return.
2023-07-12 22:12:32,388 : INFO : ball_device.bd_plunger : Eject successful
2023-07-12 22:12:32,388 : INFO : EventManager : Event: ======'balldevice_bd_plunger_ball_eject_success'====== Args={'balls': 1, 'target': <playfield.playfield>}
2023-07-12 22:12:32,388 : INFO : EventManager : Event: ======'balldevice_playfield_ball_enter'====== Args={'new_balls': 1, 'unclaimed_balls': 1, 'device': <playfield.playfield>}
2023-07-12 22:12:32,388 : INFO : EventManager : Event: ======'playfield_ball_count_change'====== Args={'balls': 1, 'change': 1}
2023-07-12 22:12:32,388 : INFO : EventManager : Event: ======'balldevice_bd_plunger_ball_count_changed'====== Args={'balls': 0}
2023-07-12 22:12:32,388 : INFO : ball_device.bd_plunger : State: idle
2023-07-12 22:12:37,880 : INFO : Machine : Shutting down...
2023-07-12 22:12:37,880 : INFO : EventManager : Event: ======'shutdown'====== Args={}
2023-07-12 22:12:37,882 : INFO : EventManager : Event: ======'mode_game_will_stop'====== Args={}
2023-07-12 22:12:37,882 : INFO : EventManager : Event: ======'mode_game_stopping'====== Args={}
2023-07-12 22:12:37,882 : INFO : Mode.game : Stopped.
2023-07-12 22:12:37,882 : INFO : EventManager : Event: ======'modes_active_modes_changed'====== Args={}
2023-07-12 22:12:37,882 : INFO : EventManager : Event: ======'mode_game_stopped'====== Args={}
2023-07-12 22:12:37,882 : INFO : EventManager : Event: ======'clear'====== Args={'key': 'game'}
2023-07-12 22:12:37,884 : INFO : root : MPF run loop ended.
