2023-07-16 23:49:32,994 : INFO : root : Loading config.
2023-07-16 23:49:32,996 : INFO : YamlMultifileConfigLoader : Machine config file #1: config.yaml
2023-07-16 23:49:32,997 : INFO : ConfigProcessor : Loading config from cache: C:\Users\warzz\AppData\Local\Temp\999c2299d6c39d2b6f23a88f71ed49fc.mpf_cache
2023-07-16 23:49:33,003 : WARNING : ConfigProcessor : Config file in cache changed: D:\MPF\springbreak\config\displays.yaml
2023-07-16 23:49:33,003 : INFO : ConfigProcessor : Loading config from file C:\Users\warzz\AppData\Local\Programs\Python\Python39\lib\site-packages\mpf\mpfconfig.yaml.
2023-07-16 23:49:33,055 : INFO : ConfigProcessor : Loading config: C:\Users\warzz\AppData\Local\Programs\Python\Python39\lib\site-packages\mpf\mpfconfig.yaml
2023-07-16 23:49:33,056 : INFO : ConfigProcessor : Loading config from file D:\MPF\springbreak\config\config.yaml.
2023-07-16 23:49:33,059 : INFO : ConfigProcessor : Loading config: D:\MPF\springbreak\config\config.yaml
2023-07-16 23:49:33,064 : INFO : ConfigProcessor : Loading config: D:\MPF\springbreak\config\coils.yaml
2023-07-16 23:49:33,068 : INFO : ConfigProcessor : Loading config: D:\MPF\springbreak\config\switches.yaml
2023-07-16 23:49:33,072 : INFO : ConfigProcessor : Loading config: D:\MPF\springbreak\config\devices.yaml
2023-07-16 23:49:33,080 : INFO : ConfigProcessor : Loading config: D:\MPF\springbreak\config\displays.yaml
2023-07-16 23:49:33,082 : INFO : ConfigProcessor : Loading config: D:\MPF\springbreak\config\keyboard.yaml
2023-07-16 23:49:33,084 : INFO : ConfigProcessor : Config file cache created: C:\Users\warzz\AppData\Local\Temp\999c2299d6c39d2b6f23a88f71ed49fc.mpf_cache
2023-07-16 23:49:33,146 : INFO : ConfigProcessor : Loading config from cache: C:\Users\warzz\AppData\Local\Temp\b77c3901e90ec7d7cc601651512a0021.mpf_cache
2023-07-16 23:49:33,147 : INFO : ConfigProcessor : Loading config from cache: C:\Users\warzz\AppData\Local\Temp\a5b2fce8b210d64acc95275c2c9a2339.mpf_cache
2023-07-16 23:49:33,147 : INFO : ConfigProcessor : Loading config from cache: C:\Users\warzz\AppData\Local\Temp\f8d84beef5f99d10c74fd589715eb307.mpf_cache
2023-07-16 23:49:33,148 : INFO : Machine : Mission Pinball Framework Core Engine v0.56.0
2023-07-16 23:49:33,148 : INFO : Machine : Command line arguments: {'no_load_cache': False, 'create_config_cache': True, 'bcp': True, 'configfile': ['config.yaml'], 'force_assets_load': False, 'jsonlogging': False, 'logfile': 'logs\\2023-07-16-23-49-32-mpf-DESKTOP-VQ7DOMB.log', 'pause': False, 'production': False, 'text_ui': True, 'loglevel': 15, 'consoleloglevel': 20, 'force_platform': 'smart_virtual', 'syslog_address': None, 'mc_file_name': None, 'no_sound': False}
2023-07-16 23:49:33,148 : INFO : Machine : MPF path: C:\Users\warzz\AppData\Local\Programs\Python\Python39\lib\site-packages\mpf
2023-07-16 23:49:33,148 : INFO : Machine : Machine path: D:\MPF\springbreak
2023-07-16 23:49:33,148 : INFO : Machine : Platform: win32
2023-07-16 23:49:33,148 : INFO : Machine : Python executable location: C:\Users\warzz\AppData\Local\Programs\Python\Python39\python.exe
2023-07-16 23:49:33,148 : INFO : Machine : Python version: 3.9.13 (64-bit)
2023-07-16 23:49:33,150 : INFO : Machine : Initialise MPF.
2023-07-16 23:49:33,296 : INFO : EventManager : Event: ======'machine_var_credits_string'====== Args={'value': 'FREE PLAY', 'prev_value': None, 'change': True}
2023-07-16 23:49:33,340 : INFO : EventManager : Event: ======'machine_var_master_volume'====== Args={'value': 0.5, 'prev_value': None, 'change': True}
2023-07-16 23:49:33,340 : INFO : EventManager : Event: ======'machine_var_player1_score'====== Args={'value': 0, 'prev_value': None, 'change': True}
2023-07-16 23:49:33,340 : INFO : EventManager : Event: ======'machine_var_mpf_version'====== Args={'value': 'MPF v0.56.0', 'prev_value': None, 'change': True}
2023-07-16 23:49:33,340 : INFO : EventManager : Event: ======'machine_var_mpf_extended_version'====== Args={'value': 'MPF v0.56.0, Config version:5, Show version: 5, BCP version:1.1', 'prev_value': None, 'change': True}
2023-07-16 23:49:33,340 : INFO : EventManager : Event: ======'machine_var_python_version'====== Args={'value': '3.9.13', 'prev_value': None, 'change': True}
2023-07-16 23:49:33,349 : INFO : EventManager : Event: ======'machine_var_platform'====== Args={'value': 'Windows-10-10.0.19045-SP0', 'prev_value': None, 'change': True}
2023-07-16 23:49:33,349 : INFO : EventManager : Event: ======'machine_var_platform_system'====== Args={'value': 'Windows', 'prev_value': None, 'change': True}
2023-07-16 23:49:33,349 : INFO : EventManager : Event: ======'machine_var_platform_release'====== Args={'value': '10', 'prev_value': None, 'change': True}
2023-07-16 23:49:33,349 : INFO : EventManager : Event: ======'machine_var_platform_version'====== Args={'value': '10.0.19045', 'prev_value': None, 'change': True}
2023-07-16 23:49:33,349 : INFO : EventManager : Event: ======'machine_var_platform_machine'====== Args={'value': 'AMD64', 'prev_value': None, 'change': True}
2023-07-16 23:49:33,349 : INFO : EventManager : Event: ======'init_phase_1'====== Args={}
2023-07-16 23:49:33,361 : INFO : EventManager : Event: ======'init_phase_2'====== Args={}
2023-07-16 23:49:33,361 : INFO : SwitchController : Found active switch: ('0-0-26', <Platform.SmartVirtual>) <switch.s_trough_1>
2023-07-16 23:49:33,362 : INFO : EventManager : Event: ======'bcp_connection_attempt'====== Args={'name': 'local_display', 'host': 'localhost', 'port': 5050}
2023-07-16 23:49:33,363 : INFO : BCPClientSocket : Connecting BCP to 'local_display' at localhost:5050...
2023-07-16 23:49:35,406 : INFO : BCPClientSocket : Connected BCP to 'local_display' localhost:5050
2023-07-16 23:49:35,407 : INFO : EventManager : Event: ======'bcp_clients_connected'====== Args={}
2023-07-16 23:49:35,411 : INFO : ball_device.bd_drain : BCH: Initial count: 0
2023-07-16 23:49:35,411 : INFO : ball_device.bd_drain : State: idle
2023-07-16 23:49:35,411 : INFO : ball_device.bd_trough : BCH: Initial count: 4
2023-07-16 23:49:35,412 : INFO : ball_device.bd_trough : State: idle
2023-07-16 23:49:35,412 : INFO : ball_device.bd_plunger : BCH: Initial count: 0
2023-07-16 23:49:35,412 : INFO : ball_device.bd_plunger : State: idle
2023-07-16 23:49:35,425 : INFO : EventManager : Event: ======'init_phase_3'====== Args={}
2023-07-16 23:49:35,427 : INFO : EventManager : Event: ======'init_phase_4'====== Args={}
2023-07-16 23:49:35,427 : INFO : BallController : Initial balls found: 4
2023-07-16 23:49:35,428 : INFO : EventManager : Event: ======'machine_var_audits_events_game_ended'====== Args={'value': 6, 'prev_value': None, 'change': True}
2023-07-16 23:49:35,428 : INFO : EventManager : Event: ======'machine_var_audits_events_game_started'====== Args={'value': 11, 'prev_value': None, 'change': True}
2023-07-16 23:49:35,428 : INFO : EventManager : Event: ======'machine_var_audits_player_score'====== Args={'value': {'average': 0.0, 'top': [0, 0, 0, 0, 0, 0], 'total': 6}, 'prev_value': None, 'change': True}
2023-07-16 23:49:35,428 : INFO : EventManager : Event: ======'machine_var_audits_switches_s_drain_detect'====== Args={'value': 26, 'prev_value': None, 'change': True}
2023-07-16 23:49:35,428 : INFO : EventManager : Event: ======'machine_var_audits_switches_s_flipper_left'====== Args={'value': 3, 'prev_value': None, 'change': True}
2023-07-16 23:49:35,428 : INFO : EventManager : Event: ======'machine_var_audits_switches_s_flipper_right'====== Args={'value': 25, 'prev_value': None, 'change': True}
2023-07-16 23:49:35,429 : INFO : EventManager : Event: ======'machine_var_audits_switches_s_plunger_detect'====== Args={'value': 24, 'prev_value': None, 'change': True}
2023-07-16 23:49:35,429 : INFO : EventManager : Event: ======'machine_var_audits_switches_s_plunger_exit'====== Args={'value': 12, 'prev_value': None, 'change': True}
2023-07-16 23:49:35,429 : INFO : EventManager : Event: ======'machine_var_audits_switches_s_popbumper_1'====== Args={'value': 0, 'prev_value': None, 'change': True}
2023-07-16 23:49:35,429 : INFO : EventManager : Event: ======'machine_var_audits_switches_s_popbumper_2'====== Args={'value': 0, 'prev_value': None, 'change': True}
2023-07-16 23:49:35,429 : INFO : EventManager : Event: ======'machine_var_audits_switches_s_popbumper_3'====== Args={'value': 0, 'prev_value': None, 'change': True}
2023-07-16 23:49:35,429 : INFO : EventManager : Event: ======'machine_var_audits_switches_s_slingshot'====== Args={'value': 0, 'prev_value': None, 'change': True}
2023-07-16 23:49:35,429 : INFO : EventManager : Event: ======'machine_var_audits_switches_s_start_button'====== Args={'value': 0, 'prev_value': None, 'change': True}
2023-07-16 23:49:35,430 : INFO : EventManager : Event: ======'machine_var_audits_switches_s_trough_1'====== Args={'value': 17, 'prev_value': None, 'change': True}
2023-07-16 23:49:35,430 : INFO : EventManager : Event: ======'machine_var_audits_switches_s_trough_2'====== Args={'value': 0, 'prev_value': None, 'change': True}
2023-07-16 23:49:35,430 : INFO : EventManager : Event: ======'init_phase_5'====== Args={}
2023-07-16 23:49:35,448 : INFO : EventManager : Event: ======'init_done'====== Args={}
2023-07-16 23:49:35,449 : INFO : EventManager : Event: ======'machine_reset_phase_1'====== Args={}
2023-07-16 23:49:35,648 : INFO : EventManager : Event: ======'machine_var_mc_version'====== Args={'value': 'MPF-MC v0.56.1', 'prev_value': None, 'change': True}
2023-07-16 23:49:35,651 : INFO : EventManager : Event: ======'machine_var_mc_extended_version'====== Args={'value': 'MPF-MC v0.56.1 (config_version=5, BCP v1.1,                      Requires MPF API compatibility v0.56.0 or newer)', 'prev_value': None, 'change': True}
2023-07-16 23:49:35,652 : INFO : EventManager : Event: ======'slide_welcome_slide_removed'====== Args={'_from_bcp': True}
2023-07-16 23:49:35,652 : INFO : EventManager : Event: ======'slide_welcome_slide_created'====== Args={'_from_bcp': True}
2023-07-16 23:49:35,652 : INFO : EventManager : Event: ======'slide_welcome_slide_active'====== Args={'_from_bcp': True}
2023-07-16 23:49:35,654 : INFO : EventManager : Event: ======'machine_reset_phase_2'====== Args={}
2023-07-16 23:49:35,654 : INFO : EventManager : Event: ======'machine_reset_phase_3'====== Args={}
2023-07-16 23:49:35,654 : INFO : EventManager : Event: ======'reset_complete'====== Args={}
2023-07-16 23:49:35,654 : INFO : EventManager : Event: ======'mode_attract_will_start'====== Args={}
2023-07-16 23:49:35,655 : INFO : EventManager : Event: ======'mode_attract_starting'====== Args={}
2023-07-16 23:49:35,655 : INFO : Mode.attract : Started. Priority: 10
2023-07-16 23:49:35,655 : INFO : EventManager : Event: ======'modes_active_modes_changed'====== Args={}
2023-07-16 23:49:35,655 : INFO : EventManager : Event: ======'mode_attract_started'====== Args={}
2023-07-16 23:49:35,655 : INFO : EventManager : Event: ======'collecting_balls_complete'====== Args={}
2023-07-16 23:49:35,671 : INFO : Machine : Starting the main run loop.
2023-07-16 23:49:36,589 : INFO : SwitchController : <<<<<<< 's_start_button' active >>>>>>>
2023-07-16 23:49:36,688 : INFO : SwitchController : <<<<<<< 's_start_button' inactive >>>>>>>
2023-07-16 23:49:36,688 : INFO : EventManager : Event: ======'request_to_start_game'====== Args={}
2023-07-16 23:49:36,688 : INFO : EventManager : Event: ======'game_start'====== Args={'buttons': [], 'hold_time': 0.09299999999348074}
2023-07-16 23:49:36,688 : INFO : EventManager : Event: ======'mode_game_will_start'====== Args={'buttons': [], 'hold_time': 0.09299999999348074}
2023-07-16 23:49:36,689 : INFO : EventManager : Event: ======'mode_game_starting'====== Args={'buttons': [], 'hold_time': 0.09299999999348074}
2023-07-16 23:49:36,689 : INFO : EventManager : Event: ======'mode_attract_will_stop'====== Args={}
2023-07-16 23:49:36,689 : INFO : EventManager : Event: ======'mode_attract_stopping'====== Args={}
2023-07-16 23:49:36,689 : INFO : Mode.attract : Stopped.
2023-07-16 23:49:36,689 : INFO : EventManager : Event: ======'modes_active_modes_changed'====== Args={}
2023-07-16 23:49:36,689 : INFO : EventManager : Event: ======'mode_attract_stopped'====== Args={}
2023-07-16 23:49:36,689 : INFO : EventManager : Event: ======'clear'====== Args={'key': 'attract'}
2023-07-16 23:49:36,689 : INFO : Mode.game : Started. Priority: 20
2023-07-16 23:49:36,689 : INFO : EventManager : Event: ======'modes_active_modes_changed'====== Args={}
2023-07-16 23:49:36,689 : INFO : EventManager : Event: ======'mode_game_started'====== Args={'buttons': [], 'hold_time': 0.09299999999348074}
2023-07-16 23:49:36,693 : INFO : EventManager : Event: ======'game_will_start'====== Args={}
2023-07-16 23:49:36,693 : INFO : EventManager : Event: ======'game_starting'====== Args={'game': <Mode.game>}
2023-07-16 23:49:36,693 : INFO : EventManager : Event: ======'player_add_request'====== Args={}
2023-07-16 23:49:36,693 : INFO : EventManager : Event: ======'player_will_add'====== Args={'number': 1}
2023-07-16 23:49:36,693 : INFO : EventManager : Event: ======'player_adding'====== Args={'player': <Player 1>, 'number': 1}
2023-07-16 23:49:36,693 : INFO : EventManager : Event: ======'player_added'====== Args={'player': <Player 1>, 'num': 1}
2023-07-16 23:49:36,693 : INFO : Mode.game : Player added successfully. Total players: 1
2023-07-16 23:49:36,694 : INFO : EventManager : Event: ======'player_index'====== Args={'value': 0, 'prev_value': 0, 'change': 0, 'player_num': 1}
2023-07-16 23:49:36,694 : INFO : EventManager : Event: ======'player_number'====== Args={'value': 1, 'prev_value': 1, 'change': 0, 'player_num': 1}
2023-07-16 23:49:36,694 : INFO : EventManager : Event: ======'player_score'====== Args={'value': 0, 'prev_value': 0, 'change': 0, 'player_num': 1}
2023-07-16 23:49:36,694 : INFO : EventManager : Event: ======'game_started'====== Args={}
2023-07-16 23:49:36,698 : INFO : EventManager : Event: ======'player_turn_will_start'====== Args={'player': <Player 1>, 'number': 1}
2023-07-16 23:49:36,698 : INFO : EventManager : Event: ======'player_turn_starting'====== Args={'player': <Player 1>, 'number': 1}
2023-07-16 23:49:36,698 : INFO : EventManager : Event: ======'player_ball'====== Args={'value': 1, 'prev_value': 0, 'change': 1, 'player_num': 1}
2023-07-16 23:49:36,698 : INFO : EventManager : Event: ======'player_turn_started'====== Args={'player': <Player 1>, 'number': 1}
2023-07-16 23:49:36,701 : INFO : EventManager : Event: ======'ball_will_start'====== Args={'player': 1, 'ball': 1, 'balls_remaining': 2, 'is_extra_ball': False}
2023-07-16 23:49:36,703 : INFO : EventManager : Event: ======'ball_starting'====== Args={'player': 1, 'ball': 1, 'balls_remaining': 2, 'is_extra_ball': False}
2023-07-16 23:49:36,703 : INFO : EventManager : Event: ======'balls_in_play'====== Args={'balls': 1}
2023-07-16 23:49:36,703 : INFO : EventManager : Event: ======'ball_started'====== Args={'player': 1, 'ball': 1, 'balls_remaining': 2, 'is_extra_ball': False}
2023-07-16 23:49:36,703 : INFO : EventManager : Event: ======'mode_base_will_start'====== Args={'player': 1, 'ball': 1, 'balls_remaining': 2, 'is_extra_ball': False}
2023-07-16 23:49:36,704 : INFO : EventManager : Event: ======'mode_base_starting'====== Args={'player': 1, 'ball': 1, 'balls_remaining': 2, 'is_extra_ball': False}
2023-07-16 23:49:36,704 : INFO : Mode.base : Started. Priority: 100
2023-07-16 23:49:36,704 : INFO : EventManager : Event: ======'modes_active_modes_changed'====== Args={}
2023-07-16 23:49:36,704 : INFO : EventManager : Event: ======'mode_base_started'====== Args={'player': 1, 'ball': 1, 'balls_remaining': 2, 'is_extra_ball': False}
2023-07-16 23:49:36,705 : INFO : EventManager : Event: ======'single_player_ball_started'====== Args={}
2023-07-16 23:49:36,717 : INFO : EventManager : Event: ======'ball_start_target'====== Args={'target': 'playfield'}
2023-07-16 23:49:36,717 : INFO : ball_device.bd_plunger : Setting up player-controlled eject. Balls: 1, Target: <playfield.playfield>, player_controlled_eject_event: s_flipper_right_active
2023-07-16 23:49:36,717 : INFO : EventManager : Event: ======'balldevice_balls_available'====== Args={}
2023-07-16 23:49:36,718 : INFO : ball_device.bd_trough : State: waiting_for_target_ready
2023-07-16 23:49:36,718 : INFO : EventManager : Event: ======'balldevice_bd_trough_ball_eject_attempt'====== Args={'balls': 1, 'target': <ball_device.bd_plunger>, 'source': <ball_device.bd_trough>, 'mechanical_eject': True, 'num_attempts': 0}
2023-07-16 23:49:36,718 : INFO : ball_device.bd_plunger : State: waiting_for_ball
2023-07-16 23:49:36,718 : INFO : ball_device.bd_trough : State: ejecting
2023-07-16 23:49:36,718 : INFO : ball_device.bd_trough : Ejecting ball to <ball_device.bd_plunger>
2023-07-16 23:49:36,718 : INFO : EventManager : Event: ======'balldevice_bd_trough_ejecting_ball'====== Args={'balls': 1, 'target': <ball_device.bd_plunger>, 'source': <ball_device.bd_trough>, 'mechanical_eject': True, 'num_attempts': 0}
2023-07-16 23:49:36,718 : INFO : ball_device.bd_trough : Wait for ball to leave device
2023-07-16 23:49:36,718 : INFO : coil.c_trough_eject : Enabling Driver for 1000ms (1.0 pulse_power)
2023-07-16 23:49:36,718 : INFO : SwitchController : <<<<<<< 's_trough_1' inactive >>>>>>>
2023-07-16 23:49:36,721 : INFO : EventManager : Event: ======'slide__global.slide_player-mode_base_started_created'====== Args={'_from_bcp': True}
2023-07-16 23:49:36,721 : INFO : EventManager : Event: ======'slide__global.slide_player-mode_base_started_active'====== Args={'_from_bcp': True}
2023-07-16 23:49:36,721 : INFO : ball_device.bd_trough : State: ball_left
2023-07-16 23:49:36,722 : INFO : ball_device.bd_trough : Ball left
2023-07-16 23:49:36,722 : INFO : ball_device.bd_trough : Wait for confirm with timeout 3.0
2023-07-16 23:49:36,837 : INFO : SwitchController : <<<<<<< 's_plunger_detect' active >>>>>>>
2023-07-16 23:49:36,837 : INFO : EventManager : Event: ======'machine_var_audits_switches_s_plunger_detect'====== Args={'value': 25, 'prev_value': 24, 'change': 1}
2023-07-16 23:49:37,318 : INFO : SwitchController : <<<<<<< 's_flipper_right' active >>>>>>>
2023-07-16 23:49:37,319 : INFO : EventManager : Event: ======'machine_var_audits_switches_s_flipper_right'====== Args={'value': 26, 'prev_value': 25, 'change': 1}
2023-07-16 23:49:37,351 : INFO : ball_device.bd_plunger : Received ball from <ball_device.bd_trough>
2023-07-16 23:49:37,351 : INFO : EventManager : Event: ======'balldevice_bd_plunger_ball_enter'====== Args={'new_balls': 1, 'unclaimed_balls': 0, 'new_available_balls': 0, 'device': <ball_device.bd_plunger>}
2023-07-16 23:49:37,351 : INFO : EventManager : Event: ======'balldevice_bd_plunger_ball_entered'====== Args={'new_balls': 0, 'device': <ball_device.bd_plunger>}
2023-07-16 23:49:37,351 : INFO : EventManager : Event: ======'balldevice_bd_plunger_ball_count_changed'====== Args={'balls': 1}
2023-07-16 23:49:37,351 : INFO : ball_device.bd_trough : Got eject confirm
2023-07-16 23:49:37,351 : INFO : ball_device.bd_trough : Eject successful
2023-07-16 23:49:37,351 : INFO : EventManager : Event: ======'balldevice_bd_trough_ball_eject_success'====== Args={'balls': 1, 'target': <ball_device.bd_plunger>}
2023-07-16 23:49:37,351 : INFO : ball_device.bd_plunger : State: waiting_for_target_ready
2023-07-16 23:49:37,352 : INFO : EventManager : Event: ======'balldevice_bd_plunger_ball_eject_attempt'====== Args={'balls': 1, 'target': <playfield.playfield>, 'source': <ball_device.bd_plunger>, 'mechanical_eject': True, 'num_attempts': 0}
2023-07-16 23:49:37,352 : INFO : EventManager : Event: ======'balldevice_bd_trough_ball_count_changed'====== Args={'balls': 3}
2023-07-16 23:49:37,352 : INFO : ball_device.bd_trough : State: idle
2023-07-16 23:49:37,352 : INFO : ball_device.bd_plunger : State: ejecting
2023-07-16 23:49:37,352 : INFO : ball_device.bd_plunger : Ejecting ball to <playfield.playfield>
2023-07-16 23:49:37,352 : INFO : EventManager : Event: ======'balldevice_bd_plunger_ejecting_ball'====== Args={'balls': 1, 'target': <playfield.playfield>, 'source': <ball_device.bd_plunger>, 'mechanical_eject': True, 'num_attempts': 0}
2023-07-16 23:49:37,352 : INFO : ball_device.bd_plunger : Wait for ball to leave device
2023-07-16 23:49:37,431 : INFO : SwitchController : <<<<<<< 's_flipper_right' inactive >>>>>>>
2023-07-16 23:49:37,738 : INFO : coil.c_trough_eject : Disabling Driver
2023-07-16 23:49:38,113 : INFO : SwitchController : <<<<<<< 's_drain_detect' active >>>>>>>
2023-07-16 23:49:38,113 : INFO : EventManager : Event: ======'machine_var_audits_switches_s_drain_detect'====== Args={'value': 27, 'prev_value': 26, 'change': 1}
2023-07-16 23:49:38,634 : INFO : EventManager : Event: ======'balldevice_bd_drain_ball_count_changed'====== Args={'balls': 1}
2023-07-16 23:49:38,634 : INFO : ball_device.bd_drain : Received unexpected ball
2023-07-16 23:49:38,634 : INFO : EventManager : Event: ======'balldevice_captured_from_playfield'====== Args={'balls': 1}
2023-07-16 23:49:38,634 : INFO : EventManager : Event: ======'sw_playfield_active'====== Args={'balls': 1}
2023-07-16 23:49:38,634 : INFO : EventManager : Event: ======'playfield_active'====== Args={}
2023-07-16 23:49:38,634 : INFO : EventManager : Event: ======'playfield_ball_count_change'====== Args={'balls': -1, 'change': -1}
2023-07-16 23:49:38,634 : INFO : EventManager : Event: ======'balldevice_playfield_ball_enter'====== Args={'new_balls': 1, 'unclaimed_balls': 1, 'device': <playfield.playfield>}
2023-07-16 23:49:38,634 : INFO : EventManager : Event: ======'playfield_ball_count_change'====== Args={'balls': 0, 'change': 1}
2023-07-16 23:49:38,634 : INFO : BallController : Found a new ball which was captured from playfield. Known balls: 5
2023-07-16 23:49:38,634 : INFO : EventManager : Event: ======'found_new_ball'====== Args={}
2023-07-16 23:49:38,635 : INFO : EventManager : Event: ======'balldevice_bd_drain_ball_enter'====== Args={'new_balls': 1, 'unclaimed_balls': 1, 'new_available_balls': 1, 'device': <ball_device.bd_drain>}
2023-07-16 23:49:38,635 : INFO : EventManager : Event: ======'ball_drain'====== Args={'device': <ball_device.bd_drain>, 'balls': 1}
2023-07-16 23:49:38,635 : INFO : EventManager : Event: ======'ball_will_end'====== Args={}
2023-07-16 23:49:38,635 : INFO : EventManager : Event: ======'balldevice_balls_available'====== Args={}
2023-07-16 23:49:38,635 : INFO : EventManager : Event: ======'balldevice_balls_available'====== Args={}
2023-07-16 23:49:38,635 : INFO : EventManager : Event: ======'balldevice_bd_drain_ball_entered'====== Args={'new_balls': 1, 'device': <ball_device.bd_drain>}
2023-07-16 23:49:38,635 : INFO : EventManager : Event: ======'ball_ending'====== Args={}
2023-07-16 23:49:38,636 : INFO : EventManager : Event: ======'mode_base_will_stop'====== Args={}
2023-07-16 23:49:38,636 : INFO : EventManager : Event: ======'mode_base_stopping'====== Args={}
2023-07-16 23:49:38,636 : INFO : Mode.base : Stopped.
2023-07-16 23:49:38,636 : INFO : EventManager : Event: ======'modes_active_modes_changed'====== Args={}
2023-07-16 23:49:38,636 : INFO : EventManager : Event: ======'mode_base_stopped'====== Args={}
2023-07-16 23:49:38,636 : INFO : EventManager : Event: ======'clear'====== Args={'key': 'base'}
2023-07-16 23:49:38,648 : INFO : EventManager : Event: ======'ball_ended'====== Args={}
2023-07-16 23:49:38,649 : INFO : ball_device.bd_drain : State: waiting_for_target_ready
2023-07-16 23:49:38,649 : INFO : EventManager : Event: ======'balldevice_bd_drain_ball_eject_attempt'====== Args={'balls': 1, 'target': <ball_device.bd_trough>, 'source': <ball_device.bd_drain>, 'mechanical_eject': False, 'num_attempts': 0}
2023-07-16 23:49:38,649 : INFO : ball_device.bd_drain : State: ejecting
2023-07-16 23:49:38,649 : INFO : ball_device.bd_drain : Ejecting ball to <ball_device.bd_trough>
2023-07-16 23:49:38,649 : INFO : EventManager : Event: ======'balldevice_bd_drain_ejecting_ball'====== Args={'balls': 1, 'target': <ball_device.bd_trough>, 'source': <ball_device.bd_drain>, 'mechanical_eject': False, 'num_attempts': 0}
2023-07-16 23:49:38,650 : INFO : EventManager : Event: ======'player_turn_will_end'====== Args={'player': <Player 1>, 'number': 1}
2023-07-16 23:49:38,653 : INFO : EventManager : Event: ======'player_turn_ending'====== Args={'player': <Player 1>, 'number': 1}
2023-07-16 23:49:38,653 : INFO : EventManager : Event: ======'player_turn_ended'====== Args={'player': <Player 1>, 'number': 1}
2023-07-16 23:49:38,653 : INFO : ball_device.bd_drain : Wait for ball to leave device
2023-07-16 23:49:38,653 : INFO : coil.c_drain_kicker : Pulsing Driver for 20ms (1.0 pulse_power)
2023-07-16 23:49:38,653 : INFO : SwitchController : <<<<<<< 's_drain_detect' inactive >>>>>>>
2023-07-16 23:49:38,656 : INFO : EventManager : Event: ======'player_turn_will_start'====== Args={'player': <Player 1>, 'number': 1}
2023-07-16 23:49:38,656 : INFO : EventManager : Event: ======'player_turn_starting'====== Args={'player': <Player 1>, 'number': 1}
2023-07-16 23:49:38,656 : INFO : EventManager : Event: ======'player_ball'====== Args={'value': 2, 'prev_value': 1, 'change': 1, 'player_num': 1}
2023-07-16 23:49:38,656 : INFO : EventManager : Event: ======'player_turn_started'====== Args={'player': <Player 1>, 'number': 1}
2023-07-16 23:49:38,656 : INFO : ball_device.bd_drain : State: ball_left
2023-07-16 23:49:38,656 : INFO : ball_device.bd_drain : Ball left
2023-07-16 23:49:38,656 : INFO : ball_device.bd_drain : Wait for confirm with timeout 10.0
2023-07-16 23:49:38,657 : INFO : EventManager : Event: ======'ball_will_start'====== Args={'player': 1, 'ball': 2, 'balls_remaining': 1, 'is_extra_ball': False}
2023-07-16 23:49:38,658 : INFO : BallController : Found 1 ball(s) on playfield.
2023-07-16 23:49:38,658 : WARNING : BallController : Playfields still contain balls. Waiting for those to drain.
2023-07-16 23:49:38,759 : INFO : SwitchController : <<<<<<< 's_trough_1' active >>>>>>>
2023-07-16 23:49:38,759 : INFO : EventManager : Event: ======'machine_var_audits_switches_s_trough_1'====== Args={'value': 18, 'prev_value': 17, 'change': 1}
2023-07-16 23:49:38,939 : WARNING : SwitchController : Received duplicate switch state 0 for switch s_drain_detect from the platform interface. Log Code: Log-SwitchController-1 (https://docs.missionpinball.org/en/0.56/logs/Log-SwitchController-1.html)
2023-07-16 23:49:39,205 : INFO : SwitchController : <<<<<<< 's_flipper_right' active >>>>>>>
2023-07-16 23:49:39,205 : INFO : EventManager : Event: ======'s_flipper_right_active'====== Args={}
2023-07-16 23:49:39,205 : INFO : EventManager : Event: ======'machine_var_audits_switches_s_flipper_right'====== Args={'value': 27, 'prev_value': 26, 'change': 1}
2023-07-16 23:49:39,208 : INFO : coil.c_plunger : Pulsing Driver for 20ms (1.0 pulse_power)
2023-07-16 23:49:39,208 : INFO : SwitchController : <<<<<<< 's_plunger_detect' inactive >>>>>>>
2023-07-16 23:49:39,211 : INFO : ball_device.bd_plunger : State: ball_left
2023-07-16 23:49:39,212 : INFO : ball_device.bd_plunger : Ball left
2023-07-16 23:49:39,212 : INFO : ball_device.bd_plunger : Wait for confirm with timeout 10.0
2023-07-16 23:49:39,272 : INFO : EventManager : Event: ======'balldevice_bd_trough_ball_count_changed'====== Args={'balls': 4}
2023-07-16 23:49:39,272 : INFO : ball_device.bd_trough : Received ball from <ball_device.bd_drain>
2023-07-16 23:49:39,272 : INFO : EventManager : Event: ======'balldevice_bd_trough_ball_enter'====== Args={'new_balls': 1, 'unclaimed_balls': 0, 'new_available_balls': 0, 'device': <ball_device.bd_trough>}
2023-07-16 23:49:39,272 : INFO : EventManager : Event: ======'ball_drain'====== Args={'device': <ball_device.bd_trough>, 'balls': 0}
2023-07-16 23:49:39,272 : INFO : EventManager : Event: ======'balldevice_bd_trough_ball_entered'====== Args={'new_balls': 0, 'device': <ball_device.bd_trough>}
2023-07-16 23:49:39,272 : INFO : ball_device.bd_drain : Got eject confirm
2023-07-16 23:49:39,272 : INFO : ball_device.bd_drain : Eject successful
2023-07-16 23:49:39,272 : INFO : EventManager : Event: ======'balldevice_bd_drain_ball_eject_success'====== Args={'balls': 1, 'target': <ball_device.bd_trough>}
2023-07-16 23:49:39,272 : INFO : EventManager : Event: ======'balldevice_bd_drain_ball_count_changed'====== Args={'balls': 0}
2023-07-16 23:49:39,273 : INFO : ball_device.bd_drain : State: idle
2023-07-16 23:49:39,329 : INFO : SwitchController : <<<<<<< 's_flipper_right' inactive >>>>>>>
2023-07-16 23:49:39,642 : INFO : SwitchController : <<<<<<< 's_drain_detect' active >>>>>>>
2023-07-16 23:49:39,642 : INFO : EventManager : Event: ======'machine_var_audits_switches_s_drain_detect'====== Args={'value': 28, 'prev_value': 27, 'change': 1}
2023-07-16 23:49:39,671 : INFO : BallController : Found 1 ball(s) on playfield.
2023-07-16 23:49:39,671 : WARNING : BallController : Playfields still contain balls. Waiting for those to drain.
2023-07-16 23:49:40,153 : INFO : EventManager : Event: ======'balldevice_bd_drain_ball_count_changed'====== Args={'balls': 1}
2023-07-16 23:49:40,153 : INFO : ball_device.bd_drain : Received unexpected ball
2023-07-16 23:49:40,153 : INFO : EventManager : Event: ======'balldevice_captured_from_playfield'====== Args={'balls': 1}
2023-07-16 23:49:40,153 : INFO : EventManager : Event: ======'sw_playfield_active'====== Args={'balls': 1}
2023-07-16 23:49:40,153 : INFO : EventManager : Event: ======'playfield_active'====== Args={}
2023-07-16 23:49:40,153 : INFO : EventManager : Event: ======'playfield_ball_count_change'====== Args={'balls': -1, 'change': -1}
2023-07-16 23:49:40,153 : INFO : EventManager : Event: ======'balldevice_bd_drain_ball_enter'====== Args={'new_balls': 1, 'unclaimed_balls': 1, 'new_available_balls': 1, 'device': <ball_device.bd_drain>}
2023-07-16 23:49:40,154 : INFO : EventManager : Event: ======'ball_drain'====== Args={'device': <ball_device.bd_drain>, 'balls': 1}
2023-07-16 23:49:40,154 : INFO : ball_device.bd_plunger : Got eject confirm
2023-07-16 23:49:40,154 : INFO : ball_device.bd_plunger : Eject successful
2023-07-16 23:49:40,154 : INFO : EventManager : Event: ======'balldevice_bd_plunger_ball_eject_success'====== Args={'balls': 1, 'target': <playfield.playfield>}
2023-07-16 23:49:40,154 : INFO : EventManager : Event: ======'balldevice_balls_available'====== Args={}
2023-07-16 23:49:40,154 : INFO : EventManager : Event: ======'balldevice_balls_available'====== Args={}
2023-07-16 23:49:40,154 : INFO : EventManager : Event: ======'balldevice_bd_drain_ball_entered'====== Args={'new_balls': 1, 'device': <ball_device.bd_drain>}
2023-07-16 23:49:40,154 : INFO : EventManager : Event: ======'balldevice_playfield_ball_enter'====== Args={'new_balls': 1, 'unclaimed_balls': 1, 'device': <playfield.playfield>}
2023-07-16 23:49:40,154 : INFO : EventManager : Event: ======'playfield_ball_count_change'====== Args={'balls': 0, 'change': 1}
2023-07-16 23:49:40,154 : INFO : EventManager : Event: ======'balldevice_bd_plunger_ball_count_changed'====== Args={'balls': 0}
2023-07-16 23:49:40,155 : INFO : ball_device.bd_plunger : State: idle
2023-07-16 23:49:40,155 : INFO : ball_device.bd_drain : State: waiting_for_target_ready
2023-07-16 23:49:40,155 : INFO : EventManager : Event: ======'balldevice_bd_drain_ball_eject_attempt'====== Args={'balls': 1, 'target': <ball_device.bd_trough>, 'source': <ball_device.bd_drain>, 'mechanical_eject': False, 'num_attempts': 0}
2023-07-16 23:49:40,677 : INFO : EventManager : Event: ======'ball_starting'====== Args={'player': 1, 'ball': 2, 'balls_remaining': 1, 'is_extra_ball': False}
2023-07-16 23:49:40,677 : INFO : EventManager : Event: ======'balls_in_play'====== Args={'balls': 1}
2023-07-16 23:49:40,677 : INFO : EventManager : Event: ======'ball_started'====== Args={'player': 1, 'ball': 2, 'balls_remaining': 1, 'is_extra_ball': False}
2023-07-16 23:49:40,677 : INFO : EventManager : Event: ======'mode_base_will_start'====== Args={'player': 1, 'ball': 2, 'balls_remaining': 1, 'is_extra_ball': False}
2023-07-16 23:49:40,678 : INFO : EventManager : Event: ======'mode_base_starting'====== Args={'player': 1, 'ball': 2, 'balls_remaining': 1, 'is_extra_ball': False}
2023-07-16 23:49:40,678 : INFO : Mode.base : Started. Priority: 100
2023-07-16 23:49:40,678 : INFO : EventManager : Event: ======'modes_active_modes_changed'====== Args={}
2023-07-16 23:49:40,678 : INFO : EventManager : Event: ======'mode_base_started'====== Args={'player': 1, 'ball': 2, 'balls_remaining': 1, 'is_extra_ball': False}
2023-07-16 23:49:40,679 : INFO : EventManager : Event: ======'single_player_ball_started'====== Args={}
2023-07-16 23:49:40,692 : INFO : EventManager : Event: ======'ball_start_target'====== Args={'target': 'playfield'}
2023-07-16 23:49:40,692 : INFO : EventManager : Event: ======'slide__global.slide_player-mode_base_started_removed'====== Args={'_from_bcp': True}
2023-07-16 23:49:40,692 : INFO : EventManager : Event: ======'slide__global.slide_player-mode_base_started_created'====== Args={'_from_bcp': True}
2023-07-16 23:49:40,692 : INFO : EventManager : Event: ======'slide__global.slide_player-mode_base_started_active'====== Args={'_from_bcp': True}
2023-07-16 23:49:40,693 : INFO : ball_device.bd_plunger : Setting up player-controlled eject. Balls: 1, Target: <playfield.playfield>, player_controlled_eject_event: s_flipper_right_active
2023-07-16 23:49:40,693 : INFO : EventManager : Event: ======'balldevice_balls_available'====== Args={}
2023-07-16 23:49:40,693 : INFO : ball_device.bd_trough : State: waiting_for_target_ready
2023-07-16 23:49:40,693 : INFO : EventManager : Event: ======'balldevice_bd_trough_ball_eject_attempt'====== Args={'balls': 1, 'target': <ball_device.bd_plunger>, 'source': <ball_device.bd_trough>, 'mechanical_eject': True, 'num_attempts': 0}
2023-07-16 23:49:40,693 : INFO : ball_device.bd_plunger : State: waiting_for_ball
2023-07-16 23:49:40,693 : INFO : ball_device.bd_trough : State: ejecting
2023-07-16 23:49:40,693 : INFO : ball_device.bd_trough : Ejecting ball to <ball_device.bd_plunger>
2023-07-16 23:49:40,693 : INFO : EventManager : Event: ======'balldevice_bd_trough_ejecting_ball'====== Args={'balls': 1, 'target': <ball_device.bd_plunger>, 'source': <ball_device.bd_trough>, 'mechanical_eject': True, 'num_attempts': 0}
2023-07-16 23:49:40,694 : INFO : ball_device.bd_trough : Wait for ball to leave device
2023-07-16 23:49:40,694 : INFO : coil.c_trough_eject : Enabling Driver for 1000ms (1.0 pulse_power)
2023-07-16 23:49:40,694 : INFO : SwitchController : <<<<<<< 's_trough_1' inactive >>>>>>>
2023-07-16 23:49:40,708 : INFO : ball_device.bd_trough : State: ball_left
2023-07-16 23:49:40,708 : INFO : ball_device.bd_trough : Ball left
2023-07-16 23:49:40,708 : INFO : ball_device.bd_trough : Wait for confirm with timeout 3.0
2023-07-16 23:49:40,801 : INFO : SwitchController : <<<<<<< 's_plunger_detect' active >>>>>>>
2023-07-16 23:49:40,801 : INFO : EventManager : Event: ======'machine_var_audits_switches_s_plunger_detect'====== Args={'value': 26, 'prev_value': 25, 'change': 1}
2023-07-16 23:49:41,234 : INFO : SwitchController : <<<<<<< 's_drain_detect' inactive >>>>>>>
2023-07-16 23:49:41,308 : INFO : ball_device.bd_plunger : Received ball from <ball_device.bd_trough>
2023-07-16 23:49:41,308 : INFO : EventManager : Event: ======'balldevice_bd_plunger_ball_enter'====== Args={'new_balls': 1, 'unclaimed_balls': 0, 'new_available_balls': 0, 'device': <ball_device.bd_plunger>}
2023-07-16 23:49:41,308 : INFO : EventManager : Event: ======'balldevice_bd_plunger_ball_entered'====== Args={'new_balls': 0, 'device': <ball_device.bd_plunger>}
2023-07-16 23:49:41,308 : INFO : EventManager : Event: ======'balldevice_bd_plunger_ball_count_changed'====== Args={'balls': 1}
2023-07-16 23:49:41,308 : INFO : ball_device.bd_trough : Got eject confirm
2023-07-16 23:49:41,308 : INFO : ball_device.bd_trough : Eject successful
2023-07-16 23:49:41,308 : INFO : EventManager : Event: ======'balldevice_bd_trough_ball_eject_success'====== Args={'balls': 1, 'target': <ball_device.bd_plunger>}
2023-07-16 23:49:41,308 : INFO : ball_device.bd_plunger : State: waiting_for_target_ready
2023-07-16 23:49:41,309 : INFO : EventManager : Event: ======'balldevice_bd_plunger_ball_eject_attempt'====== Args={'balls': 1, 'target': <playfield.playfield>, 'source': <ball_device.bd_plunger>, 'mechanical_eject': True, 'num_attempts': 0}
2023-07-16 23:49:41,309 : INFO : EventManager : Event: ======'balldevice_bd_trough_ball_count_changed'====== Args={'balls': 3}
2023-07-16 23:49:41,309 : INFO : ball_device.bd_trough : State: idle
2023-07-16 23:49:41,309 : INFO : ball_device.bd_drain : State: ejecting
2023-07-16 23:49:41,309 : INFO : ball_device.bd_drain : Ejecting ball to <ball_device.bd_trough>
2023-07-16 23:49:41,309 : INFO : EventManager : Event: ======'balldevice_bd_drain_ejecting_ball'====== Args={'balls': 1, 'target': <ball_device.bd_trough>, 'source': <ball_device.bd_drain>, 'mechanical_eject': False, 'num_attempts': 0}
2023-07-16 23:49:41,309 : INFO : ball_device.bd_plunger : State: ejecting
2023-07-16 23:49:41,309 : INFO : ball_device.bd_plunger : Ejecting ball to <playfield.playfield>
2023-07-16 23:49:41,309 : INFO : EventManager : Event: ======'balldevice_bd_plunger_ejecting_ball'====== Args={'balls': 1, 'target': <playfield.playfield>, 'source': <ball_device.bd_plunger>, 'mechanical_eject': True, 'num_attempts': 0}
2023-07-16 23:49:41,309 : INFO : ball_device.bd_plunger : Wait for ball to leave device
2023-07-16 23:49:41,694 : INFO : coil.c_trough_eject : Disabling Driver
2023-07-16 23:49:41,757 : WARNING : ball_device.bd_drain : No switch is active. Cannot wait on empty list.
2023-07-16 23:49:41,757 : INFO : ball_device.bd_drain : Wait for ball to leave device
2023-07-16 23:49:41,757 : INFO : coil.c_drain_kicker : Pulsing Driver for 20ms (1.0 pulse_power)
2023-07-16 23:49:41,757 : INFO : ball_device.bd_drain : State: ball_left
2023-07-16 23:49:41,757 : INFO : ball_device.bd_drain : Ball left
2023-07-16 23:49:41,757 : INFO : ball_device.bd_drain : Wait for confirm with timeout 10.0
2023-07-16 23:49:41,865 : INFO : SwitchController : <<<<<<< 's_trough_1' active >>>>>>>
2023-07-16 23:49:41,865 : INFO : EventManager : Event: ======'machine_var_audits_switches_s_trough_1'====== Args={'value': 19, 'prev_value': 18, 'change': 1}
2023-07-16 23:49:42,362 : INFO : EventManager : Event: ======'balldevice_bd_trough_ball_count_changed'====== Args={'balls': 4}
2023-07-16 23:49:42,362 : INFO : ball_device.bd_trough : Received ball from <ball_device.bd_drain>
2023-07-16 23:49:42,362 : INFO : EventManager : Event: ======'balldevice_bd_trough_ball_enter'====== Args={'new_balls': 1, 'unclaimed_balls': 0, 'new_available_balls': 0, 'device': <ball_device.bd_trough>}
2023-07-16 23:49:42,362 : INFO : EventManager : Event: ======'ball_drain'====== Args={'device': <ball_device.bd_trough>, 'balls': 0}
2023-07-16 23:49:42,362 : INFO : EventManager : Event: ======'balldevice_bd_trough_ball_entered'====== Args={'new_balls': 0, 'device': <ball_device.bd_trough>}
2023-07-16 23:49:42,362 : INFO : ball_device.bd_drain : Got eject confirm
2023-07-16 23:49:42,362 : INFO : ball_device.bd_drain : Eject successful
2023-07-16 23:49:42,362 : INFO : EventManager : Event: ======'balldevice_bd_drain_ball_eject_success'====== Args={'balls': 1, 'target': <ball_device.bd_trough>}
2023-07-16 23:49:42,363 : INFO : EventManager : Event: ======'balldevice_bd_drain_ball_count_changed'====== Args={'balls': 0}
2023-07-16 23:49:42,363 : INFO : ball_device.bd_drain : State: idle
2023-07-16 23:49:42,807 : INFO : SwitchController : <<<<<<< 's_flipper_right' active >>>>>>>
2023-07-16 23:49:42,807 : INFO : EventManager : Event: ======'s_flipper_right_active'====== Args={}
2023-07-16 23:49:42,807 : INFO : EventManager : Event: ======'machine_var_audits_switches_s_flipper_right'====== Args={'value': 28, 'prev_value': 27, 'change': 1}
2023-07-16 23:49:42,874 : INFO : coil.c_plunger : Pulsing Driver for 20ms (1.0 pulse_power)
2023-07-16 23:49:42,874 : INFO : SwitchController : <<<<<<< 's_plunger_detect' inactive >>>>>>>
2023-07-16 23:49:42,876 : INFO : ball_device.bd_plunger : State: ball_left
2023-07-16 23:49:42,876 : INFO : ball_device.bd_plunger : Ball left
2023-07-16 23:49:42,876 : INFO : ball_device.bd_plunger : Wait for confirm with timeout 10.0
2023-07-16 23:49:42,945 : INFO : SwitchController : <<<<<<< 's_flipper_right' inactive >>>>>>>
2023-07-16 23:49:43,832 : INFO : SwitchController : <<<<<<< 's_drain_detect' active >>>>>>>
2023-07-16 23:49:43,832 : INFO : EventManager : Event: ======'machine_var_audits_switches_s_drain_detect'====== Args={'value': 29, 'prev_value': 28, 'change': 1}
2023-07-16 23:49:44,336 : INFO : EventManager : Event: ======'balldevice_bd_drain_ball_count_changed'====== Args={'balls': 1}
2023-07-16 23:49:44,336 : INFO : ball_device.bd_drain : Received unexpected ball
2023-07-16 23:49:44,336 : INFO : EventManager : Event: ======'balldevice_captured_from_playfield'====== Args={'balls': 1}
2023-07-16 23:49:44,336 : INFO : EventManager : Event: ======'sw_playfield_active'====== Args={'balls': 1}
2023-07-16 23:49:44,336 : INFO : EventManager : Event: ======'playfield_active'====== Args={}
2023-07-16 23:49:44,336 : INFO : EventManager : Event: ======'playfield_ball_count_change'====== Args={'balls': -1, 'change': -1}
2023-07-16 23:49:44,337 : INFO : EventManager : Event: ======'balldevice_bd_drain_ball_enter'====== Args={'new_balls': 1, 'unclaimed_balls': 1, 'new_available_balls': 1, 'device': <ball_device.bd_drain>}
2023-07-16 23:49:44,337 : INFO : EventManager : Event: ======'ball_drain'====== Args={'device': <ball_device.bd_drain>, 'balls': 1}
2023-07-16 23:49:44,337 : INFO : ball_device.bd_plunger : Got eject confirm
2023-07-16 23:49:44,337 : INFO : ball_device.bd_plunger : Eject successful
2023-07-16 23:49:44,337 : INFO : EventManager : Event: ======'balldevice_bd_plunger_ball_eject_success'====== Args={'balls': 1, 'target': <playfield.playfield>}
2023-07-16 23:49:44,337 : INFO : EventManager : Event: ======'balldevice_playfield_ball_enter'====== Args={'new_balls': 1, 'unclaimed_balls': 1, 'device': <playfield.playfield>}
2023-07-16 23:49:44,337 : INFO : EventManager : Event: ======'playfield_ball_count_change'====== Args={'balls': 0, 'change': 1}
2023-07-16 23:49:44,337 : INFO : EventManager : Event: ======'ball_will_end'====== Args={}
2023-07-16 23:49:44,337 : INFO : EventManager : Event: ======'balldevice_balls_available'====== Args={}
2023-07-16 23:49:44,337 : INFO : EventManager : Event: ======'balldevice_balls_available'====== Args={}
2023-07-16 23:49:44,337 : INFO : EventManager : Event: ======'balldevice_bd_drain_ball_entered'====== Args={'new_balls': 1, 'device': <ball_device.bd_drain>}
2023-07-16 23:49:44,338 : INFO : EventManager : Event: ======'balldevice_bd_plunger_ball_count_changed'====== Args={'balls': 0}
2023-07-16 23:49:44,338 : INFO : ball_device.bd_plunger : State: idle
2023-07-16 23:49:44,338 : INFO : EventManager : Event: ======'ball_ending'====== Args={}
2023-07-16 23:49:44,338 : INFO : EventManager : Event: ======'mode_base_will_stop'====== Args={}
2023-07-16 23:49:44,338 : INFO : EventManager : Event: ======'mode_base_stopping'====== Args={}
2023-07-16 23:49:44,338 : INFO : Mode.base : Stopped.
2023-07-16 23:49:44,338 : INFO : EventManager : Event: ======'modes_active_modes_changed'====== Args={}
2023-07-16 23:49:44,339 : INFO : EventManager : Event: ======'mode_base_stopped'====== Args={}
2023-07-16 23:49:44,339 : INFO : EventManager : Event: ======'clear'====== Args={'key': 'base'}
2023-07-16 23:49:44,351 : INFO : EventManager : Event: ======'ball_ended'====== Args={}
2023-07-16 23:49:44,351 : INFO : ball_device.bd_drain : State: waiting_for_target_ready
2023-07-16 23:49:44,351 : INFO : EventManager : Event: ======'balldevice_bd_drain_ball_eject_attempt'====== Args={'balls': 1, 'target': <ball_device.bd_trough>, 'source': <ball_device.bd_drain>, 'mechanical_eject': False, 'num_attempts': 0}
2023-07-16 23:49:44,352 : INFO : EventManager : Event: ======'player_turn_will_end'====== Args={'player': <Player 1>, 'number': 1}
2023-07-16 23:49:44,353 : INFO : EventManager : Event: ======'player_turn_ending'====== Args={'player': <Player 1>, 'number': 1}
2023-07-16 23:49:44,353 : INFO : EventManager : Event: ======'player_turn_ended'====== Args={'player': <Player 1>, 'number': 1}
2023-07-16 23:49:44,353 : INFO : EventManager : Event: ======'player_turn_will_start'====== Args={'player': <Player 1>, 'number': 1}
2023-07-16 23:49:44,353 : INFO : EventManager : Event: ======'player_turn_starting'====== Args={'player': <Player 1>, 'number': 1}
2023-07-16 23:49:44,354 : INFO : EventManager : Event: ======'player_ball'====== Args={'value': 3, 'prev_value': 2, 'change': 1, 'player_num': 1}
2023-07-16 23:49:44,354 : INFO : EventManager : Event: ======'player_turn_started'====== Args={'player': <Player 1>, 'number': 1}
2023-07-16 23:49:44,354 : INFO : EventManager : Event: ======'ball_will_start'====== Args={'player': 1, 'ball': 3, 'balls_remaining': 0, 'is_extra_ball': False}
2023-07-16 23:49:44,356 : INFO : EventManager : Event: ======'ball_starting'====== Args={'player': 1, 'ball': 3, 'balls_remaining': 0, 'is_extra_ball': False}
2023-07-16 23:49:44,356 : INFO : EventManager : Event: ======'balls_in_play'====== Args={'balls': 1}
2023-07-16 23:49:44,356 : INFO : EventManager : Event: ======'ball_started'====== Args={'player': 1, 'ball': 3, 'balls_remaining': 0, 'is_extra_ball': False}
2023-07-16 23:49:44,356 : INFO : EventManager : Event: ======'mode_base_will_start'====== Args={'player': 1, 'ball': 3, 'balls_remaining': 0, 'is_extra_ball': False}
2023-07-16 23:49:44,356 : INFO : EventManager : Event: ======'mode_base_starting'====== Args={'player': 1, 'ball': 3, 'balls_remaining': 0, 'is_extra_ball': False}
2023-07-16 23:49:44,357 : INFO : Mode.base : Started. Priority: 100
2023-07-16 23:49:44,357 : INFO : EventManager : Event: ======'modes_active_modes_changed'====== Args={}
2023-07-16 23:49:44,357 : INFO : EventManager : Event: ======'mode_base_started'====== Args={'player': 1, 'ball': 3, 'balls_remaining': 0, 'is_extra_ball': False}
2023-07-16 23:49:44,357 : INFO : EventManager : Event: ======'single_player_ball_started'====== Args={}
2023-07-16 23:49:44,371 : INFO : EventManager : Event: ======'ball_start_target'====== Args={'target': 'playfield'}
2023-07-16 23:49:44,371 : INFO : EventManager : Event: ======'slide__global.slide_player-mode_base_started_removed'====== Args={'_from_bcp': True}
2023-07-16 23:49:44,372 : INFO : EventManager : Event: ======'slide__global.slide_player-mode_base_started_created'====== Args={'_from_bcp': True}
2023-07-16 23:49:44,372 : INFO : EventManager : Event: ======'slide__global.slide_player-mode_base_started_active'====== Args={'_from_bcp': True}
2023-07-16 23:49:44,372 : INFO : ball_device.bd_plunger : Setting up player-controlled eject. Balls: 1, Target: <playfield.playfield>, player_controlled_eject_event: s_flipper_right_active
2023-07-16 23:49:44,372 : INFO : EventManager : Event: ======'balldevice_balls_available'====== Args={}
2023-07-16 23:49:44,372 : INFO : ball_device.bd_trough : State: waiting_for_target_ready
2023-07-16 23:49:44,372 : INFO : EventManager : Event: ======'balldevice_bd_trough_ball_eject_attempt'====== Args={'balls': 1, 'target': <ball_device.bd_plunger>, 'source': <ball_device.bd_trough>, 'mechanical_eject': True, 'num_attempts': 0}
2023-07-16 23:49:44,372 : INFO : ball_device.bd_plunger : State: waiting_for_ball
2023-07-16 23:49:44,373 : INFO : ball_device.bd_trough : State: ejecting
2023-07-16 23:49:44,373 : INFO : ball_device.bd_trough : Ejecting ball to <ball_device.bd_plunger>
2023-07-16 23:49:44,373 : INFO : EventManager : Event: ======'balldevice_bd_trough_ejecting_ball'====== Args={'balls': 1, 'target': <ball_device.bd_plunger>, 'source': <ball_device.bd_trough>, 'mechanical_eject': True, 'num_attempts': 0}
2023-07-16 23:49:44,373 : INFO : ball_device.bd_trough : Wait for ball to leave device
2023-07-16 23:49:44,373 : INFO : coil.c_trough_eject : Enabling Driver for 1000ms (1.0 pulse_power)
2023-07-16 23:49:44,374 : INFO : SwitchController : <<<<<<< 's_trough_1' inactive >>>>>>>
2023-07-16 23:49:44,398 : INFO : ball_device.bd_trough : State: ball_left
2023-07-16 23:49:44,398 : INFO : ball_device.bd_trough : Ball left
2023-07-16 23:49:44,398 : INFO : ball_device.bd_trough : Wait for confirm with timeout 3.0
2023-07-16 23:49:44,492 : INFO : SwitchController : <<<<<<< 's_plunger_detect' active >>>>>>>
2023-07-16 23:49:44,492 : INFO : EventManager : Event: ======'machine_var_audits_switches_s_plunger_detect'====== Args={'value': 27, 'prev_value': 26, 'change': 1}
2023-07-16 23:49:44,988 : INFO : ball_device.bd_plunger : Received ball from <ball_device.bd_trough>
2023-07-16 23:49:44,988 : INFO : EventManager : Event: ======'balldevice_bd_plunger_ball_enter'====== Args={'new_balls': 1, 'unclaimed_balls': 0, 'new_available_balls': 0, 'device': <ball_device.bd_plunger>}
2023-07-16 23:49:44,988 : INFO : EventManager : Event: ======'balldevice_bd_plunger_ball_entered'====== Args={'new_balls': 0, 'device': <ball_device.bd_plunger>}
2023-07-16 23:49:44,988 : INFO : EventManager : Event: ======'balldevice_bd_plunger_ball_count_changed'====== Args={'balls': 1}
2023-07-16 23:49:44,988 : INFO : ball_device.bd_trough : Got eject confirm
2023-07-16 23:49:44,988 : INFO : ball_device.bd_trough : Eject successful
2023-07-16 23:49:44,988 : INFO : EventManager : Event: ======'balldevice_bd_trough_ball_eject_success'====== Args={'balls': 1, 'target': <ball_device.bd_plunger>}
2023-07-16 23:49:44,989 : INFO : ball_device.bd_plunger : State: waiting_for_target_ready
2023-07-16 23:49:44,989 : INFO : EventManager : Event: ======'balldevice_bd_plunger_ball_eject_attempt'====== Args={'balls': 1, 'target': <playfield.playfield>, 'source': <ball_device.bd_plunger>, 'mechanical_eject': True, 'num_attempts': 0}
2023-07-16 23:49:44,989 : INFO : EventManager : Event: ======'balldevice_bd_trough_ball_count_changed'====== Args={'balls': 3}
2023-07-16 23:49:44,989 : INFO : ball_device.bd_trough : State: idle
2023-07-16 23:49:44,989 : INFO : ball_device.bd_drain : State: ejecting
2023-07-16 23:49:44,989 : INFO : ball_device.bd_drain : Ejecting ball to <ball_device.bd_trough>
2023-07-16 23:49:44,989 : INFO : EventManager : Event: ======'balldevice_bd_drain_ejecting_ball'====== Args={'balls': 1, 'target': <ball_device.bd_trough>, 'source': <ball_device.bd_drain>, 'mechanical_eject': False, 'num_attempts': 0}
2023-07-16 23:49:44,989 : INFO : ball_device.bd_plunger : State: ejecting
2023-07-16 23:49:44,989 : INFO : ball_device.bd_plunger : Ejecting ball to <playfield.playfield>
2023-07-16 23:49:44,989 : INFO : EventManager : Event: ======'balldevice_bd_plunger_ejecting_ball'====== Args={'balls': 1, 'target': <playfield.playfield>, 'source': <ball_device.bd_plunger>, 'mechanical_eject': True, 'num_attempts': 0}
2023-07-16 23:49:44,989 : INFO : ball_device.bd_plunger : Wait for ball to leave device
2023-07-16 23:49:44,990 : INFO : ball_device.bd_drain : Wait for ball to leave device
2023-07-16 23:49:44,990 : INFO : coil.c_drain_kicker : Pulsing Driver for 20ms (1.0 pulse_power)
2023-07-16 23:49:44,990 : INFO : SwitchController : <<<<<<< 's_drain_detect' inactive >>>>>>>
2023-07-16 23:49:44,992 : INFO : ball_device.bd_drain : State: ball_left
2023-07-16 23:49:44,993 : INFO : ball_device.bd_drain : Ball left
2023-07-16 23:49:44,993 : INFO : ball_device.bd_drain : Wait for confirm with timeout 10.0
2023-07-16 23:49:45,097 : INFO : SwitchController : <<<<<<< 's_trough_1' active >>>>>>>
2023-07-16 23:49:45,097 : INFO : EventManager : Event: ======'machine_var_audits_switches_s_trough_1'====== Args={'value': 20, 'prev_value': 19, 'change': 1}
2023-07-16 23:49:45,375 : INFO : coil.c_trough_eject : Disabling Driver
2023-07-16 23:49:45,450 : WARNING : SwitchController : Received duplicate switch state 0 for switch s_drain_detect from the platform interface. Log Code: Log-SwitchController-1 (https://docs.missionpinball.org/en/0.56/logs/Log-SwitchController-1.html)
2023-07-16 23:49:45,607 : INFO : EventManager : Event: ======'balldevice_bd_trough_ball_count_changed'====== Args={'balls': 4}
2023-07-16 23:49:45,607 : INFO : ball_device.bd_trough : Received ball from <ball_device.bd_drain>
2023-07-16 23:49:45,607 : INFO : EventManager : Event: ======'balldevice_bd_trough_ball_enter'====== Args={'new_balls': 1, 'unclaimed_balls': 0, 'new_available_balls': 0, 'device': <ball_device.bd_trough>}
2023-07-16 23:49:45,607 : INFO : EventManager : Event: ======'ball_drain'====== Args={'device': <ball_device.bd_trough>, 'balls': 0}
2023-07-16 23:49:45,607 : INFO : EventManager : Event: ======'balldevice_bd_trough_ball_entered'====== Args={'new_balls': 0, 'device': <ball_device.bd_trough>}
2023-07-16 23:49:45,607 : INFO : ball_device.bd_drain : Got eject confirm
2023-07-16 23:49:45,607 : INFO : ball_device.bd_drain : Eject successful
2023-07-16 23:49:45,607 : INFO : EventManager : Event: ======'balldevice_bd_drain_ball_eject_success'====== Args={'balls': 1, 'target': <ball_device.bd_trough>}
2023-07-16 23:49:45,607 : INFO : EventManager : Event: ======'balldevice_bd_drain_ball_count_changed'====== Args={'balls': 0}
2023-07-16 23:49:45,608 : INFO : ball_device.bd_drain : State: idle
2023-07-16 23:49:47,923 : INFO : SwitchController : <<<<<<< 's_flipper_right' active >>>>>>>
2023-07-16 23:49:47,923 : INFO : EventManager : Event: ======'s_flipper_right_active'====== Args={}
2023-07-16 23:49:47,923 : INFO : EventManager : Event: ======'machine_var_audits_switches_s_flipper_right'====== Args={'value': 29, 'prev_value': 28, 'change': 1}
2023-07-16 23:49:47,988 : INFO : coil.c_plunger : Pulsing Driver for 20ms (1.0 pulse_power)
2023-07-16 23:49:47,988 : INFO : SwitchController : <<<<<<< 's_plunger_detect' inactive >>>>>>>
2023-07-16 23:49:47,991 : INFO : ball_device.bd_plunger : State: ball_left
2023-07-16 23:49:47,991 : INFO : ball_device.bd_plunger : Ball left
2023-07-16 23:49:47,991 : INFO : ball_device.bd_plunger : Wait for confirm with timeout 10.0
2023-07-16 23:49:48,070 : INFO : SwitchController : <<<<<<< 's_flipper_right' inactive >>>>>>>
2023-07-16 23:49:48,843 : INFO : SwitchController : <<<<<<< 's_drain_detect' active >>>>>>>
2023-07-16 23:49:48,843 : INFO : EventManager : Event: ======'machine_var_audits_switches_s_drain_detect'====== Args={'value': 30, 'prev_value': 29, 'change': 1}
2023-07-16 23:49:49,353 : INFO : EventManager : Event: ======'balldevice_bd_drain_ball_count_changed'====== Args={'balls': 1}
2023-07-16 23:49:49,353 : INFO : ball_device.bd_drain : Received unexpected ball
2023-07-16 23:49:49,353 : INFO : EventManager : Event: ======'balldevice_captured_from_playfield'====== Args={'balls': 1}
2023-07-16 23:49:49,353 : INFO : EventManager : Event: ======'sw_playfield_active'====== Args={'balls': 1}
2023-07-16 23:49:49,353 : INFO : EventManager : Event: ======'playfield_active'====== Args={}
2023-07-16 23:49:49,353 : INFO : EventManager : Event: ======'playfield_ball_count_change'====== Args={'balls': -1, 'change': -1}
2023-07-16 23:49:49,353 : INFO : EventManager : Event: ======'balldevice_bd_drain_ball_enter'====== Args={'new_balls': 1, 'unclaimed_balls': 1, 'new_available_balls': 1, 'device': <ball_device.bd_drain>}
2023-07-16 23:49:49,354 : INFO : EventManager : Event: ======'ball_drain'====== Args={'device': <ball_device.bd_drain>, 'balls': 1}
2023-07-16 23:49:49,354 : INFO : ball_device.bd_plunger : Got eject confirm
2023-07-16 23:49:49,354 : INFO : ball_device.bd_plunger : Eject successful
2023-07-16 23:49:49,354 : INFO : EventManager : Event: ======'balldevice_bd_plunger_ball_eject_success'====== Args={'balls': 1, 'target': <playfield.playfield>}
2023-07-16 23:49:49,354 : INFO : EventManager : Event: ======'balldevice_playfield_ball_enter'====== Args={'new_balls': 1, 'unclaimed_balls': 1, 'device': <playfield.playfield>}
2023-07-16 23:49:49,354 : INFO : EventManager : Event: ======'playfield_ball_count_change'====== Args={'balls': 0, 'change': 1}
2023-07-16 23:49:49,354 : INFO : EventManager : Event: ======'ball_will_end'====== Args={}
2023-07-16 23:49:49,354 : INFO : EventManager : Event: ======'balldevice_balls_available'====== Args={}
2023-07-16 23:49:49,354 : INFO : EventManager : Event: ======'balldevice_balls_available'====== Args={}
2023-07-16 23:49:49,354 : INFO : EventManager : Event: ======'balldevice_bd_drain_ball_entered'====== Args={'new_balls': 1, 'device': <ball_device.bd_drain>}
2023-07-16 23:49:49,354 : INFO : EventManager : Event: ======'balldevice_bd_plunger_ball_count_changed'====== Args={'balls': 0}
2023-07-16 23:49:49,354 : INFO : ball_device.bd_plunger : State: idle
2023-07-16 23:49:49,355 : INFO : EventManager : Event: ======'ball_ending'====== Args={}
2023-07-16 23:49:49,355 : INFO : EventManager : Event: ======'mode_base_will_stop'====== Args={}
2023-07-16 23:49:49,355 : INFO : EventManager : Event: ======'mode_base_stopping'====== Args={}
2023-07-16 23:49:49,355 : INFO : Mode.base : Stopped.
2023-07-16 23:49:49,355 : INFO : EventManager : Event: ======'modes_active_modes_changed'====== Args={}
2023-07-16 23:49:49,355 : INFO : EventManager : Event: ======'mode_base_stopped'====== Args={}
2023-07-16 23:49:49,355 : INFO : EventManager : Event: ======'clear'====== Args={'key': 'base'}
2023-07-16 23:49:49,367 : INFO : EventManager : Event: ======'ball_ended'====== Args={}
2023-07-16 23:49:49,367 : INFO : ball_device.bd_drain : State: waiting_for_target_ready
2023-07-16 23:49:49,367 : INFO : EventManager : Event: ======'balldevice_bd_drain_ball_eject_attempt'====== Args={'balls': 1, 'target': <ball_device.bd_trough>, 'source': <ball_device.bd_drain>, 'mechanical_eject': False, 'num_attempts': 0}
2023-07-16 23:49:49,368 : INFO : EventManager : Event: ======'player_turn_will_end'====== Args={'player': <Player 1>, 'number': 1}
2023-07-16 23:49:49,369 : INFO : EventManager : Event: ======'player_turn_ending'====== Args={'player': <Player 1>, 'number': 1}
2023-07-16 23:49:49,369 : INFO : EventManager : Event: ======'player_turn_ended'====== Args={'player': <Player 1>, 'number': 1}
2023-07-16 23:49:49,369 : INFO : EventManager : Event: ======'game_will_end'====== Args={}
2023-07-16 23:49:49,369 : INFO : EventManager : Event: ======'game_ending'====== Args={}
2023-07-16 23:49:49,370 : INFO : EventManager : Event: ======'game_ended'====== Args={}
2023-07-16 23:49:49,370 : INFO : EventManager : Event: ======'mode_game_will_stop'====== Args={}
2023-07-16 23:49:49,370 : INFO : EventManager : Event: ======'mode_game_stopping'====== Args={}
2023-07-16 23:49:49,370 : INFO : EventManager : Event: ======'mode_attract_will_start'====== Args={}
2023-07-16 23:49:49,370 : INFO : EventManager : Event: ======'mode_attract_starting'====== Args={}
2023-07-16 23:49:49,370 : INFO : Mode.attract : Started. Priority: 10
2023-07-16 23:49:49,370 : INFO : EventManager : Event: ======'modes_active_modes_changed'====== Args={}
2023-07-16 23:49:49,370 : INFO : EventManager : Event: ======'mode_attract_started'====== Args={}
2023-07-16 23:49:49,371 : INFO : EventManager : Event: ======'collecting_balls_complete'====== Args={}
2023-07-16 23:49:49,371 : INFO : Mode.game : Stopped.
2023-07-16 23:49:49,371 : INFO : EventManager : Event: ======'modes_active_modes_changed'====== Args={}
2023-07-16 23:49:49,371 : INFO : EventManager : Event: ======'mode_game_stopped'====== Args={}
2023-07-16 23:49:49,371 : INFO : EventManager : Event: ======'clear'====== Args={'key': 'game'}
2023-07-16 23:49:50,020 : INFO : SwitchController : <<<<<<< 's_drain_detect' inactive >>>>>>>
2023-07-16 23:49:56,202 : INFO : Machine : Shutting down...
2023-07-16 23:49:56,202 : INFO : EventManager : Event: ======'shutdown'====== Args={}
2023-07-16 23:49:56,204 : INFO : root : MPF run loop ended.
