2023-07-16 23:49:33,205 : kivy : Factory: 189 symbols loaded
2023-07-16 23:49:33,328 : kivy : ImageLoaderFFPy: Using ffpyplayer 4.3.5
2023-07-16 23:49:33,329 : kivy : Image: Providers: img_tex, img_dds, img_sdl2, img_pil, img_ffpyplayer 
2023-07-16 23:49:33,364 : kivy : VideoGstplayer: Using Gstreamer 1.18.5.0
2023-07-16 23:49:33,364 : kivy : Video: Provider: gstplayer
2023-07-16 23:49:33,477 : kivy : Loading MPF-MC controller
2023-07-16 23:49:33,489 : YamlMultifileConfigLoader : Machine config file #1: config
2023-07-16 23:49:33,489 : ConfigProcessor : Config file in cache changed: D:\MPF\springbreak\config\config
2023-07-16 23:49:33,489 : ConfigProcessor : Loading config from file C:\Users\warzz\AppData\Local\Programs\Python\Python39\lib\site-packages\mpfmc\mcconfig.yaml.
2023-07-16 23:49:33,514 : ConfigProcessor : Loading config: C:\Users\warzz\AppData\Local\Programs\Python\Python39\lib\site-packages\mpfmc\mcconfig.yaml
2023-07-16 23:49:33,515 : ConfigProcessor : Loading config from file D:\MPF\springbreak\config\config.
2023-07-16 23:49:33,517 : ConfigProcessor : Loading config: D:\MPF\springbreak\config\config
2023-07-16 23:49:33,525 : ConfigProcessor : Loading config: D:\MPF\springbreak\config\coils.yaml
2023-07-16 23:49:33,529 : ConfigProcessor : Loading config: D:\MPF\springbreak\config\switches.yaml
2023-07-16 23:49:33,532 : ConfigProcessor : Loading config: D:\MPF\springbreak\config\devices.yaml
2023-07-16 23:49:33,537 : ConfigProcessor : Loading config: D:\MPF\springbreak\config\displays.yaml
2023-07-16 23:49:33,539 : ConfigProcessor : Loading config: D:\MPF\springbreak\config\keyboard.yaml
2023-07-16 23:49:33,540 : ConfigProcessor : Config file cache created: C:\Users\warzz\AppData\Local\Temp\3d05ce95a1a77007a3c947d41ed1ffc7.mpf_cache
2023-07-16 23:49:33,540 : ConfigProcessor : Loading config from cache: C:\Users\warzz\AppData\Local\Temp\b77c3901e90ec7d7cc601651512a0021.mpf_cache
2023-07-16 23:49:33,541 : ConfigProcessor : Loading config from cache: C:\Users\warzz\AppData\Local\Temp\a5b2fce8b210d64acc95275c2c9a2339.mpf_cache
2023-07-16 23:49:33,541 : ConfigProcessor : Loading config from cache: C:\Users\warzz\AppData\Local\Temp\f8d84beef5f99d10c74fd589715eb307.mpf_cache
2023-07-16 23:49:33,541 : mpfmc : Mission Pinball Framework Media Controller v0.56.1
2023-07-16 23:49:33,541 : mpfmc : Mission Pinball Framework Game Engine v0.56.0
2023-07-16 23:49:33,542 : mpfmc : Machine path: D:\MPF\springbreak
2023-07-16 23:49:33,542 : mpfmc : Starting clock at 60.0Hz
2023-07-16 23:49:33,554 : kivy : Text: Provider: sdl2
2023-07-16 23:49:33,595 : kivy : Window: Provider: sdl2
2023-07-16 23:49:33,806 : kivy : GL: Using the "OpenGL" graphics system
2023-07-16 23:49:33,815 : kivy : GL: GLEW initialization succeeded
2023-07-16 23:49:33,815 : kivy : GL: Backend used <glew>
2023-07-16 23:49:33,816 : kivy : GL: OpenGL version <b'4.6.0 Compatibility Profile Context 23.3.1.230305'>
2023-07-16 23:49:33,816 : kivy : GL: OpenGL vendor <b'ATI Technologies Inc.'>
2023-07-16 23:49:33,816 : kivy : GL: OpenGL renderer <b'AMD Radeon RX 6700'>
2023-07-16 23:49:33,816 : kivy : GL: OpenGL parsed version: 4, 6
2023-07-16 23:49:33,816 : kivy : GL: Shading version <b'4.60'>
2023-07-16 23:49:33,816 : kivy : GL: Texture max size <16384>
2023-07-16 23:49:33,816 : kivy : GL: Texture max units <32>
2023-07-16 23:49:33,838 : kivy : Window: auto add sdl2 input provider
2023-07-16 23:49:33,838 : kivy : Window: virtual keyboard not allowed, single mode, not docked
2023-07-16 23:49:33,846 : SoundSystem : SoundSystem: Using default 'sound_system' settings
2023-07-16 23:49:34,037 : AudioInterface : Initialized
2023-07-16 23:49:34,037 : AudioInterface : Loaded SDL 2.0.20
2023-07-16 23:49:34,037 : AudioInterface : Loaded SDL_Mixer 2.0.4
2023-07-16 23:49:34,037 : AudioInterface : Loaded GStreamer 1.18.5.0
2023-07-16 23:49:34,037 : AudioInterface : Loaded GLib 2.62.6
2023-07-16 23:49:34,037 : AudioInterface : Settings requested - rate: 44100, channels: 1, buffer: 2048 samples
2023-07-16 23:49:34,037 : AudioInterface : Settings in use - rate: 44100, channels: 1, buffer: 2048 samples (4096 bytes @ 2 bytes per sample)
2023-07-16 23:49:34,037 : SoundSystem : No audio tracks are specified in your machine config file. a track named 'default' has been created.
2023-07-16 23:49:34,037 : SoundSystem : Setting master volume to 0.0
2023-07-16 23:49:34,038 : SoundSystem : master_volume in sound_system is deprecated and will be removed in the future.
2023-07-16 23:49:34,038 : AudioInterface : Enabling audio playback
2023-07-16 23:49:34,039 : kivy : Base: Start application main loop
2023-07-16 23:49:34,040 : EventManager : Event: ======'display_window_initialized'====== Args={}
2023-07-16 23:49:34,052 : mpfmc : Display: Setting 'window' as default display
2023-07-16 23:49:34,056 : EventManager : Event: ======'displays_initialized'====== Args={}
2023-07-16 23:49:34,056 : EventManager : Event: ======'slide_window_blank_created'====== Args={}
2023-07-16 23:49:34,056 : EventManager : Event: ======'display_window_ready'====== Args={}
2023-07-16 23:49:34,065 : EventManager : Event: ======'init_phase_1'====== Args={}
2023-07-16 23:49:34,067 : EventManager : Event: ======'mc_ready'====== Args={}
2023-07-16 23:49:34,068 : EventManager : Event: ======'init_phase_2'====== Args={}
2023-07-16 23:49:34,069 : EventManager : Event: ======'init_phase_3'====== Args={}
2023-07-16 23:49:34,069 : EventManager : Event: ======'init_phase_4'====== Args={}
2023-07-16 23:49:34,069 : EventManager : Event: ======'init_phase_5'====== Args={}
2023-07-16 23:49:34,069 : EventManager : Event: ======'init_done'====== Args={}
2023-07-16 23:49:34,069 : MPF-MC BCP Server : Starting up on localhost port 5050
2023-07-16 23:49:34,072 : MPF-MC BCP Server : Waiting for a connection...
2023-07-16 23:49:34,072 : mpfmc : SlidePlayer: Play called with settings={'slides': {welcome_slide-None-None: {'priority': None, 'target': None, 'background_color': [0.0, 0.0, 0.0, 1.0], 'show': True, 'force': False, 'expire': None, 'slide': None, 'tokens': {}, 'action': 'play', 'transition': None, 'transition_out': None}}}
2023-07-16 23:49:34,075 : kivy : GL: NPOT texture support is available
2023-07-16 23:49:34,076 : EventManager : Event: ======'slide_welcome_slide_created'====== Args={}
2023-07-16 23:49:34,077 : EventManager : Event: ======'slide_welcome_slide_active'====== Args={}
2023-07-16 23:49:34,079 : EventManager : Event: ======'client_disconnected'====== Args={'host': '127.0.0.1', 'port': 5050}
2023-07-16 23:49:35,406 : MPF-MC BCP Server : Received connection from: 127.0.0.1:54032
2023-07-16 23:49:35,644 : EventManager : Event: ======'client_connected'====== Args={'host': '127.0.0.1', 'port': 54032}
2023-07-16 23:49:35,644 : EventManager : Event: ======'slides_play'====== Args={'settings': {'welcome_slide': {'target': None, 'background_color': [0.0, 0.0, 0.0, 1.0], 'priority': None, 'show': True, 'force': False, 'expire': None, 'slide': None, 'tokens': {}, 'action': 'play'}}, 'context': '_global', 'calling_context': 'init_done', 'priority': 0}
2023-07-16 23:49:35,645 : EventManager : Event: ======'mc_reset_phase_1'====== Args={}
2023-07-16 23:49:35,645 : mpfmc : SlidePlayer: Play called with settings={'welcome_slide': {'target': None, 'background_color': [0.0, 0.0, 0.0, 1.0], 'priority': None, 'show': True, 'force': False, 'expire': None, 'slide': None, 'tokens': {}, 'action': 'play'}}
2023-07-16 23:49:35,645 : EventManager : Event: ======'slide_welcome_slide_removed'====== Args={}
2023-07-16 23:49:35,646 : EventManager : Event: ======'slide_welcome_slide_created'====== Args={}
2023-07-16 23:49:35,647 : EventManager : Event: ======'mc_reset_phase_2'====== Args={}
2023-07-16 23:49:35,647 : EventManager : Event: ======'mc_reset_phase_3'====== Args={}
2023-07-16 23:49:35,647 : EventManager : Event: ======'mc_reset_complete'====== Args={}
2023-07-16 23:49:35,647 : EventManager : Event: ======'slide_welcome_slide_active'====== Args={}
2023-07-16 23:49:35,657 : EventManager : Event: ======'machine_var_credits_string'====== Args={'value': 'FREE PLAY', 'prev_value': None, 'change': True}
2023-07-16 23:49:35,657 : EventManager : Event: ======'machine_var_master_volume'====== Args={'value': 0.5, 'prev_value': None, 'change': True}
2023-07-16 23:49:35,657 : EventManager : Event: ======'machine_var_player1_score'====== Args={'value': 0, 'prev_value': None, 'change': True}
2023-07-16 23:49:35,657 : EventManager : Event: ======'machine_var_mpf_version'====== Args={'value': 'MPF v0.56.0', 'prev_value': None, 'change': True}
2023-07-16 23:49:35,657 : EventManager : Event: ======'machine_var_mpf_extended_version'====== Args={'value': 'MPF v0.56.0, Config version:5, Show version: 5, BCP version:1.1', 'prev_value': None, 'change': True}
2023-07-16 23:49:35,658 : EventManager : Event: ======'machine_var_python_version'====== Args={'value': '3.9.13', 'prev_value': None, 'change': True}
2023-07-16 23:49:35,658 : EventManager : Event: ======'machine_var_platform'====== Args={'value': 'Windows-10-10.0.19045-SP0', 'prev_value': None, 'change': True}
2023-07-16 23:49:35,658 : EventManager : Event: ======'machine_var_platform_system'====== Args={'value': 'Windows', 'prev_value': None, 'change': True}
2023-07-16 23:49:35,658 : EventManager : Event: ======'machine_var_platform_release'====== Args={'value': '10', 'prev_value': None, 'change': True}
2023-07-16 23:49:35,658 : EventManager : Event: ======'machine_var_platform_version'====== Args={'value': '10.0.19045', 'prev_value': None, 'change': True}
2023-07-16 23:49:35,658 : EventManager : Event: ======'machine_var_platform_machine'====== Args={'value': 'AMD64', 'prev_value': None, 'change': True}
2023-07-16 23:49:35,658 : EventManager : Event: ======'machine_var_audits_events_game_ended'====== Args={'value': 6, 'prev_value': None, 'change': True}
2023-07-16 23:49:35,658 : EventManager : Event: ======'machine_var_audits_events_game_started'====== Args={'value': 11, 'prev_value': None, 'change': True}
2023-07-16 23:49:35,658 : EventManager : Event: ======'machine_var_audits_player_score'====== Args={'value': {'average': 0.0, 'top': [0, 0, 0, 0, 0, 0], 'total': 6}, 'prev_value': None, 'change': True}
2023-07-16 23:49:35,658 : EventManager : Event: ======'machine_var_audits_switches_s_drain_detect'====== Args={'value': 26, 'prev_value': None, 'change': True}
2023-07-16 23:49:35,658 : EventManager : Event: ======'machine_var_audits_switches_s_flipper_left'====== Args={'value': 3, 'prev_value': None, 'change': True}
2023-07-16 23:49:35,658 : EventManager : Event: ======'machine_var_audits_switches_s_flipper_right'====== Args={'value': 25, 'prev_value': None, 'change': True}
2023-07-16 23:49:35,658 : EventManager : Event: ======'machine_var_audits_switches_s_plunger_detect'====== Args={'value': 24, 'prev_value': None, 'change': True}
2023-07-16 23:49:35,658 : EventManager : Event: ======'machine_var_audits_switches_s_plunger_exit'====== Args={'value': 12, 'prev_value': None, 'change': True}
2023-07-16 23:49:35,659 : EventManager : Event: ======'machine_var_audits_switches_s_popbumper_1'====== Args={'value': 0, 'prev_value': None, 'change': True}
2023-07-16 23:49:35,659 : EventManager : Event: ======'machine_var_audits_switches_s_popbumper_2'====== Args={'value': 0, 'prev_value': None, 'change': True}
2023-07-16 23:49:35,659 : EventManager : Event: ======'machine_var_audits_switches_s_popbumper_3'====== Args={'value': 0, 'prev_value': None, 'change': True}
2023-07-16 23:49:35,659 : EventManager : Event: ======'machine_var_audits_switches_s_slingshot'====== Args={'value': 0, 'prev_value': None, 'change': True}
2023-07-16 23:49:35,659 : EventManager : Event: ======'machine_var_audits_switches_s_start_button'====== Args={'value': 0, 'prev_value': None, 'change': True}
2023-07-16 23:49:35,659 : EventManager : Event: ======'machine_var_audits_switches_s_trough_1'====== Args={'value': 17, 'prev_value': None, 'change': True}
2023-07-16 23:49:35,659 : EventManager : Event: ======'machine_var_audits_switches_s_trough_2'====== Args={'value': 0, 'prev_value': None, 'change': True}
2023-07-16 23:49:35,659 : EventManager : Event: ======'machine_var_mc_version'====== Args={'value': 'MPF-MC v0.56.1', 'prev_value': None, 'change': True}
2023-07-16 23:49:35,659 : EventManager : Event: ======'machine_var_mc_extended_version'====== Args={'value': 'MPF-MC v0.56.1 (config_version=5, BCP v1.1,                      Requires MPF API compatibility v0.56.0 or newer)', 'prev_value': None, 'change': True}
2023-07-16 23:49:35,659 : SoundSystem : Setting master volume to 0.5
2023-07-16 23:49:36,701 : EventManager : Event: ======'game_started'====== Args={}
2023-07-16 23:49:36,701 : EventManager : Event: ======'player_added'====== Args={'player': <Player 1>, 'num': 1}
2023-07-16 23:49:36,701 : EventManager : Event: ======'player_index'====== Args={'value': 0, 'prev_value': 0, 'change': 0, 'player_num': 1}
2023-07-16 23:49:36,701 : EventManager : Event: ======'player_number'====== Args={'value': 1, 'prev_value': 1, 'change': 0, 'player_num': 1}
2023-07-16 23:49:36,701 : EventManager : Event: ======'player_score'====== Args={'value': 0, 'prev_value': 0, 'change': 0, 'player_num': 1}
2023-07-16 23:49:36,701 : EventManager : Event: ======'player_ball'====== Args={'value': 1, 'prev_value': 0, 'change': 1, 'player_num': 1}
2023-07-16 23:49:36,701 : EventManager : Event: ======'player_turn_start'====== Args={'number': 1, 'player': <Player 1>}
2023-07-16 23:49:36,713 : EventManager : Event: ======'slides_play'====== Args={'settings': {'widgets': {'widgets': [{'type': 'text', 'text': '(score)', 'number_grouping': True, 'min_digits': 2, 'font_size': 100, '_default_settings': ['type', 'text', 'number_grouping', 'min_digits', 'font_size'], 'x': None, 'y': None, 'anchor_x': 'center', 'anchor_y': 'center', 'round_anchor_x': None, 'round_anchor_y': None, 'opacity': 1.0, 'z': 0, 'reset_animations_events': {}, 'color': [1.0, 1.0, 1.0, 1.0], 'style': [], 'adjust_top': 0, 'adjust_bottom': 0, 'adjust_left': 0, 'adjust_right': 0, 'expire': None, 'key': None, 'widget': None, 'events_when_added': [], 'events_when_removed': [], 'bitmap_font': False, 'font_kerning': True, 'bold': False, 'italic': False, 'halign': 'center', 'valign': 'middle', 'rotation': 0, 'scale': 1.0, 'casing': None, 'animations': None}, {'type': 'text', 'text': 'PLAYER (number)', 'y': '10', 'x': '10', 'font_size': 50, 'anchor_x': 'left', 'anchor_y': 'bottom', '_default_settings': ['type', 'text', 'y', 'x', 'font_size', 'anchor_x', 'anchor_y'], 'round_anchor_x': None, 'round_anchor_y': None, 'opacity': 1.0, 'z': 0, 'reset_animations_events': {}, 'color': [1.0, 1.0, 1.0, 1.0], 'style': [], 'adjust_top': 0, 'adjust_bottom': 0, 'adjust_left': 0, 'adjust_right': 0, 'expire': None, 'key': None, 'widget': None, 'events_when_added': [], 'events_when_removed': [], 'bitmap_font': False, 'font_kerning': True, 'bold': False, 'italic': False, 'number_grouping': False, 'min_digits': 0, 'halign': 'center', 'valign': 'middle', 'rotation': 0, 'scale': 1.0, 'casing': None, 'animations': None}, {'type': 'text', 'text': 'BALL (ball)', 'y': '10', 'x': 'right-10', 'anchor_x': 'right', 'anchor_y': 'bottom', 'font_size': 50, '_default_settings': ['type', 'text', 'y', 'x', 'anchor_x', 'anchor_y', 'font_size'], 'round_anchor_x': None, 'round_anchor_y': None, 'opacity': 1.0, 'z': 0, 'reset_animations_events': {}, 'color': [1.0, 1.0, 1.0, 1.0], 'style': [], 'adjust_top': 0, 'adjust_bottom': 0, 'adjust_left': 0, 'adjust_right': 0, 'expire': None, 'key': None, 'widget': None, 'events_when_added': [], 'events_when_removed': [], 'bitmap_font': False, 'font_kerning': True, 'bold': False, 'italic': False, 'number_grouping': False, 'min_digits': 0, 'halign': 'center', 'valign': 'middle', 'rotation': 0, 'scale': 1.0, 'casing': None, 'animations': None}], 'target': None, 'background_color': [0.0, 0.0, 0.0, 1.0], 'priority': None, 'show': True, 'force': False, 'expire': None, 'slide': None, 'tokens': {}, 'action': 'play'}}, 'context': '_global', 'calling_context': 'mode_base_started', 'priority': 0, 'player': 1, 'ball': 1, 'balls_remaining': 2, 'is_extra_ball': False}
2023-07-16 23:49:36,713 : mpfmc : SlidePlayer: Play called with settings={'widgets': {'widgets': [{'type': 'text', 'text': '(score)', 'number_grouping': True, 'min_digits': 2, 'font_size': 100, '_default_settings': ['type', 'text', 'number_grouping', 'min_digits', 'font_size'], 'x': None, 'y': None, 'anchor_x': 'center', 'anchor_y': 'center', 'round_anchor_x': None, 'round_anchor_y': None, 'opacity': 1.0, 'z': 0, 'reset_animations_events': {}, 'color': [1.0, 1.0, 1.0, 1.0], 'style': [], 'adjust_top': 0, 'adjust_bottom': 0, 'adjust_left': 0, 'adjust_right': 0, 'expire': None, 'key': None, 'widget': None, 'events_when_added': [], 'events_when_removed': [], 'bitmap_font': False, 'font_kerning': True, 'bold': False, 'italic': False, 'halign': 'center', 'valign': 'middle', 'rotation': 0, 'scale': 1.0, 'casing': None, 'animations': None}, {'type': 'text', 'text': 'PLAYER (number)', 'y': '10', 'x': '10', 'font_size': 50, 'anchor_x': 'left', 'anchor_y': 'bottom', '_default_settings': ['type', 'text', 'y', 'x', 'font_size', 'anchor_x', 'anchor_y'], 'round_anchor_x': None, 'round_anchor_y': None, 'opacity': 1.0, 'z': 0, 'reset_animations_events': {}, 'color': [1.0, 1.0, 1.0, 1.0], 'style': [], 'adjust_top': 0, 'adjust_bottom': 0, 'adjust_left': 0, 'adjust_right': 0, 'expire': None, 'key': None, 'widget': None, 'events_when_added': [], 'events_when_removed': [], 'bitmap_font': False, 'font_kerning': True, 'bold': False, 'italic': False, 'number_grouping': False, 'min_digits': 0, 'halign': 'center', 'valign': 'middle', 'rotation': 0, 'scale': 1.0, 'casing': None, 'animations': None}, {'type': 'text', 'text': 'BALL (ball)', 'y': '10', 'x': 'right-10', 'anchor_x': 'right', 'anchor_y': 'bottom', 'font_size': 50, '_default_settings': ['type', 'text', 'y', 'x', 'anchor_x', 'anchor_y', 'font_size'], 'round_anchor_x': None, 'round_anchor_y': None, 'opacity': 1.0, 'z': 0, 'reset_animations_events': {}, 'color': [1.0, 1.0, 1.0, 1.0], 'style': [], 'adjust_top': 0, 'adjust_bottom': 0, 'adjust_left': 0, 'adjust_right': 0, 'expire': None, 'key': None, 'widget': None, 'events_when_added': [], 'events_when_removed': [], 'bitmap_font': False, 'font_kerning': True, 'bold': False, 'italic': False, 'number_grouping': False, 'min_digits': 0, 'halign': 'center', 'valign': 'middle', 'rotation': 0, 'scale': 1.0, 'casing': None, 'animations': None}], 'target': None, 'background_color': [0.0, 0.0, 0.0, 1.0], 'priority': None, 'show': True, 'force': False, 'expire': None, 'slide': None, 'tokens': {}, 'action': 'play'}}
2023-07-16 23:49:36,719 : EventManager : Event: ======'slide__global.slide_player-mode_base_started_created'====== Args={}
2023-07-16 23:49:36,720 : EventManager : Event: ======'slide__global.slide_player-mode_base_started_active'====== Args={}
2023-07-16 23:49:36,848 : EventManager : Event: ======'machine_var_audits_switches_s_plunger_detect'====== Args={'value': 25, 'prev_value': 24, 'change': 1}
2023-07-16 23:49:37,330 : EventManager : Event: ======'machine_var_audits_switches_s_flipper_right'====== Args={'value': 26, 'prev_value': 25, 'change': 1}
2023-07-16 23:49:38,125 : EventManager : Event: ======'machine_var_audits_switches_s_drain_detect'====== Args={'value': 27, 'prev_value': 26, 'change': 1}
2023-07-16 23:49:38,665 : EventManager : Event: ======'player_ball'====== Args={'value': 2, 'prev_value': 1, 'change': 1, 'player_num': 1}
2023-07-16 23:49:38,765 : EventManager : Event: ======'machine_var_audits_switches_s_trough_1'====== Args={'value': 18, 'prev_value': 17, 'change': 1}
2023-07-16 23:49:39,217 : EventManager : Event: ======'machine_var_audits_switches_s_flipper_right'====== Args={'value': 27, 'prev_value': 26, 'change': 1}
2023-07-16 23:49:39,654 : EventManager : Event: ======'machine_var_audits_switches_s_drain_detect'====== Args={'value': 28, 'prev_value': 27, 'change': 1}
2023-07-16 23:49:40,680 : EventManager : Event: ======'slides_play'====== Args={'settings': {'widgets': {'widgets': [{'type': 'text', 'text': '(score)', 'number_grouping': True, 'min_digits': 2, 'font_size': 100, '_default_settings': ['type', 'text', 'number_grouping', 'min_digits', 'font_size'], 'x': None, 'y': None, 'anchor_x': 'center', 'anchor_y': 'center', 'round_anchor_x': None, 'round_anchor_y': None, 'opacity': 1.0, 'z': 0, 'reset_animations_events': {}, 'color': [1.0, 1.0, 1.0, 1.0], 'style': [], 'adjust_top': 0, 'adjust_bottom': 0, 'adjust_left': 0, 'adjust_right': 0, 'expire': None, 'key': None, 'widget': None, 'events_when_added': [], 'events_when_removed': [], 'bitmap_font': False, 'font_kerning': True, 'bold': False, 'italic': False, 'halign': 'center', 'valign': 'middle', 'rotation': 0, 'scale': 1.0, 'casing': None, 'animations': None}, {'type': 'text', 'text': 'PLAYER (number)', 'y': '10', 'x': '10', 'font_size': 50, 'anchor_x': 'left', 'anchor_y': 'bottom', '_default_settings': ['type', 'text', 'y', 'x', 'font_size', 'anchor_x', 'anchor_y'], 'round_anchor_x': None, 'round_anchor_y': None, 'opacity': 1.0, 'z': 0, 'reset_animations_events': {}, 'color': [1.0, 1.0, 1.0, 1.0], 'style': [], 'adjust_top': 0, 'adjust_bottom': 0, 'adjust_left': 0, 'adjust_right': 0, 'expire': None, 'key': None, 'widget': None, 'events_when_added': [], 'events_when_removed': [], 'bitmap_font': False, 'font_kerning': True, 'bold': False, 'italic': False, 'number_grouping': False, 'min_digits': 0, 'halign': 'center', 'valign': 'middle', 'rotation': 0, 'scale': 1.0, 'casing': None, 'animations': None}, {'type': 'text', 'text': 'BALL (ball)', 'y': '10', 'x': 'right-10', 'anchor_x': 'right', 'anchor_y': 'bottom', 'font_size': 50, '_default_settings': ['type', 'text', 'y', 'x', 'anchor_x', 'anchor_y', 'font_size'], 'round_anchor_x': None, 'round_anchor_y': None, 'opacity': 1.0, 'z': 0, 'reset_animations_events': {}, 'color': [1.0, 1.0, 1.0, 1.0], 'style': [], 'adjust_top': 0, 'adjust_bottom': 0, 'adjust_left': 0, 'adjust_right': 0, 'expire': None, 'key': None, 'widget': None, 'events_when_added': [], 'events_when_removed': [], 'bitmap_font': False, 'font_kerning': True, 'bold': False, 'italic': False, 'number_grouping': False, 'min_digits': 0, 'halign': 'center', 'valign': 'middle', 'rotation': 0, 'scale': 1.0, 'casing': None, 'animations': None}], 'target': None, 'background_color': [0.0, 0.0, 0.0, 1.0], 'priority': None, 'show': True, 'force': False, 'expire': None, 'slide': None, 'tokens': {}, 'action': 'play'}}, 'context': '_global', 'calling_context': 'mode_base_started', 'priority': 0, 'player': 1, 'ball': 2, 'balls_remaining': 1, 'is_extra_ball': False}
2023-07-16 23:49:40,680 : mpfmc : SlidePlayer: Play called with settings={'widgets': {'widgets': [{'type': 'text', 'text': '(score)', 'number_grouping': True, 'min_digits': 2, 'font_size': 100, '_default_settings': ['type', 'text', 'number_grouping', 'min_digits', 'font_size'], 'x': None, 'y': None, 'anchor_x': 'center', 'anchor_y': 'center', 'round_anchor_x': None, 'round_anchor_y': None, 'opacity': 1.0, 'z': 0, 'reset_animations_events': {}, 'color': [1.0, 1.0, 1.0, 1.0], 'style': [], 'adjust_top': 0, 'adjust_bottom': 0, 'adjust_left': 0, 'adjust_right': 0, 'expire': None, 'key': None, 'widget': None, 'events_when_added': [], 'events_when_removed': [], 'bitmap_font': False, 'font_kerning': True, 'bold': False, 'italic': False, 'halign': 'center', 'valign': 'middle', 'rotation': 0, 'scale': 1.0, 'casing': None, 'animations': None}, {'type': 'text', 'text': 'PLAYER (number)', 'y': '10', 'x': '10', 'font_size': 50, 'anchor_x': 'left', 'anchor_y': 'bottom', '_default_settings': ['type', 'text', 'y', 'x', 'font_size', 'anchor_x', 'anchor_y'], 'round_anchor_x': None, 'round_anchor_y': None, 'opacity': 1.0, 'z': 0, 'reset_animations_events': {}, 'color': [1.0, 1.0, 1.0, 1.0], 'style': [], 'adjust_top': 0, 'adjust_bottom': 0, 'adjust_left': 0, 'adjust_right': 0, 'expire': None, 'key': None, 'widget': None, 'events_when_added': [], 'events_when_removed': [], 'bitmap_font': False, 'font_kerning': True, 'bold': False, 'italic': False, 'number_grouping': False, 'min_digits': 0, 'halign': 'center', 'valign': 'middle', 'rotation': 0, 'scale': 1.0, 'casing': None, 'animations': None}, {'type': 'text', 'text': 'BALL (ball)', 'y': '10', 'x': 'right-10', 'anchor_x': 'right', 'anchor_y': 'bottom', 'font_size': 50, '_default_settings': ['type', 'text', 'y', 'x', 'anchor_x', 'anchor_y', 'font_size'], 'round_anchor_x': None, 'round_anchor_y': None, 'opacity': 1.0, 'z': 0, 'reset_animations_events': {}, 'color': [1.0, 1.0, 1.0, 1.0], 'style': [], 'adjust_top': 0, 'adjust_bottom': 0, 'adjust_left': 0, 'adjust_right': 0, 'expire': None, 'key': None, 'widget': None, 'events_when_added': [], 'events_when_removed': [], 'bitmap_font': False, 'font_kerning': True, 'bold': False, 'italic': False, 'number_grouping': False, 'min_digits': 0, 'halign': 'center', 'valign': 'middle', 'rotation': 0, 'scale': 1.0, 'casing': None, 'animations': None}], 'target': None, 'background_color': [0.0, 0.0, 0.0, 1.0], 'priority': None, 'show': True, 'force': False, 'expire': None, 'slide': None, 'tokens': {}, 'action': 'play'}}
2023-07-16 23:49:40,680 : EventManager : Event: ======'slide__global.slide_player-mode_base_started_removed'====== Args={}
2023-07-16 23:49:40,684 : EventManager : Event: ======'slide__global.slide_player-mode_base_started_created'====== Args={}
2023-07-16 23:49:40,685 : EventManager : Event: ======'slide__global.slide_player-mode_base_started_active'====== Args={}
2023-07-16 23:49:40,811 : EventManager : Event: ======'machine_var_audits_switches_s_plunger_detect'====== Args={'value': 26, 'prev_value': 25, 'change': 1}
2023-07-16 23:49:41,873 : EventManager : Event: ======'machine_var_audits_switches_s_trough_1'====== Args={'value': 19, 'prev_value': 18, 'change': 1}
2023-07-16 23:49:42,819 : EventManager : Event: ======'machine_var_audits_switches_s_flipper_right'====== Args={'value': 28, 'prev_value': 27, 'change': 1}
2023-07-16 23:49:43,844 : EventManager : Event: ======'machine_var_audits_switches_s_drain_detect'====== Args={'value': 29, 'prev_value': 28, 'change': 1}
2023-07-16 23:49:44,361 : EventManager : Event: ======'player_ball'====== Args={'value': 3, 'prev_value': 2, 'change': 1, 'player_num': 1}
2023-07-16 23:49:44,361 : EventManager : Event: ======'slides_play'====== Args={'settings': {'widgets': {'widgets': [{'type': 'text', 'text': '(score)', 'number_grouping': True, 'min_digits': 2, 'font_size': 100, '_default_settings': ['type', 'text', 'number_grouping', 'min_digits', 'font_size'], 'x': None, 'y': None, 'anchor_x': 'center', 'anchor_y': 'center', 'round_anchor_x': None, 'round_anchor_y': None, 'opacity': 1.0, 'z': 0, 'reset_animations_events': {}, 'color': [1.0, 1.0, 1.0, 1.0], 'style': [], 'adjust_top': 0, 'adjust_bottom': 0, 'adjust_left': 0, 'adjust_right': 0, 'expire': None, 'key': None, 'widget': None, 'events_when_added': [], 'events_when_removed': [], 'bitmap_font': False, 'font_kerning': True, 'bold': False, 'italic': False, 'halign': 'center', 'valign': 'middle', 'rotation': 0, 'scale': 1.0, 'casing': None, 'animations': None}, {'type': 'text', 'text': 'PLAYER (number)', 'y': '10', 'x': '10', 'font_size': 50, 'anchor_x': 'left', 'anchor_y': 'bottom', '_default_settings': ['type', 'text', 'y', 'x', 'font_size', 'anchor_x', 'anchor_y'], 'round_anchor_x': None, 'round_anchor_y': None, 'opacity': 1.0, 'z': 0, 'reset_animations_events': {}, 'color': [1.0, 1.0, 1.0, 1.0], 'style': [], 'adjust_top': 0, 'adjust_bottom': 0, 'adjust_left': 0, 'adjust_right': 0, 'expire': None, 'key': None, 'widget': None, 'events_when_added': [], 'events_when_removed': [], 'bitmap_font': False, 'font_kerning': True, 'bold': False, 'italic': False, 'number_grouping': False, 'min_digits': 0, 'halign': 'center', 'valign': 'middle', 'rotation': 0, 'scale': 1.0, 'casing': None, 'animations': None}, {'type': 'text', 'text': 'BALL (ball)', 'y': '10', 'x': 'right-10', 'anchor_x': 'right', 'anchor_y': 'bottom', 'font_size': 50, '_default_settings': ['type', 'text', 'y', 'x', 'anchor_x', 'anchor_y', 'font_size'], 'round_anchor_x': None, 'round_anchor_y': None, 'opacity': 1.0, 'z': 0, 'reset_animations_events': {}, 'color': [1.0, 1.0, 1.0, 1.0], 'style': [], 'adjust_top': 0, 'adjust_bottom': 0, 'adjust_left': 0, 'adjust_right': 0, 'expire': None, 'key': None, 'widget': None, 'events_when_added': [], 'events_when_removed': [], 'bitmap_font': False, 'font_kerning': True, 'bold': False, 'italic': False, 'number_grouping': False, 'min_digits': 0, 'halign': 'center', 'valign': 'middle', 'rotation': 0, 'scale': 1.0, 'casing': None, 'animations': None}], 'target': None, 'background_color': [0.0, 0.0, 0.0, 1.0], 'priority': None, 'show': True, 'force': False, 'expire': None, 'slide': None, 'tokens': {}, 'action': 'play'}}, 'context': '_global', 'calling_context': 'mode_base_started', 'priority': 0, 'player': 1, 'ball': 3, 'balls_remaining': 0, 'is_extra_ball': False}
2023-07-16 23:49:44,362 : mpfmc : SlidePlayer: Play called with settings={'widgets': {'widgets': [{'type': 'text', 'text': '(score)', 'number_grouping': True, 'min_digits': 2, 'font_size': 100, '_default_settings': ['type', 'text', 'number_grouping', 'min_digits', 'font_size'], 'x': None, 'y': None, 'anchor_x': 'center', 'anchor_y': 'center', 'round_anchor_x': None, 'round_anchor_y': None, 'opacity': 1.0, 'z': 0, 'reset_animations_events': {}, 'color': [1.0, 1.0, 1.0, 1.0], 'style': [], 'adjust_top': 0, 'adjust_bottom': 0, 'adjust_left': 0, 'adjust_right': 0, 'expire': None, 'key': None, 'widget': None, 'events_when_added': [], 'events_when_removed': [], 'bitmap_font': False, 'font_kerning': True, 'bold': False, 'italic': False, 'halign': 'center', 'valign': 'middle', 'rotation': 0, 'scale': 1.0, 'casing': None, 'animations': None}, {'type': 'text', 'text': 'PLAYER (number)', 'y': '10', 'x': '10', 'font_size': 50, 'anchor_x': 'left', 'anchor_y': 'bottom', '_default_settings': ['type', 'text', 'y', 'x', 'font_size', 'anchor_x', 'anchor_y'], 'round_anchor_x': None, 'round_anchor_y': None, 'opacity': 1.0, 'z': 0, 'reset_animations_events': {}, 'color': [1.0, 1.0, 1.0, 1.0], 'style': [], 'adjust_top': 0, 'adjust_bottom': 0, 'adjust_left': 0, 'adjust_right': 0, 'expire': None, 'key': None, 'widget': None, 'events_when_added': [], 'events_when_removed': [], 'bitmap_font': False, 'font_kerning': True, 'bold': False, 'italic': False, 'number_grouping': False, 'min_digits': 0, 'halign': 'center', 'valign': 'middle', 'rotation': 0, 'scale': 1.0, 'casing': None, 'animations': None}, {'type': 'text', 'text': 'BALL (ball)', 'y': '10', 'x': 'right-10', 'anchor_x': 'right', 'anchor_y': 'bottom', 'font_size': 50, '_default_settings': ['type', 'text', 'y', 'x', 'anchor_x', 'anchor_y', 'font_size'], 'round_anchor_x': None, 'round_anchor_y': None, 'opacity': 1.0, 'z': 0, 'reset_animations_events': {}, 'color': [1.0, 1.0, 1.0, 1.0], 'style': [], 'adjust_top': 0, 'adjust_bottom': 0, 'adjust_left': 0, 'adjust_right': 0, 'expire': None, 'key': None, 'widget': None, 'events_when_added': [], 'events_when_removed': [], 'bitmap_font': False, 'font_kerning': True, 'bold': False, 'italic': False, 'number_grouping': False, 'min_digits': 0, 'halign': 'center', 'valign': 'middle', 'rotation': 0, 'scale': 1.0, 'casing': None, 'animations': None}], 'target': None, 'background_color': [0.0, 0.0, 0.0, 1.0], 'priority': None, 'show': True, 'force': False, 'expire': None, 'slide': None, 'tokens': {}, 'action': 'play'}}
2023-07-16 23:49:44,362 : EventManager : Event: ======'slide__global.slide_player-mode_base_started_removed'====== Args={}
2023-07-16 23:49:44,366 : EventManager : Event: ======'slide__global.slide_player-mode_base_started_created'====== Args={}
2023-07-16 23:49:44,367 : EventManager : Event: ======'slide__global.slide_player-mode_base_started_active'====== Args={}
2023-07-16 23:49:44,504 : EventManager : Event: ======'machine_var_audits_switches_s_plunger_detect'====== Args={'value': 27, 'prev_value': 26, 'change': 1}
2023-07-16 23:49:45,102 : EventManager : Event: ======'machine_var_audits_switches_s_trough_1'====== Args={'value': 20, 'prev_value': 19, 'change': 1}
2023-07-16 23:49:47,935 : EventManager : Event: ======'machine_var_audits_switches_s_flipper_right'====== Args={'value': 29, 'prev_value': 28, 'change': 1}
2023-07-16 23:49:48,855 : EventManager : Event: ======'machine_var_audits_switches_s_drain_detect'====== Args={'value': 30, 'prev_value': 29, 'change': 1}
2023-07-16 23:49:49,384 : EventManager : Event: ======'game_ended'====== Args={}
2023-07-16 23:49:55,631 : kivy : Base: Leaving application in progress...
2023-07-16 23:49:55,631 : mpfmc : Stopping...
2023-07-16 23:49:55,631 : EventManager : Event: ======'shutdown'====== Args={}
2023-07-16 23:49:55,632 : AudioInterface : Disabling audio playback
2023-07-16 23:49:55,731 : mpfmc : Loop rate 76.21 Hz
2023-07-16 23:49:55,731 : kivy : MC run loop ended.
2023-07-16 23:49:55,731 : kivy : Stopping child threads... (3 remaining)
2023-07-16 23:49:56,197 : mpfmc : Stopping...
2023-07-16 23:49:56,197 : EventManager : Event: ======'shutdown'====== Args={}
2023-07-16 23:49:56,197 : mpfmc : Loop rate 74.6 Hz
2023-07-16 23:49:56,206 : MPF-MC BCP Server : Stopping BCP sending thread
2023-07-16 23:49:56,234 : kivy : All child threads stopped.
