2023-07-12 20:53:30,123 : kivy : Factory: 189 symbols loaded
2023-07-12 20:53:30,675 : kivy : ImageLoaderFFPy: Using ffpyplayer 4.3.5
2023-07-12 20:53:30,675 : kivy : Image: Providers: img_tex, img_dds, img_sdl2, img_pil, img_ffpyplayer 
2023-07-12 20:53:30,902 : kivy : VideoGstplayer: Using Gstreamer 1.18.5.0
2023-07-12 20:53:30,902 : kivy : Video: Provider: gstplayer
2023-07-12 20:53:31,156 : kivy : Loading MPF-MC controller
2023-07-12 20:53:31,168 : YamlMultifileConfigLoader : Machine config file #1: config
2023-07-12 20:53:31,169 : ConfigProcessor : Config file in cache changed: d:\MPF\springbreak\config\config
2023-07-12 20:53:31,169 : ConfigProcessor : Loading config from file C:\Users\warzz\AppData\Local\Programs\Python\Python39\lib\site-packages\mpfmc\mcconfig.yaml.
2023-07-12 20:53:31,195 : ConfigProcessor : Loading config: C:\Users\warzz\AppData\Local\Programs\Python\Python39\lib\site-packages\mpfmc\mcconfig.yaml
2023-07-12 20:53:31,195 : ConfigProcessor : Loading config from file d:\MPF\springbreak\config\config.
2023-07-12 20:53:31,198 : ConfigProcessor : Loading config: d:\MPF\springbreak\config\config
2023-07-12 20:53:31,202 : ConfigProcessor : Loading config: d:\MPF\springbreak\config\coils.yaml
2023-07-12 20:53:31,207 : ConfigProcessor : Loading config: d:\MPF\springbreak\config\switches.yaml
2023-07-12 20:53:31,210 : ConfigProcessor : Loading config: d:\MPF\springbreak\config\devices.yaml
2023-07-12 20:53:31,212 : ConfigProcessor : Loading config: d:\MPF\springbreak\config\displays.yaml
2023-07-12 20:53:31,213 : ConfigProcessor : Loading config: d:\MPF\springbreak\config\keyboard.yaml
2023-07-12 20:53:31,214 : ConfigProcessor : Config file cache created: C:\Users\warzz\AppData\Local\Temp\8b6ed5c16b3b49897b43fba289efe3bb.mpf_cache
2023-07-12 20:53:31,215 : ConfigProcessor : Loading config from cache: C:\Users\warzz\AppData\Local\Temp\b77c3901e90ec7d7cc601651512a0021.mpf_cache
2023-07-12 20:53:31,215 : ConfigProcessor : Loading config from cache: C:\Users\warzz\AppData\Local\Temp\a5b2fce8b210d64acc95275c2c9a2339.mpf_cache
2023-07-12 20:53:31,216 : mpfmc : Mission Pinball Framework Media Controller v0.56.1
2023-07-12 20:53:31,216 : mpfmc : Mission Pinball Framework Game Engine v0.56.0
2023-07-12 20:53:31,216 : mpfmc : Machine path: d:\MPF\springbreak
2023-07-12 20:53:31,216 : mpfmc : Starting clock at 60.0Hz
2023-07-12 20:53:31,274 : kivy : Text: Provider: sdl2
2023-07-12 20:53:31,359 : kivy : Window: Provider: sdl2
2023-07-12 20:53:31,680 : kivy : GL: Using the "OpenGL" graphics system
2023-07-12 20:53:31,692 : kivy : GL: GLEW initialization succeeded
2023-07-12 20:53:31,692 : kivy : GL: Backend used <glew>
2023-07-12 20:53:31,692 : kivy : GL: OpenGL version <b'4.6.0 Compatibility Profile Context 23.3.1.230305'>
2023-07-12 20:53:31,692 : kivy : GL: OpenGL vendor <b'ATI Technologies Inc.'>
2023-07-12 20:53:31,692 : kivy : GL: OpenGL renderer <b'AMD Radeon RX 6700'>
2023-07-12 20:53:31,692 : kivy : GL: OpenGL parsed version: 4, 6
2023-07-12 20:53:31,692 : kivy : GL: Shading version <b'4.60'>
2023-07-12 20:53:31,693 : kivy : GL: Texture max size <16384>
2023-07-12 20:53:31,693 : kivy : GL: Texture max units <32>
2023-07-12 20:53:31,785 : kivy : Window: auto add sdl2 input provider
2023-07-12 20:53:31,785 : kivy : Window: virtual keyboard not allowed, single mode, not docked
2023-07-12 20:53:31,798 : SoundSystem : SoundSystem: Using default 'sound_system' settings
2023-07-12 20:53:33,548 : AudioInterface : Initialized
2023-07-12 20:53:33,548 : AudioInterface : Loaded SDL 2.0.20
2023-07-12 20:53:33,548 : AudioInterface : Loaded SDL_Mixer 2.0.4
2023-07-12 20:53:33,548 : AudioInterface : Loaded GStreamer 1.18.5.0
2023-07-12 20:53:33,548 : AudioInterface : Loaded GLib 2.62.6
2023-07-12 20:53:33,548 : AudioInterface : Settings requested - rate: 44100, channels: 1, buffer: 2048 samples
2023-07-12 20:53:33,548 : AudioInterface : Settings in use - rate: 44100, channels: 1, buffer: 2048 samples (4096 bytes @ 2 bytes per sample)
2023-07-12 20:53:33,549 : SoundSystem : No audio tracks are specified in your machine config file. a track named 'default' has been created.
2023-07-12 20:53:33,549 : SoundSystem : Setting master volume to 0.0
2023-07-12 20:53:33,549 : SoundSystem : master_volume in sound_system is deprecated and will be removed in the future.
2023-07-12 20:53:33,549 : AudioInterface : Enabling audio playback
2023-07-12 20:53:33,550 : kivy : Base: Start application main loop
2023-07-12 20:53:33,551 : EventManager : Event: ======'display_window_initialized'====== Args={}
2023-07-12 20:53:33,563 : mpfmc : Display: Setting 'window' as default display
2023-07-12 20:53:33,569 : EventManager : Event: ======'displays_initialized'====== Args={}
2023-07-12 20:53:33,570 : EventManager : Event: ======'slide_window_blank_created'====== Args={}
2023-07-12 20:53:33,570 : EventManager : Event: ======'display_window_ready'====== Args={}
2023-07-12 20:53:33,582 : EventManager : Event: ======'init_phase_1'====== Args={}
2023-07-12 20:53:33,584 : EventManager : Event: ======'mc_ready'====== Args={}
2023-07-12 20:53:33,584 : EventManager : Event: ======'init_phase_2'====== Args={}
2023-07-12 20:53:33,585 : EventManager : Event: ======'init_phase_3'====== Args={}
2023-07-12 20:53:33,586 : EventManager : Event: ======'init_phase_4'====== Args={}
2023-07-12 20:53:33,586 : EventManager : Event: ======'init_phase_5'====== Args={}
2023-07-12 20:53:33,586 : EventManager : Event: ======'init_done'====== Args={}
2023-07-12 20:53:33,586 : MPF-MC BCP Server : Starting up on localhost port 5050
2023-07-12 20:53:33,589 : MPF-MC BCP Server : Waiting for a connection...
2023-07-12 20:53:33,589 : mpfmc : SlidePlayer: Play called with settings={'slides': {welcome_slide-None-None: {'priority': None, 'target': None, 'background_color': [0.0, 0.0, 0.0, 1.0], 'show': True, 'force': False, 'expire': None, 'slide': None, 'tokens': {}, 'action': 'play', 'transition': None, 'transition_out': None}}}
2023-07-12 20:53:33,606 : kivy : GL: NPOT texture support is available
2023-07-12 20:53:33,607 : EventManager : Event: ======'slide_welcome_slide_created'====== Args={}
2023-07-12 20:53:33,608 : EventManager : Event: ======'slide_welcome_slide_active'====== Args={}
2023-07-12 20:53:33,613 : EventManager : Event: ======'client_disconnected'====== Args={'host': '127.0.0.1', 'port': 5050}
2023-07-12 20:53:33,982 : MPF-MC BCP Server : Received connection from: 127.0.0.1:53232
2023-07-12 20:53:33,991 : EventManager : Event: ======'client_connected'====== Args={'host': '127.0.0.1', 'port': 53232}
2023-07-12 20:53:34,003 : EventManager : Event: ======'machine_var_credits_string'====== Args={'value': 'FREE PLAY', 'prev_value': None, 'change': True}
2023-07-12 20:53:34,003 : EventManager : Event: ======'machine_var_master_volume'====== Args={'value': 0.5, 'prev_value': None, 'change': True}
2023-07-12 20:53:34,003 : EventManager : Event: ======'machine_var_mpf_version'====== Args={'value': 'MPF v0.56.0', 'prev_value': None, 'change': True}
2023-07-12 20:53:34,003 : EventManager : Event: ======'machine_var_mpf_extended_version'====== Args={'value': 'MPF v0.56.0, Config version:5, Show version: 5, BCP version:1.1', 'prev_value': None, 'change': True}
2023-07-12 20:53:34,003 : EventManager : Event: ======'machine_var_python_version'====== Args={'value': '3.9.13', 'prev_value': None, 'change': True}
2023-07-12 20:53:34,003 : EventManager : Event: ======'machine_var_platform'====== Args={'value': 'Windows-10-10.0.19045-SP0', 'prev_value': None, 'change': True}
2023-07-12 20:53:34,003 : EventManager : Event: ======'machine_var_platform_system'====== Args={'value': 'Windows', 'prev_value': None, 'change': True}
2023-07-12 20:53:34,003 : EventManager : Event: ======'machine_var_platform_release'====== Args={'value': '10', 'prev_value': None, 'change': True}
2023-07-12 20:53:34,003 : EventManager : Event: ======'machine_var_platform_version'====== Args={'value': '10.0.19045', 'prev_value': None, 'change': True}
2023-07-12 20:53:34,003 : EventManager : Event: ======'machine_var_platform_machine'====== Args={'value': 'AMD64', 'prev_value': None, 'change': True}
2023-07-12 20:53:34,003 : EventManager : Event: ======'machine_var_mc_version'====== Args={'value': 'MPF-MC v0.56.1', 'prev_value': None, 'change': True}
2023-07-12 20:53:34,003 : EventManager : Event: ======'machine_var_mc_extended_version'====== Args={'value': 'MPF-MC v0.56.1 (config_version=5, BCP v1.1,                      Requires MPF API compatibility v0.56.0 or newer)', 'prev_value': None, 'change': True}
2023-07-12 20:53:34,003 : SoundSystem : Setting master volume to 0.5
2023-07-12 20:53:34,016 : EventManager : Event: ======'machine_var_audits_switches_s_flipper_left'====== Args={'value': 0, 'prev_value': None, 'change': True}
2023-07-12 20:53:34,016 : EventManager : Event: ======'machine_var_audits_switches_s_flipper_right'====== Args={'value': 0, 'prev_value': None, 'change': True}
2023-07-12 20:53:34,016 : EventManager : Event: ======'machine_var_audits_switches_s_start_button'====== Args={'value': 0, 'prev_value': None, 'change': True}
2023-07-12 20:53:34,016 : EventManager : Event: ======'machine_var_audits_switches_s_popbumper_1'====== Args={'value': 0, 'prev_value': None, 'change': True}
2023-07-12 20:53:34,016 : EventManager : Event: ======'machine_var_audits_switches_s_popbumper_2'====== Args={'value': 0, 'prev_value': None, 'change': True}
2023-07-12 20:53:34,016 : EventManager : Event: ======'machine_var_audits_switches_s_popbumper_3'====== Args={'value': 0, 'prev_value': None, 'change': True}
2023-07-12 20:53:34,016 : EventManager : Event: ======'machine_var_audits_switches_s_slingshot'====== Args={'value': 0, 'prev_value': None, 'change': True}
2023-07-12 20:53:34,016 : EventManager : Event: ======'machine_var_audits_switches_s_trough_1'====== Args={'value': 0, 'prev_value': None, 'change': True}
2023-07-12 20:53:34,016 : EventManager : Event: ======'machine_var_audits_switches_s_trough_2'====== Args={'value': 0, 'prev_value': None, 'change': True}
2023-07-12 20:53:34,016 : EventManager : Event: ======'machine_var_audits_switches_s_trough_3'====== Args={'value': 0, 'prev_value': None, 'change': True}
2023-07-12 20:53:34,016 : EventManager : Event: ======'machine_var_audits_switches_s_trough_4'====== Args={'value': 0, 'prev_value': None, 'change': True}
2023-07-12 20:53:34,016 : EventManager : Event: ======'machine_var_audits_switches_s_trough_jam'====== Args={'value': 0, 'prev_value': None, 'change': True}
2023-07-12 20:53:34,016 : EventManager : Event: ======'machine_var_audits_switches_s_plunger'====== Args={'value': 0, 'prev_value': None, 'change': True}
2023-07-12 20:53:34,016 : EventManager : Event: ======'machine_var_audits_switches_s_ball_release'====== Args={'value': 0, 'prev_value': None, 'change': True}
2023-07-12 20:53:34,016 : EventManager : Event: ======'machine_var_audits_events_game_started'====== Args={'value': 0, 'prev_value': None, 'change': True}
2023-07-12 20:53:34,017 : EventManager : Event: ======'machine_var_audits_events_game_ended'====== Args={'value': 0, 'prev_value': None, 'change': True}
2023-07-12 20:53:34,017 : EventManager : Event: ======'machine_var_audits_player_score'====== Args={'value': {'top': [], 'average': 0, 'total': 0}, 'prev_value': None, 'change': True}
2023-07-12 20:53:34,029 : EventManager : Event: ======'slides_play'====== Args={'settings': {'welcome_slide': {'target': None, 'background_color': [0.0, 0.0, 0.0, 1.0], 'priority': None, 'show': True, 'force': False, 'expire': None, 'slide': None, 'tokens': {}, 'action': 'play'}}, 'context': '_global', 'calling_context': 'init_done', 'priority': 0}
2023-07-12 20:53:34,029 : EventManager : Event: ======'mc_reset_phase_1'====== Args={}
2023-07-12 20:53:34,029 : mpfmc : SlidePlayer: Play called with settings={'welcome_slide': {'target': None, 'background_color': [0.0, 0.0, 0.0, 1.0], 'priority': None, 'show': True, 'force': False, 'expire': None, 'slide': None, 'tokens': {}, 'action': 'play'}}
2023-07-12 20:53:34,029 : EventManager : Event: ======'slide_welcome_slide_removed'====== Args={}
2023-07-12 20:53:34,031 : EventManager : Event: ======'slide_welcome_slide_created'====== Args={}
2023-07-12 20:53:34,031 : EventManager : Event: ======'mc_reset_phase_2'====== Args={}
2023-07-12 20:53:34,031 : EventManager : Event: ======'mc_reset_phase_3'====== Args={}
2023-07-12 20:53:34,031 : EventManager : Event: ======'mc_reset_complete'====== Args={}
2023-07-12 20:53:34,031 : EventManager : Event: ======'slide_welcome_slide_active'====== Args={}
2023-07-12 20:53:38,003 : kivy : Base: Leaving application in progress...
2023-07-12 20:53:38,003 : mpfmc : Stopping...
2023-07-12 20:53:38,003 : EventManager : Event: ======'shutdown'====== Args={}
2023-07-12 20:53:38,003 : AudioInterface : Disabling audio playback
2023-07-12 20:53:38,136 : mpfmc : Loop rate 74.78 Hz
2023-07-12 20:53:38,136 : kivy : MC run loop ended.
2023-07-12 20:53:38,136 : kivy : Stopping child threads... (3 remaining)
2023-07-12 20:53:38,232 : mpfmc : Stopping...
2023-07-12 20:53:38,232 : EventManager : Event: ======'shutdown'====== Args={}
2023-07-12 20:53:38,232 : mpfmc : Loop rate 73.26 Hz
2023-07-12 20:53:38,245 : MPF-MC BCP Server : Stopping BCP sending thread
2023-07-12 20:53:38,640 : kivy : All child threads stopped.
