2023-07-16 23:46:35,305 : kivy : Factory: 189 symbols loaded
2023-07-16 23:46:35,447 : kivy : ImageLoaderFFPy: Using ffpyplayer 4.3.5
2023-07-16 23:46:35,447 : kivy : Image: Providers: img_tex, img_dds, img_sdl2, img_pil, img_ffpyplayer 
2023-07-16 23:46:35,487 : kivy : VideoGstplayer: Using Gstreamer 1.18.5.0
2023-07-16 23:46:35,487 : kivy : Video: Provider: gstplayer
2023-07-16 23:46:35,622 : kivy : Loading MPF-MC controller
2023-07-16 23:46:35,634 : YamlMultifileConfigLoader : Machine config file #1: config
2023-07-16 23:46:35,635 : ConfigProcessor : Config file in cache changed: D:\MPF\springbreak\config\config
2023-07-16 23:46:35,635 : ConfigProcessor : Loading config from file C:\Users\warzz\AppData\Local\Programs\Python\Python39\lib\site-packages\mpfmc\mcconfig.yaml.
2023-07-16 23:46:35,662 : ConfigProcessor : Loading config: C:\Users\warzz\AppData\Local\Programs\Python\Python39\lib\site-packages\mpfmc\mcconfig.yaml
2023-07-16 23:46:35,662 : ConfigProcessor : Loading config from file D:\MPF\springbreak\config\config.
2023-07-16 23:46:35,666 : ConfigProcessor : Loading config: D:\MPF\springbreak\config\config
2023-07-16 23:46:35,672 : ConfigProcessor : Loading config: D:\MPF\springbreak\config\coils.yaml
2023-07-16 23:46:35,677 : ConfigProcessor : Loading config: D:\MPF\springbreak\config\switches.yaml
2023-07-16 23:46:35,682 : ConfigProcessor : Loading config: D:\MPF\springbreak\config\devices.yaml
2023-07-16 23:46:35,685 : ConfigProcessor : Loading config: D:\MPF\springbreak\config\displays.yaml
2023-07-16 23:46:35,687 : ConfigProcessor : Loading config: D:\MPF\springbreak\config\keyboard.yaml
2023-07-16 23:46:35,688 : ConfigProcessor : Config file cache created: C:\Users\warzz\AppData\Local\Temp\3d05ce95a1a77007a3c947d41ed1ffc7.mpf_cache
2023-07-16 23:46:35,689 : ConfigProcessor : Loading config from cache: C:\Users\warzz\AppData\Local\Temp\b77c3901e90ec7d7cc601651512a0021.mpf_cache
2023-07-16 23:46:35,689 : ConfigProcessor : Loading config from cache: C:\Users\warzz\AppData\Local\Temp\a5b2fce8b210d64acc95275c2c9a2339.mpf_cache
2023-07-16 23:46:35,690 : ConfigProcessor : Loading config from cache: C:\Users\warzz\AppData\Local\Temp\f8d84beef5f99d10c74fd589715eb307.mpf_cache
2023-07-16 23:46:35,695 : mpfmc : Mission Pinball Framework Media Controller v0.56.1
2023-07-16 23:46:35,695 : mpfmc : Mission Pinball Framework Game Engine v0.56.0
2023-07-16 23:46:35,695 : mpfmc : Machine path: D:\MPF\springbreak
2023-07-16 23:46:35,695 : mpfmc : Starting clock at 60.0Hz
2023-07-16 23:46:35,709 : kivy : Text: Provider: sdl2
2023-07-16 23:46:35,754 : kivy : Window: Provider: sdl2
2023-07-16 23:46:35,968 : kivy : GL: Using the "OpenGL" graphics system
2023-07-16 23:46:35,977 : kivy : GL: GLEW initialization succeeded
2023-07-16 23:46:35,977 : kivy : GL: Backend used <glew>
2023-07-16 23:46:35,977 : kivy : GL: OpenGL version <b'4.6.0 Compatibility Profile Context 23.3.1.230305'>
2023-07-16 23:46:35,977 : kivy : GL: OpenGL vendor <b'ATI Technologies Inc.'>
2023-07-16 23:46:35,977 : kivy : GL: OpenGL renderer <b'AMD Radeon RX 6700'>
2023-07-16 23:46:35,977 : kivy : GL: OpenGL parsed version: 4, 6
2023-07-16 23:46:35,978 : kivy : GL: Shading version <b'4.60'>
2023-07-16 23:46:35,978 : kivy : GL: Texture max size <16384>
2023-07-16 23:46:35,978 : kivy : GL: Texture max units <32>
2023-07-16 23:46:36,000 : kivy : Window: auto add sdl2 input provider
2023-07-16 23:46:36,001 : kivy : Window: virtual keyboard not allowed, single mode, not docked
2023-07-16 23:46:36,009 : SoundSystem : SoundSystem: Using default 'sound_system' settings
2023-07-16 23:46:36,197 : AudioInterface : Initialized
2023-07-16 23:46:36,198 : AudioInterface : Loaded SDL 2.0.20
2023-07-16 23:46:36,198 : AudioInterface : Loaded SDL_Mixer 2.0.4
2023-07-16 23:46:36,198 : AudioInterface : Loaded GStreamer 1.18.5.0
2023-07-16 23:46:36,198 : AudioInterface : Loaded GLib 2.62.6
2023-07-16 23:46:36,198 : AudioInterface : Settings requested - rate: 44100, channels: 1, buffer: 2048 samples
2023-07-16 23:46:36,198 : AudioInterface : Settings in use - rate: 44100, channels: 1, buffer: 2048 samples (4096 bytes @ 2 bytes per sample)
2023-07-16 23:46:36,198 : SoundSystem : No audio tracks are specified in your machine config file. a track named 'default' has been created.
2023-07-16 23:46:36,198 : SoundSystem : Setting master volume to 0.0
2023-07-16 23:46:36,198 : SoundSystem : master_volume in sound_system is deprecated and will be removed in the future.
2023-07-16 23:46:36,198 : AudioInterface : Enabling audio playback
2023-07-16 23:46:36,200 : kivy : Base: Start application main loop
2023-07-16 23:46:36,200 : EventManager : Event: ======'display_window_initialized'====== Args={}
2023-07-16 23:46:36,213 : mpfmc : Display: Setting 'window' as default display
2023-07-16 23:46:36,217 : EventManager : Event: ======'displays_initialized'====== Args={}
2023-07-16 23:46:36,218 : EventManager : Event: ======'slide_window_blank_created'====== Args={}
2023-07-16 23:46:36,218 : EventManager : Event: ======'display_window_ready'====== Args={}
2023-07-16 23:46:36,227 : EventManager : Event: ======'init_phase_1'====== Args={}
2023-07-16 23:46:36,229 : EventManager : Event: ======'mc_ready'====== Args={}
2023-07-16 23:46:36,229 : EventManager : Event: ======'init_phase_2'====== Args={}
2023-07-16 23:46:36,230 : EventManager : Event: ======'init_phase_3'====== Args={}
2023-07-16 23:46:36,230 : EventManager : Event: ======'init_phase_4'====== Args={}
2023-07-16 23:46:36,230 : EventManager : Event: ======'init_phase_5'====== Args={}
2023-07-16 23:46:36,231 : EventManager : Event: ======'init_done'====== Args={}
2023-07-16 23:46:36,231 : MPF-MC BCP Server : Starting up on localhost port 5050
2023-07-16 23:46:36,233 : MPF-MC BCP Server : Waiting for a connection...
2023-07-16 23:46:36,234 : mpfmc : SlidePlayer: Play called with settings={'slides': {welcome_slide-None-None: {'priority': None, 'target': None, 'background_color': [0.0, 0.0, 0.0, 1.0], 'show': True, 'force': False, 'expire': None, 'slide': None, 'tokens': {}, 'action': 'play', 'transition': None, 'transition_out': None}}}
2023-07-16 23:46:36,237 : kivy : GL: NPOT texture support is available
2023-07-16 23:46:36,237 : EventManager : Event: ======'slide_welcome_slide_created'====== Args={}
2023-07-16 23:46:36,239 : EventManager : Event: ======'slide_welcome_slide_active'====== Args={}
2023-07-16 23:46:36,240 : EventManager : Event: ======'client_disconnected'====== Args={'host': '127.0.0.1', 'port': 5050}
2023-07-16 23:46:37,509 : MPF-MC BCP Server : Received connection from: 127.0.0.1:53935
2023-07-16 23:46:37,519 : EventManager : Event: ======'client_connected'====== Args={'host': '127.0.0.1', 'port': 53935}
2023-07-16 23:46:37,544 : EventManager : Event: ======'machine_var_credits_string'====== Args={'value': 'FREE PLAY', 'prev_value': None, 'change': True}
2023-07-16 23:46:37,544 : EventManager : Event: ======'machine_var_master_volume'====== Args={'value': 0.5, 'prev_value': None, 'change': True}
2023-07-16 23:46:37,544 : EventManager : Event: ======'machine_var_player1_score'====== Args={'value': 0, 'prev_value': None, 'change': True}
2023-07-16 23:46:37,544 : EventManager : Event: ======'machine_var_mpf_version'====== Args={'value': 'MPF v0.56.0', 'prev_value': None, 'change': True}
2023-07-16 23:46:37,544 : EventManager : Event: ======'machine_var_mpf_extended_version'====== Args={'value': 'MPF v0.56.0, Config version:5, Show version: 5, BCP version:1.1', 'prev_value': None, 'change': True}
2023-07-16 23:46:37,544 : EventManager : Event: ======'machine_var_python_version'====== Args={'value': '3.9.13', 'prev_value': None, 'change': True}
2023-07-16 23:46:37,544 : EventManager : Event: ======'machine_var_platform'====== Args={'value': 'Windows-10-10.0.19045-SP0', 'prev_value': None, 'change': True}
2023-07-16 23:46:37,544 : EventManager : Event: ======'machine_var_platform_system'====== Args={'value': 'Windows', 'prev_value': None, 'change': True}
2023-07-16 23:46:37,544 : EventManager : Event: ======'machine_var_platform_release'====== Args={'value': '10', 'prev_value': None, 'change': True}
2023-07-16 23:46:37,545 : EventManager : Event: ======'machine_var_platform_version'====== Args={'value': '10.0.19045', 'prev_value': None, 'change': True}
2023-07-16 23:46:37,545 : EventManager : Event: ======'machine_var_platform_machine'====== Args={'value': 'AMD64', 'prev_value': None, 'change': True}
2023-07-16 23:46:37,545 : EventManager : Event: ======'machine_var_mc_version'====== Args={'value': 'MPF-MC v0.56.1', 'prev_value': None, 'change': True}
2023-07-16 23:46:37,545 : EventManager : Event: ======'machine_var_mc_extended_version'====== Args={'value': 'MPF-MC v0.56.1 (config_version=5, BCP v1.1,                      Requires MPF API compatibility v0.56.0 or newer)', 'prev_value': None, 'change': True}
2023-07-16 23:46:37,545 : EventManager : Event: ======'machine_var_audits_events_game_ended'====== Args={'value': 4, 'prev_value': None, 'change': True}
2023-07-16 23:46:37,545 : SoundSystem : Setting master volume to 0.5
2023-07-16 23:46:37,557 : EventManager : Event: ======'machine_var_audits_events_game_started'====== Args={'value': 9, 'prev_value': None, 'change': True}
2023-07-16 23:46:37,557 : EventManager : Event: ======'machine_var_audits_player_score'====== Args={'value': {'average': 0.0, 'top': [0, 0, 0, 0], 'total': 4}, 'prev_value': None, 'change': True}
2023-07-16 23:46:37,557 : EventManager : Event: ======'machine_var_audits_switches_s_drain_detect'====== Args={'value': 20, 'prev_value': None, 'change': True}
2023-07-16 23:46:37,557 : EventManager : Event: ======'machine_var_audits_switches_s_flipper_left'====== Args={'value': 3, 'prev_value': None, 'change': True}
2023-07-16 23:46:37,557 : EventManager : Event: ======'machine_var_audits_switches_s_flipper_right'====== Args={'value': 19, 'prev_value': None, 'change': True}
2023-07-16 23:46:37,557 : EventManager : Event: ======'machine_var_audits_switches_s_plunger_detect'====== Args={'value': 18, 'prev_value': None, 'change': True}
2023-07-16 23:46:37,557 : EventManager : Event: ======'machine_var_audits_switches_s_plunger_exit'====== Args={'value': 10, 'prev_value': None, 'change': True}
2023-07-16 23:46:37,557 : EventManager : Event: ======'machine_var_audits_switches_s_popbumper_1'====== Args={'value': 0, 'prev_value': None, 'change': True}
2023-07-16 23:46:37,557 : EventManager : Event: ======'machine_var_audits_switches_s_popbumper_2'====== Args={'value': 0, 'prev_value': None, 'change': True}
2023-07-16 23:46:37,557 : EventManager : Event: ======'machine_var_audits_switches_s_popbumper_3'====== Args={'value': 0, 'prev_value': None, 'change': True}
2023-07-16 23:46:37,557 : EventManager : Event: ======'machine_var_audits_switches_s_slingshot'====== Args={'value': 0, 'prev_value': None, 'change': True}
2023-07-16 23:46:37,557 : EventManager : Event: ======'machine_var_audits_switches_s_start_button'====== Args={'value': 0, 'prev_value': None, 'change': True}
2023-07-16 23:46:37,558 : EventManager : Event: ======'machine_var_audits_switches_s_trough_1'====== Args={'value': 13, 'prev_value': None, 'change': True}
2023-07-16 23:46:37,558 : EventManager : Event: ======'machine_var_audits_switches_s_trough_2'====== Args={'value': 0, 'prev_value': None, 'change': True}
2023-07-16 23:46:37,558 : EventManager : Event: ======'slides_play'====== Args={'settings': {'welcome_slide': {'target': None, 'background_color': [0.0, 0.0, 0.0, 1.0], 'priority': None, 'show': True, 'force': False, 'expire': None, 'slide': None, 'tokens': {}, 'action': 'play'}}, 'context': '_global', 'calling_context': 'init_done', 'priority': 0}
2023-07-16 23:46:37,558 : EventManager : Event: ======'mc_reset_phase_1'====== Args={}
2023-07-16 23:46:37,558 : mpfmc : SlidePlayer: Play called with settings={'welcome_slide': {'target': None, 'background_color': [0.0, 0.0, 0.0, 1.0], 'priority': None, 'show': True, 'force': False, 'expire': None, 'slide': None, 'tokens': {}, 'action': 'play'}}
2023-07-16 23:46:37,558 : EventManager : Event: ======'slide_welcome_slide_removed'====== Args={}
2023-07-16 23:46:37,560 : EventManager : Event: ======'slide_welcome_slide_created'====== Args={}
2023-07-16 23:46:37,560 : EventManager : Event: ======'mc_reset_phase_2'====== Args={}
2023-07-16 23:46:37,560 : EventManager : Event: ======'mc_reset_phase_3'====== Args={}
2023-07-16 23:46:37,560 : EventManager : Event: ======'mc_reset_complete'====== Args={}
2023-07-16 23:46:37,561 : EventManager : Event: ======'slide_welcome_slide_active'====== Args={}
2023-07-16 23:46:42,359 : EventManager : Event: ======'game_started'====== Args={}
2023-07-16 23:46:42,359 : EventManager : Event: ======'player_added'====== Args={'player': <Player 1>, 'num': 1}
2023-07-16 23:46:42,359 : EventManager : Event: ======'player_index'====== Args={'value': 0, 'prev_value': 0, 'change': 0, 'player_num': 1}
2023-07-16 23:46:42,359 : EventManager : Event: ======'player_number'====== Args={'value': 1, 'prev_value': 1, 'change': 0, 'player_num': 1}
2023-07-16 23:46:42,359 : EventManager : Event: ======'player_score'====== Args={'value': 0, 'prev_value': 0, 'change': 0, 'player_num': 1}
2023-07-16 23:46:42,359 : EventManager : Event: ======'player_ball'====== Args={'value': 1, 'prev_value': 0, 'change': 1, 'player_num': 1}
2023-07-16 23:46:42,359 : EventManager : Event: ======'player_turn_start'====== Args={'number': 1, 'player': <Player 1>}
2023-07-16 23:46:42,497 : EventManager : Event: ======'machine_var_audits_switches_s_plunger_detect'====== Args={'value': 19, 'prev_value': 18, 'change': 1}
2023-07-16 23:46:49,548 : EventManager : Event: ======'machine_var_audits_switches_s_flipper_right'====== Args={'value': 20, 'prev_value': 19, 'change': 1}
2023-07-16 23:46:50,478 : EventManager : Event: ======'machine_var_audits_switches_s_plunger_exit'====== Args={'value': 11, 'prev_value': 10, 'change': 1}
2023-07-16 23:46:51,017 : EventManager : Event: ======'machine_var_audits_switches_s_drain_detect'====== Args={'value': 21, 'prev_value': 20, 'change': 1}
2023-07-16 23:46:51,530 : EventManager : Event: ======'player_ball'====== Args={'value': 2, 'prev_value': 1, 'change': 1, 'player_num': 1}
2023-07-16 23:46:51,641 : EventManager : Event: ======'machine_var_audits_switches_s_trough_1'====== Args={'value': 14, 'prev_value': 13, 'change': 1}
2023-07-16 23:46:51,703 : EventManager : Event: ======'machine_var_audits_switches_s_plunger_detect'====== Args={'value': 20, 'prev_value': 19, 'change': 1}
2023-07-16 23:46:52,831 : EventManager : Event: ======'machine_var_audits_switches_s_flipper_right'====== Args={'value': 21, 'prev_value': 20, 'change': 1}
2023-07-16 23:46:53,583 : EventManager : Event: ======'machine_var_audits_switches_s_plunger_exit'====== Args={'value': 12, 'prev_value': 11, 'change': 1}
2023-07-16 23:46:53,959 : EventManager : Event: ======'machine_var_audits_switches_s_drain_detect'====== Args={'value': 22, 'prev_value': 21, 'change': 1}
2023-07-16 23:46:54,476 : EventManager : Event: ======'player_ball'====== Args={'value': 3, 'prev_value': 2, 'change': 1, 'player_num': 1}
2023-07-16 23:46:54,588 : EventManager : Event: ======'machine_var_audits_switches_s_trough_1'====== Args={'value': 15, 'prev_value': 14, 'change': 1}
2023-07-16 23:46:54,637 : EventManager : Event: ======'machine_var_audits_switches_s_plunger_detect'====== Args={'value': 21, 'prev_value': 20, 'change': 1}
2023-07-16 23:46:55,901 : EventManager : Event: ======'machine_var_audits_switches_s_flipper_right'====== Args={'value': 22, 'prev_value': 21, 'change': 1}
2023-07-16 23:46:56,746 : EventManager : Event: ======'machine_var_audits_switches_s_drain_detect'====== Args={'value': 23, 'prev_value': 22, 'change': 1}
2023-07-16 23:46:57,274 : EventManager : Event: ======'game_ended'====== Args={}
2023-07-16 23:47:03,345 : kivy : Base: Leaving application in progress...
2023-07-16 23:47:03,346 : mpfmc : Stopping...
2023-07-16 23:47:03,346 : EventManager : Event: ======'shutdown'====== Args={}
2023-07-16 23:47:03,346 : AudioInterface : Disabling audio playback
2023-07-16 23:47:03,480 : mpfmc : Loop rate 76.61 Hz
2023-07-16 23:47:03,480 : kivy : MC run loop ended.
2023-07-16 23:47:03,480 : kivy : Stopping child threads... (3 remaining)
2023-07-16 23:47:04,305 : mpfmc : Stopping...
2023-07-16 23:47:04,305 : EventManager : Event: ======'shutdown'====== Args={}
2023-07-16 23:47:04,305 : mpfmc : Loop rate 74.36 Hz
2023-07-16 23:47:04,309 : MPF-MC BCP Server : Stopping BCP sending thread
2023-07-16 23:47:04,386 : kivy : All child threads stopped.
