2023-07-11 21:49:59,647 : kivy : Factory: 189 symbols loaded
2023-07-11 21:49:59,769 : kivy : ImageLoaderFFPy: Using ffpyplayer 4.3.5
2023-07-11 21:49:59,769 : kivy : Image: Providers: img_tex, img_dds, img_sdl2, img_pil, img_ffpyplayer 
2023-07-11 21:49:59,802 : kivy : VideoGstplayer: Using Gstreamer 1.18.5.0
2023-07-11 21:49:59,803 : kivy : Video: Provider: gstplayer
2023-07-11 21:49:59,927 : kivy : Loading MPF-MC controller
2023-07-11 21:49:59,940 : YamlMultifileConfigLoader : Machine config file #1: config
2023-07-11 21:49:59,941 : ConfigProcessor : Loading config from file C:\Users\warzz\AppData\Local\Programs\Python\Python39\lib\site-packages\mpfmc\mcconfig.yaml.
2023-07-11 21:49:59,968 : ConfigProcessor : Loading config: C:\Users\warzz\AppData\Local\Programs\Python\Python39\lib\site-packages\mpfmc\mcconfig.yaml
2023-07-11 21:49:59,968 : ConfigProcessor : Loading config from file d:\MPF\springbreak\config\config.
2023-07-11 21:49:59,971 : ConfigProcessor : Loading config: d:\MPF\springbreak\config\config
2023-07-11 21:49:59,974 : ConfigProcessor : Loading config: d:\MPF\springbreak\config\switches.yaml
2023-07-11 21:49:59,976 : ConfigProcessor : Loading config: d:\MPF\springbreak\config\coils.yaml
2023-07-11 21:49:59,978 : ConfigProcessor : Loading config: d:\MPF\springbreak\config\devices.yaml
2023-07-11 21:49:59,980 : ConfigProcessor : Loading config: d:\MPF\springbreak\config\keyboard.yaml
2023-07-11 21:49:59,982 : ConfigProcessor : Loading config: d:\MPF\springbreak\config\display.yaml
2023-07-11 21:49:59,983 : ConfigProcessor : Config file cache created: C:\Users\warzz\AppData\Local\Temp\8b6ed5c16b3b49897b43fba289efe3bb.mpf_cache
2023-07-11 21:49:59,983 : ConfigProcessor : Loading config from cache: C:\Users\warzz\AppData\Local\Temp\b77c3901e90ec7d7cc601651512a0021.mpf_cache
2023-07-11 21:49:59,984 : ConfigProcessor : Loading config from cache: C:\Users\warzz\AppData\Local\Temp\a5b2fce8b210d64acc95275c2c9a2339.mpf_cache
2023-07-11 21:49:59,985 : mpfmc : Mission Pinball Framework Media Controller v0.56.1
2023-07-11 21:49:59,985 : mpfmc : Mission Pinball Framework Game Engine v0.56.0
2023-07-11 21:49:59,986 : mpfmc : Machine path: d:\MPF\springbreak
2023-07-11 21:49:59,986 : mpfmc : Starting clock at 60.0Hz
2023-07-11 21:49:59,998 : kivy : Text: Provider: sdl2
2023-07-11 21:50:00,046 : kivy : Window: Provider: sdl2
2023-07-11 21:50:00,250 : kivy : GL: Using the "OpenGL" graphics system
2023-07-11 21:50:00,259 : kivy : GL: GLEW initialization succeeded
2023-07-11 21:50:00,259 : kivy : GL: Backend used <glew>
2023-07-11 21:50:00,259 : kivy : GL: OpenGL version <b'4.6.0 Compatibility Profile Context 23.3.1.230305'>
2023-07-11 21:50:00,259 : kivy : GL: OpenGL vendor <b'ATI Technologies Inc.'>
2023-07-11 21:50:00,259 : kivy : GL: OpenGL renderer <b'AMD Radeon RX 6700'>
2023-07-11 21:50:00,259 : kivy : GL: OpenGL parsed version: 4, 6
2023-07-11 21:50:00,259 : kivy : GL: Shading version <b'4.60'>
2023-07-11 21:50:00,259 : kivy : GL: Texture max size <16384>
2023-07-11 21:50:00,259 : kivy : GL: Texture max units <32>
2023-07-11 21:50:00,281 : kivy : Window: auto add sdl2 input provider
2023-07-11 21:50:00,281 : kivy : Window: virtual keyboard not allowed, single mode, not docked
2023-07-11 21:50:00,289 : SoundSystem : SoundSystem: Using default 'sound_system' settings
2023-07-11 21:50:00,481 : AudioInterface : Initialized
2023-07-11 21:50:00,481 : AudioInterface : Loaded SDL 2.0.20
2023-07-11 21:50:00,481 : AudioInterface : Loaded SDL_Mixer 2.0.4
2023-07-11 21:50:00,481 : AudioInterface : Loaded GStreamer 1.18.5.0
2023-07-11 21:50:00,481 : AudioInterface : Loaded GLib 2.62.6
2023-07-11 21:50:00,481 : AudioInterface : Settings requested - rate: 44100, channels: 1, buffer: 2048 samples
2023-07-11 21:50:00,481 : AudioInterface : Settings in use - rate: 44100, channels: 1, buffer: 2048 samples (4096 bytes @ 2 bytes per sample)
2023-07-11 21:50:00,481 : SoundSystem : No audio tracks are specified in your machine config file. a track named 'default' has been created.
2023-07-11 21:50:00,481 : SoundSystem : Setting master volume to 0.0
2023-07-11 21:50:00,481 : SoundSystem : master_volume in sound_system is deprecated and will be removed in the future.
2023-07-11 21:50:00,481 : AudioInterface : Enabling audio playback
2023-07-11 21:50:00,483 : kivy : Base: Start application main loop
2023-07-11 21:50:00,484 : EventManager : Event: ======'display_window_initialized'====== Args={}
2023-07-11 21:50:00,497 : mpfmc : Display: Setting 'window' as default display
2023-07-11 21:50:00,502 : EventManager : Event: ======'displays_initialized'====== Args={}
2023-07-11 21:50:00,502 : EventManager : Event: ======'slide_window_blank_created'====== Args={}
2023-07-11 21:50:00,503 : EventManager : Event: ======'display_window_ready'====== Args={}
2023-07-11 21:50:00,513 : EventManager : Event: ======'init_phase_1'====== Args={}
2023-07-11 21:50:00,516 : EventManager : Event: ======'mc_ready'====== Args={}
2023-07-11 21:50:00,516 : EventManager : Event: ======'init_phase_2'====== Args={}
2023-07-11 21:50:00,518 : EventManager : Event: ======'init_phase_3'====== Args={}
2023-07-11 21:50:00,518 : EventManager : Event: ======'init_phase_4'====== Args={}
2023-07-11 21:50:00,518 : EventManager : Event: ======'init_phase_5'====== Args={}
2023-07-11 21:50:00,518 : EventManager : Event: ======'init_done'====== Args={}
2023-07-11 21:50:00,518 : MPF-MC BCP Server : Starting up on localhost port 5050
2023-07-11 21:50:00,522 : MPF-MC BCP Server : Waiting for a connection...
2023-07-11 21:50:00,523 : mpfmc : SlidePlayer: Play called with settings={'slides': {welcome_slide-None-None: {'priority': None, 'target': None, 'background_color': [0.0, 0.0, 0.0, 1.0], 'show': True, 'force': False, 'expire': None, 'slide': None, 'tokens': {}, 'action': 'play', 'transition': None, 'transition_out': None}}}
2023-07-11 21:50:00,526 : kivy : GL: NPOT texture support is available
2023-07-11 21:50:00,526 : EventManager : Event: ======'slide_welcome_slide_created'====== Args={}
2023-07-11 21:50:00,528 : EventManager : Event: ======'slide_welcome_slide_active'====== Args={}
2023-07-11 21:50:00,530 : EventManager : Event: ======'client_disconnected'====== Args={'host': '127.0.0.1', 'port': 5050}
2023-07-11 21:50:01,788 : MPF-MC BCP Server : Received connection from: 127.0.0.1:61579
2023-07-11 21:50:01,800 : EventManager : Event: ======'client_connected'====== Args={'host': '127.0.0.1', 'port': 61579}
2023-07-11 21:50:01,813 : EventManager : Event: ======'slides_play'====== Args={'settings': {'welcome_slide': {'target': None, 'background_color': [0.0, 0.0, 0.0, 1.0], 'priority': None, 'show': True, 'force': False, 'expire': None, 'slide': None, 'tokens': {}, 'action': 'play'}}, 'context': '_global', 'calling_context': 'init_done', 'priority': 0}
2023-07-11 21:50:01,813 : EventManager : Event: ======'machine_var_credits_string'====== Args={'value': 'FREE PLAY', 'prev_value': None, 'change': True}
2023-07-11 21:50:01,813 : EventManager : Event: ======'machine_var_master_volume'====== Args={'value': 0.5, 'prev_value': None, 'change': True}
2023-07-11 21:50:01,813 : EventManager : Event: ======'machine_var_mpf_version'====== Args={'value': 'MPF v0.56.0', 'prev_value': None, 'change': True}
2023-07-11 21:50:01,813 : EventManager : Event: ======'machine_var_mpf_extended_version'====== Args={'value': 'MPF v0.56.0, Config version:5, Show version: 5, BCP version:1.1', 'prev_value': None, 'change': True}
2023-07-11 21:50:01,813 : EventManager : Event: ======'machine_var_python_version'====== Args={'value': '3.9.13', 'prev_value': None, 'change': True}
2023-07-11 21:50:01,813 : EventManager : Event: ======'machine_var_platform'====== Args={'value': 'Windows-10-10.0.19045-SP0', 'prev_value': None, 'change': True}
2023-07-11 21:50:01,813 : EventManager : Event: ======'machine_var_platform_system'====== Args={'value': 'Windows', 'prev_value': None, 'change': True}
2023-07-11 21:50:01,814 : EventManager : Event: ======'machine_var_platform_release'====== Args={'value': '10', 'prev_value': None, 'change': True}
2023-07-11 21:50:01,814 : EventManager : Event: ======'machine_var_platform_version'====== Args={'value': '10.0.19045', 'prev_value': None, 'change': True}
2023-07-11 21:50:01,814 : EventManager : Event: ======'machine_var_platform_machine'====== Args={'value': 'AMD64', 'prev_value': None, 'change': True}
2023-07-11 21:50:01,814 : EventManager : Event: ======'machine_var_audits_switches_s_flipper_left'====== Args={'value': 0, 'prev_value': None, 'change': True}
2023-07-11 21:50:01,814 : EventManager : Event: ======'machine_var_audits_switches_s_flipper_right'====== Args={'value': 0, 'prev_value': None, 'change': True}
2023-07-11 21:50:01,814 : EventManager : Event: ======'machine_var_audits_switches_s_start_btn'====== Args={'value': 0, 'prev_value': None, 'change': True}
2023-07-11 21:50:01,814 : EventManager : Event: ======'machine_var_audits_events_game_started'====== Args={'value': 0, 'prev_value': None, 'change': True}
2023-07-11 21:50:01,814 : EventManager : Event: ======'machine_var_audits_events_game_ended'====== Args={'value': 0, 'prev_value': None, 'change': True}
2023-07-11 21:50:01,814 : EventManager : Event: ======'machine_var_audits_player_score'====== Args={'value': {'top': [], 'average': 0, 'total': 0}, 'prev_value': None, 'change': True}
2023-07-11 21:50:01,814 : EventManager : Event: ======'machine_var_mc_version'====== Args={'value': 'MPF-MC v0.56.1', 'prev_value': None, 'change': True}
2023-07-11 21:50:01,814 : EventManager : Event: ======'machine_var_mc_extended_version'====== Args={'value': 'MPF-MC v0.56.1 (config_version=5, BCP v1.1,                      Requires MPF API compatibility v0.56.0 or newer)', 'prev_value': None, 'change': True}
2023-07-11 21:50:01,814 : EventManager : Event: ======'mc_reset_phase_1'====== Args={}
2023-07-11 21:50:01,814 : mpfmc : SlidePlayer: Play called with settings={'welcome_slide': {'target': None, 'background_color': [0.0, 0.0, 0.0, 1.0], 'priority': None, 'show': True, 'force': False, 'expire': None, 'slide': None, 'tokens': {}, 'action': 'play'}}
2023-07-11 21:50:01,815 : EventManager : Event: ======'slide_welcome_slide_removed'====== Args={}
2023-07-11 21:50:01,816 : EventManager : Event: ======'slide_welcome_slide_created'====== Args={}
2023-07-11 21:50:01,817 : SoundSystem : Setting master volume to 0.5
2023-07-11 21:50:01,817 : EventManager : Event: ======'mc_reset_phase_2'====== Args={}
2023-07-11 21:50:01,817 : EventManager : Event: ======'mc_reset_phase_3'====== Args={}
2023-07-11 21:50:01,817 : EventManager : Event: ======'mc_reset_complete'====== Args={}
2023-07-11 21:50:01,817 : EventManager : Event: ======'slide_welcome_slide_active'====== Args={}
2023-07-11 21:50:30,088 : kivy : Base: Leaving application in progress...
2023-07-11 21:50:30,088 : mpfmc : Stopping...
2023-07-11 21:50:30,088 : EventManager : Event: ======'shutdown'====== Args={}
2023-07-11 21:50:30,088 : AudioInterface : Disabling audio playback
2023-07-11 21:50:30,195 : mpfmc : Loop rate 78.49 Hz
2023-07-11 21:50:30,195 : kivy : MC run loop ended.
2023-07-11 21:50:30,195 : kivy : Stopping child threads... (3 remaining)
2023-07-11 21:50:30,626 : mpfmc : Stopping...
2023-07-11 21:50:30,626 : EventManager : Event: ======'shutdown'====== Args={}
2023-07-11 21:50:30,626 : mpfmc : Loop rate 77.37 Hz
2023-07-11 21:50:30,636 : MPF-MC BCP Server : Stopping BCP sending thread
2023-07-11 21:50:30,695 : kivy : All child threads stopped.
